#
# A fatal error has been detected by the Java Runtime Environment:
#
#  SIGSEGV (0xb) at pc=0x00007f67bc10cc01, pid=9001, tid=140083475973888
#
# JRE version: OpenJDK Runtime Environment (7.0_65-b32) (build 1.7.0_65-b32)
# Java VM: OpenJDK 64-Bit Server VM (24.65-b04 mixed mode linux-amd64 compressed oops)
# Derivative: IcedTea 2.5.3
# Distribution: Ubuntu 14.04 LTS, package 7u71-2.5.3-0ubuntu0.14.04.1
# Problematic frame:
# V  [libjvm.so+0x7b0c01]  objArrayKlass::oop_follow_contents(ParCompactionManager*, oopDesc*)+0x2e1
#
# Failed to write core dump. Core dumps have been disabled. To enable core dumping, try "ulimit -c unlimited" before starting Java again
#
# If you would like to submit a bug report, please include
# instructions on how to reproduce the bug and visit:
#   http://icedtea.classpath.org/bugzilla
#

---------------  T H R E A D  ---------------

Current thread (0x00007f67b4023800):  GCTaskThread [stack: 0x00007f67b9c30000,0x00007f67b9d31000] [id=9009]

siginfo:si_signo=SIGSEGV: si_errno=0, si_code=128 (), si_addr=0x0000000000000000

Registers:
RAX=0x0000000000000003, RBX=0x00000000f3648698, RCX=0x0000000000000003, RDX=0x0000000000000008
RSP=0x00007f67b9d2fbd0, RBP=0x00007f67b9d2fc40, RSI=0x00007f67b8dff000, RDI=0x0000000000000000
R8 =0x00007f67bc740d40, R9 =0x0000000000000000, R10=0x007fffffff8d3000, R11=0x0000000000080000
R12=0x0000000000000003, R13=0x00000000f36488dc, R14=0x0000000000000019, R15=0x00007f67b4072cf0
RIP=0x00007f67bc10cc01, EFLAGS=0x0000000000010202, CSGSFS=0x0000000000000033, ERR=0x0000000000000000
  TRAPNO=0x000000000000000d

Top of Stack: (sp=0x00007f67b9d2fbd0)
0x00007f67b9d2fbd0:   00007f67b9d2fc40 00000000f3648678
0x00007f67b9d2fbe0:   00007f67b4072d30 0000000000000095
0x00007f67b9d2fbf0:   0000000000000095 00007f67bc740d40
0x00007f67b9d2fc00:   00007f67bc740d40 000000000000004d
0x00007f67b9d2fc10:   00007f67b4072d30 00007f67bc73cda8
0x00007f67b9d2fc20:   00007f67b4072880 00007f67b4072cf0
0x00007f67b9d2fc30:   00007f67b9d2fd6c 00007f67b9d2fd70
0x00007f67b9d2fc40:   00007f67b9d2fcf0 00007f67bc179fc5
0x00007f67b9d2fc50:   00007f67b4072d80 00007f67b4072db0
0x00007f67b9d2fc60:   00007f67b4072d30 0000000000000800
0x00007f67b9d2fc70:   00000000f1dc5478 00007f67b4072d00
0x00007f67b9d2fc80:   00007f67b9d2fcf0 00007f67bbf09f57
0x00007f67b9d2fc90:   00007f67b9d2fcf0 00007f67b4072d30
0x00007f67b9d2fca0:   00000000f0100548 00000000e634be28
0x00007f67b9d2fcb0:   00007f67bc740d40 0000000000000012
0x00007f67b9d2fcc0:   00007f67b4024110 00007f67b4072cf0
0x00007f67b9d2fcd0:   00007f67b4072880 0000000000000002
0x00007f67b9d2fce0:   00007f67b9d2fd6c 00007f67b9d2fd70
0x00007f67b9d2fcf0:   00007f67b9d2fdc0 00007f67bc160f2e
0x00007f67b9d2fd00:   00007f67b4027d00 00007f67b9d2fd70
0x00007f67b9d2fd10:   00007f67b9d2fd6c 00000002b40240d0
0x00007f67b9d2fd20:   00007f67b4072d30 00000000000004d2
0x00007f67b9d2fd30:   0000000000000002 00000000000004d2
0x00007f67b9d2fd40:   00007f67b9d2fd80 00007f67b9d2fd70
0x00007f67b9d2fd50:   00007f677c2071b0 00007f67b4072cf0
0x00007f67b9d2fd60:   0000000000000002 00b010d3b401f8a0
0x00007f67b9d2fd70:   00000000f0100548 00007f67bc0ebf9b
0x00007f67b9d2fd80:   00000000f0cc1c30 00007f6700000400
0x00007f67b9d2fd90:   00007f67b9d2fdc0 0000000000000001
0x00007f67b9d2fda0:   00007f677c2071b0 00007f67bc30570d
0x00007f67b9d2fdb0:   00007f67b4023800 00007f67bc73736a
0x00007f67b9d2fdc0:   00007f67b9d2fed0 00007f67bbea1322 

Instructions: (pc=0x00007f67bc10cc01)
0x00007f67bc10cbe1:   8b 70 30 4c 89 f0 49 2b 00 48 c1 e8 03 48 d3 e8
0x00007f67bc10cbf1:   49 89 c2 83 e0 3f 49 c1 ea 06 48 89 c1 48 d3 e2
0x00007f67bc10cc01:   4a 85 14 d6 75 99 48 8d 05 35 a9 62 00 80 38 00
0x00007f67bc10cc11:   0f 85 19 02 00 00 49 8b 76 08 48 83 c6 10 4c 89 

Register to memory mapping:

RAX=0x0000000000000003 is an unknown value
RBX=0x00000000f3648698 is pointing into object: 0x00000000f3648678
[Lcom.google.gwt.dev.util.collect.HashMap; 
 - klass: 'com/google/gwt/dev/util/collect/HashMap'[]
 - length: 149
RCX=0x0000000000000003 is an unknown value
RDX=0x0000000000000008 is an unknown value
RSP=0x00007f67b9d2fbd0 is an unknown value
RBP=0x00007f67b9d2fc40 is an unknown value
RSI=0x00007f67b8dff000 is an unknown value
RDI=0x0000000000000000 is an unknown value
R8 =0x00007f67bc740d40: <offset 0xde4d40> in /usr/lib/jvm/java-7-openjdk-amd64/jre/lib/amd64/server/libjvm.so at 0x00007f67bb95c000
R9 =0x0000000000000000 is an unknown value
R10=0x007fffffff8d3000 is an unknown value
R11=0x0000000000080000 is an unknown value
R12=0x0000000000000003 is an unknown value
R13=0x00000000f36488dc is pointing into object: 0x00000000f36488b0
[C 
 - klass: {type array char}
 - length: 41
R14=0x0000000000000019 is an unknown value
R15=0x00007f67b4072cf0 is an unknown value


Stack: [0x00007f67b9c30000,0x00007f67b9d31000],  sp=0x00007f67b9d2fbd0,  free space=1022k
Native frames: (J=compiled Java code, j=interpreted, Vv=VM code, C=native code)
V  [libjvm.so+0x7b0c01]  objArrayKlass::oop_follow_contents(ParCompactionManager*, oopDesc*)+0x2e1
V  [libjvm.so+0x81dfc5]  ParCompactionManager::follow_marking_stacks()+0x155
V  [libjvm.so+0x804f2e]  StealMarkingTask::do_it(GCTaskManager*, unsigned int)+0x2be
V  [libjvm.so+0x545322]  GCTaskThread::run()+0x162
V  [libjvm.so+0x7c4ac2]  java_start(Thread*)+0xf2


---------------  P R O C E S S  ---------------

Java Threads: ( => current thread )
  0x00007f6778012800 JavaThread "Timer-0" daemon [_thread_blocked, id=9020, stack(0x00007f67ab7d0000,0x00007f67ab8d1000)]
  0x00007f67b40b0000 JavaThread "Service Thread" daemon [_thread_blocked, id=9017, stack(0x00007f67abbfc000,0x00007f67abcfd000)]
  0x00007f67b40ae000 JavaThread "C2 CompilerThread1" daemon [_thread_blocked, id=9016, stack(0x00007f67abcfd000,0x00007f67abdfe000)]
  0x00007f67b40ab000 JavaThread "C2 CompilerThread0" daemon [_thread_blocked, id=9015, stack(0x00007f67abdfe000,0x00007f67abeff000)]
  0x00007f67b40a8800 JavaThread "Signal Dispatcher" daemon [_thread_blocked, id=9014, stack(0x00007f67abeff000,0x00007f67ac000000)]
  0x00007f67b407c000 JavaThread "Finalizer" daemon [_thread_blocked, id=9013, stack(0x00007f67b06f7000,0x00007f67b07f8000)]
  0x00007f67b407a000 JavaThread "Reference Handler" daemon [_thread_blocked, id=9012, stack(0x00007f67b07f8000,0x00007f67b08f9000)]
  0x00007f67b400a000 JavaThread "main" [_thread_blocked, id=9006, stack(0x00007f67bd46b000,0x00007f67bd56c000)]

Other Threads:
  0x00007f67b4075800 VMThread [stack: 0x00007f67b08f9000,0x00007f67b09fa000] [id=9011]
  0x00007f67b40bb000 WatcherThread [stack: 0x00007f67abafb000,0x00007f67abbfc000] [id=9018]

=>0x00007f67b4023800 (exited) GCTaskThread [stack: 0x00007f67b9c30000,0x00007f67b9d31000] [id=9009]

VM state:at safepoint (normal execution)

VM Mutex/Monitor currently owned by a thread:  ([mutex/lock_event])
[0x00007f67b4006750] Threads_lock - owner thread: 0x00007f67b4075800
[0x00007f67b4006c50] Heap_lock - owner thread: 0x00007f67b400a000

Heap
 PSYoungGen      total 60416K, used 8648K [0x00000000faa80000, 0x0000000100000000, 0x0000000100000000)
  eden space 34304K, 0% used [0x00000000faa80000,0x00000000faa80000,0x00000000fcc00000)
  from space 26112K, 33% used [0x00000000fe500000,0x00000000fed722b8,0x00000000ffe80000)
  to   space 25600K, 0% used [0x00000000fcc00000,0x00000000fcc00000,0x00000000fe500000)
 ParOldGen       total 124928K, used 106783K [0x00000000f0000000, 0x00000000f7a00000, 0x00000000faa80000)
  object space 124928K, 85% used [0x00000000f0000000,0x00000000f6847e38,0x00000000f7a00000)
 PSPermGen       total 21504K, used 13401K [0x00000000e5a00000, 0x00000000e6f00000, 0x00000000f0000000)
  object space 21504K, 62% used [0x00000000e5a00000,0x00000000e6716638,0x00000000e6f00000)

Card table byte_map: [0x00007f67b9fdc000,0x00007f67ba0b0000] byte_map_base: 0x00007f67b98af000

Polling page: 0x00007f67bd58a000

Code Cache  [0x00007f67b1000000, 0x00007f67b1390000, 0x00007f67b4000000)
 total_blobs=1118 nmethods=839 adapters=230 free_code_cache=45578Kb largest_free_block=46610304

Compilation events (10 events):
Event: 6.296 Thread 0x00007f67b40ab000 nmethod 893 0x00007f67b1380150 code [0x00007f67b13802e0, 0x00007f67b1380690]
Event: 6.296 Thread 0x00007f67b40ab000  894             org.eclipse.jdt.internal.compiler.ast.ExplicitConstructorCall::traverse (110 bytes)
Event: 6.297 Thread 0x00007f67b40ab000 nmethod 894 0x00007f67b137fd10 code [0x00007f67b137fe60, 0x00007f67b137ffd8]
Event: 6.297 Thread 0x00007f67b40ab000  895             org.eclipse.jdt.internal.compiler.codegen.BranchLabel::addForwardReference (248 bytes)
Event: 6.299 Thread 0x00007f67b40ae000 nmethod 889 0x00007f67b1384ed0 code [0x00007f67b1385060, 0x00007f67b13856d8]
Event: 6.299 Thread 0x00007f67b40ae000  896             org.eclipse.jdt.internal.compiler.lookup.ReferenceBinding::canBeSeenBy (211 bytes)
Event: 6.305 Thread 0x00007f67b40ab000 nmethod 895 0x00007f67b137ad50 code [0x00007f67b137aee0, 0x00007f67b137b628]
Event: 6.305 Thread 0x00007f67b40ab000  897             org.eclipse.jdt.internal.compiler.lookup.MethodScope::computeLocalVariablePositions (274 bytes)
Event: 6.305 Thread 0x00007f67b40ae000 nmethod 896 0x00007f67b136df50 code [0x00007f67b136e100, 0x00007f67b136e4e8]
Event: 6.305 Thread 0x00007f67b40ae000  898             org.eclipse.jdt.internal.compiler.lookup.Scope::findField (784 bytes)

GC Heap History (10 events):
Event: 5.063 GC heap after
Heap after GC invocations=10 (full 0):
 PSYoungGen      total 57856K, used 20342K [0x00000000faa80000, 0x0000000100000000, 0x0000000100000000)
  eden space 34304K, 0% used [0x00000000faa80000,0x00000000faa80000,0x00000000fcc00000)
  from space 23552K, 86% used [0x00000000fe900000,0x00000000ffcdd8c0,0x0000000100000000)
  to   space 26624K, 0% used [0x00000000fcc00000,0x00000000fcc00000,0x00000000fe600000)
 ParOldGen       total 124928K, used 56151K [0x00000000f0000000, 0x00000000f7a00000, 0x00000000faa80000)
  object space 124928K, 44% used [0x00000000f0000000,0x00000000f36d5c88,0x00000000f7a00000)
 PSPermGen       total 21504K, used 13215K [0x00000000e5a00000, 0x00000000e6f00000, 0x00000000f0000000)
  object space 21504K, 61% used [0x00000000e5a00000,0x00000000e66e7d40,0x00000000e6f00000)
}
Event: 5.298 GC heap before
{Heap before GC invocations=11 (full 0):
 PSYoungGen      total 57856K, used 54646K [0x00000000faa80000, 0x0000000100000000, 0x0000000100000000)
  eden space 34304K, 100% used [0x00000000faa80000,0x00000000fcc00000,0x00000000fcc00000)
  from space 23552K, 86% used [0x00000000fe900000,0x00000000ffcdd8c0,0x0000000100000000)
  to   space 26624K, 0% used [0x00000000fcc00000,0x00000000fcc00000,0x00000000fe600000)
 ParOldGen       total 124928K, used 56151K [0x00000000f0000000, 0x00000000f7a00000, 0x00000000faa80000)
  object space 124928K, 44% used [0x00000000f0000000,0x00000000f36d5c88,0x00000000f7a00000)
 PSPermGen       total 21504K, used 13251K [0x00000000e5a00000, 0x00000000e6f00000, 0x00000000f0000000)
  object space 21504K, 61% used [0x00000000e5a00000,0x00000000e66f0e70,0x00000000e6f00000)
Event: 5.316 GC heap after
Heap after GC invocations=11 (full 0):
 PSYoungGen      total 41984K, used 7410K [0x00000000faa80000, 0x0000000100000000, 0x0000000100000000)
  eden space 34304K, 0% used [0x00000000faa80000,0x00000000faa80000,0x00000000fcc00000)
  from space 7680K, 96% used [0x00000000fcc00000,0x00000000fd33c8c8,0x00000000fd380000)
  to   space 27136K, 0% used [0x00000000fe580000,0x00000000fe580000,0x0000000100000000)
 ParOldGen       total 124928K, used 78122K [0x00000000f0000000, 0x00000000f7a00000, 0x00000000faa80000)
  object space 124928K, 62% used [0x00000000f0000000,0x00000000f4c4aa50,0x00000000f7a00000)
 PSPermGen       total 21504K, used 13251K [0x00000000e5a00000, 0x00000000e6f00000, 0x00000000f0000000)
  object space 21504K, 61% used [0x00000000e5a00000,0x00000000e66f0e70,0x00000000e6f00000)
}
Event: 5.568 GC heap before
{Heap before GC invocations=12 (full 0):
 PSYoungGen      total 41984K, used 41714K [0x00000000faa80000, 0x0000000100000000, 0x0000000100000000)
  eden space 34304K, 100% used [0x00000000faa80000,0x00000000fcc00000,0x00000000fcc00000)
  from space 7680K, 96% used [0x00000000fcc00000,0x00000000fd33c8c8,0x00000000fd380000)
  to   space 27136K, 0% used [0x00000000fe580000,0x00000000fe580000,0x0000000100000000)
 ParOldGen       total 124928K, used 78122K [0x00000000f0000000, 0x00000000f7a00000, 0x00000000faa80000)
  object space 124928K, 62% used [0x00000000f0000000,0x00000000f4c4aa50,0x00000000f7a00000)
 PSPermGen       total 21504K, used 13313K [0x00000000e5a00000, 0x00000000e6f00000, 0x00000000f0000000)
  object space 21504K, 61% used [0x00000000e5a00000,0x00000000e6700418,0x00000000e6f00000)
Event: 5.579 GC heap after
Heap after GC invocations=12 (full 0):
 PSYoungGen      total 60928K, used 9570K [0x00000000faa80000, 0x0000000100000000, 0x0000000100000000)
  eden space 33792K, 0% used [0x00000000faa80000,0x00000000faa80000,0x00000000fcb80000)
  from space 27136K, 35% used [0x00000000fe580000,0x00000000feed88d8,0x0000000100000000)
  to   space 26624K, 0% used [0x00000000fcb80000,0x00000000fcb80000,0x00000000fe580000)
 ParOldGen       total 124928K, used 86027K [0x00000000f0000000, 0x00000000f7a00000, 0x00000000faa80000)
  object space 124928K, 68% used [0x00000000f0000000,0x00000000f5402f58,0x00000000f7a00000)
 PSPermGen       total 21504K, used 13313K [0x00000000e5a00000, 0x00000000e6f00000, 0x00000000f0000000)
  object space 21504K, 61% used [0x00000000e5a00000,0x00000000e6700418,0x00000000e6f00000)
}
Event: 5.853 GC heap before
{Heap before GC invocations=13 (full 0):
 PSYoungGen      total 60928K, used 43362K [0x00000000faa80000, 0x0000000100000000, 0x0000000100000000)
  eden space 33792K, 100% used [0x00000000faa80000,0x00000000fcb80000,0x00000000fcb80000)
  from space 27136K, 35% used [0x00000000fe580000,0x00000000feed88d8,0x0000000100000000)
  to   space 26624K, 0% used [0x00000000fcb80000,0x00000000fcb80000,0x00000000fe580000)
 ParOldGen       total 124928K, used 86027K [0x00000000f0000000, 0x00000000f7a00000, 0x00000000faa80000)
  object space 124928K, 68% used [0x00000000f0000000,0x00000000f5402f58,0x00000000f7a00000)
 PSPermGen       total 21504K, used 13361K [0x00000000e5a00000, 0x00000000e6f00000, 0x00000000f0000000)
  object space 21504K, 62% used [0x00000000e5a00000,0x00000000e670c578,0x00000000e6f00000)
Event: 5.867 GC heap after
Heap after GC invocations=13 (full 0):
 PSYoungGen      total 43520K, used 9577K [0x00000000faa80000, 0x00000000ffe80000, 0x0000000100000000)
  eden space 33792K, 0% used [0x00000000faa80000,0x00000000faa80000,0x00000000fcb80000)
  from space 9728K, 98% used [0x00000000fcb80000,0x00000000fd4da7e0,0x00000000fd500000)
  to   space 26112K, 0% used [0x00000000fe500000,0x00000000fe500000,0x00000000ffe80000)
 ParOldGen       total 124928K, used 96386K [0x00000000f0000000, 0x00000000f7a00000, 0x00000000faa80000)
  object space 124928K, 77% used [0x00000000f0000000,0x00000000f5e209e0,0x00000000f7a00000)
 PSPermGen       total 21504K, used 13361K [0x00000000e5a00000, 0x00000000e6f00000, 0x00000000f0000000)
  object space 21504K, 62% used [0x00000000e5a00000,0x00000000e670c578,0x00000000e6f00000)
}
Event: 6.307 GC heap before
{Heap before GC invocations=14 (full 0):
 PSYoungGen      total 43520K, used 43369K [0x00000000faa80000, 0x00000000ffe80000, 0x0000000100000000)
  eden space 33792K, 100% used [0x00000000faa80000,0x00000000fcb80000,0x00000000fcb80000)
  from space 9728K, 98% used [0x00000000fcb80000,0x00000000fd4da7e0,0x00000000fd500000)
  to   space 26112K, 0% used [0x00000000fe500000,0x00000000fe500000,0x00000000ffe80000)
 ParOldGen       total 124928K, used 96386K [0x00000000f0000000, 0x00000000f7a00000, 0x00000000faa80000)
  object space 124928K, 77% used [0x00000000f0000000,0x00000000f5e209e0,0x00000000f7a00000)
 PSPermGen       total 21504K, used 13401K [0x00000000e5a00000, 0x00000000e6f00000, 0x00000000f0000000)
  object space 21504K, 62% used [0x00000000e5a00000,0x00000000e6716638,0x00000000e6f00000)
Event: 6.318 GC heap after
Heap after GC invocations=14 (full 0):
 PSYoungGen      total 60416K, used 8648K [0x00000000faa80000, 0x0000000100000000, 0x0000000100000000)
  eden space 34304K, 0% used [0x00000000faa80000,0x00000000faa80000,0x00000000fcc00000)
  from space 26112K, 33% used [0x00000000fe500000,0x00000000fed722b8,0x00000000ffe80000)
  to   space 25600K, 0% used [0x00000000fcc00000,0x00000000fcc00000,0x00000000fe500000)
 ParOldGen       total 124928K, used 106783K [0x00000000f0000000, 0x00000000f7a00000, 0x00000000faa80000)
  object space 124928K, 85% used [0x00000000f0000000,0x00000000f6847e38,0x00000000f7a00000)
 PSPermGen       total 21504K, used 13401K [0x00000000e5a00000, 0x00000000e6f00000, 0x00000000f0000000)
  object space 21504K, 62% used [0x00000000e5a00000,0x00000000e6716638,0x00000000e6f00000)
}
Event: 6.318 GC heap before
{Heap before GC invocations=15 (full 1):
 PSYoungGen      total 60416K, used 8648K [0x00000000faa80000, 0x0000000100000000, 0x0000000100000000)
  eden space 34304K, 0% used [0x00000000faa80000,0x00000000faa80000,0x00000000fcc00000)
  from space 26112K, 33% used [0x00000000fe500000,0x00000000fed722b8,0x00000000ffe80000)
  to   space 25600K, 0% used [0x00000000fcc00000,0x00000000fcc00000,0x00000000fe500000)
 ParOldGen       total 124928K, used 106783K [0x00000000f0000000, 0x00000000f7a00000, 0x00000000faa80000)
  object space 124928K, 85% used [0x00000000f0000000,0x00000000f6847e38,0x00000000f7a00000)
 PSPermGen       total 21504K, used 13401K [0x00000000e5a00000, 0x00000000e6f00000, 0x00000000f0000000)
  object space 21504K, 62% used [0x00000000e5a00000,0x00000000e6716638,0x00000000e6f00000)

Deoptimization events (10 events):
Event: 5.785 Thread 0x00007f67b400a000 Uncommon trap: reason=unreached action=reinterpret pc=0x00007f67b12168d4 method=org.eclipse.jdt.internal.compiler.ast.MessageSend.manageSyntheticAccessIfNecessary(Lorg/eclipse/jdt/internal/compiler/lookup/BlockScope;Lorg/eclipse/jdt/internal/compiler/flow
Event: 5.786 Thread 0x00007f67b400a000 Uncommon trap: reason=unreached action=reinterpret pc=0x00007f67b115dc1c method=org.eclipse.jdt.internal.compiler.ast.MessageSend.generateCode(Lorg/eclipse/jdt/internal/compiler/lookup/BlockScope;Lorg/eclipse/jdt/internal/compiler/codegen/CodeStream;Z)V @
Event: 5.820 Thread 0x00007f67b400a000 Uncommon trap: reason=bimorphic action=maybe_recompile pc=0x00007f67b1186930 method=org.eclipse.jdt.internal.compiler.lookup.MethodBinding.canBeSeenBy(Lorg/eclipse/jdt/internal/compiler/lookup/TypeBinding;Lorg/eclipse/jdt/internal/compiler/lookup/Invocati
Event: 5.841 Thread 0x00007f67b400a000 Uncommon trap: reason=class_check action=maybe_recompile pc=0x00007f67b127a310 method=org.eclipse.jdt.internal.compiler.ast.MessageSend.analyseCode(Lorg/eclipse/jdt/internal/compiler/lookup/BlockScope;Lorg/eclipse/jdt/internal/compiler/flow/FlowContext;Lo
Event: 5.942 Thread 0x00007f67b400a000 Uncommon trap: reason=unreached action=reinterpret pc=0x00007f67b108f814 method=org.eclipse.jdt.internal.compiler.ast.SingleNameReference.computeConversion(Lorg/eclipse/jdt/internal/compiler/lookup/Scope;Lorg/eclipse/jdt/internal/compiler/lookup/TypeBindi
Event: 5.946 Thread 0x00007f67b400a000 Uncommon trap: reason=unreached action=reinterpret pc=0x00007f67b12942c4 method=org.eclipse.jdt.internal.compiler.ast.SingleNameReference.generateCode(Lorg/eclipse/jdt/internal/compiler/lookup/BlockScope;Lorg/eclipse/jdt/internal/compiler/codegen/CodeStre
Event: 6.035 Thread 0x00007f67b400a000 Uncommon trap: reason=unreached action=reinterpret pc=0x00007f67b126f0e8 method=org.eclipse.jdt.internal.compiler.lookup.FieldBinding.canBeSeenBy(Lorg/eclipse/jdt/internal/compiler/lookup/TypeBinding;Lorg/eclipse/jdt/internal/compiler/lookup/InvocationSit
Event: 6.035 Thread 0x00007f67b400a000 Uncommon trap: reason=unreached action=reinterpret pc=0x00007f67b1288c00 method=org.eclipse.jdt.internal.compiler.lookup.LookupEnvironment.createArrayType(Lorg/eclipse/jdt/internal/compiler/lookup/TypeBinding;I)Lorg/eclipse/jdt/internal/compiler/lookup/Ar
Event: 6.303 Thread 0x00007f67b400a000 Uncommon trap: reason=class_check action=maybe_recompile pc=0x00007f67b1163124 method=org.eclipse.jdt.internal.compiler.lookup.Scope.findExactMethod(Lorg/eclipse/jdt/internal/compiler/lookup/ReferenceBinding;[C[Lorg/eclipse/jdt/internal/compiler/lookup/Ty
Event: 6.304 Thread 0x00007f67b400a000 Uncommon trap: reason=class_check action=maybe_recompile pc=0x00007f67b1163124 method=org.eclipse.jdt.internal.compiler.lookup.Scope.findExactMethod(Lorg/eclipse/jdt/internal/compiler/lookup/ReferenceBinding;[C[Lorg/eclipse/jdt/internal/compiler/lookup/Ty

Internal exceptions (10 events):
Event: 2.501 Thread 0x00007f67b400a000 Threw 0x00000000fcbb3dd8 at /build/buildd/openjdk-7-7u71-2.5.3/build/openjdk/hotspot/src/share/vm/prims/jvm.cpp:1284
Event: 3.220 Thread 0x00007f67b400a000 Threw 0x00000000fc4c8950 at /build/buildd/openjdk-7-7u71-2.5.3/build/openjdk/hotspot/src/share/vm/prims/jvm.cpp:1284
Event: 3.626 Thread 0x00007f67b400a000 Threw 0x00000000fba773c0 at /build/buildd/openjdk-7-7u71-2.5.3/build/openjdk/hotspot/src/share/vm/prims/jvm.cpp:1284
Event: 3.921 Thread 0x00007f67b400a000 Threw 0x00000000faf53590 at /build/buildd/openjdk-7-7u71-2.5.3/build/openjdk/hotspot/src/share/vm/prims/jvm.cpp:1284
Event: 4.346 Thread 0x00007f67b400a000 Threw 0x00000000fad8c7d8 at /build/buildd/openjdk-7-7u71-2.5.3/build/openjdk/hotspot/src/share/vm/prims/jvm.cpp:1284
Event: 5.165 Thread 0x00007f67b400a000 Implicit null exception at 0x00007f67b1320064 to 0x00007f67b1320e3d
Event: 5.332 Thread 0x00007f67b400a000 Implicit null exception at 0x00007f67b11c505b to 0x00007f67b11c5d99
Event: 5.395 Thread 0x00007f67b400a000 Implicit null exception at 0x00007f67b1305faa to 0x00007f67b1306b1d
Event: 5.395 Thread 0x00007f67b400a000 Implicit null exception at 0x00007f67b118d3aa to 0x00007f67b118d3cd
Event: 6.035 Thread 0x00007f67b400a000 Implicit null exception at 0x00007f67b126eaf9 to 0x00007f67b126f0d1

Events (10 events):
Event: 6.035 Thread 0x00007f67b400a000 Uncommon trap: trap_request=0xffffffad fr.pc=0x00007f67b1288c00
Event: 6.035 Thread 0x00007f67b400a000 DEOPT PACKING pc=0x00007f67b1288c00 sp=0x00007f67bd569d20
Event: 6.035 Thread 0x00007f67b400a000 DEOPT UNPACKING pc=0x00007f67b1039445 sp=0x00007f67bd569d10 mode 2
Event: 6.303 Thread 0x00007f67b400a000 Uncommon trap: trap_request=0xffffffde fr.pc=0x00007f67b1163124
Event: 6.303 Thread 0x00007f67b400a000 DEOPT PACKING pc=0x00007f67b1163124 sp=0x00007f67bd569bf0
Event: 6.303 Thread 0x00007f67b400a000 DEOPT UNPACKING pc=0x00007f67b1039445 sp=0x00007f67bd569bd0 mode 2
Event: 6.304 Thread 0x00007f67b400a000 Uncommon trap: trap_request=0xffffffde fr.pc=0x00007f67b1163124
Event: 6.304 Thread 0x00007f67b400a000 DEOPT PACKING pc=0x00007f67b1163124 sp=0x00007f67bd569bf0
Event: 6.304 Thread 0x00007f67b400a000 DEOPT UNPACKING pc=0x00007f67b1039445 sp=0x00007f67bd569bd0 mode 2
Event: 6.306 Executing VM operation: ParallelGCFailedAllocation


Dynamic libraries:
00400000-00401000 r-xp 00000000 08:01 16386825                           /usr/lib/jvm/java-7-openjdk-amd64/jre/bin/java
00600000-00601000 r--p 00000000 08:01 16386825                           /usr/lib/jvm/java-7-openjdk-amd64/jre/bin/java
00601000-00602000 rw-p 00001000 08:01 16386825                           /usr/lib/jvm/java-7-openjdk-amd64/jre/bin/java
0112c000-0114d000 rw-p 00000000 00:00 0                                  [heap]
e5a00000-e6f00000 rw-p 00000000 00:00 0 
e6f00000-f0000000 rw-p 00000000 00:00 0 
f0000000-f7a00000 rw-p 00000000 00:00 0 
f7a00000-faa80000 rw-p 00000000 00:00 0 
faa80000-100000000 rw-p 00000000 00:00 0 
7f676c000000-7f676c021000 rw-p 00000000 00:00 0 
7f676c021000-7f6770000000 ---p 00000000 00:00 0 
7f6774000000-7f6774021000 rw-p 00000000 00:00 0 
7f6774021000-7f6778000000 ---p 00000000 00:00 0 
7f6778000000-7f6778096000 rw-p 00000000 00:00 0 
7f6778096000-7f677c000000 ---p 00000000 00:00 0 
7f677c000000-7f677db8b000 rw-p 00000000 00:00 0 
7f677db8b000-7f6780000000 ---p 00000000 00:00 0 
7f6780000000-7f6780021000 rw-p 00000000 00:00 0 
7f6780021000-7f6784000000 ---p 00000000 00:00 0 
7f6784000000-7f6784021000 rw-p 00000000 00:00 0 
7f6784021000-7f6788000000 ---p 00000000 00:00 0 
7f6788000000-7f6789e99000 rw-p 00000000 00:00 0 
7f6789e99000-7f678c000000 ---p 00000000 00:00 0 
7f678c000000-7f678c021000 rw-p 00000000 00:00 0 
7f678c021000-7f6790000000 ---p 00000000 00:00 0 
7f6790000000-7f6790021000 rw-p 00000000 00:00 0 
7f6790021000-7f6794000000 ---p 00000000 00:00 0 
7f6794000000-7f6794244000 rw-p 00000000 00:00 0 
7f6794244000-7f6798000000 ---p 00000000 00:00 0 
7f6798000000-7f6798021000 rw-p 00000000 00:00 0 
7f6798021000-7f679c000000 ---p 00000000 00:00 0 
7f679c000000-7f679c021000 rw-p 00000000 00:00 0 
7f679c021000-7f67a0000000 ---p 00000000 00:00 0 
7f67a4000000-7f67a4021000 rw-p 00000000 00:00 0 
7f67a4021000-7f67a8000000 ---p 00000000 00:00 0 
7f67a9bfe000-7f67a9c0e000 r-xp 00000000 08:01 16386643                   /usr/lib/jvm/java-7-openjdk-amd64/jre/lib/amd64/libnio.so
7f67a9c0e000-7f67a9e0e000 ---p 00010000 08:01 16386643                   /usr/lib/jvm/java-7-openjdk-amd64/jre/lib/amd64/libnio.so
7f67a9e0e000-7f67a9e0f000 r--p 00010000 08:01 16386643                   /usr/lib/jvm/java-7-openjdk-amd64/jre/lib/amd64/libnio.so
7f67a9e0f000-7f67a9e10000 rw-p 00011000 08:01 16386643                   /usr/lib/jvm/java-7-openjdk-amd64/jre/lib/amd64/libnio.so
7f67a9e10000-7f67a9e15000 r-xp 00000000 08:01 4198955                    /lib/x86_64-linux-gnu/libnss_dns-2.19.so
7f67a9e15000-7f67aa014000 ---p 00005000 08:01 4198955                    /lib/x86_64-linux-gnu/libnss_dns-2.19.so
7f67aa014000-7f67aa015000 r--p 00004000 08:01 4198955                    /lib/x86_64-linux-gnu/libnss_dns-2.19.so
7f67aa015000-7f67aa016000 rw-p 00005000 08:01 4198955                    /lib/x86_64-linux-gnu/libnss_dns-2.19.so
7f67aa016000-7f67aa018000 r-xp 00000000 08:01 4198324                    /lib/x86_64-linux-gnu/libnss_mdns4_minimal.so.2
7f67aa018000-7f67aa217000 ---p 00002000 08:01 4198324                    /lib/x86_64-linux-gnu/libnss_mdns4_minimal.so.2
7f67aa217000-7f67aa218000 r--p 00001000 08:01 4198324                    /lib/x86_64-linux-gnu/libnss_mdns4_minimal.so.2
7f67aa218000-7f67aa219000 rw-p 00002000 08:01 4198324                    /lib/x86_64-linux-gnu/libnss_mdns4_minimal.so.2
7f67aa219000-7f67aa24a000 rw-p 00000000 00:00 0 
7f67aa24a000-7f67aa287000 r-xp 00000000 08:01 4198346                    /lib/x86_64-linux-gnu/libpcre.so.3.13.1
7f67aa287000-7f67aa486000 ---p 0003d000 08:01 4198346                    /lib/x86_64-linux-gnu/libpcre.so.3.13.1
7f67aa486000-7f67aa487000 r--p 0003c000 08:01 4198346                    /lib/x86_64-linux-gnu/libpcre.so.3.13.1
7f67aa487000-7f67aa488000 rw-p 0003d000 08:01 4198346                    /lib/x86_64-linux-gnu/libpcre.so.3.13.1
7f67aa488000-7f67aa48f000 r-xp 00000000 08:01 15736616                   /usr/lib/x86_64-linux-gnu/libffi.so.6.0.1
7f67aa48f000-7f67aa68e000 ---p 00007000 08:01 15736616                   /usr/lib/x86_64-linux-gnu/libffi.so.6.0.1
7f67aa68e000-7f67aa68f000 r--p 00006000 08:01 15736616                   /usr/lib/x86_64-linux-gnu/libffi.so.6.0.1
7f67aa68f000-7f67aa690000 rw-p 00007000 08:01 15736616                   /usr/lib/x86_64-linux-gnu/libffi.so.6.0.1
7f67aa690000-7f67aa6a7000 r-xp 00000000 08:01 4198950                    /lib/x86_64-linux-gnu/libresolv-2.19.so
7f67aa6a7000-7f67aa8a7000 ---p 00017000 08:01 4198950                    /lib/x86_64-linux-gnu/libresolv-2.19.so
7f67aa8a7000-7f67aa8a8000 r--p 00017000 08:01 4198950                    /lib/x86_64-linux-gnu/libresolv-2.19.so
7f67aa8a8000-7f67aa8a9000 rw-p 00018000 08:01 4198950                    /lib/x86_64-linux-gnu/libresolv-2.19.so
7f67aa8a9000-7f67aa8ab000 rw-p 00000000 00:00 0 
7f67aa8ab000-7f67aa8cb000 r-xp 00000000 08:01 4198941                    /lib/x86_64-linux-gnu/libselinux.so.1
7f67aa8cb000-7f67aaaca000 ---p 00020000 08:01 4198941                    /lib/x86_64-linux-gnu/libselinux.so.1
7f67aaaca000-7f67aaacb000 r--p 0001f000 08:01 4198941                    /lib/x86_64-linux-gnu/libselinux.so.1
7f67aaacb000-7f67aaacc000 rw-p 00020000 08:01 4198941                    /lib/x86_64-linux-gnu/libselinux.so.1
7f67aaacc000-7f67aaace000 rw-p 00000000 00:00 0 
7f67aaace000-7f67aaad1000 r-xp 00000000 08:01 15729004                   /usr/lib/x86_64-linux-gnu/libgmodule-2.0.so.0.4002.0
7f67aaad1000-7f67aacd0000 ---p 00003000 08:01 15729004                   /usr/lib/x86_64-linux-gnu/libgmodule-2.0.so.0.4002.0
7f67aacd0000-7f67aacd1000 r--p 00002000 08:01 15729004                   /usr/lib/x86_64-linux-gnu/libgmodule-2.0.so.0.4002.0
7f67aacd1000-7f67aacd2000 rw-p 00003000 08:01 15729004                   /usr/lib/x86_64-linux-gnu/libgmodule-2.0.so.0.4002.0
7f67aacd2000-7f67aadd8000 r-xp 00000000 08:01 4218194                    /lib/x86_64-linux-gnu/libglib-2.0.so.0.4002.0
7f67aadd8000-7f67aafd7000 ---p 00106000 08:01 4218194                    /lib/x86_64-linux-gnu/libglib-2.0.so.0.4002.0
7f67aafd7000-7f67aafd8000 r--p 00105000 08:01 4218194                    /lib/x86_64-linux-gnu/libglib-2.0.so.0.4002.0
7f67aafd8000-7f67aafd9000 rw-p 00106000 08:01 4218194                    /lib/x86_64-linux-gnu/libglib-2.0.so.0.4002.0
7f67aafd9000-7f67aafda000 rw-p 00000000 00:00 0 
7f67aafda000-7f67ab029000 r-xp 00000000 08:01 15729022                   /usr/lib/x86_64-linux-gnu/libgobject-2.0.so.0.4002.0
7f67ab029000-7f67ab229000 ---p 0004f000 08:01 15729022                   /usr/lib/x86_64-linux-gnu/libgobject-2.0.so.0.4002.0
7f67ab229000-7f67ab22a000 r--p 0004f000 08:01 15729022                   /usr/lib/x86_64-linux-gnu/libgobject-2.0.so.0.4002.0
7f67ab22a000-7f67ab22b000 rw-p 00050000 08:01 15729022                   /usr/lib/x86_64-linux-gnu/libgobject-2.0.so.0.4002.0
7f67ab22b000-7f67ab397000 r-xp 00000000 08:01 15729026                   /usr/lib/x86_64-linux-gnu/libgio-2.0.so.0.4002.0
7f67ab397000-7f67ab596000 ---p 0016c000 08:01 15729026                   /usr/lib/x86_64-linux-gnu/libgio-2.0.so.0.4002.0
7f67ab596000-7f67ab59a000 r--p 0016b000 08:01 15729026                   /usr/lib/x86_64-linux-gnu/libgio-2.0.so.0.4002.0
7f67ab59a000-7f67ab59c000 rw-p 0016f000 08:01 15729026                   /usr/lib/x86_64-linux-gnu/libgio-2.0.so.0.4002.0
7f67ab59c000-7f67ab59e000 rw-p 00000000 00:00 0 
7f67ab5b8000-7f67ab5cf000 r-xp 00000000 08:01 16386628                   /usr/lib/jvm/java-7-openjdk-amd64/jre/lib/amd64/libnet.so
7f67ab5cf000-7f67ab7ce000 ---p 00017000 08:01 16386628                   /usr/lib/jvm/java-7-openjdk-amd64/jre/lib/amd64/libnet.so
7f67ab7ce000-7f67ab7cf000 r--p 00016000 08:01 16386628                   /usr/lib/jvm/java-7-openjdk-amd64/jre/lib/amd64/libnet.so
7f67ab7cf000-7f67ab7d0000 rw-p 00017000 08:01 16386628                   /usr/lib/jvm/java-7-openjdk-amd64/jre/lib/amd64/libnet.so
7f67ab7d0000-7f67ab7d3000 ---p 00000000 00:00 0 
7f67ab7d3000-7f67ab8d1000 rw-p 00000000 00:00 0                          [stack:9020]
7f67ab8d1000-7f67ab8d4000 ---p 00000000 00:00 0 
7f67ab8d4000-7f67ab9fc000 rw-p 00000000 00:00 0 
7f67ab9fc000-7f67abafb000 r--s 0110b000 08:01 15468705                   /home/vasanth/gwt-2.0.3/gwt-dev.jar
7f67abafb000-7f67abafc000 ---p 00000000 00:00 0 
7f67abafc000-7f67abbfc000 rw-p 00000000 00:00 0                          [stack:9018]
7f67abbfc000-7f67abbff000 ---p 00000000 00:00 0 
7f67abbff000-7f67abcfd000 rw-p 00000000 00:00 0                          [stack:9017]
7f67abcfd000-7f67abd00000 ---p 00000000 00:00 0 
7f67abd00000-7f67abdfe000 rw-p 00000000 00:00 0                          [stack:9016]
7f67abdfe000-7f67abe01000 ---p 00000000 00:00 0 
7f67abe01000-7f67abeff000 rw-p 00000000 00:00 0                          [stack:9015]
7f67abeff000-7f67abf02000 ---p 00000000 00:00 0 
7f67abf02000-7f67ac000000 rw-p 00000000 00:00 0                          [stack:9014]
7f67ac000000-7f67ac021000 rw-p 00000000 00:00 0 
7f67ac021000-7f67b0000000 ---p 00000000 00:00 0 
7f67b0015000-7f67b06f7000 r--p 00000000 08:01 15735379                   /usr/lib/locale/locale-archive
7f67b06f7000-7f67b06fa000 ---p 00000000 00:00 0 
7f67b06fa000-7f67b07f8000 rw-p 00000000 00:00 0                          [stack:9013]
7f67b07f8000-7f67b07fb000 ---p 00000000 00:00 0 
7f67b07fb000-7f67b08f9000 rw-p 00000000 00:00 0                          [stack:9012]
7f67b08f9000-7f67b08fa000 ---p 00000000 00:00 0 
7f67b08fa000-7f67b1000000 rw-p 00000000 00:00 0                          [stack:9011]
7f67b1000000-7f67b1390000 rwxp 00000000 00:00 0 
7f67b1390000-7f67b4725000 rw-p 00000000 00:00 0 
7f67b4725000-7f67b8000000 ---p 00000000 00:00 0 
7f67b8015000-7f67b801e000 r--s 000b9000 08:01 16385906                   /usr/lib/jvm/java-7-openjdk-amd64/jre/lib/resources.jar
7f67b801e000-7f67b808b000 r--s 0048c000 08:01 15468706                   /home/vasanth/gwt-2.0.3/gwt-user.jar
7f67b808b000-7f67b8a82000 rw-p 00000000 00:00 0 
7f67b8a82000-7f67b8c33000 r--s 01d25000 08:01 16386694                   /usr/lib/jvm/java-7-openjdk-amd64/jre/lib/rt.jar
7f67b8c33000-7f67b9b2f000 rw-p 00000000 00:00 0 
7f67b9b2f000-7f67b9b30000 ---p 00000000 00:00 0 
7f67b9b30000-7f67b9c30000 rw-p 00000000 00:00 0                          [stack:9010]
7f67b9c30000-7f67b9c31000 ---p 00000000 00:00 0 
7f67b9c31000-7f67b9d31000 rw-p 00000000 00:00 0                          [stack:9009]
7f67b9d31000-7f67b9d32000 ---p 00000000 00:00 0 
7f67b9d32000-7f67b9e32000 rw-p 00000000 00:00 0                          [stack:9008]
7f67b9e32000-7f67b9e33000 ---p 00000000 00:00 0 
7f67b9e33000-7f67b9f3e000 rw-p 00000000 00:00 0                          [stack:9007]
7f67b9f3e000-7f67b9f86000 rw-p 00000000 00:00 0 
7f67b9f86000-7f67b9fc3000 rw-p 00000000 00:00 0 
7f67b9fc3000-7f67b9fdc000 rw-p 00000000 00:00 0 
7f67b9fdc000-7f67b9fe7000 rw-p 00000000 00:00 0 
7f67b9fe7000-7f67ba02f000 rw-p 00000000 00:00 0 
7f67ba02f000-7f67ba06c000 rw-p 00000000 00:00 0 
7f67ba06c000-7f67ba084000 rw-p 00000000 00:00 0 
7f67ba084000-7f67ba0af000 rw-p 00000000 00:00 0 
7f67ba0af000-7f67ba0b0000 rw-p 00000000 00:00 0 
7f67ba0b0000-7f67ba0b8000 r-xp 00000000 08:01 16386622                   /usr/lib/jvm/java-7-openjdk-amd64/jre/lib/amd64/libzip.so
7f67ba0b8000-7f67ba2b7000 ---p 00008000 08:01 16386622                   /usr/lib/jvm/java-7-openjdk-amd64/jre/lib/amd64/libzip.so
7f67ba2b7000-7f67ba2b8000 r--p 00007000 08:01 16386622                   /usr/lib/jvm/java-7-openjdk-amd64/jre/lib/amd64/libzip.so
7f67ba2b8000-7f67ba2b9000 rw-p 00008000 08:01 16386622                   /usr/lib/jvm/java-7-openjdk-amd64/jre/lib/amd64/libzip.so
7f67ba2b9000-7f67ba2c4000 r-xp 00000000 08:01 4201852                    /lib/x86_64-linux-gnu/libnss_files-2.19.so
7f67ba2c4000-7f67ba4c3000 ---p 0000b000 08:01 4201852                    /lib/x86_64-linux-gnu/libnss_files-2.19.so
7f67ba4c3000-7f67ba4c4000 r--p 0000a000 08:01 4201852                    /lib/x86_64-linux-gnu/libnss_files-2.19.so
7f67ba4c4000-7f67ba4c5000 rw-p 0000b000 08:01 4201852                    /lib/x86_64-linux-gnu/libnss_files-2.19.so
7f67ba4c5000-7f67ba4d0000 r-xp 00000000 08:01 4201853                    /lib/x86_64-linux-gnu/libnss_nis-2.19.so
7f67ba4d0000-7f67ba6cf000 ---p 0000b000 08:01 4201853                    /lib/x86_64-linux-gnu/libnss_nis-2.19.so
7f67ba6cf000-7f67ba6d0000 r--p 0000a000 08:01 4201853                    /lib/x86_64-linux-gnu/libnss_nis-2.19.so
7f67ba6d0000-7f67ba6d1000 rw-p 0000b000 08:01 4201853                    /lib/x86_64-linux-gnu/libnss_nis-2.19.so
7f67ba6d1000-7f67ba6e8000 r-xp 00000000 08:01 4198951                    /lib/x86_64-linux-gnu/libnsl-2.19.so
7f67ba6e8000-7f67ba8e7000 ---p 00017000 08:01 4198951                    /lib/x86_64-linux-gnu/libnsl-2.19.so
7f67ba8e7000-7f67ba8e8000 r--p 00016000 08:01 4198951                    /lib/x86_64-linux-gnu/libnsl-2.19.so
7f67ba8e8000-7f67ba8e9000 rw-p 00017000 08:01 4198951                    /lib/x86_64-linux-gnu/libnsl-2.19.so
7f67ba8e9000-7f67ba8eb000 rw-p 00000000 00:00 0 
7f67ba8eb000-7f67ba8f4000 r-xp 00000000 08:01 4195267                    /lib/x86_64-linux-gnu/libnss_compat-2.19.so
7f67ba8f4000-7f67baaf3000 ---p 00009000 08:01 4195267                    /lib/x86_64-linux-gnu/libnss_compat-2.19.so
7f67baaf3000-7f67baaf4000 r--p 00008000 08:01 4195267                    /lib/x86_64-linux-gnu/libnss_compat-2.19.so
7f67baaf4000-7f67baaf5000 rw-p 00009000 08:01 4195267                    /lib/x86_64-linux-gnu/libnss_compat-2.19.so
7f67baaf5000-7f67bab20000 r-xp 00000000 08:01 16386627                   /usr/lib/jvm/java-7-openjdk-amd64/jre/lib/amd64/libjava.so
7f67bab20000-7f67bad1f000 ---p 0002b000 08:01 16386627                   /usr/lib/jvm/java-7-openjdk-amd64/jre/lib/amd64/libjava.so
7f67bad1f000-7f67bad20000 r--p 0002a000 08:01 16386627                   /usr/lib/jvm/java-7-openjdk-amd64/jre/lib/amd64/libjava.so
7f67bad20000-7f67bad22000 rw-p 0002b000 08:01 16386627                   /usr/lib/jvm/java-7-openjdk-amd64/jre/lib/amd64/libjava.so
7f67bad22000-7f67bad32000 r-xp 00000000 08:01 16386642                   /usr/lib/jvm/java-7-openjdk-amd64/jre/lib/amd64/libverify.so
7f67bad32000-7f67baf31000 ---p 00010000 08:01 16386642                   /usr/lib/jvm/java-7-openjdk-amd64/jre/lib/amd64/libverify.so
7f67baf31000-7f67baf33000 r--p 0000f000 08:01 16386642                   /usr/lib/jvm/java-7-openjdk-amd64/jre/lib/amd64/libverify.so
7f67baf33000-7f67baf34000 rw-p 00011000 08:01 16386642                   /usr/lib/jvm/java-7-openjdk-amd64/jre/lib/amd64/libverify.so
7f67baf34000-7f67baf3b000 r-xp 00000000 08:01 4198953                    /lib/x86_64-linux-gnu/librt-2.19.so
7f67baf3b000-7f67bb13a000 ---p 00007000 08:01 4198953                    /lib/x86_64-linux-gnu/librt-2.19.so
7f67bb13a000-7f67bb13b000 r--p 00006000 08:01 4198953                    /lib/x86_64-linux-gnu/librt-2.19.so
7f67bb13b000-7f67bb13c000 rw-p 00007000 08:01 4198953                    /lib/x86_64-linux-gnu/librt-2.19.so
7f67bb13c000-7f67bb152000 r-xp 00000000 08:01 4194330                    /lib/x86_64-linux-gnu/libgcc_s.so.1
7f67bb152000-7f67bb351000 ---p 00016000 08:01 4194330                    /lib/x86_64-linux-gnu/libgcc_s.so.1
7f67bb351000-7f67bb352000 rw-p 00015000 08:01 4194330                    /lib/x86_64-linux-gnu/libgcc_s.so.1
7f67bb352000-7f67bb457000 r-xp 00000000 08:01 4201848                    /lib/x86_64-linux-gnu/libm-2.19.so
7f67bb457000-7f67bb656000 ---p 00105000 08:01 4201848                    /lib/x86_64-linux-gnu/libm-2.19.so
7f67bb656000-7f67bb657000 r--p 00104000 08:01 4201848                    /lib/x86_64-linux-gnu/libm-2.19.so
7f67bb657000-7f67bb658000 rw-p 00105000 08:01 4201848                    /lib/x86_64-linux-gnu/libm-2.19.so
7f67bb658000-7f67bb73e000 r-xp 00000000 08:01 15737244                   /usr/lib/x86_64-linux-gnu/libstdc++.so.6.0.19
7f67bb73e000-7f67bb93d000 ---p 000e6000 08:01 15737244                   /usr/lib/x86_64-linux-gnu/libstdc++.so.6.0.19
7f67bb93d000-7f67bb945000 r--p 000e5000 08:01 15737244                   /usr/lib/x86_64-linux-gnu/libstdc++.so.6.0.19
7f67bb945000-7f67bb947000 rw-p 000ed000 08:01 15737244                   /usr/lib/x86_64-linux-gnu/libstdc++.so.6.0.19
7f67bb947000-7f67bb95c000 rw-p 00000000 00:00 0 
7f67bb95c000-7f67bc472000 r-xp 00000000 08:01 16516418                   /usr/lib/jvm/java-7-openjdk-amd64/jre/lib/amd64/server/libjvm.so
7f67bc472000-7f67bc671000 ---p 00b16000 08:01 16516418                   /usr/lib/jvm/java-7-openjdk-amd64/jre/lib/amd64/server/libjvm.so
7f67bc671000-7f67bc70b000 r--p 00b15000 08:01 16516418                   /usr/lib/jvm/java-7-openjdk-amd64/jre/lib/amd64/server/libjvm.so
7f67bc70b000-7f67bc72e000 rw-p 00baf000 08:01 16516418                   /usr/lib/jvm/java-7-openjdk-amd64/jre/lib/amd64/server/libjvm.so
7f67bc72e000-7f67bc75c000 rw-p 00000000 00:00 0 
7f67bc75c000-7f67bc774000 r-xp 00000000 08:01 4198406                    /lib/x86_64-linux-gnu/libz.so.1.2.8
7f67bc774000-7f67bc973000 ---p 00018000 08:01 4198406                    /lib/x86_64-linux-gnu/libz.so.1.2.8
7f67bc973000-7f67bc974000 r--p 00017000 08:01 4198406                    /lib/x86_64-linux-gnu/libz.so.1.2.8
7f67bc974000-7f67bc975000 rw-p 00018000 08:01 4198406                    /lib/x86_64-linux-gnu/libz.so.1.2.8
7f67bc975000-7f67bc98e000 r-xp 00000000 08:01 4201858                    /lib/x86_64-linux-gnu/libpthread-2.19.so
7f67bc98e000-7f67bcb8d000 ---p 00019000 08:01 4201858                    /lib/x86_64-linux-gnu/libpthread-2.19.so
7f67bcb8d000-7f67bcb8e000 r--p 00018000 08:01 4201858                    /lib/x86_64-linux-gnu/libpthread-2.19.so
7f67bcb8e000-7f67bcb8f000 rw-p 00019000 08:01 4201858                    /lib/x86_64-linux-gnu/libpthread-2.19.so
7f67bcb8f000-7f67bcb93000 rw-p 00000000 00:00 0 
7f67bcb93000-7f67bcb96000 r-xp 00000000 08:01 4201857                    /lib/x86_64-linux-gnu/libdl-2.19.so
7f67bcb96000-7f67bcd95000 ---p 00003000 08:01 4201857                    /lib/x86_64-linux-gnu/libdl-2.19.so
7f67bcd95000-7f67bcd96000 r--p 00002000 08:01 4201857                    /lib/x86_64-linux-gnu/libdl-2.19.so
7f67bcd96000-7f67bcd97000 rw-p 00003000 08:01 4201857                    /lib/x86_64-linux-gnu/libdl-2.19.so
7f67bcd97000-7f67bcf52000 r-xp 00000000 08:01 4201845                    /lib/x86_64-linux-gnu/libc-2.19.so
7f67bcf52000-7f67bd152000 ---p 001bb000 08:01 4201845                    /lib/x86_64-linux-gnu/libc-2.19.so
7f67bd152000-7f67bd156000 r--p 001bb000 08:01 4201845                    /lib/x86_64-linux-gnu/libc-2.19.so
7f67bd156000-7f67bd158000 rw-p 001bf000 08:01 4201845                    /lib/x86_64-linux-gnu/libc-2.19.so
7f67bd158000-7f67bd15d000 rw-p 00000000 00:00 0 
7f67bd15d000-7f67bd16a000 r-xp 00000000 08:01 16516416                   /usr/lib/jvm/java-7-openjdk-amd64/jre/lib/amd64/jli/libjli.so
7f67bd16a000-7f67bd369000 ---p 0000d000 08:01 16516416                   /usr/lib/jvm/java-7-openjdk-amd64/jre/lib/amd64/jli/libjli.so
7f67bd369000-7f67bd36a000 r--p 0000c000 08:01 16516416                   /usr/lib/jvm/java-7-openjdk-amd64/jre/lib/amd64/jli/libjli.so
7f67bd36a000-7f67bd36b000 rw-p 0000d000 08:01 16516416                   /usr/lib/jvm/java-7-openjdk-amd64/jre/lib/amd64/jli/libjli.so
7f67bd36b000-7f67bd38e000 r-xp 00000000 08:01 4201846                    /lib/x86_64-linux-gnu/ld-2.19.so
7f67bd392000-7f67bd393000 rw-p 00000000 00:00 0 
7f67bd393000-7f67bd397000 r--s 0001d000 08:01 16387672                   /home/vasanth/JavaEE_Workspace/FormDesigner/lib/gwt-dnd-3.0.1.jar
7f67bd397000-7f67bd399000 r--s 00009000 08:01 17041240                   /home/vasanth/JavaEE_Workspace/SharedLib/lib/gwt-datepicker-r29.jar
7f67bd399000-7f67bd39e000 r--s 0004c000 08:01 16386672                   /usr/lib/jvm/java-7-openjdk-amd64/jre/lib/jsse.jar
7f67bd39e000-7f67bd3a0000 r--s 00006000 08:01 16127441                   /usr/share/java/java-atk-wrapper.jar
7f67bd3a0000-7f67bd3a4000 r--s 00034000 08:01 16386692                   /usr/lib/jvm/java-7-openjdk-amd64/jre/lib/ext/sunjce_provider.jar
7f67bd3a4000-7f67bd3a7000 r--s 0000f000 08:01 16386686                   /usr/lib/jvm/java-7-openjdk-amd64/jre/lib/ext/icedtea-sound.jar
7f67bd3a7000-7f67bd3ab000 r--s 00085000 08:01 16386690                   /usr/lib/jvm/java-7-openjdk-amd64/jre/lib/ext/localedata.jar
7f67bd3ab000-7f67bd3ba000 rw-p 00000000 00:00 0 
7f67bd3ba000-7f67bd46b000 rw-p 00000000 00:00 0 
7f67bd46b000-7f67bd46e000 ---p 00000000 00:00 0 
7f67bd46e000-7f67bd571000 rw-p 00000000 00:00 0                          [stack:9006]
7f67bd571000-7f67bd573000 r--s 00012000 08:01 16386688                   /usr/lib/jvm/java-7-openjdk-amd64/jre/lib/ext/zipfs.jar
7f67bd573000-7f67bd577000 r--s 0003c000 08:01 16386689                   /usr/lib/jvm/java-7-openjdk-amd64/jre/lib/ext/sunpkcs11.jar
7f67bd577000-7f67bd578000 r--s 00002000 08:01 16386693                   /usr/lib/jvm/java-7-openjdk-amd64/jre/lib/ext/dnsns.jar
7f67bd578000-7f67bd581000 rw-p 00000000 00:00 0 
7f67bd581000-7f67bd589000 rw-s 00000000 08:01 21106339                   /tmp/hsperfdata_root/9001
7f67bd589000-7f67bd58a000 rw-p 00000000 00:00 0 
7f67bd58a000-7f67bd58b000 ---p 00000000 00:00 0 
7f67bd58b000-7f67bd58d000 rw-p 00000000 00:00 0 
7f67bd58d000-7f67bd58e000 r--p 00022000 08:01 4201846                    /lib/x86_64-linux-gnu/ld-2.19.so
7f67bd58e000-7f67bd58f000 rw-p 00023000 08:01 4201846                    /lib/x86_64-linux-gnu/ld-2.19.so
7f67bd58f000-7f67bd590000 rw-p 00000000 00:00 0 
7fff9bd77000-7fff9bd98000 rw-p 00000000 00:00 0                          [stack]
7fff9bdfe000-7fff9be00000 r-xp 00000000 00:00 0                          [vdso]
ffffffffff600000-ffffffffff601000 r-xp 00000000 00:00 0                  [vsyscall]

VM Arguments:
jvm_args: -Xmx256M -Dgwt.dummy.arg1= -Dgwt.dummy.arg2= 
java_command: com.google.gwt.dev.Compiler org.purc.purcforms.FormDesigner
Launcher Type: SUN_STANDARD

Environment Variables:
PATH=/usr/local/sbin:/usr/local/bin:/usr/sbin:/usr/bin:/sbin:/bin
USERNAME=root
SHELL=/bin/bash
DISPLAY=:0

Signal Handlers:
SIGSEGV: [libjvm.so+0x9495e0], sa_mask[0]=0x7ffbfeff, sa_flags=0x10000004
SIGBUS: [libjvm.so+0x9495e0], sa_mask[0]=0x7ffbfeff, sa_flags=0x10000004
SIGFPE: [libjvm.so+0x7c3410], sa_mask[0]=0x7ffbfeff, sa_flags=0x10000004
SIGPIPE: [libjvm.so+0x7c3410], sa_mask[0]=0x7ffbfeff, sa_flags=0x10000004
SIGXFSZ: [libjvm.so+0x7c3410], sa_mask[0]=0x7ffbfeff, sa_flags=0x10000004
SIGILL: [libjvm.so+0x7c3410], sa_mask[0]=0x7ffbfeff, sa_flags=0x10000004
SIGUSR1: SIG_DFL, sa_mask[0]=0x00000000, sa_flags=0x00000000
SIGUSR2: [libjvm.so+0x7c32b0], sa_mask[0]=0x00000004, sa_flags=0x10000004
SIGHUP: [libjvm.so+0x7c3490], sa_mask[0]=0x7ffbfeff, sa_flags=0x10000004
SIGINT: [libjvm.so+0x7c3490], sa_mask[0]=0x7ffbfeff, sa_flags=0x10000004
SIGTERM: [libjvm.so+0x7c3490], sa_mask[0]=0x7ffbfeff, sa_flags=0x10000004
SIGQUIT: [libjvm.so+0x7c3490], sa_mask[0]=0x7ffbfeff, sa_flags=0x10000004
SIGTRAP: SIG_DFL, sa_mask[0]=0x00000000, sa_flags=0x00000000


---------------  S Y S T E M  ---------------

OS:Ubuntu 14.04 (trusty)
uname:Linux 3.13.0-32-generic #57-Ubuntu SMP Tue Jul 15 03:51:08 UTC 2014 x86_64
libc:glibc 2.19 NPTL 2.19 
rlimit: STACK 8192k, CORE 0k, NPROC 93766, NOFILE 4096, AS infinity
load average:0.94 0.83 0.78

/proc/meminfo:
MemTotal:       12023660 kB
MemFree:         3882132 kB
Buffers:          408612 kB
Cached:          2935036 kB
SwapCached:            0 kB
Active:          5545424 kB
Inactive:        2066072 kB
Active(anon):    4270496 kB
Inactive(anon):   601864 kB
Active(file):    1274928 kB
Inactive(file):  1464208 kB
Unevictable:          32 kB
Mlocked:              32 kB
SwapTotal:       8100860 kB
SwapFree:        8100860 kB
Dirty:              3776 kB
Writeback:             0 kB
AnonPages:       4267968 kB
Mapped:           397520 kB
Shmem:            604424 kB
Slab:             366108 kB
SReclaimable:     325540 kB
SUnreclaim:        40568 kB
KernelStack:        6616 kB
PageTables:        47952 kB
NFS_Unstable:          0 kB
Bounce:                0 kB
WritebackTmp:          0 kB
CommitLimit:    14112688 kB
Committed_AS:    9722444 kB
VmallocTotal:   34359738367 kB
VmallocUsed:      374676 kB
VmallocChunk:   34359350360 kB
HardwareCorrupted:     0 kB
AnonHugePages:   3004416 kB
HugePages_Total:       0
HugePages_Free:        0
HugePages_Rsvd:        0
HugePages_Surp:        0
Hugepagesize:       2048 kB
DirectMap4k:       60516 kB
DirectMap2M:     2799616 kB
DirectMap1G:     9437184 kB


CPU:total 4 (2 cores per cpu, 2 threads per core) family 6 model 60 stepping 3, cmov, cx8, fxsr, mmx, sse, sse2, sse3, ssse3, sse4.1, sse4.2, popcnt, avx, avx2, aes, erms, ht, tsc, tscinvbit

/proc/cpuinfo:
processor	: 0
vendor_id	: GenuineIntel
cpu family	: 6
model		: 60
model name	: Intel(R) Core(TM) i5-4200M CPU @ 2.50GHz
stepping	: 3
microcode	: 0x17
cpu MHz		: 2501.000
cache size	: 3072 KB
physical id	: 0
siblings	: 4
core id		: 0
cpu cores	: 2
apicid		: 0
initial apicid	: 0
fpu		: yes
fpu_exception	: yes
cpuid level	: 13
wp		: yes
flags		: fpu vme de pse tsc msr pae mce cx8 apic sep mtrr pge mca cmov pat pse36 clflush dts acpi mmx fxsr sse sse2 ss ht tm pbe syscall nx pdpe1gb rdtscp lm constant_tsc arch_perfmon pebs bts rep_good nopl xtopology nonstop_tsc aperfmperf eagerfpu pni pclmulqdq dtes64 monitor ds_cpl vmx est tm2 ssse3 fma cx16 xtpr pdcm pcid sse4_1 sse4_2 movbe popcnt tsc_deadline_timer aes xsave avx f16c rdrand lahf_lm abm ida arat epb xsaveopt pln pts dtherm tpr_shadow vnmi flexpriority ept vpid fsgsbase tsc_adjust bmi1 avx2 smep bmi2 erms invpcid
bogomips	: 4988.19
clflush size	: 64
cache_alignment	: 64
address sizes	: 39 bits physical, 48 bits virtual
power management:

processor	: 1
vendor_id	: GenuineIntel
cpu family	: 6
model		: 60
model name	: Intel(R) Core(TM) i5-4200M CPU @ 2.50GHz
stepping	: 3
microcode	: 0x17
cpu MHz		: 2501.000
cache size	: 3072 KB
physical id	: 0
siblings	: 4
core id		: 0
cpu cores	: 2
apicid		: 1
initial apicid	: 1
fpu		: yes
fpu_exception	: yes
cpuid level	: 13
wp		: yes
flags		: fpu vme de pse tsc msr pae mce cx8 apic sep mtrr pge mca cmov pat pse36 clflush dts acpi mmx fxsr sse sse2 ss ht tm pbe syscall nx pdpe1gb rdtscp lm constant_tsc arch_perfmon pebs bts rep_good nopl xtopology nonstop_tsc aperfmperf eagerfpu pni pclmulqdq dtes64 monitor ds_cpl vmx est tm2 ssse3 fma cx16 xtpr pdcm pcid sse4_1 sse4_2 movbe popcnt tsc_deadline_timer aes xsave avx f16c rdrand lahf_lm abm ida arat epb xsaveopt pln pts dtherm tpr_shadow vnmi flexpriority ept vpid fsgsbase tsc_adjust bmi1 avx2 smep bmi2 erms invpcid
bogomips	: 4988.19
clflush size	: 64
cache_alignment	: 64
address sizes	: 39 bits physical, 48 bits virtual
power management:

processor	: 2
vendor_id	: GenuineIntel
cpu family	: 6
model		: 60
model name	: Intel(R) Core(TM) i5-4200M CPU @ 2.50GHz
stepping	: 3
microcode	: 0x17
cpu MHz		: 2501.000
cache size	: 3072 KB
physical id	: 0
siblings	: 4
core id		: 1
cpu cores	: 2
apicid		: 2
initial apicid	: 2
fpu		: yes
fpu_exception	: yes
cpuid level	: 13
wp		: yes
flags		: fpu vme de pse tsc msr pae mce cx8 apic sep mtrr pge mca cmov pat pse36 clflush dts acpi mmx fxsr sse sse2 ss ht tm pbe syscall nx pdpe1gb rdtscp lm constant_tsc arch_perfmon pebs bts rep_good nopl xtopology nonstop_tsc aperfmperf eagerfpu pni pclmulqdq dtes64 monitor ds_cpl vmx est tm2 ssse3 fma cx16 xtpr pdcm pcid sse4_1 sse4_2 movbe popcnt tsc_deadline_timer aes xsave avx f16c rdrand lahf_lm abm ida arat epb xsaveopt pln pts dtherm tpr_shadow vnmi flexpriority ept vpid fsgsbase tsc_adjust bmi1 avx2 smep bmi2 erms invpcid
bogomips	: 4988.19
clflush size	: 64
cache_alignment	: 64
address sizes	: 39 bits physical, 48 bits virtual
power management:

processor	: 3
vendor_id	: GenuineIntel
cpu family	: 6
model		: 60
model name	: Intel(R) Core(TM) i5-4200M CPU @ 2.50GHz
stepping	: 3
microcode	: 0x17
cpu MHz		: 2501.000
cache size	: 3072 KB
physical id	: 0
siblings	: 4
core id		: 1
cpu cores	: 2
apicid		: 3
initial apicid	: 3
fpu		: yes
fpu_exception	: yes
cpuid level	: 13
wp		: yes
flags		: fpu vme de pse tsc msr pae mce cx8 apic sep mtrr pge mca cmov pat pse36 clflush dts acpi mmx fxsr sse sse2 ss ht tm pbe syscall nx pdpe1gb rdtscp lm constant_tsc arch_perfmon pebs bts rep_good nopl xtopology nonstop_tsc aperfmperf eagerfpu pni pclmulqdq dtes64 monitor ds_cpl vmx est tm2 ssse3 fma cx16 xtpr pdcm pcid sse4_1 sse4_2 movbe popcnt tsc_deadline_timer aes xsave avx f16c rdrand lahf_lm abm ida arat epb xsaveopt pln pts dtherm tpr_shadow vnmi flexpriority ept vpid fsgsbase tsc_adjust bmi1 avx2 smep bmi2 erms invpcid
bogomips	: 4988.19
clflush size	: 64
cache_alignment	: 64
address sizes	: 39 bits physical, 48 bits virtual
power management:



Memory: 4k page, physical 12023660k(3882132k free), swap 8100860k(8100860k free)

vm_info: OpenJDK 64-Bit Server VM (24.65-b04) for linux-amd64 JRE (1.7.0_65-b32), built on Oct 22 2014 04:37:44 by "buildd" with gcc 4.8.2

time: Mon Nov 17 15:15:54 2014
elapsed time: 6 seconds

