#
# A fatal error has been detected by the Java Runtime Environment:
#
#  SIGSEGV (0xb) at pc=0x00007fe5f87bf231, pid=18119, tid=140625656723200
#
# JRE version: OpenJDK Runtime Environment (7.0_55-b14) (build 1.7.0_55-b14)
# Java VM: OpenJDK 64-Bit Server VM (24.51-b03 mixed mode linux-amd64 compressed oops)
# Problematic frame:
# V  [libjvm.so+0x587231]  oopDesc::size_given_klass(Klass*)+0x1
#
# Failed to write core dump. Core dumps have been disabled. To enable core dumping, try "ulimit -c unlimited" before starting Java again
#
# If you would like to submit a bug report, please include
# instructions on how to reproduce the bug and visit:
#   http://icedtea.classpath.org/bugzilla
#

---------------  T H R E A D  ---------------

Current thread (0x00007fe5f0025800):  GCTaskThread [stack: 0x00007fe5f640b000,0x00007fe5f650c000] [id=18128]

siginfo:si_signo=SIGSEGV: si_errno=0, si_code=1 (SEGV_MAPERR), si_addr=0x0000000063006e18

Registers:
RAX=0x00007fe5f8fd5f43, RBX=0x00000000f3249e44, RCX=0x0000000000000000, RDX=0x0000080000000000
RSP=0x00007fe5f650abc0, RBP=0x00007fe5f650ac40, RSI=0x0000000063006e10, RDI=0x00000000f3259f5b
R8 =0x00007fe5f8fdf740, R9 =0x0000000000000000, R10=0x000000000006c2cf, R11=0x0004000000000000
R12=0x0000000000000006, R13=0x00000000f3249e58, R14=0x00000000f3259f5b, R15=0x00007fe5f0072eb0
RIP=0x00007fe5f87bf231, EFLAGS=0x0000000000010202, CSGSFS=0x0000000000000033, ERR=0x0000000000000004
  TRAPNO=0x000000000000000e

Top of Stack: (sp=0x00007fe5f650abc0)
0x00007fe5f650abc0:   00007fe5f650ac40 00007fe5f89bbf9b
0x00007fe5f650abd0:   00007fe5f650ac40 00000000f3249e28
0x00007fe5f650abe0:   00007fe5f0072ef0 0000000000000008
0x00007fe5f650abf0:   0000000000000008 00007fe5f8fdf740
0x00007fe5f650ac00:   00007fe5f8fdf740 0000000000000006
0x00007fe5f650ac10:   00007fe5f650ac80 00007fe5f8fdb7a8
0x00007fe5f650ac20:   00007fe5f0072880 00007fe5f0072eb0
0x00007fe5f650ac30:   00007fe5f650ad6c 00007fe5f650ad70
0x00007fe5f650ac40:   00007fe5f650acf0 00007fe5f8a275c5
0x00007fe5f650ac50:   00007fe5f0072f40 00007fe5f0072f70
0x00007fe5f650ac60:   00007fe5f0072ef0 0000000000004000
0x00007fe5f650ac70:   00000000f1765fb8 00007fe5f0072ec0
0x00007fe5f650ac80:   00007fe5f650acf0 00007fe5f87be387
0x00007fe5f650ac90:   00007fe5f650acf0 00007fe5f0072ef0
0x00007fe5f650aca0:   0000004200000000 00000000e6335680
0x00007fe5f650acb0:   0000004300000000 000000000000000f
0x00007fe5f650acc0:   0000000000000800 00007fe5f0072eb0
0x00007fe5f650acd0:   00007fe5f0072880 0000000000000003
0x00007fe5f650ace0:   00007fe5f650ad6c 00007fe5f650ad70
0x00007fe5f650acf0:   00007fe5f650adc0 00007fe5f8a0e80e
0x00007fe5f650ad00:   00007fe5f650ad40 00007fe5f650ad70
0x00007fe5f650ad10:   00007fe5f650ad6c 00000003f8bae868
0x00007fe5f650ad20:   00007fe5f0072ef0 000000000000042a
0x00007fe5f650ad30:   0000000000000004 000000000000042a
0x00007fe5f650ad40:   00007fe5f650ad80 00007fe5f650ad70
0x00007fe5f650ad50:   00007fe5b904a640 00007fe5f0072eb0
0x00007fe5f650ad60:   0000000000000003 35a1978cf001f990
0x00007fe5f650ad70:   00000000f1765fa8 00007fe5f899b3fb
0x00007fe5f650ad80:   00000000fe07b388 00007fe500000400
0x00007fe5f650ad90:   00007fe5f650adc0 0000000000000001
0x00007fe5f650ada0:   00007fe5b904a640 00007fe5f8bae87d
0x00007fe5f650adb0:   00007fe5f0025800 00007fe5f8fd5d6a 

Instructions: (pc=0x00007fe5f87bf231)
0x00007fe5f87bf211:   08 76 0c 48 89 df e8 44 11 17 00 0f 1f 40 00 49
0x00007fe5f87bf221:   83 c7 08 4d 39 e7 75 9f e9 f7 fe ff ff 66 90 55
0x00007fe5f87bf231:   8b 46 08 48 89 f2 48 89 e5 83 f8 00 7e 11 a8 01
0x00007fe5f87bf241:   75 15 c1 f8 03 5d c3 0f 1f 84 00 00 00 00 00 75 

Register to memory mapping:

RAX=0x00007fe5f8fd5f43: <offset 0xd9df43> in /usr/lib/jvm/java-7-openjdk-amd64/jre/lib/amd64/server/libjvm.so at 0x00007fe5f8238000
RBX=0x00000000f3249e44 is pointing into object: 0x00000000f3249df8
[Ljava.lang.Object; 
 - klass: 'java/lang/Object'[]
 - length: 66
RCX=0x0000000000000000 is an unknown value
RDX=0x0000080000000000 is an unknown value
RSP=0x00007fe5f650abc0 is an unknown value
RBP=0x00007fe5f650ac40 is an unknown value
RSI=0x0000000063006e10 is an unknown value
RDI=0x00000000f3259f5b is pointing into object: 0x00000000f3259f50
[C 
 - klass: {type array char}
 - length: 20
R8 =0x00007fe5f8fdf740: <offset 0xda7740> in /usr/lib/jvm/java-7-openjdk-amd64/jre/lib/amd64/server/libjvm.so at 0x00007fe5f8238000
R9 =0x0000000000000000 is an unknown value
R10=0x000000000006c2cf is an unknown value
R11=0x0004000000000000 is an unknown value
R12=0x0000000000000006 is an unknown value
R13=0x00000000f3249e58 is pointing into object: 0x00000000f3249df8
[Ljava.lang.Object; 
 - klass: 'java/lang/Object'[]
 - length: 66
R14=0x00000000f3259f5b is pointing into object: 0x00000000f3259f50
[C 
 - klass: {type array char}
 - length: 20
R15=0x00007fe5f0072eb0 is an unknown value


Stack: [0x00007fe5f640b000,0x00007fe5f650c000],  sp=0x00007fe5f650abc0,  free space=1022k
Native frames: (J=compiled Java code, j=interpreted, Vv=VM code, C=native code)
V  [libjvm.so+0x587231]  oopDesc::size_given_klass(Klass*)+0x1
V  [libjvm.so+0x7ef5c5]  ParCompactionManager::follow_marking_stacks()+0x155
V  [libjvm.so+0x7d680e]  StealMarkingTask::do_it(GCTaskManager*, unsigned int)+0x2be
V  [libjvm.so+0x51f032]  GCTaskThread::run()+0x162
V  [libjvm.so+0x7974e2]  java_start(Thread*)+0xf2


---------------  P R O C E S S  ---------------

Java Threads: ( => current thread )
  0x00007fe5a800f000 JavaThread "Timer-0" daemon [_thread_blocked, id=18140, stack(0x00007fe5ec0ab000,0x00007fe5ec1ac000)]
  0x00007fe5f0130800 JavaThread "GWT Update Checker" daemon [_thread_in_native, id=18139, stack(0x00007fe5ec1ac000,0x00007fe5ec2ad000)]
  0x00007fe5f00a6000 JavaThread "Service Thread" daemon [_thread_blocked, id=18135, stack(0x00007fe5ec51a000,0x00007fe5ec61b000)]
  0x00007fe5f00a3800 JavaThread "C2 CompilerThread1" daemon [_thread_blocked, id=18134, stack(0x00007fe5ec61b000,0x00007fe5ec71c000)]
  0x00007fe5f00a1000 JavaThread "C2 CompilerThread0" daemon [_thread_in_native, id=18133, stack(0x00007fe5ec71c000,0x00007fe5ec81d000)]
  0x00007fe5f009e800 JavaThread "Signal Dispatcher" daemon [_thread_blocked, id=18132, stack(0x00007fe5ec81d000,0x00007fe5ec91e000)]
  0x00007fe5f007c000 JavaThread "Finalizer" daemon [_thread_blocked, id=18131, stack(0x00007fe5f4061000,0x00007fe5f4162000)]
  0x00007fe5f007a000 JavaThread "Reference Handler" daemon [_thread_blocked, id=18130, stack(0x00007fe5f4162000,0x00007fe5f4263000)]
  0x00007fe5f000a000 JavaThread "main" [_thread_blocked, id=18124, stack(0x00007fe5f9d0b000,0x00007fe5f9e0c000)]

Other Threads:
  0x00007fe5f0075800 VMThread [stack: 0x00007fe5f4263000,0x00007fe5f4364000] [id=18129]
  0x00007fe5f00b1000 WatcherThread [stack: 0x00007fe5ec419000,0x00007fe5ec51a000] [id=18136]

=>0x00007fe5f0025800 (exited) GCTaskThread [stack: 0x00007fe5f640b000,0x00007fe5f650c000] [id=18128]

VM state:at safepoint (normal execution)

VM Mutex/Monitor currently owned by a thread:  ([mutex/lock_event])
[0x00007fe5f0006830] Threads_lock - owner thread: 0x00007fe5f0075800
[0x00007fe5f0006d30] Heap_lock - owner thread: 0x00007fe5f000a000

Heap
 PSYoungGen      total 65536K, used 10225K [0x00000000faa80000, 0x0000000100000000, 0x0000000100000000)
  eden space 45568K, 0% used [0x00000000faa80000,0x00000000faa80000,0x00000000fd700000)
  from space 19968K, 51% used [0x00000000fd700000,0x00000000fe0fc460,0x00000000fea80000)
  to   space 19456K, 0% used [0x00000000fed00000,0x00000000fed00000,0x0000000100000000)
 ParOldGen       total 81920K, used 74985K [0x00000000f0000000, 0x00000000f5000000, 0x00000000faa80000)
  object space 81920K, 91% used [0x00000000f0000000,0x00000000f493a4f0,0x00000000f5000000)
 PSPermGen       total 21504K, used 13150K [0x00000000e5a00000, 0x00000000e6f00000, 0x00000000f0000000)
  object space 21504K, 61% used [0x00000000e5a00000,0x00000000e66d7b68,0x00000000e6f00000)

Card table byte_map: [0x00007fe5f68b8000,0x00007fe5f698c000] byte_map_base: 0x00007fe5f618b000

Polling page: 0x00007fe5f9e28000

Code Cache  [0x00007fe5ed000000, 0x00007fe5ed2d0000, 0x00007fe5f0000000)
 total_blobs=949 nmethods=671 adapters=229 free_code_cache=46329Kb largest_free_block=47388288

Compilation events (10 events):
Event: 5.302 Thread 0x00007fe5f00a3800 nmethod 717 0x00007fe5ed2c2710 code [0x00007fe5ed2c2840, 0x00007fe5ed2c2898]
Event: 5.302 Thread 0x00007fe5f00a3800  718             org.eclipse.jdt.internal.compiler.lookup.Scope::findField (784 bytes)
Event: 5.341 Thread 0x00007fe5f00a3800 nmethod 718 0x00007fe5ed2cb950 code [0x00007fe5ed2cbc60, 0x00007fe5ed2cd378]
Event: 5.341 Thread 0x00007fe5f00a3800  719             org.eclipse.jdt.internal.compiler.lookup.Scope::isDefinedInField (35 bytes)
Event: 5.342 Thread 0x00007fe5f00a3800 nmethod 719 0x00007fe5ed2c2450 code [0x00007fe5ed2c25a0, 0x00007fe5ed2c2658]
Event: 5.342 Thread 0x00007fe5f00a3800  720 %           org.eclipse.jdt.internal.compiler.ast.MethodDeclaration::traverse @ 238 (269 bytes)
Event: 5.344 Thread 0x00007fe5f00a3800 nmethod 720% 0x00007fe5ed2c9b10 code [0x00007fe5ed2c9c60, 0x00007fe5ed2c9e78]
Event: 5.344 Thread 0x00007fe5f00a3800  721             org.eclipse.jdt.internal.compiler.ast.SingleNameReference::analyseCode (9 bytes)
Event: 5.345 Thread 0x00007fe5f00a3800 nmethod 721 0x00007fe5ed2c9890 code [0x00007fe5ed2c99e0, 0x00007fe5ed2c9a68]
Event: 5.345 Thread 0x00007fe5f00a3800  722             com.google.gwt.dev.js.JsParser::map (1025 bytes)

GC Heap History (10 events):
Event: 3.638 GC heap after
Heap after GC invocations=9 (full 0):
 PSYoungGen      total 65024K, used 12726K [0x00000000faa80000, 0x0000000100000000, 0x0000000100000000)
  eden space 42496K, 0% used [0x00000000faa80000,0x00000000faa80000,0x00000000fd400000)
  from space 22528K, 56% used [0x00000000fd400000,0x00000000fe06d970,0x00000000fea00000)
  to   space 21504K, 0% used [0x00000000feb00000,0x00000000feb00000,0x0000000100000000)
 ParOldGen       total 81920K, used 33459K [0x00000000f0000000, 0x00000000f5000000, 0x00000000faa80000)
  object space 81920K, 40% used [0x00000000f0000000,0x00000000f20aced8,0x00000000f5000000)
 PSPermGen       total 21504K, used 12842K [0x00000000e5a00000, 0x00000000e6f00000, 0x00000000f0000000)
  object space 21504K, 59% used [0x00000000e5a00000,0x00000000e668abe0,0x00000000e6f00000)
}
Event: 4.108 GC heap before
{Heap before GC invocations=10 (full 0):
 PSYoungGen      total 65024K, used 55222K [0x00000000faa80000, 0x0000000100000000, 0x0000000100000000)
  eden space 42496K, 100% used [0x00000000faa80000,0x00000000fd400000,0x00000000fd400000)
  from space 22528K, 56% used [0x00000000fd400000,0x00000000fe06d970,0x00000000fea00000)
  to   space 21504K, 0% used [0x00000000feb00000,0x00000000feb00000,0x0000000100000000)
 ParOldGen       total 81920K, used 33459K [0x00000000f0000000, 0x00000000f5000000, 0x00000000faa80000)
  object space 81920K, 40% used [0x00000000f0000000,0x00000000f20aced8,0x00000000f5000000)
 PSPermGen       total 21504K, used 12991K [0x00000000e5a00000, 0x00000000e6f00000, 0x00000000f0000000)
  object space 21504K, 60% used [0x00000000e5a00000,0x00000000e66afc48,0x00000000e6f00000)
Event: 4.122 GC heap after
Heap after GC invocations=10 (full 0):
 PSYoungGen      total 62976K, used 12572K [0x00000000faa80000, 0x00000000ffe00000, 0x0000000100000000)
  eden space 43520K, 0% used [0x00000000faa80000,0x00000000faa80000,0x00000000fd500000)
  from space 19456K, 64% used [0x00000000feb00000,0x00000000ff747350,0x00000000ffe00000)
  to   space 20992K, 0% used [0x00000000fd500000,0x00000000fd500000,0x00000000fe980000)
 ParOldGen       total 81920K, used 42951K [0x00000000f0000000, 0x00000000f5000000, 0x00000000faa80000)
  object space 81920K, 52% used [0x00000000f0000000,0x00000000f29f1e00,0x00000000f5000000)
 PSPermGen       total 21504K, used 12991K [0x00000000e5a00000, 0x00000000e6f00000, 0x00000000f0000000)
  object space 21504K, 60% used [0x00000000e5a00000,0x00000000e66afc48,0x00000000e6f00000)
}
Event: 4.529 GC heap before
{Heap before GC invocations=11 (full 0):
 PSYoungGen      total 62976K, used 56092K [0x00000000faa80000, 0x00000000ffe00000, 0x0000000100000000)
  eden space 43520K, 100% used [0x00000000faa80000,0x00000000fd500000,0x00000000fd500000)
  from space 19456K, 64% used [0x00000000feb00000,0x00000000ff747350,0x00000000ffe00000)
  to   space 20992K, 0% used [0x00000000fd500000,0x00000000fd500000,0x00000000fe980000)
 ParOldGen       total 81920K, used 42951K [0x00000000f0000000, 0x00000000f5000000, 0x00000000faa80000)
  object space 81920K, 52% used [0x00000000f0000000,0x00000000f29f1e00,0x00000000f5000000)
 PSPermGen       total 21504K, used 13028K [0x00000000e5a00000, 0x00000000e6f00000, 0x00000000f0000000)
  object space 21504K, 60% used [0x00000000e5a00000,0x00000000e66b91a8,0x00000000e6f00000)
Event: 4.542 GC heap after
Heap after GC invocations=11 (full 0):
 PSYoungGen      total 64512K, used 6794K [0x00000000faa80000, 0x0000000100000000, 0x0000000100000000)
  eden space 43520K, 0% used [0x00000000faa80000,0x00000000faa80000,0x00000000fd500000)
  from space 20992K, 32% used [0x00000000fd500000,0x00000000fdba2aa8,0x00000000fe980000)
  to   space 20992K, 0% used [0x00000000feb80000,0x00000000feb80000,0x0000000100000000)
 ParOldGen       total 81920K, used 56365K [0x00000000f0000000, 0x00000000f5000000, 0x00000000faa80000)
  object space 81920K, 68% used [0x00000000f0000000,0x00000000f370b700,0x00000000f5000000)
 PSPermGen       total 21504K, used 13028K [0x00000000e5a00000, 0x00000000e6f00000, 0x00000000f0000000)
  object space 21504K, 60% used [0x00000000e5a00000,0x00000000e66b91a8,0x00000000e6f00000)
}
Event: 4.998 GC heap before
{Heap before GC invocations=12 (full 0):
 PSYoungGen      total 64512K, used 50314K [0x00000000faa80000, 0x0000000100000000, 0x0000000100000000)
  eden space 43520K, 100% used [0x00000000faa80000,0x00000000fd500000,0x00000000fd500000)
  from space 20992K, 32% used [0x00000000fd500000,0x00000000fdba2aa8,0x00000000fe980000)
  to   space 20992K, 0% used [0x00000000feb80000,0x00000000feb80000,0x0000000100000000)
 ParOldGen       total 81920K, used 56365K [0x00000000f0000000, 0x00000000f5000000, 0x00000000faa80000)
  object space 81920K, 68% used [0x00000000f0000000,0x00000000f370b700,0x00000000f5000000)
 PSPermGen       total 21504K, used 13098K [0x00000000e5a00000, 0x00000000e6f00000, 0x00000000f0000000)
  object space 21504K, 60% used [0x00000000e5a00000,0x00000000e66ca928,0x00000000e6f00000)
Event: 5.009 GC heap after
Heap after GC invocations=12 (full 0):
 PSYoungGen      total 64512K, used 10468K [0x00000000faa80000, 0x00000000ffe00000, 0x0000000100000000)
  eden space 45568K, 0% used [0x00000000faa80000,0x00000000faa80000,0x00000000fd700000)
  from space 18944K, 55% used [0x00000000feb80000,0x00000000ff5b91c0,0x00000000ffe00000)
  to   space 19968K, 0% used [0x00000000fd700000,0x00000000fd700000,0x00000000fea80000)
 ParOldGen       total 81920K, used 63702K [0x00000000f0000000, 0x00000000f5000000, 0x00000000faa80000)
  object space 81920K, 77% used [0x00000000f0000000,0x00000000f3e35b88,0x00000000f5000000)
 PSPermGen       total 21504K, used 13098K [0x00000000e5a00000, 0x00000000e6f00000, 0x00000000f0000000)
  object space 21504K, 60% used [0x00000000e5a00000,0x00000000e66ca928,0x00000000e6f00000)
}
Event: 5.366 GC heap before
{Heap before GC invocations=13 (full 0):
 PSYoungGen      total 64512K, used 56036K [0x00000000faa80000, 0x00000000ffe00000, 0x0000000100000000)
  eden space 45568K, 100% used [0x00000000faa80000,0x00000000fd700000,0x00000000fd700000)
  from space 18944K, 55% used [0x00000000feb80000,0x00000000ff5b91c0,0x00000000ffe00000)
  to   space 19968K, 0% used [0x00000000fd700000,0x00000000fd700000,0x00000000fea80000)
 ParOldGen       total 81920K, used 63702K [0x00000000f0000000, 0x00000000f5000000, 0x00000000faa80000)
  object space 81920K, 77% used [0x00000000f0000000,0x00000000f3e35b88,0x00000000f5000000)
 PSPermGen       total 21504K, used 13150K [0x00000000e5a00000, 0x00000000e6f00000, 0x00000000f0000000)
  object space 21504K, 61% used [0x00000000e5a00000,0x00000000e66d7b68,0x00000000e6f00000)
Event: 5.377 GC heap after
Heap after GC invocations=13 (full 0):
 PSYoungGen      total 65536K, used 10225K [0x00000000faa80000, 0x0000000100000000, 0x0000000100000000)
  eden space 45568K, 0% used [0x00000000faa80000,0x00000000faa80000,0x00000000fd700000)
  from space 19968K, 51% used [0x00000000fd700000,0x00000000fe0fc460,0x00000000fea80000)
  to   space 19456K, 0% used [0x00000000fed00000,0x00000000fed00000,0x0000000100000000)
 ParOldGen       total 81920K, used 74985K [0x00000000f0000000, 0x00000000f5000000, 0x00000000faa80000)
  object space 81920K, 91% used [0x00000000f0000000,0x00000000f493a4f0,0x00000000f5000000)
 PSPermGen       total 21504K, used 13150K [0x00000000e5a00000, 0x00000000e6f00000, 0x00000000f0000000)
  object space 21504K, 61% used [0x00000000e5a00000,0x00000000e66d7b68,0x00000000e6f00000)
}
Event: 5.377 GC heap before
{Heap before GC invocations=14 (full 1):
 PSYoungGen      total 65536K, used 10225K [0x00000000faa80000, 0x0000000100000000, 0x0000000100000000)
  eden space 45568K, 0% used [0x00000000faa80000,0x00000000faa80000,0x00000000fd700000)
  from space 19968K, 51% used [0x00000000fd700000,0x00000000fe0fc460,0x00000000fea80000)
  to   space 19456K, 0% used [0x00000000fed00000,0x00000000fed00000,0x0000000100000000)
 ParOldGen       total 81920K, used 74985K [0x00000000f0000000, 0x00000000f5000000, 0x00000000faa80000)
  object space 81920K, 91% used [0x00000000f0000000,0x00000000f493a4f0,0x00000000f5000000)
 PSPermGen       total 21504K, used 13150K [0x00000000e5a00000, 0x00000000e6f00000, 0x00000000f0000000)
  object space 21504K, 61% used [0x00000000e5a00000,0x00000000e66d7b68,0x00000000e6f00000)

Deoptimization events (10 events):
Event: 4.990 Thread 0x00007fe5f000a000 Uncommon trap: reason=class_check action=maybe_recompile pc=0x00007fe5ed1e0d2c method=org.eclipse.jdt.internal.compiler.lookup.SourceTypeBinding.getExactMethod([C[Lorg/eclipse/jdt/internal/compiler/lookup/TypeBinding;Lorg/eclipse/jdt/internal/compiler/loo
Event: 4.990 Thread 0x00007fe5f000a000 Uncommon trap: reason=class_check action=maybe_recompile pc=0x00007fe5ed1e0d2c method=org.eclipse.jdt.internal.compiler.lookup.SourceTypeBinding.getExactMethod([C[Lorg/eclipse/jdt/internal/compiler/lookup/TypeBinding;Lorg/eclipse/jdt/internal/compiler/loo
Event: 5.018 Thread 0x00007fe5f000a000 Uncommon trap: reason=range_check action=make_not_entrant pc=0x00007fe5ed2a479c method=java.util.DualPivotQuicksort.sort([IIIZ)V @ 56
Event: 5.060 Thread 0x00007fe5f000a000 Uncommon trap: reason=unreached action=reinterpret pc=0x00007fe5ed24fda8 method=org.eclipse.jdt.internal.compiler.ast.MessageSend.resolveType(Lorg/eclipse/jdt/internal/compiler/lookup/BlockScope;)Lorg/eclipse/jdt/internal/compiler/lookup/TypeBinding; @ 10
Event: 5.079 Thread 0x00007fe5f000a000 Uncommon trap: reason=class_check action=maybe_recompile pc=0x00007fe5ed1a0e90 method=org.eclipse.jdt.internal.compiler.ast.Statement.generateArguments(Lorg/eclipse/jdt/internal/compiler/lookup/MethodBinding;[Lorg/eclipse/jdt/internal/compiler/ast/Express
Event: 5.148 Thread 0x00007fe5f000a000 Uncommon trap: reason=unreached action=reinterpret pc=0x00007fe5ed23ca8c method=org.eclipse.jdt.internal.compiler.lookup.CompilationUnitScope.faultInImports()V @ 532
Event: 5.163 Thread 0x00007fe5f000a000 Uncommon trap: reason=bimorphic action=maybe_recompile pc=0x00007fe5ed16610c method=org.eclipse.jdt.internal.compiler.lookup.SourceTypeBinding.methods()[Lorg/eclipse/jdt/internal/compiler/lookup/MethodBinding; @ 394
Event: 5.178 Thread 0x00007fe5f000a000 Uncommon trap: reason=class_check action=maybe_recompile pc=0x00007fe5ed163a24 method=org.eclipse.jdt.internal.compiler.lookup.Scope.findExactMethod(Lorg/eclipse/jdt/internal/compiler/lookup/ReferenceBinding;[C[Lorg/eclipse/jdt/internal/compiler/lookup/Ty
Event: 5.179 Thread 0x00007fe5f000a000 Uncommon trap: reason=class_check action=maybe_recompile pc=0x00007fe5ed163a24 method=org.eclipse.jdt.internal.compiler.lookup.Scope.findExactMethod(Lorg/eclipse/jdt/internal/compiler/lookup/ReferenceBinding;[C[Lorg/eclipse/jdt/internal/compiler/lookup/Ty
Event: 5.185 Thread 0x00007fe5f000a000 Uncommon trap: reason=null_check action=make_not_entrant pc=0x00007fe5ed1d8cc0 method=org.eclipse.jdt.internal.compiler.lookup.SourceTypeBinding.getUpdatedMethodBinding(Lorg/eclipse/jdt/internal/compiler/lookup/MethodBinding;Lorg/eclipse/jdt/internal/comp

Internal exceptions (10 events):
Event: 3.022 Thread 0x00007fe5f000a000 Implicit null exception at 0x00007fe5ed16b9aa to 0x00007fe5ed16b9cd
Event: 3.106 Thread 0x00007fe5f000a000 Threw 0x00000000fca27440 at /build/buildd/openjdk-7-7u55-2.4.7/build/openjdk/hotspot/src/share/vm/prims/jvm.cpp:1244
Event: 3.156 Thread 0x00007fe5f000a000 Threw 0x00000000fcc4cea0 at /build/buildd/openjdk-7-7u55-2.4.7/build/openjdk/hotspot/src/share/vm/prims/jvm.cpp:1244
Event: 3.688 Thread 0x00007fe5f000a000 Threw 0x00000000fb0b6830 at /build/buildd/openjdk-7-7u55-2.4.7/build/openjdk/hotspot/src/share/vm/prims/jvm.cpp:1244
Event: 4.020 Thread 0x00007fe5f000a000 Threw 0x00000000fce76f28 at /build/buildd/openjdk-7-7u55-2.4.7/build/openjdk/hotspot/src/share/vm/prims/jvm.cpp:1244
Event: 4.021 Thread 0x00007fe5f000a000 Threw 0x00000000fce8dac0 at /build/buildd/openjdk-7-7u55-2.4.7/build/openjdk/hotspot/src/share/vm/prims/jvm.cpp:1244
Event: 4.022 Thread 0x00007fe5f000a000 Threw 0x00000000fce97768 at /build/buildd/openjdk-7-7u55-2.4.7/build/openjdk/hotspot/src/share/vm/prims/jvm.cpp:1244
Event: 4.023 Thread 0x00007fe5f000a000 Threw 0x00000000fcea3f68 at /build/buildd/openjdk-7-7u55-2.4.7/build/openjdk/hotspot/src/share/vm/prims/jvm.cpp:1244
Event: 4.024 Thread 0x00007fe5f000a000 Implicit null exception at 0x00007fe5ed116045 to 0x00007fe5ed1165cd
Event: 4.264 Thread 0x00007fe5f000a000 Threw 0x00000000faef77a0 at /build/buildd/openjdk-7-7u55-2.4.7/build/openjdk/hotspot/src/share/vm/prims/jvm.cpp:1244

Events (10 events):
Event: 5.178 Thread 0x00007fe5f000a000 Uncommon trap: trap_request=0xffffffde fr.pc=0x00007fe5ed163a24
Event: 5.178 Thread 0x00007fe5f000a000 DEOPT PACKING pc=0x00007fe5ed163a24 sp=0x00007fe5f9e09bd0
Event: 5.178 Thread 0x00007fe5f000a000 DEOPT UNPACKING pc=0x00007fe5ed039445 sp=0x00007fe5f9e09bb0 mode 2
Event: 5.179 Thread 0x00007fe5f000a000 Uncommon trap: trap_request=0xffffffde fr.pc=0x00007fe5ed163a24
Event: 5.179 Thread 0x00007fe5f000a000 DEOPT PACKING pc=0x00007fe5ed163a24 sp=0x00007fe5f9e09bd0
Event: 5.179 Thread 0x00007fe5f000a000 DEOPT UNPACKING pc=0x00007fe5ed039445 sp=0x00007fe5f9e09bb0 mode 2
Event: 5.185 Thread 0x00007fe5f000a000 Uncommon trap: trap_request=0xfffffff4 fr.pc=0x00007fe5ed1d8cc0
Event: 5.185 Thread 0x00007fe5f000a000 DEOPT PACKING pc=0x00007fe5ed1d8cc0 sp=0x00007fe5f9e09ea0
Event: 5.185 Thread 0x00007fe5f000a000 DEOPT UNPACKING pc=0x00007fe5ed039445 sp=0x00007fe5f9e09e00 mode 2
Event: 5.365 Executing VM operation: ParallelGCFailedAllocation


Dynamic libraries:
00400000-00401000 r-xp 00000000 08:01 16263136                           /usr/lib/jvm/java-7-openjdk-amd64/jre/bin/java
00600000-00601000 r--p 00000000 08:01 16263136                           /usr/lib/jvm/java-7-openjdk-amd64/jre/bin/java
00601000-00602000 rw-p 00001000 08:01 16263136                           /usr/lib/jvm/java-7-openjdk-amd64/jre/bin/java
02052000-02073000 rw-p 00000000 00:00 0                                  [heap]
e5a00000-e6f00000 rw-p 00000000 00:00 0 
e6f00000-f0000000 rw-p 00000000 00:00 0 
f0000000-f5000000 rw-p 00000000 00:00 0 
f5000000-faa80000 rw-p 00000000 00:00 0 
faa80000-100000000 rw-p 00000000 00:00 0 
7fe5a8000000-7fe5a8082000 rw-p 00000000 00:00 0 
7fe5a8082000-7fe5ac000000 ---p 00000000 00:00 0 
7fe5ac000000-7fe5ac021000 rw-p 00000000 00:00 0 
7fe5ac021000-7fe5b0000000 ---p 00000000 00:00 0 
7fe5b0000000-7fe5b0021000 rw-p 00000000 00:00 0 
7fe5b0021000-7fe5b4000000 ---p 00000000 00:00 0 
7fe5b4000000-7fe5b4021000 rw-p 00000000 00:00 0 
7fe5b4021000-7fe5b8000000 ---p 00000000 00:00 0 
7fe5b8000000-7fe5ba10c000 rw-p 00000000 00:00 0 
7fe5ba10c000-7fe5bc000000 ---p 00000000 00:00 0 
7fe5bc000000-7fe5bd613000 rw-p 00000000 00:00 0 
7fe5bd613000-7fe5c0000000 ---p 00000000 00:00 0 
7fe5c0000000-7fe5c0021000 rw-p 00000000 00:00 0 
7fe5c0021000-7fe5c4000000 ---p 00000000 00:00 0 
7fe5c4000000-7fe5c4021000 rw-p 00000000 00:00 0 
7fe5c4021000-7fe5c8000000 ---p 00000000 00:00 0 
7fe5c8000000-7fe5c8021000 rw-p 00000000 00:00 0 
7fe5c8021000-7fe5cc000000 ---p 00000000 00:00 0 
7fe5cc000000-7fe5cc021000 rw-p 00000000 00:00 0 
7fe5cc021000-7fe5d0000000 ---p 00000000 00:00 0 
7fe5d0000000-7fe5d025a000 rw-p 00000000 00:00 0 
7fe5d025a000-7fe5d4000000 ---p 00000000 00:00 0 
7fe5d8000000-7fe5d8021000 rw-p 00000000 00:00 0 
7fe5d8021000-7fe5dc000000 ---p 00000000 00:00 0 
7fe5e0000000-7fe5e0021000 rw-p 00000000 00:00 0 
7fe5e0021000-7fe5e4000000 ---p 00000000 00:00 0 
7fe5e6479000-7fe5e6489000 r-xp 00000000 08:01 16263340                   /usr/lib/jvm/java-7-openjdk-amd64/jre/lib/amd64/libnio.so
7fe5e6489000-7fe5e6689000 ---p 00010000 08:01 16263340                   /usr/lib/jvm/java-7-openjdk-amd64/jre/lib/amd64/libnio.so
7fe5e6689000-7fe5e668a000 r--p 00010000 08:01 16263340                   /usr/lib/jvm/java-7-openjdk-amd64/jre/lib/amd64/libnio.so
7fe5e668a000-7fe5e668b000 rw-p 00011000 08:01 16263340                   /usr/lib/jvm/java-7-openjdk-amd64/jre/lib/amd64/libnio.so
7fe5e668b000-7fe5e6690000 r-xp 00000000 08:01 4198316                    /lib/x86_64-linux-gnu/libnss_dns-2.19.so
7fe5e6690000-7fe5e688f000 ---p 00005000 08:01 4198316                    /lib/x86_64-linux-gnu/libnss_dns-2.19.so
7fe5e688f000-7fe5e6890000 r--p 00004000 08:01 4198316                    /lib/x86_64-linux-gnu/libnss_dns-2.19.so
7fe5e6890000-7fe5e6891000 rw-p 00005000 08:01 4198316                    /lib/x86_64-linux-gnu/libnss_dns-2.19.so
7fe5e6891000-7fe5e6893000 r-xp 00000000 08:01 4198324                    /lib/x86_64-linux-gnu/libnss_mdns4_minimal.so.2
7fe5e6893000-7fe5e6a92000 ---p 00002000 08:01 4198324                    /lib/x86_64-linux-gnu/libnss_mdns4_minimal.so.2
7fe5e6a92000-7fe5e6a93000 r--p 00001000 08:01 4198324                    /lib/x86_64-linux-gnu/libnss_mdns4_minimal.so.2
7fe5e6a93000-7fe5e6a94000 rw-p 00002000 08:01 4198324                    /lib/x86_64-linux-gnu/libnss_mdns4_minimal.so.2
7fe5e6a94000-7fe5e6ad1000 r-xp 00000000 08:01 4198346                    /lib/x86_64-linux-gnu/libpcre.so.3.13.1
7fe5e6ad1000-7fe5e6cd0000 ---p 0003d000 08:01 4198346                    /lib/x86_64-linux-gnu/libpcre.so.3.13.1
7fe5e6cd0000-7fe5e6cd1000 r--p 0003c000 08:01 4198346                    /lib/x86_64-linux-gnu/libpcre.so.3.13.1
7fe5e6cd1000-7fe5e6cd2000 rw-p 0003d000 08:01 4198346                    /lib/x86_64-linux-gnu/libpcre.so.3.13.1
7fe5e6cd2000-7fe5e6cd9000 r-xp 00000000 08:01 15736616                   /usr/lib/x86_64-linux-gnu/libffi.so.6.0.1
7fe5e6cd9000-7fe5e6ed8000 ---p 00007000 08:01 15736616                   /usr/lib/x86_64-linux-gnu/libffi.so.6.0.1
7fe5e6ed8000-7fe5e6ed9000 r--p 00006000 08:01 15736616                   /usr/lib/x86_64-linux-gnu/libffi.so.6.0.1
7fe5e6ed9000-7fe5e6eda000 rw-p 00007000 08:01 15736616                   /usr/lib/x86_64-linux-gnu/libffi.so.6.0.1
7fe5e6eda000-7fe5e6ef1000 r-xp 00000000 08:01 4198369                    /lib/x86_64-linux-gnu/libresolv-2.19.so
7fe5e6ef1000-7fe5e70f1000 ---p 00017000 08:01 4198369                    /lib/x86_64-linux-gnu/libresolv-2.19.so
7fe5e70f1000-7fe5e70f2000 r--p 00017000 08:01 4198369                    /lib/x86_64-linux-gnu/libresolv-2.19.so
7fe5e70f2000-7fe5e70f3000 rw-p 00018000 08:01 4198369                    /lib/x86_64-linux-gnu/libresolv-2.19.so
7fe5e70f3000-7fe5e70f5000 rw-p 00000000 00:00 0 
7fe5e70f5000-7fe5e7115000 r-xp 00000000 08:01 4198941                    /lib/x86_64-linux-gnu/libselinux.so.1
7fe5e7115000-7fe5e7314000 ---p 00020000 08:01 4198941                    /lib/x86_64-linux-gnu/libselinux.so.1
7fe5e7314000-7fe5e7315000 r--p 0001f000 08:01 4198941                    /lib/x86_64-linux-gnu/libselinux.so.1
7fe5e7315000-7fe5e7316000 rw-p 00020000 08:01 4198941                    /lib/x86_64-linux-gnu/libselinux.so.1
7fe5e7316000-7fe5e7318000 rw-p 00000000 00:00 0 
7fe5e7318000-7fe5e731b000 r-xp 00000000 08:01 15736733                   /usr/lib/x86_64-linux-gnu/libgmodule-2.0.so.0.4000.0
7fe5e731b000-7fe5e751a000 ---p 00003000 08:01 15736733                   /usr/lib/x86_64-linux-gnu/libgmodule-2.0.so.0.4000.0
7fe5e751a000-7fe5e751b000 r--p 00002000 08:01 15736733                   /usr/lib/x86_64-linux-gnu/libgmodule-2.0.so.0.4000.0
7fe5e751b000-7fe5e751c000 rw-p 00003000 08:01 15736733                   /usr/lib/x86_64-linux-gnu/libgmodule-2.0.so.0.4000.0
7fe5e751c000-7fe5e7622000 r-xp 00000000 08:01 4198274                    /lib/x86_64-linux-gnu/libglib-2.0.so.0.4000.0
7fe5e7622000-7fe5e7821000 ---p 00106000 08:01 4198274                    /lib/x86_64-linux-gnu/libglib-2.0.so.0.4000.0
7fe5e7821000-7fe5e7822000 r--p 00105000 08:01 4198274                    /lib/x86_64-linux-gnu/libglib-2.0.so.0.4000.0
7fe5e7822000-7fe5e7823000 rw-p 00106000 08:01 4198274                    /lib/x86_64-linux-gnu/libglib-2.0.so.0.4000.0
7fe5e7823000-7fe5e7824000 rw-p 00000000 00:00 0 
7fe5e7824000-7fe5e7873000 r-xp 00000000 08:01 15736749                   /usr/lib/x86_64-linux-gnu/libgobject-2.0.so.0.4000.0
7fe5e7873000-7fe5e7a73000 ---p 0004f000 08:01 15736749                   /usr/lib/x86_64-linux-gnu/libgobject-2.0.so.0.4000.0
7fe5e7a73000-7fe5e7a74000 r--p 0004f000 08:01 15736749                   /usr/lib/x86_64-linux-gnu/libgobject-2.0.so.0.4000.0
7fe5e7a74000-7fe5e7a75000 rw-p 00050000 08:01 15736749                   /usr/lib/x86_64-linux-gnu/libgobject-2.0.so.0.4000.0
7fe5e7a75000-7fe5e7be0000 r-xp 00000000 08:01 15736719                   /usr/lib/x86_64-linux-gnu/libgio-2.0.so.0.4000.0
7fe5e7be0000-7fe5e7de0000 ---p 0016b000 08:01 15736719                   /usr/lib/x86_64-linux-gnu/libgio-2.0.so.0.4000.0
7fe5e7de0000-7fe5e7de4000 r--p 0016b000 08:01 15736719                   /usr/lib/x86_64-linux-gnu/libgio-2.0.so.0.4000.0
7fe5e7de4000-7fe5e7de6000 rw-p 0016f000 08:01 15736719                   /usr/lib/x86_64-linux-gnu/libgio-2.0.so.0.4000.0
7fe5e7de6000-7fe5e7de8000 rw-p 00000000 00:00 0 
7fe5e7de8000-7fe5e7dfe000 r-xp 00000000 08:01 16263331                   /usr/lib/jvm/java-7-openjdk-amd64/jre/lib/amd64/libnet.so
7fe5e7dfe000-7fe5e7ffe000 ---p 00016000 08:01 16263331                   /usr/lib/jvm/java-7-openjdk-amd64/jre/lib/amd64/libnet.so
7fe5e7ffe000-7fe5e7fff000 r--p 00016000 08:01 16263331                   /usr/lib/jvm/java-7-openjdk-amd64/jre/lib/amd64/libnet.so
7fe5e7fff000-7fe5e8000000 rw-p 00017000 08:01 16263331                   /usr/lib/jvm/java-7-openjdk-amd64/jre/lib/amd64/libnet.so
7fe5e8000000-7fe5e8021000 rw-p 00000000 00:00 0 
7fe5e8021000-7fe5ec000000 ---p 00000000 00:00 0 
7fe5ec07a000-7fe5ec0ab000 rw-p 00000000 00:00 0 
7fe5ec0ab000-7fe5ec0ae000 ---p 00000000 00:00 0 
7fe5ec0ae000-7fe5ec1ac000 rw-p 00000000 00:00 0                          [stack:18140]
7fe5ec1ac000-7fe5ec1af000 ---p 00000000 00:00 0 
7fe5ec1af000-7fe5ec2ad000 rw-p 00000000 00:00 0                          [stack:18139]
7fe5ec2ad000-7fe5ec3ac000 r--s 0110b000 08:01 15468705                   /home/vasanth/gwt-2.0.3/gwt-dev.jar
7fe5ec3ac000-7fe5ec419000 r--s 0048c000 08:01 15468706                   /home/vasanth/gwt-2.0.3/gwt-user.jar
7fe5ec419000-7fe5ec41a000 ---p 00000000 00:00 0 
7fe5ec41a000-7fe5ec51a000 rw-p 00000000 00:00 0                          [stack:18136]
7fe5ec51a000-7fe5ec51d000 ---p 00000000 00:00 0 
7fe5ec51d000-7fe5ec61b000 rw-p 00000000 00:00 0                          [stack:18135]
7fe5ec61b000-7fe5ec61e000 ---p 00000000 00:00 0 
7fe5ec61e000-7fe5ec71c000 rw-p 00000000 00:00 0                          [stack:18134]
7fe5ec71c000-7fe5ec71f000 ---p 00000000 00:00 0 
7fe5ec71f000-7fe5ec81d000 rw-p 00000000 00:00 0                          [stack:18133]
7fe5ec81d000-7fe5ec820000 ---p 00000000 00:00 0 
7fe5ec820000-7fe5ec91e000 rw-p 00000000 00:00 0                          [stack:18132]
7fe5ec91e000-7fe5ed000000 r--p 00000000 08:01 15735379                   /usr/lib/locale/locale-archive
7fe5ed000000-7fe5ed2d0000 rwxp 00000000 00:00 0 
7fe5ed2d0000-7fe5f062d000 rw-p 00000000 00:00 0 
7fe5f062d000-7fe5f4000000 ---p 00000000 00:00 0 
7fe5f402e000-7fe5f4037000 r--s 000b9000 08:01 16263155                   /usr/lib/jvm/java-7-openjdk-amd64/jre/lib/resources.jar
7fe5f4037000-7fe5f4061000 rw-p 00000000 00:00 0 
7fe5f4061000-7fe5f4064000 ---p 00000000 00:00 0 
7fe5f4064000-7fe5f4162000 rw-p 00000000 00:00 0                          [stack:18131]
7fe5f4162000-7fe5f4165000 ---p 00000000 00:00 0 
7fe5f4165000-7fe5f4263000 rw-p 00000000 00:00 0                          [stack:18130]
7fe5f4263000-7fe5f4264000 ---p 00000000 00:00 0 
7fe5f4264000-7fe5f5361000 rw-p 00000000 00:00 0                          [stack:18129]
7fe5f5361000-7fe5f550f000 r--s 01cfc000 08:01 16263144                   /usr/lib/jvm/java-7-openjdk-amd64/jre/lib/rt.jar
7fe5f550f000-7fe5f640b000 rw-p 00000000 00:00 0 
7fe5f640b000-7fe5f640c000 ---p 00000000 00:00 0 
7fe5f640c000-7fe5f650c000 rw-p 00000000 00:00 0                          [stack:18128]
7fe5f650c000-7fe5f650d000 ---p 00000000 00:00 0 
7fe5f650d000-7fe5f660d000 rw-p 00000000 00:00 0                          [stack:18127]
7fe5f660d000-7fe5f660e000 ---p 00000000 00:00 0 
7fe5f660e000-7fe5f670e000 rw-p 00000000 00:00 0                          [stack:18126]
7fe5f670e000-7fe5f670f000 ---p 00000000 00:00 0 
7fe5f670f000-7fe5f681a000 rw-p 00000000 00:00 0                          [stack:18125]
7fe5f681a000-7fe5f6862000 rw-p 00000000 00:00 0 
7fe5f6862000-7fe5f688a000 rw-p 00000000 00:00 0 
7fe5f688a000-7fe5f68b8000 rw-p 00000000 00:00 0 
7fe5f68b8000-7fe5f68c3000 rw-p 00000000 00:00 0 
7fe5f68c3000-7fe5f690b000 rw-p 00000000 00:00 0 
7fe5f690b000-7fe5f6933000 rw-p 00000000 00:00 0 
7fe5f6933000-7fe5f6960000 rw-p 00000000 00:00 0 
7fe5f6960000-7fe5f698b000 rw-p 00000000 00:00 0 
7fe5f698b000-7fe5f698c000 rw-p 00000000 00:00 0 
7fe5f698c000-7fe5f6994000 r-xp 00000000 08:01 16263326                   /usr/lib/jvm/java-7-openjdk-amd64/jre/lib/amd64/libzip.so
7fe5f6994000-7fe5f6b93000 ---p 00008000 08:01 16263326                   /usr/lib/jvm/java-7-openjdk-amd64/jre/lib/amd64/libzip.so
7fe5f6b93000-7fe5f6b94000 r--p 00007000 08:01 16263326                   /usr/lib/jvm/java-7-openjdk-amd64/jre/lib/amd64/libzip.so
7fe5f6b94000-7fe5f6b95000 rw-p 00008000 08:01 16263326                   /usr/lib/jvm/java-7-openjdk-amd64/jre/lib/amd64/libzip.so
7fe5f6b95000-7fe5f6ba0000 r-xp 00000000 08:01 4198318                    /lib/x86_64-linux-gnu/libnss_files-2.19.so
7fe5f6ba0000-7fe5f6d9f000 ---p 0000b000 08:01 4198318                    /lib/x86_64-linux-gnu/libnss_files-2.19.so
7fe5f6d9f000-7fe5f6da0000 r--p 0000a000 08:01 4198318                    /lib/x86_64-linux-gnu/libnss_files-2.19.so
7fe5f6da0000-7fe5f6da1000 rw-p 0000b000 08:01 4198318                    /lib/x86_64-linux-gnu/libnss_files-2.19.so
7fe5f6da1000-7fe5f6dac000 r-xp 00000000 08:01 4198328                    /lib/x86_64-linux-gnu/libnss_nis-2.19.so
7fe5f6dac000-7fe5f6fab000 ---p 0000b000 08:01 4198328                    /lib/x86_64-linux-gnu/libnss_nis-2.19.so
7fe5f6fab000-7fe5f6fac000 r--p 0000a000 08:01 4198328                    /lib/x86_64-linux-gnu/libnss_nis-2.19.so
7fe5f6fac000-7fe5f6fad000 rw-p 0000b000 08:01 4198328                    /lib/x86_64-linux-gnu/libnss_nis-2.19.so
7fe5f6fad000-7fe5f6fc4000 r-xp 00000000 08:01 4198312                    /lib/x86_64-linux-gnu/libnsl-2.19.so
7fe5f6fc4000-7fe5f71c3000 ---p 00017000 08:01 4198312                    /lib/x86_64-linux-gnu/libnsl-2.19.so
7fe5f71c3000-7fe5f71c4000 r--p 00016000 08:01 4198312                    /lib/x86_64-linux-gnu/libnsl-2.19.so
7fe5f71c4000-7fe5f71c5000 rw-p 00017000 08:01 4198312                    /lib/x86_64-linux-gnu/libnsl-2.19.so
7fe5f71c5000-7fe5f71c7000 rw-p 00000000 00:00 0 
7fe5f71c7000-7fe5f71d0000 r-xp 00000000 08:01 4198314                    /lib/x86_64-linux-gnu/libnss_compat-2.19.so
7fe5f71d0000-7fe5f73cf000 ---p 00009000 08:01 4198314                    /lib/x86_64-linux-gnu/libnss_compat-2.19.so
7fe5f73cf000-7fe5f73d0000 r--p 00008000 08:01 4198314                    /lib/x86_64-linux-gnu/libnss_compat-2.19.so
7fe5f73d0000-7fe5f73d1000 rw-p 00009000 08:01 4198314                    /lib/x86_64-linux-gnu/libnss_compat-2.19.so
7fe5f73d1000-7fe5f73fc000 r-xp 00000000 08:01 16263322                   /usr/lib/jvm/java-7-openjdk-amd64/jre/lib/amd64/libjava.so
7fe5f73fc000-7fe5f75fb000 ---p 0002b000 08:01 16263322                   /usr/lib/jvm/java-7-openjdk-amd64/jre/lib/amd64/libjava.so
7fe5f75fb000-7fe5f75fc000 r--p 0002a000 08:01 16263322                   /usr/lib/jvm/java-7-openjdk-amd64/jre/lib/amd64/libjava.so
7fe5f75fc000-7fe5f75fe000 rw-p 0002b000 08:01 16263322                   /usr/lib/jvm/java-7-openjdk-amd64/jre/lib/amd64/libjava.so
7fe5f75fe000-7fe5f760e000 r-xp 00000000 08:01 16263355                   /usr/lib/jvm/java-7-openjdk-amd64/jre/lib/amd64/libverify.so
7fe5f760e000-7fe5f780d000 ---p 00010000 08:01 16263355                   /usr/lib/jvm/java-7-openjdk-amd64/jre/lib/amd64/libverify.so
7fe5f780d000-7fe5f780f000 r--p 0000f000 08:01 16263355                   /usr/lib/jvm/java-7-openjdk-amd64/jre/lib/amd64/libverify.so
7fe5f780f000-7fe5f7810000 rw-p 00011000 08:01 16263355                   /usr/lib/jvm/java-7-openjdk-amd64/jre/lib/amd64/libverify.so
7fe5f7810000-7fe5f7817000 r-xp 00000000 08:01 4198371                    /lib/x86_64-linux-gnu/librt-2.19.so
7fe5f7817000-7fe5f7a16000 ---p 00007000 08:01 4198371                    /lib/x86_64-linux-gnu/librt-2.19.so
7fe5f7a16000-7fe5f7a17000 r--p 00006000 08:01 4198371                    /lib/x86_64-linux-gnu/librt-2.19.so
7fe5f7a17000-7fe5f7a18000 rw-p 00007000 08:01 4198371                    /lib/x86_64-linux-gnu/librt-2.19.so
7fe5f7a18000-7fe5f7a2e000 r-xp 00000000 08:01 4198270                    /lib/x86_64-linux-gnu/libgcc_s.so.1
7fe5f7a2e000-7fe5f7c2d000 ---p 00016000 08:01 4198270                    /lib/x86_64-linux-gnu/libgcc_s.so.1
7fe5f7c2d000-7fe5f7c2e000 rw-p 00015000 08:01 4198270                    /lib/x86_64-linux-gnu/libgcc_s.so.1
7fe5f7c2e000-7fe5f7d33000 r-xp 00000000 08:01 4198293                    /lib/x86_64-linux-gnu/libm-2.19.so
7fe5f7d33000-7fe5f7f32000 ---p 00105000 08:01 4198293                    /lib/x86_64-linux-gnu/libm-2.19.so
7fe5f7f32000-7fe5f7f33000 r--p 00104000 08:01 4198293                    /lib/x86_64-linux-gnu/libm-2.19.so
7fe5f7f33000-7fe5f7f34000 rw-p 00105000 08:01 4198293                    /lib/x86_64-linux-gnu/libm-2.19.so
7fe5f7f34000-7fe5f801a000 r-xp 00000000 08:01 15737244                   /usr/lib/x86_64-linux-gnu/libstdc++.so.6.0.19
7fe5f801a000-7fe5f8219000 ---p 000e6000 08:01 15737244                   /usr/lib/x86_64-linux-gnu/libstdc++.so.6.0.19
7fe5f8219000-7fe5f8221000 r--p 000e5000 08:01 15737244                   /usr/lib/x86_64-linux-gnu/libstdc++.so.6.0.19
7fe5f8221000-7fe5f8223000 rw-p 000ed000 08:01 15737244                   /usr/lib/x86_64-linux-gnu/libstdc++.so.6.0.19
7fe5f8223000-7fe5f8238000 rw-p 00000000 00:00 0 
7fe5f8238000-7fe5f8d19000 r-xp 00000000 08:01 16263337                   /usr/lib/jvm/java-7-openjdk-amd64/jre/lib/amd64/server/libjvm.so
7fe5f8d19000-7fe5f8f18000 ---p 00ae1000 08:01 16263337                   /usr/lib/jvm/java-7-openjdk-amd64/jre/lib/amd64/server/libjvm.so
7fe5f8f18000-7fe5f8faa000 r--p 00ae0000 08:01 16263337                   /usr/lib/jvm/java-7-openjdk-amd64/jre/lib/amd64/server/libjvm.so
7fe5f8faa000-7fe5f8fcd000 rw-p 00b72000 08:01 16263337                   /usr/lib/jvm/java-7-openjdk-amd64/jre/lib/amd64/server/libjvm.so
7fe5f8fcd000-7fe5f8ffa000 rw-p 00000000 00:00 0 
7fe5f8ffa000-7fe5f9012000 r-xp 00000000 08:01 4198406                    /lib/x86_64-linux-gnu/libz.so.1.2.8
7fe5f9012000-7fe5f9211000 ---p 00018000 08:01 4198406                    /lib/x86_64-linux-gnu/libz.so.1.2.8
7fe5f9211000-7fe5f9212000 r--p 00017000 08:01 4198406                    /lib/x86_64-linux-gnu/libz.so.1.2.8
7fe5f9212000-7fe5f9213000 rw-p 00018000 08:01 4198406                    /lib/x86_64-linux-gnu/libz.so.1.2.8
7fe5f9213000-7fe5f922c000 r-xp 00000000 08:01 4198363                    /lib/x86_64-linux-gnu/libpthread-2.19.so
7fe5f922c000-7fe5f942b000 ---p 00019000 08:01 4198363                    /lib/x86_64-linux-gnu/libpthread-2.19.so
7fe5f942b000-7fe5f942c000 r--p 00018000 08:01 4198363                    /lib/x86_64-linux-gnu/libpthread-2.19.so
7fe5f942c000-7fe5f942d000 rw-p 00019000 08:01 4198363                    /lib/x86_64-linux-gnu/libpthread-2.19.so
7fe5f942d000-7fe5f9431000 rw-p 00000000 00:00 0 
7fe5f9431000-7fe5f9434000 r-xp 00000000 08:01 4198260                    /lib/x86_64-linux-gnu/libdl-2.19.so
7fe5f9434000-7fe5f9633000 ---p 00003000 08:01 4198260                    /lib/x86_64-linux-gnu/libdl-2.19.so
7fe5f9633000-7fe5f9634000 r--p 00002000 08:01 4198260                    /lib/x86_64-linux-gnu/libdl-2.19.so
7fe5f9634000-7fe5f9635000 rw-p 00003000 08:01 4198260                    /lib/x86_64-linux-gnu/libdl-2.19.so
7fe5f9635000-7fe5f97f1000 r-xp 00000000 08:01 4198243                    /lib/x86_64-linux-gnu/libc-2.19.so
7fe5f97f1000-7fe5f99f0000 ---p 001bc000 08:01 4198243                    /lib/x86_64-linux-gnu/libc-2.19.so
7fe5f99f0000-7fe5f99f4000 r--p 001bb000 08:01 4198243                    /lib/x86_64-linux-gnu/libc-2.19.so
7fe5f99f4000-7fe5f99f6000 rw-p 001bf000 08:01 4198243                    /lib/x86_64-linux-gnu/libc-2.19.so
7fe5f99f6000-7fe5f99fb000 rw-p 00000000 00:00 0 
7fe5f99fb000-7fe5f9a08000 r-xp 00000000 08:01 16263348                   /usr/lib/jvm/java-7-openjdk-amd64/jre/lib/amd64/jli/libjli.so
7fe5f9a08000-7fe5f9c07000 ---p 0000d000 08:01 16263348                   /usr/lib/jvm/java-7-openjdk-amd64/jre/lib/amd64/jli/libjli.so
7fe5f9c07000-7fe5f9c08000 r--p 0000c000 08:01 16263348                   /usr/lib/jvm/java-7-openjdk-amd64/jre/lib/amd64/jli/libjli.so
7fe5f9c08000-7fe5f9c09000 rw-p 0000d000 08:01 16263348                   /usr/lib/jvm/java-7-openjdk-amd64/jre/lib/amd64/jli/libjli.so
7fe5f9c09000-7fe5f9c2c000 r-xp 00000000 08:01 4198219                    /lib/x86_64-linux-gnu/ld-2.19.so
7fe5f9c31000-7fe5f9c32000 rw-p 00000000 00:00 0 
7fe5f9c32000-7fe5f9c36000 r--s 0001d000 08:01 16387672                   /home/vasanth/JavaEE_Workspace/FormDesigner/lib/gwt-dnd-3.0.1.jar
7fe5f9c36000-7fe5f9c3b000 r--s 0004c000 08:01 16263300                   /usr/lib/jvm/java-7-openjdk-amd64/jre/lib/jsse.jar
7fe5f9c3b000-7fe5f9c3d000 r--s 00009000 08:01 17041240                   /home/vasanth/JavaEE_Workspace/SharedLib/lib/gwt-datepicker-r29.jar
7fe5f9c3d000-7fe5f9c40000 r--s 0000f000 08:01 16263148                   /usr/lib/jvm/java-7-openjdk-amd64/jre/lib/ext/pulse-java.jar
7fe5f9c40000-7fe5f9c42000 r--s 00006000 08:01 16127448                   /usr/share/java/java-atk-wrapper.jar
7fe5f9c42000-7fe5f9c44000 r--s 00012000 08:01 16263149                   /usr/lib/jvm/java-7-openjdk-amd64/jre/lib/ext/zipfs.jar
7fe5f9c44000-7fe5f9c47000 r--s 00032000 08:01 16263150                   /usr/lib/jvm/java-7-openjdk-amd64/jre/lib/ext/sunjce_provider.jar
7fe5f9c47000-7fe5f9c4b000 r--s 00085000 08:01 16263151                   /usr/lib/jvm/java-7-openjdk-amd64/jre/lib/ext/localedata.jar
7fe5f9c4b000-7fe5f9c57000 rw-p 00000000 00:00 0 
7fe5f9c57000-7fe5f9d0b000 rw-p 00000000 00:00 0 
7fe5f9d0b000-7fe5f9d0e000 ---p 00000000 00:00 0 
7fe5f9d0e000-7fe5f9e11000 rw-p 00000000 00:00 0                          [stack:18124]
7fe5f9e11000-7fe5f9e15000 r--s 0003b000 08:01 16263152                   /usr/lib/jvm/java-7-openjdk-amd64/jre/lib/ext/sunpkcs11.jar
7fe5f9e15000-7fe5f9e16000 r--s 00002000 08:01 16263153                   /usr/lib/jvm/java-7-openjdk-amd64/jre/lib/ext/dnsns.jar
7fe5f9e16000-7fe5f9e1f000 rw-p 00000000 00:00 0 
7fe5f9e1f000-7fe5f9e27000 rw-s 00000000 08:01 21104333                   /tmp/hsperfdata_vasanth/18119
7fe5f9e27000-7fe5f9e28000 rw-p 00000000 00:00 0 
7fe5f9e28000-7fe5f9e29000 ---p 00000000 00:00 0 
7fe5f9e29000-7fe5f9e2b000 rw-p 00000000 00:00 0 
7fe5f9e2b000-7fe5f9e2c000 r--p 00022000 08:01 4198219                    /lib/x86_64-linux-gnu/ld-2.19.so
7fe5f9e2c000-7fe5f9e2d000 rw-p 00023000 08:01 4198219                    /lib/x86_64-linux-gnu/ld-2.19.so
7fe5f9e2d000-7fe5f9e2e000 rw-p 00000000 00:00 0 
7fff24391000-7fff243b3000 rw-p 00000000 00:00 0                          [stack]
7fff243fe000-7fff24400000 r-xp 00000000 00:00 0                          [vdso]
ffffffffff600000-ffffffffff601000 r-xp 00000000 00:00 0                  [vsyscall]

VM Arguments:
jvm_args: -Xmx256M -Dgwt.dummy.arg1= -Dgwt.dummy.arg2= 
java_command: com.google.gwt.dev.Compiler org.purc.purcforms.FormDesigner
Launcher Type: SUN_STANDARD

Environment Variables:
PATH=/usr/local/sbin:/usr/local/bin:/usr/sbin:/usr/bin:/sbin:/bin:/usr/games:/usr/local/games
SHELL=/bin/bash
DISPLAY=:0

Signal Handlers:
SIGSEGV: [libjvm.so+0x918620], sa_mask[0]=0x7ffbfeff, sa_flags=0x10000004
SIGBUS: [libjvm.so+0x918620], sa_mask[0]=0x7ffbfeff, sa_flags=0x10000004
SIGFPE: [libjvm.so+0x795e30], sa_mask[0]=0x7ffbfeff, sa_flags=0x10000004
SIGPIPE: [libjvm.so+0x795e30], sa_mask[0]=0x7ffbfeff, sa_flags=0x10000004
SIGXFSZ: [libjvm.so+0x795e30], sa_mask[0]=0x7ffbfeff, sa_flags=0x10000004
SIGILL: [libjvm.so+0x795e30], sa_mask[0]=0x7ffbfeff, sa_flags=0x10000004
SIGUSR1: SIG_DFL, sa_mask[0]=0x00000000, sa_flags=0x00000000
SIGUSR2: [libjvm.so+0x795cd0], sa_mask[0]=0x00000004, sa_flags=0x10000004
SIGHUP: [libjvm.so+0x795eb0], sa_mask[0]=0x7ffbfeff, sa_flags=0x10000004
SIGINT: [libjvm.so+0x795eb0], sa_mask[0]=0x7ffbfeff, sa_flags=0x10000004
SIGTERM: [libjvm.so+0x795eb0], sa_mask[0]=0x7ffbfeff, sa_flags=0x10000004
SIGQUIT: [libjvm.so+0x795eb0], sa_mask[0]=0x7ffbfeff, sa_flags=0x10000004


---------------  S Y S T E M  ---------------

OS:Ubuntu 14.04 (trusty)
uname:Linux 3.13.9 #2 SMP Tue May 20 09:57:03 CDT 2014 x86_64
libc:glibc 2.19 NPTL 2.19 
rlimit: STACK 8192k, CORE 0k, NPROC 61512, NOFILE 4096, AS infinity
load average:0.35 0.49 0.52

/proc/meminfo:
MemTotal:        7894964 kB
MemFree:         4417116 kB
Buffers:           99944 kB
Cached:          1215392 kB
SwapCached:            0 kB
Active:          2277504 kB
Inactive:         973552 kB
Active(anon):    1938316 kB
Inactive(anon):   516352 kB
Active(file):     339188 kB
Inactive(file):   457200 kB
Unevictable:          32 kB
Mlocked:              32 kB
SwapTotal:       8100860 kB
SwapFree:        8100860 kB
Dirty:              2200 kB
Writeback:             0 kB
AnonPages:       1943960 kB
Mapped:           209096 kB
Shmem:            518900 kB
Slab:              85596 kB
SReclaimable:      53548 kB
SUnreclaim:        32048 kB
KernelStack:        4232 kB
PageTables:        32580 kB
NFS_Unstable:          0 kB
Bounce:                0 kB
WritebackTmp:          0 kB
CommitLimit:    12048340 kB
Committed_AS:    4943764 kB
VmallocTotal:   34359738367 kB
VmallocUsed:      361300 kB
VmallocChunk:   34359364184 kB
HardwareCorrupted:     0 kB
AnonHugePages:   1419264 kB
HugePages_Total:       0
HugePages_Free:        0
HugePages_Rsvd:        0
HugePages_Surp:        0
Hugepagesize:       2048 kB
DirectMap4k:       62564 kB
DirectMap2M:     2797568 kB
DirectMap1G:     5242880 kB


CPU:total 4 (2 cores per cpu, 2 threads per core) family 6 model 60 stepping 3, cmov, cx8, fxsr, mmx, sse, sse2, sse3, ssse3, sse4.1, sse4.2, popcnt, avx, avx2, aes, erms, ht, tsc, tscinvbit

/proc/cpuinfo:
processor	: 0
vendor_id	: GenuineIntel
cpu family	: 6
model		: 60
model name	: Intel(R) Core(TM) i5-4200M CPU @ 2.50GHz
stepping	: 3
microcode	: 0x17
cpu MHz		: 2300.000
cache size	: 3072 KB
physical id	: 0
siblings	: 4
core id		: 0
cpu cores	: 2
apicid		: 0
initial apicid	: 0
fpu		: yes
fpu_exception	: yes
cpuid level	: 13
wp		: yes
flags		: fpu vme de pse tsc msr pae mce cx8 apic sep mtrr pge mca cmov pat pse36 clflush dts acpi mmx fxsr sse sse2 ss ht tm pbe syscall nx pdpe1gb rdtscp lm constant_tsc arch_perfmon pebs bts rep_good nopl xtopology nonstop_tsc aperfmperf eagerfpu pni pclmulqdq dtes64 monitor ds_cpl vmx est tm2 ssse3 fma cx16 xtpr pdcm pcid sse4_1 sse4_2 movbe popcnt tsc_deadline_timer aes xsave avx f16c rdrand lahf_lm abm ida arat epb xsaveopt pln pts dtherm tpr_shadow vnmi flexpriority ept vpid fsgsbase tsc_adjust bmi1 avx2 smep bmi2 erms invpcid
bogomips	: 4987.94
clflush size	: 64
cache_alignment	: 64
address sizes	: 39 bits physical, 48 bits virtual
power management:

processor	: 1
vendor_id	: GenuineIntel
cpu family	: 6
model		: 60
model name	: Intel(R) Core(TM) i5-4200M CPU @ 2.50GHz
stepping	: 3
microcode	: 0x17
cpu MHz		: 2501.000
cache size	: 3072 KB
physical id	: 0
siblings	: 4
core id		: 0
cpu cores	: 2
apicid		: 1
initial apicid	: 1
fpu		: yes
fpu_exception	: yes
cpuid level	: 13
wp		: yes
flags		: fpu vme de pse tsc msr pae mce cx8 apic sep mtrr pge mca cmov pat pse36 clflush dts acpi mmx fxsr sse sse2 ss ht tm pbe syscall nx pdpe1gb rdtscp lm constant_tsc arch_perfmon pebs bts rep_good nopl xtopology nonstop_tsc aperfmperf eagerfpu pni pclmulqdq dtes64 monitor ds_cpl vmx est tm2 ssse3 fma cx16 xtpr pdcm pcid sse4_1 sse4_2 movbe popcnt tsc_deadline_timer aes xsave avx f16c rdrand lahf_lm abm ida arat epb xsaveopt pln pts dtherm tpr_shadow vnmi flexpriority ept vpid fsgsbase tsc_adjust bmi1 avx2 smep bmi2 erms invpcid
bogomips	: 4987.94
clflush size	: 64
cache_alignment	: 64
address sizes	: 39 bits physical, 48 bits virtual
power management:

processor	: 2
vendor_id	: GenuineIntel
cpu family	: 6
model		: 60
model name	: Intel(R) Core(TM) i5-4200M CPU @ 2.50GHz
stepping	: 3
microcode	: 0x17
cpu MHz		: 2501.000
cache size	: 3072 KB
physical id	: 0
siblings	: 4
core id		: 1
cpu cores	: 2
apicid		: 2
initial apicid	: 2
fpu		: yes
fpu_exception	: yes
cpuid level	: 13
wp		: yes
flags		: fpu vme de pse tsc msr pae mce cx8 apic sep mtrr pge mca cmov pat pse36 clflush dts acpi mmx fxsr sse sse2 ss ht tm pbe syscall nx pdpe1gb rdtscp lm constant_tsc arch_perfmon pebs bts rep_good nopl xtopology nonstop_tsc aperfmperf eagerfpu pni pclmulqdq dtes64 monitor ds_cpl vmx est tm2 ssse3 fma cx16 xtpr pdcm pcid sse4_1 sse4_2 movbe popcnt tsc_deadline_timer aes xsave avx f16c rdrand lahf_lm abm ida arat epb xsaveopt pln pts dtherm tpr_shadow vnmi flexpriority ept vpid fsgsbase tsc_adjust bmi1 avx2 smep bmi2 erms invpcid
bogomips	: 4987.94
clflush size	: 64
cache_alignment	: 64
address sizes	: 39 bits physical, 48 bits virtual
power management:

processor	: 3
vendor_id	: GenuineIntel
cpu family	: 6
model		: 60
model name	: Intel(R) Core(TM) i5-4200M CPU @ 2.50GHz
stepping	: 3
microcode	: 0x17
cpu MHz		: 2300.000
cache size	: 3072 KB
physical id	: 0
siblings	: 4
core id		: 1
cpu cores	: 2
apicid		: 3
initial apicid	: 3
fpu		: yes
fpu_exception	: yes
cpuid level	: 13
wp		: yes
flags		: fpu vme de pse tsc msr pae mce cx8 apic sep mtrr pge mca cmov pat pse36 clflush dts acpi mmx fxsr sse sse2 ss ht tm pbe syscall nx pdpe1gb rdtscp lm constant_tsc arch_perfmon pebs bts rep_good nopl xtopology nonstop_tsc aperfmperf eagerfpu pni pclmulqdq dtes64 monitor ds_cpl vmx est tm2 ssse3 fma cx16 xtpr pdcm pcid sse4_1 sse4_2 movbe popcnt tsc_deadline_timer aes xsave avx f16c rdrand lahf_lm abm ida arat epb xsaveopt pln pts dtherm tpr_shadow vnmi flexpriority ept vpid fsgsbase tsc_adjust bmi1 avx2 smep bmi2 erms invpcid
bogomips	: 4987.94
clflush size	: 64
cache_alignment	: 64
address sizes	: 39 bits physical, 48 bits virtual
power management:



Memory: 4k page, physical 7894964k(4417116k free), swap 8100860k(8100860k free)

vm_info: OpenJDK 64-Bit Server VM (24.51-b03) for linux-amd64 JRE (1.7.0_55-b14), built on Apr 17 2014 20:08:07 by "buildd" with gcc 4.8.2

time: Mon Jul  7 15:46:05 2014
elapsed time: 5 seconds

