#
# A fatal error has been detected by the Java Runtime Environment:
#
#  SIGSEGV (0xb) at pc=0x00007fbc7cb34e01, pid=8770, tid=140447488259840
#
# JRE version: OpenJDK Runtime Environment (7.0_65-b32) (build 1.7.0_65-b32)
# Java VM: OpenJDK 64-Bit Server VM (24.65-b04 mixed mode linux-amd64 compressed oops)
# Derivative: IcedTea 2.5.3
# Distribution: Ubuntu 14.04 LTS, package 7u71-2.5.3-0ubuntu0.14.04.1
# Problematic frame:
# V  [libjvm.so+0x5aee01]  oopDesc::size_given_klass(Klass*)+0x1
#
# Failed to write core dump. Core dumps have been disabled. To enable core dumping, try "ulimit -c unlimited" before starting Java again
#
# If you would like to submit a bug report, please include
# instructions on how to reproduce the bug and visit:
#   http://icedtea.classpath.org/bugzilla
#

---------------  T H R E A D  ---------------

Current thread (0x00007fbc74022000):  GCTaskThread [stack: 0x00007fbc7a95b000,0x00007fbc7aa5c000] [id=8776]

siginfo:si_signo=SIGSEGV: si_errno=0, si_code=1 (SEGV_MAPERR), si_addr=0x0000000000000018

Registers:
RAX=0x00007fbc7d361543, RBX=0x00000000f4648044, RCX=0x0000000000000000, RDX=0x0000000000000100
RSP=0x00007fbc7aa5abf0, RBP=0x00007fbc7aa5ac70, RSI=0x0000000000000010, RDI=0x00000000f4648041
R8 =0x00007fbc7d36ad40, R9 =0x0000000000000000, R10=0x0000000000076240, R11=0x00000000000003e8
R12=0x00000000f4647ff8, R13=0x00000000f46483f0, R14=0x00000000f4648041, R15=0x00007fbc74072b30
RIP=0x00007fbc7cb34e01, EFLAGS=0x0000000000010202, CSGSFS=0x0000000000000033, ERR=0x0000000000000004
  TRAPNO=0x000000000000000e

Top of Stack: (sp=0x00007fbc7aa5abf0)
0x00007fbc7aa5abf0:   00007fbc7aa5ac70 00007fbc7cd36c2b
0x00007fbc7aa5ac00:   00007fbc7aa5ac70 00000000f4647ff8
0x00007fbc7aa5ac10:   00007fbc74072b70 00000000000000fa
0x00007fbc7aa5ac20:   00000000000000fa 00007fbc7d36ad40
0x00007fbc7aa5ac30:   00007fbc7d36ad40 0000000000000003
0x00007fbc7aa5ac40:   00007fbc74072b70 00007fbc7d366da8
0x00007fbc7aa5ac50:   00007fbc74027e20 00007fbc74072b30
0x00007fbc7aa5ac60:   00007fbc74022370 00007fbc74022330
0x00007fbc7aa5ac70:   00007fbc7aa5ad20 00007fbc7cda3fc5
0x00007fbc7aa5ac80:   00007fbc74072bc0 00007fbc74072bf0
0x00007fbc7aa5ac90:   00007fbc74072b70 00007fbc74072bf0
0x00007fbc7aa5aca0:   00007fbc74072b70 00007fbc74072b40
0x00007fbc7aa5acb0:   00007fbc7d361543 0000000000000c00
0x00007fbc7aa5acc0:   0000000000000000 0000000000000000
0x00007fbc7aa5acd0:   0000000200000000 00007fbc7400a000
0x00007fbc7aa5ace0:   0000000300000001 00007fbc74072b01
0x00007fbc7aa5acf0:   00007fbc74022370 00007fbc74022360
0x00007fbc7aa5ad00:   00007fbc74027e20 00007fbc74072b30
0x00007fbc7aa5ad10:   00007fbc74022370 00007fbc74022330
0x00007fbc7aa5ad20:   00007fbc7aa5adc0 00007fbc7cd8a9e9
0x00007fbc7aa5ad30:   00000000000003d8 00007fbc7aa5ad50
0x00007fbc7aa5ad40:   00000000000003d8 00007fbc74022748
0x00007fbc7aa5ad50:   00007fbc7d32eeb0 00007fbc74022000
0x00007fbc7aa5ad60:   0000000000000000 00007fbc74072b30
0x00007fbc7aa5ad70:   00007fbc7d326b90 00007fbc7cd15f00
0x00007fbc7aa5ad80:   00007fbc7aa5ad50 00007fbc7401f801
0x00007fbc7aa5ad90:   00007fbc7aa5adc0 0000000000000001
0x00007fbc7aa5ada0:   00007fbc74027e20 00007fbc7cf2f6de
0x00007fbc7aa5adb0:   00007fbc74022000 00007fbc7d36136a
0x00007fbc7aa5adc0:   00007fbc7aa5aed0 00007fbc7cacb322
0x00007fbc7aa5add0:   00000000000003d8 00007fbc74022748
0x00007fbc7aa5ade0:   00007fbc74022370 00007fbc7aa5ae60 

Instructions: (pc=0x00007fbc7cb34e01)
0x00007fbc7cb34de1:   08 76 0c 48 89 df e8 24 45 17 00 0f 1f 40 00 49
0x00007fbc7cb34df1:   83 c7 08 4d 39 e7 75 9f e9 f7 fe ff ff 66 90 55
0x00007fbc7cb34e01:   8b 46 08 48 89 f2 48 89 e5 83 f8 00 7e 11 a8 01
0x00007fbc7cb34e11:   75 15 c1 f8 03 5d c3 0f 1f 84 00 00 00 00 00 75 

Register to memory mapping:

RAX=0x00007fbc7d361543: <offset 0xddb543> in /usr/lib/jvm/java-7-openjdk-amd64/jre/lib/amd64/server/libjvm.so at 0x00007fbc7c586000
RBX=0x00000000f4648044 is pointing into object: 0x00000000f4647ff8
[Ljava.util.HashMap$Entry; 
 - klass: 'java/util/HashMap$Entry'[]
 - length: 242
RCX=0x0000000000000000 is an unknown value
RDX=0x0000000000000100 is an unknown value
RSP=0x00007fbc7aa5abf0 is an unknown value
RBP=0x00007fbc7aa5ac70 is an unknown value
RSI=0x0000000000000010 is an unknown value
RDI=0x00000000f4648041 is pointing into object: 0x00000000f4647ff8
[Ljava.util.HashMap$Entry; 
 - klass: 'java/util/HashMap$Entry'[]
 - length: 242
R8 =0x00007fbc7d36ad40: <offset 0xde4d40> in /usr/lib/jvm/java-7-openjdk-amd64/jre/lib/amd64/server/libjvm.so at 0x00007fbc7c586000
R9 =0x0000000000000000 is an unknown value
R10=0x0000000000076240 is an unknown value
R11=0x00000000000003e8 is an unknown value
R12=0x00000000f4647ff8 is an oop
[Ljava.util.HashMap$Entry; 
 - klass: 'java/util/HashMap$Entry'[]
 - length: 242
R13=0x00000000f46483f0 is pointing into object: 0x00000000f46483d8
[C 
 - klass: {type array char}
 - length: 65
R14=0x00000000f4648041 is pointing into object: 0x00000000f4647ff8
[Ljava.util.HashMap$Entry; 
 - klass: 'java/util/HashMap$Entry'[]
 - length: 242
R15=0x00007fbc74072b30 is an unknown value


Stack: [0x00007fbc7a95b000,0x00007fbc7aa5c000],  sp=0x00007fbc7aa5abf0,  free space=1022k
Native frames: (J=compiled Java code, j=interpreted, Vv=VM code, C=native code)
V  [libjvm.so+0x5aee01]  oopDesc::size_given_klass(Klass*)+0x1
V  [libjvm.so+0x81dfc5]  ParCompactionManager::follow_marking_stacks()+0x155
V  [libjvm.so+0x8049e9]  ThreadRootsMarkingTask::do_it(GCTaskManager*, unsigned int)+0xd9
V  [libjvm.so+0x545322]  GCTaskThread::run()+0x162
V  [libjvm.so+0x7c4ac2]  java_start(Thread*)+0xf2


---------------  P R O C E S S  ---------------

Java Threads: ( => current thread )
  0x00007fbc3800d000 JavaThread "Timer-0" daemon [_thread_blocked, id=8788, stack(0x00007fbc7041b000,0x00007fbc7051c000)]
  0x00007fbc740b0000 JavaThread "Service Thread" daemon [_thread_blocked, id=8785, stack(0x00007fbc7081d000,0x00007fbc7091e000)]
  0x00007fbc740ae000 JavaThread "C2 CompilerThread1" daemon [_thread_blocked, id=8784, stack(0x00007fbc780a9000,0x00007fbc781aa000)]
  0x00007fbc740ab000 JavaThread "C2 CompilerThread0" daemon [_thread_blocked, id=8783, stack(0x00007fbc781aa000,0x00007fbc782ab000)]
  0x00007fbc740a8800 JavaThread "Signal Dispatcher" daemon [_thread_blocked, id=8782, stack(0x00007fbc782ab000,0x00007fbc783ac000)]
  0x00007fbc7407c000 JavaThread "Finalizer" daemon [_thread_blocked, id=8781, stack(0x00007fbc783ac000,0x00007fbc784ad000)]
  0x00007fbc7407a000 JavaThread "Reference Handler" daemon [_thread_blocked, id=8780, stack(0x00007fbc784ad000,0x00007fbc785ae000)]
  0x00007fbc7400a000 JavaThread "main" [_thread_blocked, id=8774, stack(0x00007fbc7e095000,0x00007fbc7e196000)]

Other Threads:
  0x00007fbc74075800 VMThread [stack: 0x00007fbc785ae000,0x00007fbc786af000] [id=8779]
  0x00007fbc740bb000 WatcherThread [stack: 0x00007fbc7071c000,0x00007fbc7081d000] [id=8786]

=>0x00007fbc74022000 (exited) GCTaskThread [stack: 0x00007fbc7a95b000,0x00007fbc7aa5c000] [id=8776]

VM state:at safepoint (normal execution)

VM Mutex/Monitor currently owned by a thread:  ([mutex/lock_event])
[0x00007fbc74006750] Threads_lock - owner thread: 0x00007fbc74075800
[0x00007fbc74006c50] Heap_lock - owner thread: 0x00007fbc7400a000

Heap
 PSYoungGen      total 57344K, used 9190K [0x00000000faa80000, 0x0000000100000000, 0x0000000100000000)
  eden space 29184K, 0% used [0x00000000faa80000,0x00000000faa80000,0x00000000fc700000)
  from space 28160K, 32% used [0x00000000fc700000,0x00000000fcff98e0,0x00000000fe280000)
  to   space 27648K, 0% used [0x00000000fe500000,0x00000000fe500000,0x0000000100000000)
 ParOldGen       total 124928K, used 115493K [0x00000000f0000000, 0x00000000f7a00000, 0x00000000faa80000)
  object space 124928K, 92% used [0x00000000f0000000,0x00000000f70c9480,0x00000000f7a00000)
 PSPermGen       total 21504K, used 13432K [0x00000000e5a00000, 0x00000000e6f00000, 0x00000000f0000000)
  object space 21504K, 62% used [0x00000000e5a00000,0x00000000e671e1a0,0x00000000e6f00000)

Card table byte_map: [0x00007fbc7ac06000,0x00007fbc7acda000] byte_map_base: 0x00007fbc7a4d9000

Polling page: 0x00007fbc7e1b4000

Code Cache  [0x00007fbc71000000, 0x00007fbc71350000, 0x00007fbc74000000)
 total_blobs=1120 nmethods=841 adapters=231 free_code_cache=45819Kb largest_free_block=46866944

Compilation events (10 events):
Event: 7.040 Thread 0x00007fbc740ae000 nmethod 909 0x00007fbc71253f50 code [0x00007fbc71254080, 0x00007fbc712540d8]
Event: 7.040 Thread 0x00007fbc740ae000  910             org.eclipse.jdt.internal.compiler.ast.ReturnStatement::needValueStore (48 bytes)
Event: 7.041 Thread 0x00007fbc740ae000 nmethod 910 0x00007fbc71253d10 code [0x00007fbc71253e60, 0x00007fbc71253ef8]
Event: 7.041 Thread 0x00007fbc740ae000  911   !         org.eclipse.jdt.internal.compiler.ast.TypeDeclaration::traverse (340 bytes)
Event: 7.048 Thread 0x00007fbc740ab000 nmethod 902 0x00007fbc71342ed0 code [0x00007fbc71343140, 0x00007fbc71344048]
Event: 7.048 Thread 0x00007fbc740ab000  912             org.eclipse.jdt.internal.compiler.lookup.MethodScope::recordInitializationStates (271 bytes)
Event: 7.057 Thread 0x00007fbc740ae000 nmethod 911 0x00007fbc71348dd0 code [0x00007fbc71349060, 0x00007fbc7134a308]
Event: 7.057 Thread 0x00007fbc740ae000  913             org.eclipse.jdt.internal.compiler.ast.SingleNameReference::generateCode (566 bytes)
Event: 7.064 Thread 0x00007fbc740ab000 nmethod 912 0x00007fbc71251e50 code [0x00007fbc71252000, 0x00007fbc71252908]
Event: 7.064 Thread 0x00007fbc740ab000  914             org.eclipse.jdt.internal.compiler.lookup.CompilationUnitScope::faultInImports (1033 bytes)

GC Heap History (10 events):
Event: 6.000 GC heap after
Heap after GC invocations=11 (full 0):
 PSYoungGen      total 58368K, used 5431K [0x00000000faa80000, 0x0000000100000000, 0x0000000100000000)
  eden space 29184K, 0% used [0x00000000faa80000,0x00000000faa80000,0x00000000fc700000)
  from space 29184K, 18% used [0x00000000fc700000,0x00000000fcc4ddd0,0x00000000fe380000)
  to   space 29184K, 0% used [0x00000000fe380000,0x00000000fe380000,0x0000000100000000)
 ParOldGen       total 124928K, used 80819K [0x00000000f0000000, 0x00000000f7a00000, 0x00000000faa80000)
  object space 124928K, 64% used [0x00000000f0000000,0x00000000f4eecca0,0x00000000f7a00000)
 PSPermGen       total 21504K, used 13257K [0x00000000e5a00000, 0x00000000e6f00000, 0x00000000f0000000)
  object space 21504K, 61% used [0x00000000e5a00000,0x00000000e66f2738,0x00000000e6f00000)
}
Event: 6.264 GC heap before
{Heap before GC invocations=12 (full 0):
 PSYoungGen      total 58368K, used 34615K [0x00000000faa80000, 0x0000000100000000, 0x0000000100000000)
  eden space 29184K, 100% used [0x00000000faa80000,0x00000000fc700000,0x00000000fc700000)
  from space 29184K, 18% used [0x00000000fc700000,0x00000000fcc4ddd0,0x00000000fe380000)
  to   space 29184K, 0% used [0x00000000fe380000,0x00000000fe380000,0x0000000100000000)
 ParOldGen       total 124928K, used 80819K [0x00000000f0000000, 0x00000000f7a00000, 0x00000000faa80000)
  object space 124928K, 64% used [0x00000000f0000000,0x00000000f4eecca0,0x00000000f7a00000)
 PSPermGen       total 21504K, used 13295K [0x00000000e5a00000, 0x00000000e6f00000, 0x00000000f0000000)
  object space 21504K, 61% used [0x00000000e5a00000,0x00000000e66fbf78,0x00000000e6f00000)
Event: 6.276 GC heap after
Heap after GC invocations=12 (full 0):
 PSYoungGen      total 58368K, used 10089K [0x00000000faa80000, 0x0000000100000000, 0x0000000100000000)
  eden space 29184K, 0% used [0x00000000faa80000,0x00000000faa80000,0x00000000fc700000)
  from space 29184K, 34% used [0x00000000fe380000,0x00000000fed5a670,0x0000000100000000)
  to   space 29184K, 0% used [0x00000000fc700000,0x00000000fc700000,0x00000000fe380000)
 ParOldGen       total 124928K, used 86649K [0x00000000f0000000, 0x00000000f7a00000, 0x00000000faa80000)
  object space 124928K, 69% used [0x00000000f0000000,0x00000000f549e6e8,0x00000000f7a00000)
 PSPermGen       total 21504K, used 13295K [0x00000000e5a00000, 0x00000000e6f00000, 0x00000000f0000000)
  object space 21504K, 61% used [0x00000000e5a00000,0x00000000e66fbf78,0x00000000e6f00000)
}
Event: 6.461 GC heap before
{Heap before GC invocations=13 (full 0):
 PSYoungGen      total 58368K, used 39273K [0x00000000faa80000, 0x0000000100000000, 0x0000000100000000)
  eden space 29184K, 100% used [0x00000000faa80000,0x00000000fc700000,0x00000000fc700000)
  from space 29184K, 34% used [0x00000000fe380000,0x00000000fed5a670,0x0000000100000000)
  to   space 29184K, 0% used [0x00000000fc700000,0x00000000fc700000,0x00000000fe380000)
 ParOldGen       total 124928K, used 86649K [0x00000000f0000000, 0x00000000f7a00000, 0x00000000faa80000)
  object space 124928K, 69% used [0x00000000f0000000,0x00000000f549e6e8,0x00000000f7a00000)
 PSPermGen       total 21504K, used 13334K [0x00000000e5a00000, 0x00000000e6f00000, 0x00000000f0000000)
  object space 21504K, 62% used [0x00000000e5a00000,0x00000000e6705b88,0x00000000e6f00000)
Event: 6.470 GC heap after
Heap after GC invocations=13 (full 0):
 PSYoungGen      total 58368K, used 5448K [0x00000000faa80000, 0x0000000100000000, 0x0000000100000000)
  eden space 29184K, 0% used [0x00000000faa80000,0x00000000faa80000,0x00000000fc700000)
  from space 29184K, 18% used [0x00000000fc700000,0x00000000fcc522b8,0x00000000fe380000)
  to   space 29184K, 0% used [0x00000000fe380000,0x00000000fe380000,0x0000000100000000)
 ParOldGen       total 124928K, used 97632K [0x00000000f0000000, 0x00000000f7a00000, 0x00000000faa80000)
  object space 124928K, 78% used [0x00000000f0000000,0x00000000f5f58248,0x00000000f7a00000)
 PSPermGen       total 21504K, used 13334K [0x00000000e5a00000, 0x00000000e6f00000, 0x00000000f0000000)
  object space 21504K, 62% used [0x00000000e5a00000,0x00000000e6705b88,0x00000000e6f00000)
}
Event: 6.808 GC heap before
{Heap before GC invocations=14 (full 0):
 PSYoungGen      total 58368K, used 34632K [0x00000000faa80000, 0x0000000100000000, 0x0000000100000000)
  eden space 29184K, 100% used [0x00000000faa80000,0x00000000fc700000,0x00000000fc700000)
  from space 29184K, 18% used [0x00000000fc700000,0x00000000fcc522b8,0x00000000fe380000)
  to   space 29184K, 0% used [0x00000000fe380000,0x00000000fe380000,0x0000000100000000)
 ParOldGen       total 124928K, used 97632K [0x00000000f0000000, 0x00000000f7a00000, 0x00000000faa80000)
  object space 124928K, 78% used [0x00000000f0000000,0x00000000f5f58248,0x00000000f7a00000)
 PSPermGen       total 21504K, used 13389K [0x00000000e5a00000, 0x00000000e6f00000, 0x00000000f0000000)
  object space 21504K, 62% used [0x00000000e5a00000,0x00000000e67135a8,0x00000000e6f00000)
Event: 6.820 GC heap after
Heap after GC invocations=14 (full 0):
 PSYoungGen      total 56320K, used 11066K [0x00000000faa80000, 0x00000000ffe00000, 0x0000000100000000)
  eden space 29184K, 0% used [0x00000000faa80000,0x00000000faa80000,0x00000000fc700000)
  from space 27136K, 40% used [0x00000000fe380000,0x00000000fee4eb18,0x00000000ffe00000)
  to   space 28160K, 0% used [0x00000000fc700000,0x00000000fc700000,0x00000000fe280000)
 ParOldGen       total 124928K, used 103480K [0x00000000f0000000, 0x00000000f7a00000, 0x00000000faa80000)
  object space 124928K, 82% used [0x00000000f0000000,0x00000000f650e038,0x00000000f7a00000)
 PSPermGen       total 21504K, used 13389K [0x00000000e5a00000, 0x00000000e6f00000, 0x00000000f0000000)
  object space 21504K, 62% used [0x00000000e5a00000,0x00000000e67135a8,0x00000000e6f00000)
}
Event: 7.092 GC heap before
{Heap before GC invocations=15 (full 0):
 PSYoungGen      total 56320K, used 40250K [0x00000000faa80000, 0x00000000ffe00000, 0x0000000100000000)
  eden space 29184K, 100% used [0x00000000faa80000,0x00000000fc700000,0x00000000fc700000)
  from space 27136K, 40% used [0x00000000fe380000,0x00000000fee4eb18,0x00000000ffe00000)
  to   space 28160K, 0% used [0x00000000fc700000,0x00000000fc700000,0x00000000fe280000)
 ParOldGen       total 124928K, used 103480K [0x00000000f0000000, 0x00000000f7a00000, 0x00000000faa80000)
  object space 124928K, 82% used [0x00000000f0000000,0x00000000f650e038,0x00000000f7a00000)
 PSPermGen       total 21504K, used 13432K [0x00000000e5a00000, 0x00000000e6f00000, 0x00000000f0000000)
  object space 21504K, 62% used [0x00000000e5a00000,0x00000000e671e1a0,0x00000000e6f00000)
Event: 7.110 GC heap after
Heap after GC invocations=15 (full 0):
 PSYoungGen      total 57344K, used 9190K [0x00000000faa80000, 0x0000000100000000, 0x0000000100000000)
  eden space 29184K, 0% used [0x00000000faa80000,0x00000000faa80000,0x00000000fc700000)
  from space 28160K, 32% used [0x00000000fc700000,0x00000000fcff98e0,0x00000000fe280000)
  to   space 27648K, 0% used [0x00000000fe500000,0x00000000fe500000,0x0000000100000000)
 ParOldGen       total 124928K, used 115493K [0x00000000f0000000, 0x00000000f7a00000, 0x00000000faa80000)
  object space 124928K, 92% used [0x00000000f0000000,0x00000000f70c9480,0x00000000f7a00000)
 PSPermGen       total 21504K, used 13432K [0x00000000e5a00000, 0x00000000e6f00000, 0x00000000f0000000)
  object space 21504K, 62% used [0x00000000e5a00000,0x00000000e671e1a0,0x00000000e6f00000)
}
Event: 7.110 GC heap before
{Heap before GC invocations=16 (full 1):
 PSYoungGen      total 57344K, used 9190K [0x00000000faa80000, 0x0000000100000000, 0x0000000100000000)
  eden space 29184K, 0% used [0x00000000faa80000,0x00000000faa80000,0x00000000fc700000)
  from space 28160K, 32% used [0x00000000fc700000,0x00000000fcff98e0,0x00000000fe280000)
  to   space 27648K, 0% used [0x00000000fe500000,0x00000000fe500000,0x0000000100000000)
 ParOldGen       total 124928K, used 115493K [0x00000000f0000000, 0x00000000f7a00000, 0x00000000faa80000)
  object space 124928K, 92% used [0x00000000f0000000,0x00000000f70c9480,0x00000000f7a00000)
 PSPermGen       total 21504K, used 13432K [0x00000000e5a00000, 0x00000000e6f00000, 0x00000000f0000000)
  object space 21504K, 62% used [0x00000000e5a00000,0x00000000e671e1a0,0x00000000e6f00000)

Deoptimization events (10 events):
Event: 6.501 Thread 0x00007fbc7400a000 Uncommon trap: reason=class_check action=maybe_recompile pc=0x00007fbc712bd404 method=org.eclipse.jdt.internal.compiler.lookup.Scope.getBinding([CILorg/eclipse/jdt/internal/compiler/lookup/InvocationSite;Z)Lorg/eclipse/jdt/internal/compiler/lookup/Binding
Event: 6.557 Thread 0x00007fbc7400a000 Uncommon trap: reason=null_check action=make_not_entrant pc=0x00007fbc7111dca8 method=org.eclipse.jdt.internal.compiler.lookup.WildcardBinding.<init>(Lorg/eclipse/jdt/internal/compiler/lookup/ReferenceBinding;ILorg/eclipse/jdt/internal/compiler/lookup/Typ
Event: 6.632 Thread 0x00007fbc7400a000 Uncommon trap: reason=class_check action=maybe_recompile pc=0x00007fbc712591dc method=org.eclipse.jdt.internal.compiler.ast.ASTNode.checkInvocationArgument(Lorg/eclipse/jdt/internal/compiler/lookup/BlockScope;Lorg/eclipse/jdt/internal/compiler/ast/Express
Event: 6.673 Thread 0x00007fbc7400a000 Uncommon trap: reason=unreached action=reinterpret pc=0x00007fbc71231d14 method=org.eclipse.jdt.internal.compiler.lookup.CompilationUnitScope.faultInImports()V @ 532
Event: 6.675 Thread 0x00007fbc7400a000 Uncommon trap: reason=bimorphic action=maybe_recompile pc=0x00007fbc712825ec method=org.eclipse.jdt.internal.compiler.lookup.ReferenceBinding.canBeSeenBy(Lorg/eclipse/jdt/internal/compiler/lookup/Scope;)Z @ 152
Event: 6.721 Thread 0x00007fbc7400a000 Uncommon trap: reason=unreached action=reinterpret pc=0x00007fbc711d2b00 method=org.eclipse.jdt.internal.compiler.lookup.MethodScope.recordInitializationStates(Lorg/eclipse/jdt/internal/compiler/flow/FlowInfo;)I @ 77
Event: 6.722 Thread 0x00007fbc7400a000 Uncommon trap: reason=unreached action=reinterpret pc=0x00007fbc712d2680 method=org.eclipse.jdt.internal.compiler.flow.UnconditionalFlowInfo.mergedWith(Lorg/eclipse/jdt/internal/compiler/flow/UnconditionalFlowInfo;)Lorg/eclipse/jdt/internal/compiler/flow/
Event: 6.940 Thread 0x00007fbc7400a000 Uncommon trap: reason=class_check action=maybe_recompile pc=0x00007fbc712bd404 method=org.eclipse.jdt.internal.compiler.lookup.Scope.getBinding([CILorg/eclipse/jdt/internal/compiler/lookup/InvocationSite;Z)Lorg/eclipse/jdt/internal/compiler/lookup/Binding
Event: 7.067 Thread 0x00007fbc7400a000 Uncommon trap: reason=unreached action=reinterpret pc=0x00007fbc71276524 method=org.eclipse.jdt.internal.compiler.lookup.CompilationUnitScope.findImport([[CI)Lorg/eclipse/jdt/internal/compiler/lookup/Binding; @ 20
Event: 7.071 Thread 0x00007fbc7400a000 Uncommon trap: reason=unreached action=reinterpret pc=0x00007fbc71260030 method=org.eclipse.jdt.internal.compiler.ast.MessageSend.resolveType(Lorg/eclipse/jdt/internal/compiler/lookup/BlockScope;)Lorg/eclipse/jdt/internal/compiler/lookup/TypeBinding; @ 61

Internal exceptions (10 events):
Event: 4.307 Thread 0x00007fbc7400a000 Threw 0x00000000fbc06840 at /build/buildd/openjdk-7-7u71-2.5.3/build/openjdk/hotspot/src/share/vm/prims/jvm.cpp:1284
Event: 4.400 Thread 0x00007fbc7400a000 Implicit null exception at 0x00007fbc711d1b0f to 0x00007fbc711d2551
Event: 5.478 Thread 0x00007fbc7400a000 Implicit null exception at 0x00007fbc71206db6 to 0x00007fbc7120741d
Event: 5.638 Thread 0x00007fbc7400a000 Threw 0x00000000fb7cdd90 at /build/buildd/openjdk-7-7u71-2.5.3/build/openjdk/hotspot/src/share/vm/prims/jvm.cpp:1284
Event: 5.707 Thread 0x00007fbc7400a000 Implicit null exception at 0x00007fbc711857a4 to 0x00007fbc7118657d
Event: 6.130 Thread 0x00007fbc7400a000 Threw 0x00000000fba4a410 at /build/buildd/openjdk-7-7u71-2.5.3/build/openjdk/hotspot/src/share/vm/prims/jvm.cpp:1284
Event: 6.557 Thread 0x00007fbc7400a000 Implicit null exception at 0x00007fbc7111d76a to 0x00007fbc7111dc91
Event: 6.721 Thread 0x00007fbc7400a000 Implicit null exception at 0x00007fbc711d2482 to 0x00007fbc711d2ad9
Event: 7.069 Thread 0x00007fbc7400a000 Threw 0x00000000fc508b38 at /build/buildd/openjdk-7-7u71-2.5.3/build/openjdk/hotspot/src/share/vm/prims/jvm.cpp:1284
Event: 7.073 Thread 0x00007fbc7400a000 Threw 0x00000000fc526108 at /build/buildd/openjdk-7-7u71-2.5.3/build/openjdk/hotspot/src/share/vm/prims/jvm.cpp:1284

Events (10 events):
Event: 7.069 loading class 0x00007fbc743229b0
Event: 7.069 loading class 0x00007fbc743229b0 done
Event: 7.070 Executing VM operation: Deoptimize
Event: 7.070 Executing VM operation: Deoptimize done
Event: 7.071 Thread 0x00007fbc7400a000 Uncommon trap: trap_request=0xffffffad fr.pc=0x00007fbc71260030
Event: 7.071 Thread 0x00007fbc7400a000 DEOPT PACKING pc=0x00007fbc71260030 sp=0x00007fbc7e193d90
Event: 7.071 Thread 0x00007fbc7400a000 DEOPT UNPACKING pc=0x00007fbc71039445 sp=0x00007fbc7e193d60 mode 2
Event: 7.072 loading class 0x00007fbc742cd9e0
Event: 7.072 loading class 0x00007fbc742cd9e0 done
Event: 7.092 Executing VM operation: ParallelGCFailedAllocation


Dynamic libraries:
00400000-00401000 r-xp 00000000 08:01 16386825                           /usr/lib/jvm/java-7-openjdk-amd64/jre/bin/java
00600000-00601000 r--p 00000000 08:01 16386825                           /usr/lib/jvm/java-7-openjdk-amd64/jre/bin/java
00601000-00602000 rw-p 00001000 08:01 16386825                           /usr/lib/jvm/java-7-openjdk-amd64/jre/bin/java
00e6d000-00e8e000 rw-p 00000000 00:00 0                                  [heap]
e5a00000-e6f00000 rw-p 00000000 00:00 0 
e6f00000-f0000000 rw-p 00000000 00:00 0 
f0000000-f7a00000 rw-p 00000000 00:00 0 
f7a00000-faa80000 rw-p 00000000 00:00 0 
faa80000-100000000 rw-p 00000000 00:00 0 
7fbc2c000000-7fbc2c021000 rw-p 00000000 00:00 0 
7fbc2c021000-7fbc30000000 ---p 00000000 00:00 0 
7fbc34000000-7fbc34021000 rw-p 00000000 00:00 0 
7fbc34021000-7fbc38000000 ---p 00000000 00:00 0 
7fbc38000000-7fbc38081000 rw-p 00000000 00:00 0 
7fbc38081000-7fbc3c000000 ---p 00000000 00:00 0 
7fbc3c000000-7fbc3d802000 rw-p 00000000 00:00 0 
7fbc3d802000-7fbc40000000 ---p 00000000 00:00 0 
7fbc40000000-7fbc40021000 rw-p 00000000 00:00 0 
7fbc40021000-7fbc44000000 ---p 00000000 00:00 0 
7fbc44000000-7fbc44021000 rw-p 00000000 00:00 0 
7fbc44021000-7fbc48000000 ---p 00000000 00:00 0 
7fbc48000000-7fbc49a01000 rw-p 00000000 00:00 0 
7fbc49a01000-7fbc4c000000 ---p 00000000 00:00 0 
7fbc4c000000-7fbc4c021000 rw-p 00000000 00:00 0 
7fbc4c021000-7fbc50000000 ---p 00000000 00:00 0 
7fbc50000000-7fbc50021000 rw-p 00000000 00:00 0 
7fbc50021000-7fbc54000000 ---p 00000000 00:00 0 
7fbc54000000-7fbc54021000 rw-p 00000000 00:00 0 
7fbc54021000-7fbc58000000 ---p 00000000 00:00 0 
7fbc58000000-7fbc58021000 rw-p 00000000 00:00 0 
7fbc58021000-7fbc5c000000 ---p 00000000 00:00 0 
7fbc5c000000-7fbc5c021000 rw-p 00000000 00:00 0 
7fbc5c021000-7fbc60000000 ---p 00000000 00:00 0 
7fbc64000000-7fbc64021000 rw-p 00000000 00:00 0 
7fbc64021000-7fbc68000000 ---p 00000000 00:00 0 
7fbc6a691000-7fbc6a6a1000 r-xp 00000000 08:01 16386643                   /usr/lib/jvm/java-7-openjdk-amd64/jre/lib/amd64/libnio.so
7fbc6a6a1000-7fbc6a8a1000 ---p 00010000 08:01 16386643                   /usr/lib/jvm/java-7-openjdk-amd64/jre/lib/amd64/libnio.so
7fbc6a8a1000-7fbc6a8a2000 r--p 00010000 08:01 16386643                   /usr/lib/jvm/java-7-openjdk-amd64/jre/lib/amd64/libnio.so
7fbc6a8a2000-7fbc6a8a3000 rw-p 00011000 08:01 16386643                   /usr/lib/jvm/java-7-openjdk-amd64/jre/lib/amd64/libnio.so
7fbc6a8a3000-7fbc6a8a8000 r-xp 00000000 08:01 4198955                    /lib/x86_64-linux-gnu/libnss_dns-2.19.so
7fbc6a8a8000-7fbc6aaa7000 ---p 00005000 08:01 4198955                    /lib/x86_64-linux-gnu/libnss_dns-2.19.so
7fbc6aaa7000-7fbc6aaa8000 r--p 00004000 08:01 4198955                    /lib/x86_64-linux-gnu/libnss_dns-2.19.so
7fbc6aaa8000-7fbc6aaa9000 rw-p 00005000 08:01 4198955                    /lib/x86_64-linux-gnu/libnss_dns-2.19.so
7fbc6aaa9000-7fbc6aaab000 r-xp 00000000 08:01 4198324                    /lib/x86_64-linux-gnu/libnss_mdns4_minimal.so.2
7fbc6aaab000-7fbc6acaa000 ---p 00002000 08:01 4198324                    /lib/x86_64-linux-gnu/libnss_mdns4_minimal.so.2
7fbc6acaa000-7fbc6acab000 r--p 00001000 08:01 4198324                    /lib/x86_64-linux-gnu/libnss_mdns4_minimal.so.2
7fbc6acab000-7fbc6acac000 rw-p 00002000 08:01 4198324                    /lib/x86_64-linux-gnu/libnss_mdns4_minimal.so.2
7fbc6acac000-7fbc6ace9000 r-xp 00000000 08:01 4198346                    /lib/x86_64-linux-gnu/libpcre.so.3.13.1
7fbc6ace9000-7fbc6aee8000 ---p 0003d000 08:01 4198346                    /lib/x86_64-linux-gnu/libpcre.so.3.13.1
7fbc6aee8000-7fbc6aee9000 r--p 0003c000 08:01 4198346                    /lib/x86_64-linux-gnu/libpcre.so.3.13.1
7fbc6aee9000-7fbc6aeea000 rw-p 0003d000 08:01 4198346                    /lib/x86_64-linux-gnu/libpcre.so.3.13.1
7fbc6aeea000-7fbc6aef1000 r-xp 00000000 08:01 15736616                   /usr/lib/x86_64-linux-gnu/libffi.so.6.0.1
7fbc6aef1000-7fbc6b0f0000 ---p 00007000 08:01 15736616                   /usr/lib/x86_64-linux-gnu/libffi.so.6.0.1
7fbc6b0f0000-7fbc6b0f1000 r--p 00006000 08:01 15736616                   /usr/lib/x86_64-linux-gnu/libffi.so.6.0.1
7fbc6b0f1000-7fbc6b0f2000 rw-p 00007000 08:01 15736616                   /usr/lib/x86_64-linux-gnu/libffi.so.6.0.1
7fbc6b0f2000-7fbc6b109000 r-xp 00000000 08:01 4198950                    /lib/x86_64-linux-gnu/libresolv-2.19.so
7fbc6b109000-7fbc6b309000 ---p 00017000 08:01 4198950                    /lib/x86_64-linux-gnu/libresolv-2.19.so
7fbc6b309000-7fbc6b30a000 r--p 00017000 08:01 4198950                    /lib/x86_64-linux-gnu/libresolv-2.19.so
7fbc6b30a000-7fbc6b30b000 rw-p 00018000 08:01 4198950                    /lib/x86_64-linux-gnu/libresolv-2.19.so
7fbc6b30b000-7fbc6b30d000 rw-p 00000000 00:00 0 
7fbc6b30d000-7fbc6b32d000 r-xp 00000000 08:01 4198941                    /lib/x86_64-linux-gnu/libselinux.so.1
7fbc6b32d000-7fbc6b52c000 ---p 00020000 08:01 4198941                    /lib/x86_64-linux-gnu/libselinux.so.1
7fbc6b52c000-7fbc6b52d000 r--p 0001f000 08:01 4198941                    /lib/x86_64-linux-gnu/libselinux.so.1
7fbc6b52d000-7fbc6b52e000 rw-p 00020000 08:01 4198941                    /lib/x86_64-linux-gnu/libselinux.so.1
7fbc6b52e000-7fbc6b530000 rw-p 00000000 00:00 0 
7fbc6b530000-7fbc6b533000 r-xp 00000000 08:01 15729004                   /usr/lib/x86_64-linux-gnu/libgmodule-2.0.so.0.4002.0
7fbc6b533000-7fbc6b732000 ---p 00003000 08:01 15729004                   /usr/lib/x86_64-linux-gnu/libgmodule-2.0.so.0.4002.0
7fbc6b732000-7fbc6b733000 r--p 00002000 08:01 15729004                   /usr/lib/x86_64-linux-gnu/libgmodule-2.0.so.0.4002.0
7fbc6b733000-7fbc6b734000 rw-p 00003000 08:01 15729004                   /usr/lib/x86_64-linux-gnu/libgmodule-2.0.so.0.4002.0
7fbc6b734000-7fbc6b83a000 r-xp 00000000 08:01 4218194                    /lib/x86_64-linux-gnu/libglib-2.0.so.0.4002.0
7fbc6b83a000-7fbc6ba39000 ---p 00106000 08:01 4218194                    /lib/x86_64-linux-gnu/libglib-2.0.so.0.4002.0
7fbc6ba39000-7fbc6ba3a000 r--p 00105000 08:01 4218194                    /lib/x86_64-linux-gnu/libglib-2.0.so.0.4002.0
7fbc6ba3a000-7fbc6ba3b000 rw-p 00106000 08:01 4218194                    /lib/x86_64-linux-gnu/libglib-2.0.so.0.4002.0
7fbc6ba3b000-7fbc6ba3c000 rw-p 00000000 00:00 0 
7fbc6ba3c000-7fbc6ba8b000 r-xp 00000000 08:01 15729022                   /usr/lib/x86_64-linux-gnu/libgobject-2.0.so.0.4002.0
7fbc6ba8b000-7fbc6bc8b000 ---p 0004f000 08:01 15729022                   /usr/lib/x86_64-linux-gnu/libgobject-2.0.so.0.4002.0
7fbc6bc8b000-7fbc6bc8c000 r--p 0004f000 08:01 15729022                   /usr/lib/x86_64-linux-gnu/libgobject-2.0.so.0.4002.0
7fbc6bc8c000-7fbc6bc8d000 rw-p 00050000 08:01 15729022                   /usr/lib/x86_64-linux-gnu/libgobject-2.0.so.0.4002.0
7fbc6bc8d000-7fbc6bdf9000 r-xp 00000000 08:01 15729026                   /usr/lib/x86_64-linux-gnu/libgio-2.0.so.0.4002.0
7fbc6bdf9000-7fbc6bff8000 ---p 0016c000 08:01 15729026                   /usr/lib/x86_64-linux-gnu/libgio-2.0.so.0.4002.0
7fbc6bff8000-7fbc6bffc000 r--p 0016b000 08:01 15729026                   /usr/lib/x86_64-linux-gnu/libgio-2.0.so.0.4002.0
7fbc6bffc000-7fbc6bffe000 rw-p 0016f000 08:01 15729026                   /usr/lib/x86_64-linux-gnu/libgio-2.0.so.0.4002.0
7fbc6bffe000-7fbc6c000000 rw-p 00000000 00:00 0 
7fbc6c000000-7fbc6c247000 rw-p 00000000 00:00 0 
7fbc6c247000-7fbc70000000 ---p 00000000 00:00 0 
7fbc701b8000-7fbc701e9000 rw-p 00000000 00:00 0 
7fbc70203000-7fbc7021a000 r-xp 00000000 08:01 16386628                   /usr/lib/jvm/java-7-openjdk-amd64/jre/lib/amd64/libnet.so
7fbc7021a000-7fbc70419000 ---p 00017000 08:01 16386628                   /usr/lib/jvm/java-7-openjdk-amd64/jre/lib/amd64/libnet.so
7fbc70419000-7fbc7041a000 r--p 00016000 08:01 16386628                   /usr/lib/jvm/java-7-openjdk-amd64/jre/lib/amd64/libnet.so
7fbc7041a000-7fbc7041b000 rw-p 00017000 08:01 16386628                   /usr/lib/jvm/java-7-openjdk-amd64/jre/lib/amd64/libnet.so
7fbc7041b000-7fbc7041e000 ---p 00000000 00:00 0 
7fbc7041e000-7fbc7051c000 rw-p 00000000 00:00 0                          [stack:8788]
7fbc7051c000-7fbc7051f000 ---p 00000000 00:00 0 
7fbc7051f000-7fbc7061d000 rw-p 00000000 00:00 0 
7fbc7061d000-7fbc7071c000 r--s 0110b000 08:01 15468705                   /home/vasanth/gwt-2.0.3/gwt-dev.jar
7fbc7071c000-7fbc7071d000 ---p 00000000 00:00 0 
7fbc7071d000-7fbc7081d000 rw-p 00000000 00:00 0                          [stack:8786]
7fbc7081d000-7fbc70820000 ---p 00000000 00:00 0 
7fbc70820000-7fbc7091e000 rw-p 00000000 00:00 0                          [stack:8785]
7fbc7091e000-7fbc71000000 r--p 00000000 08:01 15735379                   /usr/lib/locale/locale-archive
7fbc71000000-7fbc71350000 rwxp 00000000 00:00 0 
7fbc71350000-7fbc746a5000 rw-p 00000000 00:00 0 
7fbc746a5000-7fbc78000000 ---p 00000000 00:00 0 
7fbc78009000-7fbc78012000 r--s 000b9000 08:01 16385906                   /usr/lib/jvm/java-7-openjdk-amd64/jre/lib/resources.jar
7fbc78012000-7fbc7803c000 rw-p 00000000 00:00 0 
7fbc7803c000-7fbc780a9000 r--s 0048c000 08:01 15468706                   /home/vasanth/gwt-2.0.3/gwt-user.jar
7fbc780a9000-7fbc780ac000 ---p 00000000 00:00 0 
7fbc780ac000-7fbc781aa000 rw-p 00000000 00:00 0                          [stack:8784]
7fbc781aa000-7fbc781ad000 ---p 00000000 00:00 0 
7fbc781ad000-7fbc782ab000 rw-p 00000000 00:00 0                          [stack:8783]
7fbc782ab000-7fbc782ae000 ---p 00000000 00:00 0 
7fbc782ae000-7fbc783ac000 rw-p 00000000 00:00 0                          [stack:8782]
7fbc783ac000-7fbc783af000 ---p 00000000 00:00 0 
7fbc783af000-7fbc784ad000 rw-p 00000000 00:00 0                          [stack:8781]
7fbc784ad000-7fbc784b0000 ---p 00000000 00:00 0 
7fbc784b0000-7fbc785ae000 rw-p 00000000 00:00 0                          [stack:8780]
7fbc785ae000-7fbc785af000 ---p 00000000 00:00 0 
7fbc785af000-7fbc796ac000 rw-p 00000000 00:00 0                          [stack:8779]
7fbc796ac000-7fbc7985d000 r--s 01d25000 08:01 16386694                   /usr/lib/jvm/java-7-openjdk-amd64/jre/lib/rt.jar
7fbc7985d000-7fbc7a759000 rw-p 00000000 00:00 0 
7fbc7a759000-7fbc7a75a000 ---p 00000000 00:00 0 
7fbc7a75a000-7fbc7a85a000 rw-p 00000000 00:00 0                          [stack:8778]
7fbc7a85a000-7fbc7a85b000 ---p 00000000 00:00 0 
7fbc7a85b000-7fbc7a95b000 rw-p 00000000 00:00 0                          [stack:8777]
7fbc7a95b000-7fbc7a95c000 ---p 00000000 00:00 0 
7fbc7a95c000-7fbc7aa5c000 rw-p 00000000 00:00 0                          [stack:8776]
7fbc7aa5c000-7fbc7aa5d000 ---p 00000000 00:00 0 
7fbc7aa5d000-7fbc7ab68000 rw-p 00000000 00:00 0                          [stack:8775]
7fbc7ab68000-7fbc7abb0000 rw-p 00000000 00:00 0 
7fbc7abb0000-7fbc7abed000 rw-p 00000000 00:00 0 
7fbc7abed000-7fbc7ac06000 rw-p 00000000 00:00 0 
7fbc7ac06000-7fbc7ac11000 rw-p 00000000 00:00 0 
7fbc7ac11000-7fbc7ac59000 rw-p 00000000 00:00 0 
7fbc7ac59000-7fbc7ac96000 rw-p 00000000 00:00 0 
7fbc7ac96000-7fbc7acae000 rw-p 00000000 00:00 0 
7fbc7acae000-7fbc7acd9000 rw-p 00000000 00:00 0 
7fbc7acd9000-7fbc7acda000 rw-p 00000000 00:00 0 
7fbc7acda000-7fbc7ace2000 r-xp 00000000 08:01 16386622                   /usr/lib/jvm/java-7-openjdk-amd64/jre/lib/amd64/libzip.so
7fbc7ace2000-7fbc7aee1000 ---p 00008000 08:01 16386622                   /usr/lib/jvm/java-7-openjdk-amd64/jre/lib/amd64/libzip.so
7fbc7aee1000-7fbc7aee2000 r--p 00007000 08:01 16386622                   /usr/lib/jvm/java-7-openjdk-amd64/jre/lib/amd64/libzip.so
7fbc7aee2000-7fbc7aee3000 rw-p 00008000 08:01 16386622                   /usr/lib/jvm/java-7-openjdk-amd64/jre/lib/amd64/libzip.so
7fbc7aee3000-7fbc7aeee000 r-xp 00000000 08:01 4201852                    /lib/x86_64-linux-gnu/libnss_files-2.19.so
7fbc7aeee000-7fbc7b0ed000 ---p 0000b000 08:01 4201852                    /lib/x86_64-linux-gnu/libnss_files-2.19.so
7fbc7b0ed000-7fbc7b0ee000 r--p 0000a000 08:01 4201852                    /lib/x86_64-linux-gnu/libnss_files-2.19.so
7fbc7b0ee000-7fbc7b0ef000 rw-p 0000b000 08:01 4201852                    /lib/x86_64-linux-gnu/libnss_files-2.19.so
7fbc7b0ef000-7fbc7b0fa000 r-xp 00000000 08:01 4201853                    /lib/x86_64-linux-gnu/libnss_nis-2.19.so
7fbc7b0fa000-7fbc7b2f9000 ---p 0000b000 08:01 4201853                    /lib/x86_64-linux-gnu/libnss_nis-2.19.so
7fbc7b2f9000-7fbc7b2fa000 r--p 0000a000 08:01 4201853                    /lib/x86_64-linux-gnu/libnss_nis-2.19.so
7fbc7b2fa000-7fbc7b2fb000 rw-p 0000b000 08:01 4201853                    /lib/x86_64-linux-gnu/libnss_nis-2.19.so
7fbc7b2fb000-7fbc7b312000 r-xp 00000000 08:01 4198951                    /lib/x86_64-linux-gnu/libnsl-2.19.so
7fbc7b312000-7fbc7b511000 ---p 00017000 08:01 4198951                    /lib/x86_64-linux-gnu/libnsl-2.19.so
7fbc7b511000-7fbc7b512000 r--p 00016000 08:01 4198951                    /lib/x86_64-linux-gnu/libnsl-2.19.so
7fbc7b512000-7fbc7b513000 rw-p 00017000 08:01 4198951                    /lib/x86_64-linux-gnu/libnsl-2.19.so
7fbc7b513000-7fbc7b515000 rw-p 00000000 00:00 0 
7fbc7b515000-7fbc7b51e000 r-xp 00000000 08:01 4195267                    /lib/x86_64-linux-gnu/libnss_compat-2.19.so
7fbc7b51e000-7fbc7b71d000 ---p 00009000 08:01 4195267                    /lib/x86_64-linux-gnu/libnss_compat-2.19.so
7fbc7b71d000-7fbc7b71e000 r--p 00008000 08:01 4195267                    /lib/x86_64-linux-gnu/libnss_compat-2.19.so
7fbc7b71e000-7fbc7b71f000 rw-p 00009000 08:01 4195267                    /lib/x86_64-linux-gnu/libnss_compat-2.19.so
7fbc7b71f000-7fbc7b74a000 r-xp 00000000 08:01 16386627                   /usr/lib/jvm/java-7-openjdk-amd64/jre/lib/amd64/libjava.so
7fbc7b74a000-7fbc7b949000 ---p 0002b000 08:01 16386627                   /usr/lib/jvm/java-7-openjdk-amd64/jre/lib/amd64/libjava.so
7fbc7b949000-7fbc7b94a000 r--p 0002a000 08:01 16386627                   /usr/lib/jvm/java-7-openjdk-amd64/jre/lib/amd64/libjava.so
7fbc7b94a000-7fbc7b94c000 rw-p 0002b000 08:01 16386627                   /usr/lib/jvm/java-7-openjdk-amd64/jre/lib/amd64/libjava.so
7fbc7b94c000-7fbc7b95c000 r-xp 00000000 08:01 16386642                   /usr/lib/jvm/java-7-openjdk-amd64/jre/lib/amd64/libverify.so
7fbc7b95c000-7fbc7bb5b000 ---p 00010000 08:01 16386642                   /usr/lib/jvm/java-7-openjdk-amd64/jre/lib/amd64/libverify.so
7fbc7bb5b000-7fbc7bb5d000 r--p 0000f000 08:01 16386642                   /usr/lib/jvm/java-7-openjdk-amd64/jre/lib/amd64/libverify.so
7fbc7bb5d000-7fbc7bb5e000 rw-p 00011000 08:01 16386642                   /usr/lib/jvm/java-7-openjdk-amd64/jre/lib/amd64/libverify.so
7fbc7bb5e000-7fbc7bb65000 r-xp 00000000 08:01 4198953                    /lib/x86_64-linux-gnu/librt-2.19.so
7fbc7bb65000-7fbc7bd64000 ---p 00007000 08:01 4198953                    /lib/x86_64-linux-gnu/librt-2.19.so
7fbc7bd64000-7fbc7bd65000 r--p 00006000 08:01 4198953                    /lib/x86_64-linux-gnu/librt-2.19.so
7fbc7bd65000-7fbc7bd66000 rw-p 00007000 08:01 4198953                    /lib/x86_64-linux-gnu/librt-2.19.so
7fbc7bd66000-7fbc7bd7c000 r-xp 00000000 08:01 4194330                    /lib/x86_64-linux-gnu/libgcc_s.so.1
7fbc7bd7c000-7fbc7bf7b000 ---p 00016000 08:01 4194330                    /lib/x86_64-linux-gnu/libgcc_s.so.1
7fbc7bf7b000-7fbc7bf7c000 rw-p 00015000 08:01 4194330                    /lib/x86_64-linux-gnu/libgcc_s.so.1
7fbc7bf7c000-7fbc7c081000 r-xp 00000000 08:01 4201848                    /lib/x86_64-linux-gnu/libm-2.19.so
7fbc7c081000-7fbc7c280000 ---p 00105000 08:01 4201848                    /lib/x86_64-linux-gnu/libm-2.19.so
7fbc7c280000-7fbc7c281000 r--p 00104000 08:01 4201848                    /lib/x86_64-linux-gnu/libm-2.19.so
7fbc7c281000-7fbc7c282000 rw-p 00105000 08:01 4201848                    /lib/x86_64-linux-gnu/libm-2.19.so
7fbc7c282000-7fbc7c368000 r-xp 00000000 08:01 15737244                   /usr/lib/x86_64-linux-gnu/libstdc++.so.6.0.19
7fbc7c368000-7fbc7c567000 ---p 000e6000 08:01 15737244                   /usr/lib/x86_64-linux-gnu/libstdc++.so.6.0.19
7fbc7c567000-7fbc7c56f000 r--p 000e5000 08:01 15737244                   /usr/lib/x86_64-linux-gnu/libstdc++.so.6.0.19
7fbc7c56f000-7fbc7c571000 rw-p 000ed000 08:01 15737244                   /usr/lib/x86_64-linux-gnu/libstdc++.so.6.0.19
7fbc7c571000-7fbc7c586000 rw-p 00000000 00:00 0 
7fbc7c586000-7fbc7d09c000 r-xp 00000000 08:01 16516418                   /usr/lib/jvm/java-7-openjdk-amd64/jre/lib/amd64/server/libjvm.so
7fbc7d09c000-7fbc7d29b000 ---p 00b16000 08:01 16516418                   /usr/lib/jvm/java-7-openjdk-amd64/jre/lib/amd64/server/libjvm.so
7fbc7d29b000-7fbc7d335000 r--p 00b15000 08:01 16516418                   /usr/lib/jvm/java-7-openjdk-amd64/jre/lib/amd64/server/libjvm.so
7fbc7d335000-7fbc7d358000 rw-p 00baf000 08:01 16516418                   /usr/lib/jvm/java-7-openjdk-amd64/jre/lib/amd64/server/libjvm.so
7fbc7d358000-7fbc7d386000 rw-p 00000000 00:00 0 
7fbc7d386000-7fbc7d39e000 r-xp 00000000 08:01 4198406                    /lib/x86_64-linux-gnu/libz.so.1.2.8
7fbc7d39e000-7fbc7d59d000 ---p 00018000 08:01 4198406                    /lib/x86_64-linux-gnu/libz.so.1.2.8
7fbc7d59d000-7fbc7d59e000 r--p 00017000 08:01 4198406                    /lib/x86_64-linux-gnu/libz.so.1.2.8
7fbc7d59e000-7fbc7d59f000 rw-p 00018000 08:01 4198406                    /lib/x86_64-linux-gnu/libz.so.1.2.8
7fbc7d59f000-7fbc7d5b8000 r-xp 00000000 08:01 4201858                    /lib/x86_64-linux-gnu/libpthread-2.19.so
7fbc7d5b8000-7fbc7d7b7000 ---p 00019000 08:01 4201858                    /lib/x86_64-linux-gnu/libpthread-2.19.so
7fbc7d7b7000-7fbc7d7b8000 r--p 00018000 08:01 4201858                    /lib/x86_64-linux-gnu/libpthread-2.19.so
7fbc7d7b8000-7fbc7d7b9000 rw-p 00019000 08:01 4201858                    /lib/x86_64-linux-gnu/libpthread-2.19.so
7fbc7d7b9000-7fbc7d7bd000 rw-p 00000000 00:00 0 
7fbc7d7bd000-7fbc7d7c0000 r-xp 00000000 08:01 4201857                    /lib/x86_64-linux-gnu/libdl-2.19.so
7fbc7d7c0000-7fbc7d9bf000 ---p 00003000 08:01 4201857                    /lib/x86_64-linux-gnu/libdl-2.19.so
7fbc7d9bf000-7fbc7d9c0000 r--p 00002000 08:01 4201857                    /lib/x86_64-linux-gnu/libdl-2.19.so
7fbc7d9c0000-7fbc7d9c1000 rw-p 00003000 08:01 4201857                    /lib/x86_64-linux-gnu/libdl-2.19.so
7fbc7d9c1000-7fbc7db7c000 r-xp 00000000 08:01 4201845                    /lib/x86_64-linux-gnu/libc-2.19.so
7fbc7db7c000-7fbc7dd7c000 ---p 001bb000 08:01 4201845                    /lib/x86_64-linux-gnu/libc-2.19.so
7fbc7dd7c000-7fbc7dd80000 r--p 001bb000 08:01 4201845                    /lib/x86_64-linux-gnu/libc-2.19.so
7fbc7dd80000-7fbc7dd82000 rw-p 001bf000 08:01 4201845                    /lib/x86_64-linux-gnu/libc-2.19.so
7fbc7dd82000-7fbc7dd87000 rw-p 00000000 00:00 0 
7fbc7dd87000-7fbc7dd94000 r-xp 00000000 08:01 16516416                   /usr/lib/jvm/java-7-openjdk-amd64/jre/lib/amd64/jli/libjli.so
7fbc7dd94000-7fbc7df93000 ---p 0000d000 08:01 16516416                   /usr/lib/jvm/java-7-openjdk-amd64/jre/lib/amd64/jli/libjli.so
7fbc7df93000-7fbc7df94000 r--p 0000c000 08:01 16516416                   /usr/lib/jvm/java-7-openjdk-amd64/jre/lib/amd64/jli/libjli.so
7fbc7df94000-7fbc7df95000 rw-p 0000d000 08:01 16516416                   /usr/lib/jvm/java-7-openjdk-amd64/jre/lib/amd64/jli/libjli.so
7fbc7df95000-7fbc7dfb8000 r-xp 00000000 08:01 4201846                    /lib/x86_64-linux-gnu/ld-2.19.so
7fbc7dfbc000-7fbc7dfbd000 rw-p 00000000 00:00 0 
7fbc7dfbd000-7fbc7dfc1000 r--s 0001d000 08:01 16387672                   /home/vasanth/JavaEE_Workspace/FormDesigner/lib/gwt-dnd-3.0.1.jar
7fbc7dfc1000-7fbc7dfc6000 r--s 0004c000 08:01 16386672                   /usr/lib/jvm/java-7-openjdk-amd64/jre/lib/jsse.jar
7fbc7dfc6000-7fbc7dfc8000 r--s 00009000 08:01 17041240                   /home/vasanth/JavaEE_Workspace/SharedLib/lib/gwt-datepicker-r29.jar
7fbc7dfc8000-7fbc7dfca000 r--s 00006000 08:01 16127441                   /usr/share/java/java-atk-wrapper.jar
7fbc7dfca000-7fbc7dfce000 r--s 00034000 08:01 16386692                   /usr/lib/jvm/java-7-openjdk-amd64/jre/lib/ext/sunjce_provider.jar
7fbc7dfce000-7fbc7dfd1000 r--s 0000f000 08:01 16386686                   /usr/lib/jvm/java-7-openjdk-amd64/jre/lib/ext/icedtea-sound.jar
7fbc7dfd1000-7fbc7dfd5000 r--s 00085000 08:01 16386690                   /usr/lib/jvm/java-7-openjdk-amd64/jre/lib/ext/localedata.jar
7fbc7dfd5000-7fbc7dfe3000 rw-p 00000000 00:00 0 
7fbc7dfe3000-7fbc7e095000 rw-p 00000000 00:00 0 
7fbc7e095000-7fbc7e098000 ---p 00000000 00:00 0 
7fbc7e098000-7fbc7e19b000 rw-p 00000000 00:00 0                          [stack:8774]
7fbc7e19b000-7fbc7e19d000 r--s 00012000 08:01 16386688                   /usr/lib/jvm/java-7-openjdk-amd64/jre/lib/ext/zipfs.jar
7fbc7e19d000-7fbc7e1a1000 r--s 0003c000 08:01 16386689                   /usr/lib/jvm/java-7-openjdk-amd64/jre/lib/ext/sunpkcs11.jar
7fbc7e1a1000-7fbc7e1a2000 r--s 00002000 08:01 16386693                   /usr/lib/jvm/java-7-openjdk-amd64/jre/lib/ext/dnsns.jar
7fbc7e1a2000-7fbc7e1ab000 rw-p 00000000 00:00 0 
7fbc7e1ab000-7fbc7e1b3000 rw-s 00000000 08:01 21106336                   /tmp/hsperfdata_root/8770
7fbc7e1b3000-7fbc7e1b4000 rw-p 00000000 00:00 0 
7fbc7e1b4000-7fbc7e1b5000 ---p 00000000 00:00 0 
7fbc7e1b5000-7fbc7e1b7000 rw-p 00000000 00:00 0 
7fbc7e1b7000-7fbc7e1b8000 r--p 00022000 08:01 4201846                    /lib/x86_64-linux-gnu/ld-2.19.so
7fbc7e1b8000-7fbc7e1b9000 rw-p 00023000 08:01 4201846                    /lib/x86_64-linux-gnu/ld-2.19.so
7fbc7e1b9000-7fbc7e1ba000 rw-p 00000000 00:00 0 
7fff0e524000-7fff0e545000 rw-p 00000000 00:00 0                          [stack]
7fff0e5fe000-7fff0e600000 r-xp 00000000 00:00 0                          [vdso]
ffffffffff600000-ffffffffff601000 r-xp 00000000 00:00 0                  [vsyscall]

VM Arguments:
jvm_args: -Xmx256M -Dgwt.dummy.arg1= -Dgwt.dummy.arg2= 
java_command: com.google.gwt.dev.Compiler org.purc.purcforms.FormDesigner
Launcher Type: SUN_STANDARD

Environment Variables:
PATH=/usr/local/sbin:/usr/local/bin:/usr/sbin:/usr/bin:/sbin:/bin
USERNAME=root
SHELL=/bin/bash
DISPLAY=:0

Signal Handlers:
SIGSEGV: [libjvm.so+0x9495e0], sa_mask[0]=0x7ffbfeff, sa_flags=0x10000004
SIGBUS: [libjvm.so+0x9495e0], sa_mask[0]=0x7ffbfeff, sa_flags=0x10000004
SIGFPE: [libjvm.so+0x7c3410], sa_mask[0]=0x7ffbfeff, sa_flags=0x10000004
SIGPIPE: [libjvm.so+0x7c3410], sa_mask[0]=0x7ffbfeff, sa_flags=0x10000004
SIGXFSZ: [libjvm.so+0x7c3410], sa_mask[0]=0x7ffbfeff, sa_flags=0x10000004
SIGILL: [libjvm.so+0x7c3410], sa_mask[0]=0x7ffbfeff, sa_flags=0x10000004
SIGUSR1: SIG_DFL, sa_mask[0]=0x00000000, sa_flags=0x00000000
SIGUSR2: [libjvm.so+0x7c32b0], sa_mask[0]=0x00000004, sa_flags=0x10000004
SIGHUP: [libjvm.so+0x7c3490], sa_mask[0]=0x7ffbfeff, sa_flags=0x10000004
SIGINT: [libjvm.so+0x7c3490], sa_mask[0]=0x7ffbfeff, sa_flags=0x10000004
SIGTERM: [libjvm.so+0x7c3490], sa_mask[0]=0x7ffbfeff, sa_flags=0x10000004
SIGQUIT: [libjvm.so+0x7c3490], sa_mask[0]=0x7ffbfeff, sa_flags=0x10000004
SIGTRAP: SIG_DFL, sa_mask[0]=0x00000000, sa_flags=0x00000000


---------------  S Y S T E M  ---------------

OS:Ubuntu 14.04 (trusty)
uname:Linux 3.13.0-32-generic #57-Ubuntu SMP Tue Jul 15 03:51:08 UTC 2014 x86_64
libc:glibc 2.19 NPTL 2.19 
rlimit: STACK 8192k, CORE 0k, NPROC 93766, NOFILE 4096, AS infinity
load average:0.36 0.33 0.33

/proc/meminfo:
MemTotal:       12023660 kB
MemFree:         3931704 kB
Buffers:          407196 kB
Cached:          2884380 kB
SwapCached:            0 kB
Active:          5538952 kB
Inactive:        2024728 kB
Active(anon):    4275196 kB
Inactive(anon):   615600 kB
Active(file):    1263756 kB
Inactive(file):  1409128 kB
Unevictable:          32 kB
Mlocked:              32 kB
SwapTotal:       8100860 kB
SwapFree:        8100860 kB
Dirty:              4260 kB
Writeback:             0 kB
AnonPages:       4272832 kB
Mapped:           398300 kB
Shmem:            618276 kB
Slab:             363656 kB
SReclaimable:     323092 kB
SUnreclaim:        40564 kB
KernelStack:        6608 kB
PageTables:        47924 kB
NFS_Unstable:          0 kB
Bounce:                0 kB
WritebackTmp:          0 kB
CommitLimit:    14112688 kB
Committed_AS:    9729936 kB
VmallocTotal:   34359738367 kB
VmallocUsed:      374676 kB
VmallocChunk:   34359350360 kB
HardwareCorrupted:     0 kB
AnonHugePages:   2998272 kB
HugePages_Total:       0
HugePages_Free:        0
HugePages_Rsvd:        0
HugePages_Surp:        0
Hugepagesize:       2048 kB
DirectMap4k:       60516 kB
DirectMap2M:     2799616 kB
DirectMap1G:     9437184 kB


CPU:total 4 (2 cores per cpu, 2 threads per core) family 6 model 60 stepping 3, cmov, cx8, fxsr, mmx, sse, sse2, sse3, ssse3, sse4.1, sse4.2, popcnt, avx, avx2, aes, erms, ht, tsc, tscinvbit

/proc/cpuinfo:
processor	: 0
vendor_id	: GenuineIntel
cpu family	: 6
model		: 60
model name	: Intel(R) Core(TM) i5-4200M CPU @ 2.50GHz
stepping	: 3
microcode	: 0x17
cpu MHz		: 2300.000
cache size	: 3072 KB
physical id	: 0
siblings	: 4
core id		: 0
cpu cores	: 2
apicid		: 0
initial apicid	: 0
fpu		: yes
fpu_exception	: yes
cpuid level	: 13
wp		: yes
flags		: fpu vme de pse tsc msr pae mce cx8 apic sep mtrr pge mca cmov pat pse36 clflush dts acpi mmx fxsr sse sse2 ss ht tm pbe syscall nx pdpe1gb rdtscp lm constant_tsc arch_perfmon pebs bts rep_good nopl xtopology nonstop_tsc aperfmperf eagerfpu pni pclmulqdq dtes64 monitor ds_cpl vmx est tm2 ssse3 fma cx16 xtpr pdcm pcid sse4_1 sse4_2 movbe popcnt tsc_deadline_timer aes xsave avx f16c rdrand lahf_lm abm ida arat epb xsaveopt pln pts dtherm tpr_shadow vnmi flexpriority ept vpid fsgsbase tsc_adjust bmi1 avx2 smep bmi2 erms invpcid
bogomips	: 4988.19
clflush size	: 64
cache_alignment	: 64
address sizes	: 39 bits physical, 48 bits virtual
power management:

processor	: 1
vendor_id	: GenuineIntel
cpu family	: 6
model		: 60
model name	: Intel(R) Core(TM) i5-4200M CPU @ 2.50GHz
stepping	: 3
microcode	: 0x17
cpu MHz		: 2501.000
cache size	: 3072 KB
physical id	: 0
siblings	: 4
core id		: 0
cpu cores	: 2
apicid		: 1
initial apicid	: 1
fpu		: yes
fpu_exception	: yes
cpuid level	: 13
wp		: yes
flags		: fpu vme de pse tsc msr pae mce cx8 apic sep mtrr pge mca cmov pat pse36 clflush dts acpi mmx fxsr sse sse2 ss ht tm pbe syscall nx pdpe1gb rdtscp lm constant_tsc arch_perfmon pebs bts rep_good nopl xtopology nonstop_tsc aperfmperf eagerfpu pni pclmulqdq dtes64 monitor ds_cpl vmx est tm2 ssse3 fma cx16 xtpr pdcm pcid sse4_1 sse4_2 movbe popcnt tsc_deadline_timer aes xsave avx f16c rdrand lahf_lm abm ida arat epb xsaveopt pln pts dtherm tpr_shadow vnmi flexpriority ept vpid fsgsbase tsc_adjust bmi1 avx2 smep bmi2 erms invpcid
bogomips	: 4988.19
clflush size	: 64
cache_alignment	: 64
address sizes	: 39 bits physical, 48 bits virtual
power management:

processor	: 2
vendor_id	: GenuineIntel
cpu family	: 6
model		: 60
model name	: Intel(R) Core(TM) i5-4200M CPU @ 2.50GHz
stepping	: 3
microcode	: 0x17
cpu MHz		: 2300.000
cache size	: 3072 KB
physical id	: 0
siblings	: 4
core id		: 1
cpu cores	: 2
apicid		: 2
initial apicid	: 2
fpu		: yes
fpu_exception	: yes
cpuid level	: 13
wp		: yes
flags		: fpu vme de pse tsc msr pae mce cx8 apic sep mtrr pge mca cmov pat pse36 clflush dts acpi mmx fxsr sse sse2 ss ht tm pbe syscall nx pdpe1gb rdtscp lm constant_tsc arch_perfmon pebs bts rep_good nopl xtopology nonstop_tsc aperfmperf eagerfpu pni pclmulqdq dtes64 monitor ds_cpl vmx est tm2 ssse3 fma cx16 xtpr pdcm pcid sse4_1 sse4_2 movbe popcnt tsc_deadline_timer aes xsave avx f16c rdrand lahf_lm abm ida arat epb xsaveopt pln pts dtherm tpr_shadow vnmi flexpriority ept vpid fsgsbase tsc_adjust bmi1 avx2 smep bmi2 erms invpcid
bogomips	: 4988.19
clflush size	: 64
cache_alignment	: 64
address sizes	: 39 bits physical, 48 bits virtual
power management:

processor	: 3
vendor_id	: GenuineIntel
cpu family	: 6
model		: 60
model name	: Intel(R) Core(TM) i5-4200M CPU @ 2.50GHz
stepping	: 3
microcode	: 0x17
cpu MHz		: 1900.000
cache size	: 3072 KB
physical id	: 0
siblings	: 4
core id		: 1
cpu cores	: 2
apicid		: 3
initial apicid	: 3
fpu		: yes
fpu_exception	: yes
cpuid level	: 13
wp		: yes
flags		: fpu vme de pse tsc msr pae mce cx8 apic sep mtrr pge mca cmov pat pse36 clflush dts acpi mmx fxsr sse sse2 ss ht tm pbe syscall nx pdpe1gb rdtscp lm constant_tsc arch_perfmon pebs bts rep_good nopl xtopology nonstop_tsc aperfmperf eagerfpu pni pclmulqdq dtes64 monitor ds_cpl vmx est tm2 ssse3 fma cx16 xtpr pdcm pcid sse4_1 sse4_2 movbe popcnt tsc_deadline_timer aes xsave avx f16c rdrand lahf_lm abm ida arat epb xsaveopt pln pts dtherm tpr_shadow vnmi flexpriority ept vpid fsgsbase tsc_adjust bmi1 avx2 smep bmi2 erms invpcid
bogomips	: 4988.19
clflush size	: 64
cache_alignment	: 64
address sizes	: 39 bits physical, 48 bits virtual
power management:



Memory: 4k page, physical 12023660k(3931704k free), swap 8100860k(8100860k free)

vm_info: OpenJDK 64-Bit Server VM (24.65-b04) for linux-amd64 JRE (1.7.0_65-b32), built on Oct 22 2014 04:37:44 by "buildd" with gcc 4.8.2

time: Mon Nov 17 15:06:36 2014
elapsed time: 7 seconds

