#
# A fatal error has been detected by the Java Runtime Environment:
#
#  SIGSEGV (0xb) at pc=0x00007fb5ff7eda19, pid=12011, tid=140419463591680
#
# JRE version: OpenJDK Runtime Environment (7.0_75-b13) (build 1.7.0_75-b13)
# Java VM: OpenJDK 64-Bit Server VM (24.75-b04 mixed mode linux-amd64 compressed oops)
# Derivative: IcedTea 2.5.4
# Distribution: Ubuntu 14.04 LTS, package 7u75-2.5.4-1~trusty1
# Problematic frame:
# V  [libjvm.so+0x407a19]  constantPoolOopDesc::slot_at(int)+0x9
#
# Failed to write core dump. Core dumps have been disabled. To enable core dumping, try "ulimit -c unlimited" before starting Java again
#
# If you would like to submit a bug report, please include
# instructions on how to reproduce the bug and visit:
#   http://icedtea.classpath.org/bugzilla
#

---------------  T H R E A D  ---------------

Current thread (0x00007fb5f80ac000):  JavaThread "C2 CompilerThread1" daemon [_thread_in_vm, id=12023, stack(0x00007fb5f42f3000,0x00007fb5f43f4000)]

siginfo:si_signo=SIGSEGV: si_errno=0, si_code=1 (SEGV_MAPERR), si_addr=0x00000009816488b8

Registers:
RAX=0x0000000000000017, RBX=0x0000000000000003, RCX=0x0000000081648c20, RDX=0x00000009816488b8
RSP=0x00007fb5f43f0a80, RBP=0x00007fb5f43f0ae0, RSI=0x0000000000000017, RDI=0x00000009816487c0
R8 =0x0000000000000000, R9 =0x0000000080126f38, R10=0x00007fb5fcb4b041, R11=0x00007fb5f80ac938
R12=0x0000000000000003, R13=0x0000000081648a18, R14=0x0000000000000003, R15=0x0000000081648c88
RIP=0x00007fb5ff7eda19, EFLAGS=0x0000000000010206, CSGSFS=0x0000000000000033, ERR=0x0000000000000004
  TRAPNO=0x000000000000000e

Top of Stack: (sp=0x00007fb5f43f0a80)
0x00007fb5f43f0a80:   00007fb5f43f0ae0 00007fb5ff98d99f
0x00007fb5f43f0a90:   00007fb5f80ac000 00007fb5fcb37100
0x00007fb5f43f0aa0:   00007fb5fcb37100 00007fb5fcb4b040
0x00007fb5f43f0ab0:   00007fb5f80ac000 0000000000000000
0x00007fb5f43f0ac0:   0000000000000000 0000000081648e28
0x00007fb5f43f0ad0:   0000000081648e18 00007fb5f43f0e70
0x00007fb5f43f0ae0:   00007fb5f43f0e50 00007fb5ff884f2d
0x00007fb5f43f0af0:   00007fb5f43f0b20 00000000f80ac000
0x00007fb5f43f0b00:   00000000826d0d40 00007fb5f43f0d20
0x00007fb5f43f0b10:   00007fb5fcb37100 00007fb5f80ac000
0x00007fb5f43f0b20:   00007fb5f43f0cc0 00007fb5ffad5630
0x00007fb5f43f0b30:   0000000000000000 00007fb5f80ac930
0x00007fb5f43f0b40:   00007fb5f43f0b70 00007fb5f80ac930
0x00007fb5f43f0b50:   0000000000000000 00007fb5f80ac920
0x00007fb5f43f0b60:   00007fb5f43f0b90 00007fb5f80ac920
0x00007fb5f43f0b70:   0000000000000000 00007fb5c8914ce0
0x00007fb5f43f0b80:   0000000000000000 00007fb5c891ccc8
0x00007fb5f43f0b90:   00007fb5f801c9f0 00007fb5c8914ce0
0x00007fb5f43f0ba0:   00007fb5c891a8f0 00007fb5c891ccc8
0x00007fb5f43f0bb0:   00000000000083b0 00007fb5c41ed8b0
0x00007fb5f43f0bc0:   00007fb5c41ed8b0 0000000000000004
0x00007fb5f43f0bd0:   00007fb5f43f0d40 00007fb5f80ac930
0x00007fb5f43f0be0:   00007fb5f43f0cc0 00007fb5ffad8cd7
0x00007fb5f43f0bf0:   00007fb5c4f7b030 0000000000000010
0x00007fb5f43f0c00:   00007fb5c4f9af28 00007fb5c4f7b138
0x00007fb5f43f0c10:   0000000000000000 00007fb5c43597a0
0x00007fb5f43f0c20:   00007fb5f43f0c50 00007fb5ffcf0fa4
0x00007fb5f43f0c30:   00007fb6001bfc78 0000000000000000
0x00007fb5f43f0c40:   00007fb5c8146d40 0000000000000000
0x00007fb5f43f0c50:   00007fb5f43f0c60 00007fb5ffcefe19
0x00007fb5f43f0c60:   00007fb5f43f0cc0 9eab6fd412494900
0x00007fb5f43f0c70:   000000000000001c 00007fb5f80ac938 

Instructions: (pc=0x00007fb5ff7eda19)
0x00007fb5ff7ed9f9:   88 24 02 5b 41 5c 5d c3 66 2e 0f 1f 84 00 00 00
0x00007fb5ff7eda09:   00 00 0f 1f 44 00 00 48 63 c6 55 48 8d 54 c7 40
0x00007fb5ff7eda19:   48 8b 0a 48 89 e5 48 89 4d f8 48 8b 4d f8 48 85
0x00007fb5ff7eda29:   c9 75 40 85 f6 74 3c 48 8d 0d 8c 6b 9d 00 80 39 

Register to memory mapping:

RAX=0x0000000000000017 is an unknown value
RBX=0x0000000000000003 is an unknown value
RCX=0x0000000081648c20 is an oop
{constMethod} 
 - klass: {other class}
 - constants:       0x00000009816487c0 
[error occurred during error reporting (printing register info), id 0xb]

Stack: [0x00007fb5f42f3000,0x00007fb5f43f4000],  sp=0x00007fb5f43f0a80,  free space=1014k
Native frames: (J=compiled Java code, j=interpreted, Vv=VM code, C=native code)
V  [libjvm.so+0x407a19]  constantPoolOopDesc::slot_at(int)+0x9
V  [libjvm.so+0x49ef2d]  ClassHierarchyWalker::find_witness_anywhere(klassOopDesc*, bool, bool)+0x1cd
V  [libjvm.so+0x49fded]  Dependencies::find_unique_concrete_method(klassOopDesc*, methodOopDesc*)+0xad
V  [libjvm.so+0x3d8c18]  ciMethod::find_monomorphic_target(ciInstanceKlass*, ciInstanceKlass*, ciInstanceKlass*)+0x108
V  [libjvm.so+0x4ebbed]  Compile::optimize_inlining(ciMethod*, int, ciInstanceKlass*, ciMethod*, TypeOopPtr const*)+0xfd
V  [libjvm.so+0x4ec9c2]  Parse::do_call()+0x152
V  [libjvm.so+0x7fd696]  Parse::do_one_bytecode()+0x40c6
V  [libjvm.so+0x7f0044]  Parse::do_one_block()+0x174
V  [libjvm.so+0x7f04b4]  Parse::do_all_blocks()+0x104
V  [libjvm.so+0x7f1190]  Parse::Parse(JVMState*, ciMethod*, float)+0x7e0
V  [libjvm.so+0x3ae3a8]  ParseGenerator::generate(JVMState*)+0x78
V  [libjvm.so+0x43f983]  Compile::Compile(ciEnv*, C2Compiler*, ciMethod*, int, bool, bool)+0xf43
V  [libjvm.so+0x3adc7a]  C2Compiler::compile_method(ciEnv*, ciMethod*, int)+0xca
V  [libjvm.so+0x445937]  CompileBroker::invoke_compiler_on_method(CompileTask*)+0x327
V  [libjvm.so+0x446a7d]  CompileBroker::compiler_thread_loop()+0x3dd
V  [libjvm.so+0x900940]  JavaThread::thread_main_inner()+0xf0
V  [libjvm.so+0x900bb1]  JavaThread::run()+0x221
V  [libjvm.so+0x7c4a42]  java_start(Thread*)+0xf2


Current CompileTask:
C2: 284192 1245  s!         sun.misc.URLClassPath::getLoader (154 bytes)


---------------  P R O C E S S  ---------------

Java Threads: ( => current thread )
  0x00007fb5ac00b800 JavaThread "Stdin handler" [_thread_blocked, id=12113, stack(0x00007fb5d16c9000,0x00007fb5d17ca000)]
  0x00007fb5b8016000 JavaThread "Daemon worker Thread 2" [_thread_in_native, id=12110, stack(0x00007fb5d18d2000,0x00007fb5d19d3000)]
  0x00007fb5b800a800 JavaThread "Cancel handler" [_thread_blocked, id=12109, stack(0x00007fb5d19d3000,0x00007fb5d1ad4000)]
  0x00007fb5b8005800 JavaThread "Handler for socket connection from /127.0.0.1:60400 to /127.0.0.1:43391" [_thread_in_native, id=12108, stack(0x00007fb5d17d1000,0x00007fb5d18d2000)]
  0x00007fb5b4029800 JavaThread "Daemon Thread 2" [_thread_blocked, id=12107, stack(0x00007fb5d1ad4000,0x00007fb5d1bd5000)]
  0x00007fb5a4463800 JavaThread "File lock request listener" [_thread_in_native, id=12037, stack(0x00007fb5d1524000,0x00007fb5d1625000)]
  0x00007fb5f89ee000 JavaThread "Incoming local TCP Connector on port 60400" [_thread_in_native, id=12026, stack(0x00007fb5d1bd5000,0x00007fb5d1cd6000)]
  0x00007fb5f80ae800 JavaThread "Service Thread" daemon [_thread_blocked, id=12024, stack(0x00007fb5f41f2000,0x00007fb5f42f3000)]
=>0x00007fb5f80ac000 JavaThread "C2 CompilerThread1" daemon [_thread_in_vm, id=12023, stack(0x00007fb5f42f3000,0x00007fb5f43f4000)]
  0x00007fb5f80a9000 JavaThread "C2 CompilerThread0" daemon [_thread_in_native, id=12022, stack(0x00007fb5f43f4000,0x00007fb5f44f5000)]
  0x00007fb5f80a7000 JavaThread "Signal Dispatcher" daemon [_thread_blocked, id=12021, stack(0x00007fb5f44f5000,0x00007fb5f45f6000)]
  0x00007fb5f807c000 JavaThread "Finalizer" daemon [_thread_blocked, id=12020, stack(0x00007fb5f45f6000,0x00007fb5f46f7000)]
  0x00007fb5f807a000 JavaThread "Reference Handler" daemon [_thread_blocked, id=12019, stack(0x00007fb5f46f7000,0x00007fb5f47f8000)]
  0x00007fb5f800a800 JavaThread "main" [_thread_blocked, id=12013, stack(0x00007fb600ef5000,0x00007fb600ff6000)]

Other Threads:
  0x00007fb5f8076000 VMThread [stack: 0x00007fb5f47f8000,0x00007fb5f48f9000] [id=12018]
  0x00007fb5f80b9000 WatcherThread [stack: 0x00007fb5f40f1000,0x00007fb5f41f2000] [id=12025]

VM state:not at safepoint (normal execution)

VM Mutex/Monitor currently owned by a thread:  ([mutex/lock_event])
[0x00007fb5f80074d0] Compile_lock - owner thread: 0x00007fb5f80ac000

Heap
 PSYoungGen      total 314368K, used 36249K [0x00000000eaa80000, 0x0000000100000000, 0x0000000100000000)
  eden space 283136K, 12% used [0x00000000eaa80000,0x00000000ecde6730,0x00000000fbf00000)
  from space 31232K, 0% used [0x00000000fe180000,0x00000000fe180000,0x0000000100000000)
  to   space 33280K, 0% used [0x00000000fbf00000,0x00000000fbf00000,0x00000000fdf80000)
 ParOldGen       total 124928K, used 43471K [0x00000000c0000000, 0x00000000c7a00000, 0x00000000eaa80000)
  object space 124928K, 34% used [0x00000000c0000000,0x00000000c2a73c48,0x00000000c7a00000)
 PSPermGen       total 90624K, used 45240K [0x0000000080000000, 0x0000000085880000, 0x00000000c0000000)
  object space 90624K, 49% used [0x0000000080000000,0x0000000082c2e198,0x0000000085880000)

Card table byte_map: [0x00007fb5fd738000,0x00007fb5fdb39000] byte_map_base: 0x00007fb5fd338000

Polling page: 0x00007fb601016000

Code Cache  [0x00007fb5f5000000, 0x00007fb5f5500000, 0x00007fb5f8000000)
 total_blobs=1790 nmethods=1174 adapters=569 free_code_cache=44213Kb largest_free_block=45142720

Compilation events (10 events):
Event: 284.182 Thread 0x00007fb5f80ac000 nmethod 1240 0x00007fb5f5265ed0 code [0x00007fb5f5266000, 0x00007fb5f5266058]
Event: 284.182 Thread 0x00007fb5f80ac000 1241             groovyjarjarantlr.ASTFactory::create (22 bytes)
Event: 284.183 Thread 0x00007fb5f80ac000 nmethod 1241 0x00007fb5f528a4d0 code [0x00007fb5f528a620, 0x00007fb5f528a748]
Event: 284.183 Thread 0x00007fb5f80ac000 1242             groovyjarjarantlr.CommonAST::initialize (17 bytes)
Event: 284.184 Thread 0x00007fb5f80ac000 nmethod 1242 0x00007fb5f521a110 code [0x00007fb5f521a260, 0x00007fb5f521a318]
Event: 284.184 Thread 0x00007fb5f80ac000 1243             org.codehaus.groovy.antlr.GroovySourceToken::getLineLast (5 bytes)
Event: 284.184 Thread 0x00007fb5f80ac000 nmethod 1243 0x00007fb5f5219f10 code [0x00007fb5f521a040, 0x00007fb5f521a098]
Event: 284.184 Thread 0x00007fb5f80ac000 1244             org.codehaus.groovy.antlr.GroovySourceToken::getColumnLast (5 bytes)
Event: 284.184 Thread 0x00007fb5f80ac000 nmethod 1244 0x00007fb5f5219d10 code [0x00007fb5f5219e40, 0x00007fb5f5219e98]
Event: 284.188 Thread 0x00007fb5f80ac000 1245  s!         sun.misc.URLClassPath::getLoader (154 bytes)

GC Heap History (10 events):
Event: 3.315 GC heap before
{Heap before GC invocations=5 (full 0):
 PSYoungGen      total 102912K, used 101412K [0x00000000eaa80000, 0x00000000f1680000, 0x0000000100000000)
  eden space 95232K, 100% used [0x00000000eaa80000,0x00000000f0780000,0x00000000f0780000)
  from space 7680K, 80% used [0x00000000f0f00000,0x00000000f1509100,0x00000000f1680000)
  to   space 7680K, 0% used [0x00000000f0780000,0x00000000f0780000,0x00000000f0f00000)
 ParOldGen       total 124928K, used 1711K [0x00000000c0000000, 0x00000000c7a00000, 0x00000000eaa80000)
  object space 124928K, 1% used [0x00000000c0000000,0x00000000c01abc18,0x00000000c7a00000)
 PSPermGen       total 24576K, used 24149K [0x0000000080000000, 0x0000000081800000, 0x00000000c0000000)
  object space 24576K, 98% used [0x0000000080000000,0x0000000081795540,0x0000000081800000)
Event: 3.330 GC heap after
Heap after GC invocations=5 (full 0):
 PSYoungGen      total 102912K, used 7652K [0x00000000eaa80000, 0x00000000f7d80000, 0x0000000100000000)
  eden space 95232K, 0% used [0x00000000eaa80000,0x00000000eaa80000,0x00000000f0780000)
  from space 7680K, 99% used [0x00000000f0780000,0x00000000f0ef90e0,0x00000000f0f00000)
  to   space 12800K, 0% used [0x00000000f7100000,0x00000000f7100000,0x00000000f7d80000)
 ParOldGen       total 124928K, used 6539K [0x00000000c0000000, 0x00000000c7a00000, 0x00000000eaa80000)
  object space 124928K, 5% used [0x00000000c0000000,0x00000000c0662e80,0x00000000c7a00000)
 PSPermGen       total 24576K, used 24149K [0x0000000080000000, 0x0000000081800000, 0x00000000c0000000)
  object space 24576K, 98% used [0x0000000080000000,0x0000000081795540,0x0000000081800000)
}
Event: 5.236 GC heap before
{Heap before GC invocations=6 (full 0):
 PSYoungGen      total 102912K, used 102884K [0x00000000eaa80000, 0x00000000f7d80000, 0x0000000100000000)
  eden space 95232K, 100% used [0x00000000eaa80000,0x00000000f0780000,0x00000000f0780000)
  from space 7680K, 99% used [0x00000000f0780000,0x00000000f0ef90e0,0x00000000f0f00000)
  to   space 12800K, 0% used [0x00000000f7100000,0x00000000f7100000,0x00000000f7d80000)
 ParOldGen       total 124928K, used 6539K [0x00000000c0000000, 0x00000000c7a00000, 0x00000000eaa80000)
  object space 124928K, 5% used [0x00000000c0000000,0x00000000c0662e80,0x00000000c7a00000)
 PSPermGen       total 31744K, used 31688K [0x0000000080000000, 0x0000000081f00000, 0x00000000c0000000)
  object space 31744K, 99% used [0x0000000080000000,0x0000000081ef2328,0x0000000081f00000)
Event: 5.260 GC heap after
Heap after GC invocations=6 (full 0):
 PSYoungGen      total 199168K, used 12780K [0x00000000eaa80000, 0x00000000f8580000, 0x0000000100000000)
  eden space 186368K, 0% used [0x00000000eaa80000,0x00000000eaa80000,0x00000000f6080000)
  from space 12800K, 99% used [0x00000000f7100000,0x00000000f7d7b198,0x00000000f7d80000)
  to   space 16896K, 0% used [0x00000000f6080000,0x00000000f6080000,0x00000000f7100000)
 ParOldGen       total 124928K, used 10918K [0x00000000c0000000, 0x00000000c7a00000, 0x00000000eaa80000)
  object space 124928K, 8% used [0x00000000c0000000,0x00000000c0aa9ad0,0x00000000c7a00000)
 PSPermGen       total 31744K, used 31688K [0x0000000080000000, 0x0000000081f00000, 0x00000000c0000000)
  object space 31744K, 99% used [0x0000000080000000,0x0000000081ef2328,0x0000000081f00000)
}
Event: 8.883 GC heap before
{Heap before GC invocations=7 (full 0):
 PSYoungGen      total 199168K, used 199148K [0x00000000eaa80000, 0x00000000f8580000, 0x0000000100000000)
  eden space 186368K, 100% used [0x00000000eaa80000,0x00000000f6080000,0x00000000f6080000)
  from space 12800K, 99% used [0x00000000f7100000,0x00000000f7d7b198,0x00000000f7d80000)
  to   space 16896K, 0% used [0x00000000f6080000,0x00000000f6080000,0x00000000f7100000)
 ParOldGen       total 124928K, used 10918K [0x00000000c0000000, 0x00000000c7a00000, 0x00000000eaa80000)
  object space 124928K, 8% used [0x00000000c0000000,0x00000000c0aa9ad0,0x00000000c7a00000)
 PSPermGen       total 42496K, used 42394K [0x0000000080000000, 0x0000000082980000, 0x00000000c0000000)
  object space 42496K, 99% used [0x0000000080000000,0x0000000082966890,0x0000000082980000)
Event: 8.939 GC heap after
Heap after GC invocations=7 (full 0):
 PSYoungGen      total 203264K, used 16869K [0x00000000eaa80000, 0x0000000100000000, 0x0000000100000000)
  eden space 186368K, 0% used [0x00000000eaa80000,0x00000000eaa80000,0x00000000f6080000)
  from space 16896K, 99% used [0x00000000f6080000,0x00000000f70f9768,0x00000000f7100000)
  to   space 31232K, 0% used [0x00000000fe180000,0x00000000fe180000,0x0000000100000000)
 ParOldGen       total 124928K, used 34237K [0x00000000c0000000, 0x00000000c7a00000, 0x00000000eaa80000)
  object space 124928K, 27% used [0x00000000c0000000,0x00000000c216f740,0x00000000c7a00000)
 PSPermGen       total 42496K, used 42394K [0x0000000080000000, 0x0000000082980000, 0x00000000c0000000)
  object space 42496K, 99% used [0x0000000080000000,0x0000000082966890,0x0000000082980000)
}
Event: 16.995 GC heap before
{Heap before GC invocations=8 (full 0):
 PSYoungGen      total 203264K, used 98875K [0x00000000eaa80000, 0x0000000100000000, 0x0000000100000000)
  eden space 186368K, 44% used [0x00000000eaa80000,0x00000000efa955a8,0x00000000f6080000)
  from space 16896K, 99% used [0x00000000f6080000,0x00000000f70f9768,0x00000000f7100000)
  to   space 31232K, 0% used [0x00000000fe180000,0x00000000fe180000,0x0000000100000000)
 ParOldGen       total 124928K, used 34237K [0x00000000c0000000, 0x00000000c7a00000, 0x00000000eaa80000)
  object space 124928K, 27% used [0x00000000c0000000,0x00000000c216f740,0x00000000c7a00000)
 PSPermGen       total 45568K, used 45251K [0x0000000080000000, 0x0000000082c80000, 0x00000000c0000000)
  object space 45568K, 99% used [0x0000000080000000,0x0000000082c30e50,0x0000000082c80000)
Event: 17.025 GC heap after
Heap after GC invocations=8 (full 0):
 PSYoungGen      total 314368K, used 23521K [0x00000000eaa80000, 0x0000000100000000, 0x0000000100000000)
  eden space 283136K, 0% used [0x00000000eaa80000,0x00000000eaa80000,0x00000000fbf00000)
  from space 31232K, 75% used [0x00000000fe180000,0x00000000ff8786d8,0x0000000100000000)
  to   space 33280K, 0% used [0x00000000fbf00000,0x00000000fbf00000,0x00000000fdf80000)
 ParOldGen       total 124928K, used 35205K [0x00000000c0000000, 0x00000000c7a00000, 0x00000000eaa80000)
  object space 124928K, 28% used [0x00000000c0000000,0x00000000c2261448,0x00000000c7a00000)
 PSPermGen       total 45568K, used 45251K [0x0000000080000000, 0x0000000082c80000, 0x00000000c0000000)
  object space 45568K, 99% used [0x0000000080000000,0x0000000082c30e50,0x0000000082c80000)
}
Event: 17.025 GC heap before
{Heap before GC invocations=9 (full 1):
 PSYoungGen      total 314368K, used 23521K [0x00000000eaa80000, 0x0000000100000000, 0x0000000100000000)
  eden space 283136K, 0% used [0x00000000eaa80000,0x00000000eaa80000,0x00000000fbf00000)
  from space 31232K, 75% used [0x00000000fe180000,0x00000000ff8786d8,0x0000000100000000)
  to   space 33280K, 0% used [0x00000000fbf00000,0x00000000fbf00000,0x00000000fdf80000)
 ParOldGen       total 124928K, used 35205K [0x00000000c0000000, 0x00000000c7a00000, 0x00000000eaa80000)
  object space 124928K, 28% used [0x00000000c0000000,0x00000000c2261448,0x00000000c7a00000)
 PSPermGen       total 45568K, used 45251K [0x0000000080000000, 0x0000000082c80000, 0x00000000c0000000)
  object space 45568K, 99% used [0x0000000080000000,0x0000000082c30e50,0x0000000082c80000)
Event: 17.285 GC heap after
Heap after GC invocations=9 (full 1):
 PSYoungGen      total 314368K, used 0K [0x00000000eaa80000, 0x0000000100000000, 0x0000000100000000)
  eden space 283136K, 0% used [0x00000000eaa80000,0x00000000eaa80000,0x00000000fbf00000)
  from space 31232K, 0% used [0x00000000fe180000,0x00000000fe180000,0x0000000100000000)
  to   space 33280K, 0% used [0x00000000fbf00000,0x00000000fbf00000,0x00000000fdf80000)
 ParOldGen       total 124928K, used 43471K [0x00000000c0000000, 0x00000000c7a00000, 0x00000000eaa80000)
  object space 124928K, 34% used [0x00000000c0000000,0x00000000c2a73c48,0x00000000c7a00000)
 PSPermGen       total 90624K, used 45193K [0x0000000080000000, 0x0000000085880000, 0x00000000c0000000)
  object space 90624K, 49% used [0x0000000080000000,0x0000000082c22490,0x0000000085880000)
}

Deoptimization events (10 events):
Event: 16.993 Thread 0x00007fb5b800b800 Uncommon trap: reason=bimorphic action=maybe_recompile pc=0x00007fb5f53b7358 method=java.util.Collections$UnmodifiableCollection$1.next()Ljava/lang/Object; @ 4
Event: 17.291 Thread 0x00007fb5b4029800 Uncommon trap: reason=bimorphic action=maybe_recompile pc=0x00007fb5f54ea21c method=java.io.DataOutputStream.writeLong(J)V @ 108
Event: 284.038 Thread 0x00007fb5b4029800 Uncommon trap: reason=bimorphic action=maybe_recompile pc=0x00007fb5f54ea21c method=java.io.DataOutputStream.writeLong(J)V @ 108
Event: 284.110 Thread 0x00007fb5b8016000 Uncommon trap: reason=bimorphic action=maybe_recompile pc=0x00007fb5f54ea21c method=java.io.DataOutputStream.writeLong(J)V @ 108
Event: 284.147 Thread 0x00007fb5b8016000 Uncommon trap: reason=class_check action=maybe_recompile pc=0x00007fb5f5383514 method=org.codehaus.groovy.util.AbstractConcurrentMap.segmentFor(I)Lorg/codehaus/groovy/util/AbstractConcurrentMap$Segment; @ 5
Event: 284.147 Thread 0x00007fb5b8016000 Uncommon trap: reason=class_check action=maybe_recompile pc=0x00007fb5f5383514 method=org.codehaus.groovy.util.AbstractConcurrentMap.segmentFor(I)Lorg/codehaus/groovy/util/AbstractConcurrentMap$Segment; @ 5
Event: 284.160 Thread 0x00007fb5b8016000 Uncommon trap: reason=bimorphic action=maybe_recompile pc=0x00007fb5f54ea21c method=java.io.DataOutputStream.writeLong(J)V @ 108
Event: 284.161 Thread 0x00007fb5b8016000 Uncommon trap: reason=null_check action=make_not_entrant pc=0x00007fb5f526a794 method=groovyjarjarantlr.CharScanner.testLiteralsTable(I)I @ 32
Event: 284.181 Thread 0x00007fb5b8016000 Uncommon trap: reason=class_check action=maybe_recompile pc=0x00007fb5f5383514 method=org.codehaus.groovy.util.AbstractConcurrentMap.segmentFor(I)Lorg/codehaus/groovy/util/AbstractConcurrentMap$Segment; @ 5
Event: 284.181 Thread 0x00007fb5b8016000 Uncommon trap: reason=class_check action=maybe_recompile pc=0x00007fb5f5383514 method=org.codehaus.groovy.util.AbstractConcurrentMap.segmentFor(I)Lorg/codehaus/groovy/util/AbstractConcurrentMap$Segment; @ 5

Internal exceptions (10 events):
Event: 284.188 Thread 0x00007fb5b8016000 Threw 0x00000000eca0da10 at /build/buildd/openjdk-7-7u75-2.5.4/build/openjdk/hotspot/src/share/vm/prims/jvm.cpp:1284
Event: 284.188 Thread 0x00007fb5b8016000 Threw 0x00000000eca0fc08 at /build/buildd/openjdk-7-7u75-2.5.4/build/openjdk/hotspot/src/share/vm/prims/jvm.cpp:1284
Event: 284.188 Thread 0x00007fb5b8016000 Threw 0x00000000eca11e08 at /build/buildd/openjdk-7-7u75-2.5.4/build/openjdk/hotspot/src/share/vm/prims/jvm.cpp:1284
Event: 284.188 Thread 0x00007fb5b8016000 Threw 0x00000000eca14018 at /build/buildd/openjdk-7-7u75-2.5.4/build/openjdk/hotspot/src/share/vm/prims/jvm.cpp:1284
Event: 284.188 Thread 0x00007fb5b8016000 Threw 0x00000000eca16288 at /build/buildd/openjdk-7-7u75-2.5.4/build/openjdk/hotspot/src/share/vm/prims/jvm.cpp:1284
Event: 284.189 Thread 0x00007fb5b8016000 Threw 0x00000000eca184f8 at /build/buildd/openjdk-7-7u75-2.5.4/build/openjdk/hotspot/src/share/vm/prims/jvm.cpp:1284
Event: 284.189 Thread 0x00007fb5b8016000 Threw 0x00000000eca19270 at /build/buildd/openjdk-7-7u75-2.5.4/build/openjdk/hotspot/src/share/vm/prims/jvm.cpp:1284
Event: 284.189 Thread 0x00007fb5b8016000 Threw 0x00000000eca1a338 at /build/buildd/openjdk-7-7u75-2.5.4/build/openjdk/hotspot/src/share/vm/prims/jvm.cpp:1284
Event: 284.189 Thread 0x00007fb5b8016000 Threw 0x00000000eca1aff0 at /build/buildd/openjdk-7-7u75-2.5.4/build/openjdk/hotspot/src/share/vm/prims/jvm.cpp:1284
Event: 284.189 Thread 0x00007fb5b8016000 Threw 0x00000000eca1bca8 at /build/buildd/openjdk-7-7u75-2.5.4/build/openjdk/hotspot/src/share/vm/prims/jvm.cpp:1284

Events (10 events):
Event: 284.160 Thread 0x00007fb5b8016000 DEOPT UNPACKING pc=0x00007fb5f5039445 sp=0x00007fb5d19d0050 mode 2
Event: 284.161 Thread 0x00007fb5b8016000 Uncommon trap: trap_request=0xfffffff4 fr.pc=0x00007fb5f526a794
Event: 284.161 Thread 0x00007fb5b8016000 DEOPT PACKING pc=0x00007fb5f526a794 sp=0x00007fb5d19cf880
Event: 284.161 Thread 0x00007fb5b8016000 DEOPT UNPACKING pc=0x00007fb5f5039445 sp=0x00007fb5d19cf7f0 mode 2
Event: 284.181 Thread 0x00007fb5b8016000 Uncommon trap: trap_request=0xffffffde fr.pc=0x00007fb5f5383514
Event: 284.181 Thread 0x00007fb5b8016000 DEOPT PACKING pc=0x00007fb5f5383514 sp=0x00007fb5d19cf880
Event: 284.181 Thread 0x00007fb5b8016000 DEOPT UNPACKING pc=0x00007fb5f5039445 sp=0x00007fb5d19cf848 mode 2
Event: 284.181 Thread 0x00007fb5b8016000 Uncommon trap: trap_request=0xffffffde fr.pc=0x00007fb5f5383514
Event: 284.181 Thread 0x00007fb5b8016000 DEOPT PACKING pc=0x00007fb5f5383514 sp=0x00007fb5d19cf8c0
Event: 284.181 Thread 0x00007fb5b8016000 DEOPT UNPACKING pc=0x00007fb5f5039445 sp=0x00007fb5d19cf888 mode 2


Dynamic libraries:
00400000-00401000 r-xp 00000000 08:01 16387174                           /usr/lib/jvm/java-7-openjdk-amd64/jre/bin/java
00600000-00601000 r--p 00000000 08:01 16387174                           /usr/lib/jvm/java-7-openjdk-amd64/jre/bin/java
00601000-00602000 rw-p 00001000 08:01 16387174                           /usr/lib/jvm/java-7-openjdk-amd64/jre/bin/java
00797000-007b8000 rw-p 00000000 00:00 0                                  [heap]
80000000-85880000 rw-p 00000000 00:00 0 
85880000-c0000000 rw-p 00000000 00:00 0 
c0000000-c7a00000 rw-p 00000000 00:00 0 
c7a00000-eaa80000 rw-p 00000000 00:00 0 
eaa80000-100000000 rw-p 00000000 00:00 0 
7fb58c000000-7fb58c021000 rw-p 00000000 00:00 0 
7fb58c021000-7fb590000000 ---p 00000000 00:00 0 
7fb590000000-7fb590021000 rw-p 00000000 00:00 0 
7fb590021000-7fb594000000 ---p 00000000 00:00 0 
7fb594000000-7fb594021000 rw-p 00000000 00:00 0 
7fb594021000-7fb598000000 ---p 00000000 00:00 0 
7fb598000000-7fb598021000 rw-p 00000000 00:00 0 
7fb598021000-7fb59c000000 ---p 00000000 00:00 0 
7fb59c000000-7fb59c021000 rw-p 00000000 00:00 0 
7fb59c021000-7fb5a0000000 ---p 00000000 00:00 0 
7fb5a0000000-7fb5a0021000 rw-p 00000000 00:00 0 
7fb5a0021000-7fb5a4000000 ---p 00000000 00:00 0 
7fb5a4000000-7fb5a4d48000 rw-p 00000000 00:00 0 
7fb5a4d48000-7fb5a8000000 ---p 00000000 00:00 0 
7fb5a8000000-7fb5a8021000 rw-p 00000000 00:00 0 
7fb5a8021000-7fb5ac000000 ---p 00000000 00:00 0 
7fb5ac000000-7fb5ac021000 rw-p 00000000 00:00 0 
7fb5ac021000-7fb5b0000000 ---p 00000000 00:00 0 
7fb5b0000000-7fb5b0021000 rw-p 00000000 00:00 0 
7fb5b0021000-7fb5b4000000 ---p 00000000 00:00 0 
7fb5b4000000-7fb5b402e000 rw-p 00000000 00:00 0 
7fb5b402e000-7fb5b8000000 ---p 00000000 00:00 0 
7fb5b8000000-7fb5b8021000 rw-p 00000000 00:00 0 
7fb5b8021000-7fb5bc000000 ---p 00000000 00:00 0 
7fb5bc000000-7fb5bc021000 rw-p 00000000 00:00 0 
7fb5bc021000-7fb5c0000000 ---p 00000000 00:00 0 
7fb5c0000000-7fb5c0021000 rw-p 00000000 00:00 0 
7fb5c0021000-7fb5c4000000 ---p 00000000 00:00 0 
7fb5c4000000-7fb5c591a000 rw-p 00000000 00:00 0 
7fb5c591a000-7fb5c8000000 ---p 00000000 00:00 0 
7fb5c8000000-7fb5c94d0000 rw-p 00000000 00:00 0 
7fb5c94d0000-7fb5cc000000 ---p 00000000 00:00 0 
7fb5cc000000-7fb5cc021000 rw-p 00000000 00:00 0 
7fb5cc021000-7fb5d0000000 ---p 00000000 00:00 0 
7fb5d1021000-7fb5d1022000 rw-p 00000000 00:00 0 
7fb5d1022000-7fb5d1025000 ---p 00000000 00:00 0 
7fb5d1025000-7fb5d1123000 rw-p 00000000 00:00 0 
7fb5d1123000-7fb5d1126000 ---p 00000000 00:00 0 
7fb5d1126000-7fb5d1224000 rw-p 00000000 00:00 0 
7fb5d1224000-7fb5d1227000 ---p 00000000 00:00 0 
7fb5d1227000-7fb5d1325000 rw-p 00000000 00:00 0 
7fb5d1325000-7fb5d1328000 ---p 00000000 00:00 0 
7fb5d1328000-7fb5d1426000 rw-p 00000000 00:00 0 
7fb5d1426000-7fb5d1428000 r--s 00004000 08:01 17826395                   /home/vasanth/android-studio/gradle/m2repository/org/ow2/asm/asm-tree/4.0/asm-tree-4.0.jar
7fb5d1428000-7fb5d142a000 r--s 0000a000 08:01 17826386                   /home/vasanth/android-studio/gradle/m2repository/org/ow2/asm/asm/4.0/asm-4.0.jar
7fb5d142a000-7fb5d1433000 r--s 000a7000 08:01 17826999                   /home/vasanth/android-studio/gradle/m2repository/com/android/tools/external/lombok/lombok-ast/0.2.2/lombok-ast-0.2.2.jar
7fb5d1433000-7fb5d1435000 r--s 0000d000 08:01 17827092                   /home/vasanth/android-studio/gradle/m2repository/commons-codec/commons-codec/1.4/commons-codec-1.4.jar
7fb5d1435000-7fb5d1437000 r--s 0000d000 08:01 17826928                   /home/vasanth/android-studio/gradle/m2repository/commons-logging/commons-logging/1.1.1/commons-logging-1.1.1.jar
7fb5d1437000-7fb5d143c000 r--s 00028000 08:01 17826679                   /home/vasanth/android-studio/gradle/m2repository/org/apache/httpcomponents/httpcore/4.1/httpcore-4.1.jar
7fb5d143c000-7fb5d143d000 r--s 00004000 08:01 17825887                   /home/vasanth/android-studio/gradle/m2repository/org/ow2/asm/asm-analysis/4.0/asm-analysis-4.0.jar
7fb5d143d000-7fb5d1440000 r--s 00029000 08:01 21102689                   /home/vasanth/.gradle/caches/modules-2/files-2.1/com.android.tools.lint/lint-api/24.0.1/dabee09e35f6947d639127efc5a17cba76901bd4/lint-api-24.0.1.jar
7fb5d1440000-7fb5d1441000 r--s 0000a000 08:01 17826965                   /home/vasanth/android-studio/gradle/m2repository/net/sf/kxml/kxml2/2.3.0/kxml2-2.3.0.jar
7fb5d1441000-7fb5d146c000 r--s 001f9000 08:01 17826976                   /home/vasanth/android-studio/gradle/m2repository/com/google/guava/guava/17.0/guava-17.0.jar
7fb5d146c000-7fb5d146e000 r--s 00005000 08:01 17826693                   /home/vasanth/android-studio/gradle/m2repository/org/apache/httpcomponents/httpmime/4.1/httpmime-4.1.jar
7fb5d146e000-7fb5d1476000 r--s 0004e000 08:01 17826890                   /home/vasanth/android-studio/gradle/m2repository/org/apache/httpcomponents/httpclient/4.1.1/httpclient-4.1.1.jar
7fb5d1476000-7fb5d147d000 r--s 00053000 08:01 17826904                   /home/vasanth/android-studio/gradle/m2repository/org/apache/commons/commons-compress/1.8.1/commons-compress-1.8.1.jar
7fb5d147d000-7fb5d147e000 r--s 00005000 08:01 21102687                   /home/vasanth/.gradle/caches/modules-2/files-2.1/com.android.tools/dvlib/24.0.1/88956eb2faa213e7ecba20d42ea814ad23ccb25a/dvlib-24.0.1.jar
7fb5d147e000-7fb5d1481000 r--s 00011000 08:01 21102686                   /home/vasanth/.gradle/caches/modules-2/files-2.1/com.android.tools.layoutlib/layoutlib-api/24.0.1/99e81aa1d57c4a2764e3159ecaeb2c3d87e2adb1/layoutlib-api-24.0.1.jar
7fb5d1481000-7fb5d1491000 r--s 000d3000 08:01 17826951                   /home/vasanth/android-studio/gradle/m2repository/net/sf/proguard/proguard-base/5.1/proguard-base-5.1.jar
7fb5d1491000-7fb5d14a0000 r--s 001a9000 08:01 17826921                   /home/vasanth/android-studio/gradle/m2repository/org/eclipse/jdt/core/compiler/ecj/4.2.2/ecj-4.2.2.jar
7fb5d14a0000-7fb5d14a5000 r--s 0008c000 08:01 21102685                   /home/vasanth/.gradle/caches/modules-2/files-2.1/com.android.tools.lint/lint-checks/24.0.1/5852425e83bbf45642eb4c105999f3873c85321a/lint-checks-24.0.1.jar
7fb5d14a5000-7fb5d14d8000 r--s 00203000 08:01 17826448                   /home/vasanth/android-studio/gradle/m2repository/org/bouncycastle/bcprov-jdk15on/1.48/bcprov-jdk15on-1.48.jar
7fb5d14d8000-7fb5d14e6000 r--s 00081000 08:01 17826672                   /home/vasanth/android-studio/gradle/m2repository/org/bouncycastle/bcpkix-jdk15on/1.48/bcpkix-jdk15on-1.48.jar
7fb5d14e6000-7fb5d14e8000 r--s 00002000 08:01 17826983                   /home/vasanth/android-studio/gradle/m2repository/com/squareup/javawriter/2.5.0/javawriter-2.5.0.jar
7fb5d14e8000-7fb5d14ed000 r--s 00042000 08:01 21102684                   /home/vasanth/.gradle/caches/modules-2/files-2.1/com.android.tools.ddms/ddmlib/24.0.1/96e5bff5e7352c0d4252a34d00e9fe4e1b9a9a60/ddmlib-24.0.1.jar
7fb5d14ed000-7fb5d14f0000 r--s 00029000 08:01 21102683                   /home/vasanth/.gradle/caches/modules-2/files-2.1/com.android.tools.build/manifest-merger/24.0.1/42055d1aaf4b93dbfebfaea3a4fc2f33f76360df/manifest-merger-24.0.1.jar
7fb5d14f0000-7fb5d14f2000 r--s 00014000 08:01 21102682                   /home/vasanth/.gradle/caches/modules-2/files-2.1/com.android.tools/common/24.0.1/96a3273bdb7dd2babc6b7469c43a6bedb87fb1bf/common-24.0.1.jar
7fb5d14f2000-7fb5d14f7000 r--s 00047000 08:01 21102681                   /home/vasanth/.gradle/caches/modules-2/files-2.1/com.android.tools/sdk-common/24.0.1/78443e0d8bc5fd15ac02a4207752c990969ea32c/sdk-common-24.0.1.jar
7fb5d14f7000-7fb5d1501000 r--s 000a8000 08:01 21102680                   /home/vasanth/.gradle/caches/modules-2/files-2.1/com.android.tools/sdklib/24.0.1/129cb79134719e5e271e9a5d02dda97e359767a7/sdklib-24.0.1.jar
7fb5d1501000-7fb5d1502000 r--s 00000000 08:01 21102679                   /home/vasanth/.gradle/caches/modules-2/files-2.1/com.android.tools.build/builder-test-api/1.0.1/ad1ed006cd1432f84d6018cae5b6c289f8b9a592/builder-test-api-1.0.1.jar
7fb5d1502000-7fb5d1504000 r--s 00003000 08:01 21102678                   /home/vasanth/.gradle/caches/modules-2/files-2.1/com.android.tools.build/builder-model/1.0.1/e48e9a3058bb3a9813248cc79bd64e0c211faa5/builder-model-1.0.1.jar
7fb5d1504000-7fb5d1505000 r--s 00002000 08:01 17826957                   /home/vasanth/android-studio/gradle/m2repository/net/sf/proguard/proguard-gradle/5.1/proguard-gradle-5.1.jar
7fb5d1505000-7fb5d1507000 r--s 00018000 08:01 21102677                   /home/vasanth/.gradle/caches/modules-2/files-2.1/com.android.tools.lint/lint/24.0.1/d014feecb7c9f4a4bba61b056ff9251c5279df24/lint-24.0.1.jar
7fb5d1507000-7fb5d150b000 r--s 00031000 08:01 21102676                   /home/vasanth/.gradle/caches/modules-2/files-2.1/com.android.tools.build/builder/1.0.1/c8d3894bf14b2754a94b5091a4a4bd84ea0aa6fc/builder-1.0.1.jar
7fb5d150b000-7fb5d151b000 r--s 00139000 08:01 21102675                   /home/vasanth/.gradle/caches/modules-2/files-2.1/com.android.tools.build/gradle/1.0.1/cd1ae9a4b885e8f07572d0f894f149533c082cc8/gradle-1.0.1.jar
7fb5d151b000-7fb5d1524000 r--s 000b9000 08:01 16387121                   /usr/lib/jvm/java-7-openjdk-amd64/jre/lib/resources.jar
7fb5d1524000-7fb5d1527000 ---p 00000000 00:00 0 
7fb5d1527000-7fb5d1625000 rw-p 00000000 00:00 0                          [stack:12037]
7fb5d1625000-7fb5d1628000 ---p 00000000 00:00 0 
7fb5d1628000-7fb5d165e000 rw-p 00000000 00:00 0 
7fb5d165e000-7fb5d165f000 r--p 00000000 00:00 0 
7fb5d165f000-7fb5d16c9000 r--s 0069e000 08:01 17959383                   /usr/lib/jvm/java-7-openjdk-amd64/lib/tools.jar
7fb5d16c9000-7fb5d16cc000 ---p 00000000 00:00 0 
7fb5d16cc000-7fb5d17ca000 rw-p 00000000 00:00 0                          [stack:12113]
7fb5d17ca000-7fb5d17d1000 r--s 00000000 08:01 16147151                   /usr/lib/x86_64-linux-gnu/gconv/gconv-modules.cache
7fb5d17d1000-7fb5d17d4000 ---p 00000000 00:00 0 
7fb5d17d4000-7fb5d18d2000 rw-p 00000000 00:00 0                          [stack:12108]
7fb5d18d2000-7fb5d18d5000 ---p 00000000 00:00 0 
7fb5d18d5000-7fb5d19d3000 rw-p 00000000 00:00 0                          [stack:12110]
7fb5d19d3000-7fb5d19d6000 ---p 00000000 00:00 0 
7fb5d19d6000-7fb5d1ad4000 rw-p 00000000 00:00 0                          [stack:12109]
7fb5d1ad4000-7fb5d1ad7000 ---p 00000000 00:00 0 
7fb5d1ad7000-7fb5d1bd5000 rw-p 00000000 00:00 0                          [stack:12107]
7fb5d1bd5000-7fb5d1bd8000 ---p 00000000 00:00 0 
7fb5d1bd8000-7fb5d1cd6000 rw-p 00000000 00:00 0                          [stack:12026]
7fb5d1cd6000-7fb5d1cda000 r-xp 00000000 08:01 26215737                   /tmp/native-platform171710967445574376dir/libnative-platform.so
7fb5d1cda000-7fb5d1ed9000 ---p 00004000 08:01 26215737                   /tmp/native-platform171710967445574376dir/libnative-platform.so
7fb5d1ed9000-7fb5d1eda000 rw-p 00003000 08:01 26215737                   /tmp/native-platform171710967445574376dir/libnative-platform.so
7fb5d1eda000-7fb5d1ede000 r--s 0004d000 08:01 16387135                   /usr/lib/jvm/java-7-openjdk-amd64/jre/lib/jsse.jar
7fb5d1ede000-7fb5d1edf000 r--s 00001000 08:01 17827129                   /home/vasanth/android-studio/gradle/gradle-2.2.1/lib/plugins/gradle-plugin-development-2.2.1.jar
7fb5d1edf000-7fb5d1ee2000 r--s 0001d000 08:01 17827197                   /home/vasanth/android-studio/gradle/gradle-2.2.1/lib/plugins/gradle-signing-2.2.1.jar
7fb5d1ee2000-7fb5d1ee4000 r--s 00002000 08:01 17827125                   /home/vasanth/android-studio/gradle/gradle-2.2.1/lib/plugins/gradle-cunit-2.2.1.jar
7fb5d1ee4000-7fb5d1ee9000 r--s 00036000 08:01 17827159                   /home/vasanth/android-studio/gradle/gradle-2.2.1/lib/plugins/gradle-ide-native-2.2.1.jar
7fb5d1ee9000-7fb5d1eee000 r--s 00013000 08:01 17827187                   /home/vasanth/android-studio/gradle/gradle-2.2.1/lib/plugins/gradle-language-native-2.2.1.jar
7fb5d1eee000-7fb5d1ef9000 r--s 0004d000 08:01 17827107                   /home/vasanth/android-studio/gradle/gradle-2.2.1/lib/plugins/gradle-platform-native-2.2.1.jar
7fb5d1ef9000-7fb5d1efb000 r--s 00008000 08:01 17827176                   /home/vasanth/android-studio/gradle/gradle-2.2.1/lib/plugins/gradle-language-groovy-2.2.1.jar
7fb5d1efb000-7fb5d1f00000 r--s 00022000 08:01 17827096                   /home/vasanth/android-studio/gradle/gradle-2.2.1/lib/plugins/gradle-language-java-2.2.1.jar
7fb5d1f00000-7fb5d1f03000 r--s 00007000 08:01 17827114                   /home/vasanth/android-studio/gradle/gradle-2.2.1/lib/plugins/gradle-language-jvm-2.2.1.jar
7fb5d1f03000-7fb5d1f06000 r--s 00009000 08:01 17827156                   /home/vasanth/android-studio/gradle/gradle-2.2.1/lib/plugins/gradle-platform-jvm-2.2.1.jar
7fb5d1f06000-7fb5d1f0b000 r--s 00018000 08:01 17827165                   /home/vasanth/android-studio/gradle/gradle-2.2.1/lib/plugins/gradle-platform-base-2.2.1.jar
7fb5d1f0b000-7fb5d1f10000 r--s 00026000 08:01 17827128                   /home/vasanth/android-studio/gradle/gradle-2.2.1/lib/plugins/gradle-build-init-2.2.1.jar
7fb5d1f10000-7fb5d1f13000 r--s 0001d000 08:01 17827152                   /home/vasanth/android-studio/gradle/gradle-2.2.1/lib/plugins/gradle-jacoco-2.2.1.jar
7fb5d1f13000-7fb5d1f16000 r--s 0000d000 08:01 17827154                   /home/vasanth/android-studio/gradle/gradle-2.2.1/lib/plugins/gradle-ivy-2.2.1.jar
7fb5d1f16000-7fb5d1f18000 r--s 00002000 08:01 17827131                   /home/vasanth/android-studio/gradle/gradle-2.2.1/lib/plugins/gradle-publish-2.2.1.jar
7fb5d1f18000-7fb5d1f1a000 r--s 00005000 08:01 17827097                   /home/vasanth/android-studio/gradle/gradle-2.2.1/lib/plugins/jatl-0.2.2.jar
7fb5d1f1a000-7fb5d1f1c000 r--s 0000f000 08:01 17827121                   /home/vasanth/android-studio/gradle/gradle-2.2.1/lib/plugins/gradle-reporting-2.2.1.jar
7fb5d1f1c000-7fb5d1f21000 r--s 00034000 08:01 17827163                   /home/vasanth/android-studio/gradle/gradle-2.2.1/lib/plugins/gradle-diagnostics-2.2.1.jar
7fb5d1f21000-7fb5d1f28000 r--s 00090000 08:01 17827170                   /home/vasanth/android-studio/gradle/gradle-2.2.1/lib/plugins/gradle-build-comparison-2.2.1.jar
7fb5d1f28000-7fb5d1f2f000 r--s 00035000 08:01 17827139                   /home/vasanth/android-studio/gradle/gradle-2.2.1/lib/plugins/simple-4.1.21.jar
7fb5d1f2f000-7fb5d1f3b000 r--s 00100000 08:01 17827198                   /home/vasanth/android-studio/gradle/gradle-2.2.1/lib/plugins/rhino-1.7R3.jar
7fb5d1f3b000-7fb5d1f40000 r--s 0001f000 08:01 17827177                   /home/vasanth/android-studio/gradle/gradle-2.2.1/lib/plugins/gradle-javascript-2.2.1.jar
7fb5d1f40000-7fb5d1f42000 r--s 0000e000 08:01 17827126                   /home/vasanth/android-studio/gradle/gradle-2.2.1/lib/plugins/gradle-ear-2.2.1.jar
7fb5d1f42000-7fb5d1f46000 r--s 00025000 08:01 17827195                   /home/vasanth/android-studio/gradle/gradle-2.2.1/lib/plugins/bcpg-jdk15-1.46.jar
7fb5d1f46000-7fb5d1f49000 r--s 00018000 08:01 17827199                   /home/vasanth/android-studio/gradle/gradle-2.2.1/lib/plugins/gradle-sonar-2.2.1.jar
7fb5d1f49000-7fb5d1f4c000 r--s 00017000 08:01 17827134                   /home/vasanth/android-studio/gradle/gradle-2.2.1/lib/plugins/gradle-scala-2.2.1.jar
7fb5d1f4c000-7fb5d1f4d000 r--s 00006000 08:01 17827169                   /home/vasanth/android-studio/gradle/gradle-2.2.1/lib/plugins/jetty-naming-6.1.25.jar
7fb5d1f4d000-7fb5d1f4e000 r--s 00002000 08:01 17827150                   /home/vasanth/android-studio/gradle/gradle-2.2.1/lib/plugins/geronimo-annotation_1.0_spec-1.0.jar
7fb5d1f4e000-7fb5d1f4f000 r--s 00002000 08:01 17827171                   /home/vasanth/android-studio/gradle/gradle-2.2.1/lib/plugins/sonar-batch-bootstrapper-2.9.jar
7fb5d1f4f000-7fb5d1f51000 r--s 0000e000 08:01 17827099                   /home/vasanth/android-studio/gradle/gradle-2.2.1/lib/plugins/gradle-announce-2.2.1.jar
7fb5d1f51000-7fb5d1f5f000 r--s 000bc000 08:01 17827193                   /home/vasanth/android-studio/gradle/gradle-2.2.1/lib/plugins/gradle-ide-2.2.1.jar
7fb5d1f5f000-7fb5d1f61000 r--s 00000000 08:01 17827133                   /home/vasanth/android-studio/gradle/gradle-2.2.1/lib/plugins/plexus-component-annotations-1.5.2.jar
7fb5d1f61000-7fb5d1f64000 r--s 0000c000 08:01 17827110                   /home/vasanth/android-studio/gradle/gradle-2.2.1/lib/plugins/pmaven-groovy-0.8-20100325.jar
7fb5d1f64000-7fb5d1f65000 r--s 00004000 08:01 17827157                   /home/vasanth/android-studio/gradle/gradle-2.2.1/lib/plugins/pmaven-common-0.8-20100325.jar
7fb5d1f65000-7fb5d1f69000 r--s 0001e000 08:01 17827112                   /home/vasanth/android-studio/gradle/gradle-2.2.1/lib/plugins/gradle-maven-2.2.1.jar
7fb5d1f69000-7fb5d1f81000 r--s 0013b000 08:01 17827143                   /home/vasanth/android-studio/gradle/gradle-2.2.1/lib/plugins/bndlib-2.1.0.jar
7fb5d1f81000-7fb5d1f83000 r--s 00004000 08:01 17827160                   /home/vasanth/android-studio/gradle/gradle-2.2.1/lib/plugins/gradle-osgi-2.2.1.jar
7fb5d1f83000-7fb5d1f88000 r--s 00068000 08:01 17827146                   /home/vasanth/android-studio/gradle/gradle-2.2.1/lib/plugins/antlr-2.7.7.jar
7fb5d1f88000-7fb5d1f89000 r--s 00002000 08:01 17827174                   /home/vasanth/android-studio/gradle/gradle-2.2.1/lib/plugins/ant-antlr-1.9.3.jar
7fb5d1f89000-7fb5d1f8b000 r--s 00004000 08:01 17827181                   /home/vasanth/android-studio/gradle/gradle-2.2.1/lib/plugins/gradle-antlr-2.2.1.jar
7fb5d1f8b000-7fb5d1f8e000 r--s 0001e000 08:01 17827141                   /home/vasanth/android-studio/gradle/gradle-2.2.1/lib/plugins/jsp-api-2.1-6.1.14.jar
7fb5d1f8e000-7fb5d1fb1000 r--s 00344000 08:01 17827103                   /home/vasanth/android-studio/gradle/gradle-2.2.1/lib/plugins/core-3.1.1.jar
7fb5d1fb1000-7fb5d1fb3000 r--s 00002000 08:01 17827132                   /home/vasanth/android-studio/gradle/gradle-2.2.1/lib/plugins/jetty-annotations-6.1.25.jar
7fb5d1fb3000-7fb5d1fc4000 r--s 000ea000 08:01 17827178                   /home/vasanth/android-studio/gradle/gradle-2.2.1/lib/plugins/jsp-2.1-6.1.14.jar
7fb5d1fc4000-7fb5d1fc6000 r--s 0000d000 08:01 17827113                   /home/vasanth/android-studio/gradle/gradle-2.2.1/lib/plugins/jetty-plus-6.1.25.jar
7fb5d1fc6000-7fb5d1fc8000 r--s 0001f000 08:01 17827138                   /home/vasanth/android-studio/gradle/gradle-2.2.1/lib/plugins/servlet-api-2.5-20081211.jar
7fb5d1fc8000-7fb5d1fcc000 r--s 00028000 08:01 17827151                   /home/vasanth/android-studio/gradle/gradle-2.2.1/lib/plugins/jetty-util-6.1.25.jar
7fb5d1fcc000-7fb5d1fd3000 r--s 0007d000 08:01 17827109                   /home/vasanth/android-studio/gradle/gradle-2.2.1/lib/plugins/jetty-6.1.25.jar
7fb5d1fd3000-7fb5d1fd5000 r--s 00009000 08:01 17827127                   /home/vasanth/android-studio/gradle/gradle-2.2.1/lib/plugins/gradle-jetty-2.2.1.jar
7fb5d1fd5000-7fb5d1fda000 r--s 00041000 08:01 17827188                   /home/vasanth/android-studio/gradle/gradle-2.2.1/lib/plugins/gradle-code-quality-2.2.1.jar
7fb5d1fda000-7fb5d1fdc000 r--s 00009000 08:01 17827142                   /home/vasanth/android-studio/gradle/gradle-2.2.1/lib/plugins/hamcrest-core-1.3.jar
7fb5d1fdc000-7fb5d1fe2000 r--s 00033000 08:01 17827149                   /home/vasanth/android-studio/gradle/gradle-2.2.1/lib/plugins/snakeyaml-1.6.jar
7fb5d1fe2000-7fb5d1fe4000 r--s 00006000 08:01 17827135                   /home/vasanth/android-studio/gradle/gradle-2.2.1/lib/plugins/jcommander-1.12.jar
7fb5d1fe4000-7fb5d1fe9000 r--s 00040000 08:01 17827137                   /home/vasanth/android-studio/gradle/gradle-2.2.1/lib/plugins/bsh-2.0b4.jar
7fb5d1fe9000-7fb5d1feb000 r--s 00009000 08:01 17827140                   /home/vasanth/android-studio/gradle/gradle-2.2.1/lib/plugins/commons-cli-1.2.jar
7fb5d1feb000-7fb5d1ff4000 r--s 00089000 08:01 17827095                   /home/vasanth/android-studio/gradle/gradle-2.2.1/lib/plugins/testng-6.3.1.jar
7fb5d1ff4000-7fb5d1ffa000 r--s 00036000 08:01 17827183                   /home/vasanth/android-studio/gradle/gradle-2.2.1/lib/plugins/junit-4.11.jar
7fb5d1ffa000-7fb5d2006000 r--s 00075000 08:01 17827173                   /home/vasanth/android-studio/gradle/gradle-2.2.1/lib/plugins/gradle-plugins-2.2.1.jar
7fb5d2006000-7fb5d2009000 r--s 00011000 08:01 17827161                   /home/vasanth/android-studio/gradle/gradle-2.2.1/lib/plugins/gradle-plugin-use-2.2.1.jar
7fb5d2009000-7fb5d2021000 r--s 00115000 08:01 17827196                   /home/vasanth/android-studio/gradle/gradle-2.2.1/lib/plugins/xercesImpl-2.9.1.jar
7fb5d2021000-7fb5d2029000 r--s 00028000 08:01 17827144                   /home/vasanth/android-studio/gradle/gradle-2.2.1/lib/plugins/xml-apis-1.3.04.jar
7fb5d2029000-7fb5d202f000 r--s 0005b000 08:01 17827111                   /home/vasanth/android-studio/gradle/gradle-2.2.1/lib/plugins/jcifs-1.3.17.jar
7fb5d202f000-7fb5d2035000 r--s 00031000 08:01 17827179                   /home/vasanth/android-studio/gradle/gradle-2.2.1/lib/plugins/httpcore-4.2.2.jar
7fb5d2035000-7fb5d203b000 r--s 00033000 08:01 17827098                   /home/vasanth/android-studio/gradle/gradle-2.2.1/lib/plugins/commons-codec-1.6.jar
7fb5d203b000-7fb5d203e000 r--s 0001c000 08:01 17827182                   /home/vasanth/android-studio/gradle/gradle-2.2.1/lib/plugins/nekohtml-1.9.14.jar
7fb5d203e000-7fb5d2047000 r--s 00060000 08:01 17827120                   /home/vasanth/android-studio/gradle/gradle-2.2.1/lib/plugins/httpclient-4.2.2.jar
7fb5d2047000-7fb5d2049000 r--s 00007000 08:01 17827162                   /home/vasanth/android-studio/gradle/gradle-2.2.1/lib/plugins/gradle-resources-http-2.2.1.jar
7fb5d2049000-7fb5d2071000 r--s 00194000 08:01 17827184                   /home/vasanth/android-studio/gradle/gradle-2.2.1/lib/plugins/bcprov-jdk15-1.46.jar
7fb5d2071000-7fb5d2075000 r--s 0001d000 08:01 17827117                   /home/vasanth/android-studio/gradle/gradle-2.2.1/lib/plugins/xbean-reflect-3.4.jar
7fb5d2075000-7fb5d207a000 r--s 0002a000 08:01 17827192                   /home/vasanth/android-studio/gradle/gradle-2.2.1/lib/plugins/gson-2.2.4.jar
7fb5d207a000-7fb5d207e000 r--s 0003d000 08:01 17827108                   /home/vasanth/android-studio/gradle/gradle-2.2.1/lib/plugins/jsch-0.1.51.jar
7fb5d207e000-7fb5d2097000 r--s 00129000 08:01 17827116                   /home/vasanth/android-studio/gradle/gradle-2.2.1/lib/plugins/maven-ant-tasks-2.1.3.jar
7fb5d2097000-7fb5d20a6000 r--s 000d9000 08:01 17827189                   /home/vasanth/android-studio/gradle/gradle-2.2.1/lib/plugins/ivy-2.2.0.jar
7fb5d20a6000-7fb5d20aa000 r--s 0001e000 08:01 17827158                   /home/vasanth/android-studio/gradle/gradle-2.2.1/lib/plugins/jarjar-aether-impl-1.13.1.jar
7fb5d20aa000-7fb5d20ad000 r--s 00027000 08:01 17827118                   /home/vasanth/android-studio/gradle/gradle-2.2.1/lib/plugins/jarjar-maven-model-3.0.4.jar
7fb5d20ad000-7fb5d20b0000 r--s 0000b000 08:01 17827186                   /home/vasanth/android-studio/gradle/gradle-2.2.1/lib/plugins/jarjar-maven-artifact-3.0.4.jar
7fb5d20b0000-7fb5d20b4000 r--s 0001e000 08:01 17827115                   /home/vasanth/android-studio/gradle/gradle-2.2.1/lib/plugins/jarjar-aether-util-1.13.1.jar
7fb5d20b4000-7fb5d20b6000 r--s 00007000 08:01 17827122                   /home/vasanth/android-studio/gradle/gradle-2.2.1/lib/plugins/jarjar-wagon-http-shared4-2.4.jar
7fb5d20b6000-7fb5d20c3000 r--s 00083000 08:01 17827167                   /home/vasanth/android-studio/gradle/gradle-2.2.1/lib/plugins/jarjar-maven-core-3.0.4.jar
7fb5d20c3000-7fb5d20c5000 r--s 00003000 08:01 17827148                   /home/vasanth/android-studio/gradle/gradle-2.2.1/lib/plugins/jarjar-aether-spi-1.13.1.jar
7fb5d20c5000-7fb5d20c7000 r--s 00009000 08:01 17827104                   /home/vasanth/android-studio/gradle/gradle-2.2.1/lib/plugins/jarjar-maven-settings-builder-3.0.4.jar
7fb5d20c7000-7fb5d20cb000 r--s 00014000 08:01 17827200                   /home/vasanth/android-studio/gradle/gradle-2.2.1/lib/plugins/jarjar-aether-api-1.13.1.jar
7fb5d20cb000-7fb5d20cc000 r--s 00002000 08:01 17827130                   /home/vasanth/android-studio/gradle/gradle-2.2.1/lib/plugins/jarjar-wagon-http-2.4.jar
7fb5d20cc000-7fb5d20d3000 r--s 00042000 08:01 17827119                   /home/vasanth/android-studio/gradle/gradle-2.2.1/lib/plugins/jarjar-maven-compat-3.0.4.jar
7fb5d20d3000-7fb5d20d5000 r--s 00006000 08:01 17827164                   /home/vasanth/android-studio/gradle/gradle-2.2.1/lib/plugins/jarjar-aether-connector-wagon-1.13.1.jar
7fb5d20d5000-7fb5d20d7000 r--s 00000000 08:01 17827136                   /home/vasanth/android-studio/gradle/gradle-2.2.1/lib/plugins/jarjar-plexus-component-annotations-1.5.5.jar
7fb5d20d7000-7fb5d20d9000 r--s 00006000 08:01 17827175                   /home/vasanth/android-studio/gradle/gradle-2.2.1/lib/plugins/jarjar-plexus-sec-dispatcher-1.3.jar
7fb5d20d9000-7fb5d20de000 r--s 00022000 08:01 17827180                   /home/vasanth/android-studio/gradle/gradle-2.2.1/lib/plugins/jarjar-maven-model-builder-3.0.4.jar
7fb5d20de000-7fb5d20e0000 r--s 0000b000 08:01 17827145                   /home/vasanth/android-studio/gradle/gradle-2.2.1/lib/plugins/jarjar-maven-plugin-api-3.0.4.jar
7fb5d20e0000-7fb5d20e3000 r--s 0000a000 08:01 17827100                   /home/vasanth/android-studio/gradle/gradle-2.2.1/lib/plugins/jarjar-plexus-classworlds-2.4.jar
7fb5d20e3000-7fb5d20e7000 r--s 00035000 08:01 17827190                   /home/vasanth/android-studio/gradle/gradle-2.2.1/lib/plugins/jarjar-plexus-utils-2.0.6.jar
7fb5d20e7000-7fb5d20e9000 r--s 0000e000 08:01 17827123                   /home/vasanth/android-studio/gradle/gradle-2.2.1/lib/plugins/jarjar-plexus-interpolation-1.14.jar
7fb5d20e9000-7fb5d20eb000 r--s 00002000 08:01 17827153                   /home/vasanth/android-studio/gradle/gradle-2.2.1/lib/plugins/jarjar-plexus-cipher-1.7.jar
7fb5d20eb000-7fb5d20ed000 r--s 0000c000 08:01 17827166                   /home/vasanth/android-studio/gradle/gradle-2.2.1/lib/plugins/jarjar-wagon-provider-api-2.4.jar
7fb5d20ed000-7fb5d20f5000 r--s 00031000 08:01 17827124                   /home/vasanth/android-studio/gradle/gradle-2.2.1/lib/plugins/jarjar-plexus-container-default-1.5.5.jar
7fb5d20f5000-7fb5d2105000 r-xp 00000000 08:01 16387145                   /usr/lib/jvm/java-7-openjdk-amd64/jre/lib/amd64/libnio.so
7fb5d2105000-7fb5d2305000 ---p 00010000 08:01 16387145                   /usr/lib/jvm/java-7-openjdk-amd64/jre/lib/amd64/libnio.so
7fb5d2305000-7fb5d2306000 r--p 00010000 08:01 16387145                   /usr/lib/jvm/java-7-openjdk-amd64/jre/lib/amd64/libnio.so
7fb5d2306000-7fb5d2307000 rw-p 00011000 08:01 16387145                   /usr/lib/jvm/java-7-openjdk-amd64/jre/lib/amd64/libnio.so
7fb5d2307000-7fb5d2338000 rw-p 00000000 00:00 0 
7fb5d2338000-7fb5d2375000 r-xp 00000000 08:01 4198346                    /lib/x86_64-linux-gnu/libpcre.so.3.13.1
7fb5d2375000-7fb5d2574000 ---p 0003d000 08:01 4198346                    /lib/x86_64-linux-gnu/libpcre.so.3.13.1
7fb5d2574000-7fb5d2575000 r--p 0003c000 08:01 4198346                    /lib/x86_64-linux-gnu/libpcre.so.3.13.1
7fb5d2575000-7fb5d2576000 rw-p 0003d000 08:01 4198346                    /lib/x86_64-linux-gnu/libpcre.so.3.13.1
7fb5d2576000-7fb5d257d000 r-xp 00000000 08:01 15736616                   /usr/lib/x86_64-linux-gnu/libffi.so.6.0.1
7fb5d257d000-7fb5d277c000 ---p 00007000 08:01 15736616                   /usr/lib/x86_64-linux-gnu/libffi.so.6.0.1
7fb5d277c000-7fb5d277d000 r--p 00006000 08:01 15736616                   /usr/lib/x86_64-linux-gnu/libffi.so.6.0.1
7fb5d277d000-7fb5d277e000 rw-p 00007000 08:01 15736616                   /usr/lib/x86_64-linux-gnu/libffi.so.6.0.1
7fb5d277e000-7fb5d2795000 r-xp 00000000 08:01 4196930                    /lib/x86_64-linux-gnu/libresolv-2.19.so
7fb5d2795000-7fb5d2995000 ---p 00017000 08:01 4196930                    /lib/x86_64-linux-gnu/libresolv-2.19.so
7fb5d2995000-7fb5d2996000 r--p 00017000 08:01 4196930                    /lib/x86_64-linux-gnu/libresolv-2.19.so
7fb5d2996000-7fb5d2997000 rw-p 00018000 08:01 4196930                    /lib/x86_64-linux-gnu/libresolv-2.19.so
7fb5d2997000-7fb5d2999000 rw-p 00000000 00:00 0 
7fb5d2999000-7fb5d29b9000 r-xp 00000000 08:01 4198941                    /lib/x86_64-linux-gnu/libselinux.so.1
7fb5d29b9000-7fb5d2bb8000 ---p 00020000 08:01 4198941                    /lib/x86_64-linux-gnu/libselinux.so.1
7fb5d2bb8000-7fb5d2bb9000 r--p 0001f000 08:01 4198941                    /lib/x86_64-linux-gnu/libselinux.so.1
7fb5d2bb9000-7fb5d2bba000 rw-p 00020000 08:01 4198941                    /lib/x86_64-linux-gnu/libselinux.so.1
7fb5d2bba000-7fb5d2bbc000 rw-p 00000000 00:00 0 
7fb5d2bbc000-7fb5d2bbf000 r-xp 00000000 08:01 15729004                   /usr/lib/x86_64-linux-gnu/libgmodule-2.0.so.0.4002.0
7fb5d2bbf000-7fb5d2dbe000 ---p 00003000 08:01 15729004                   /usr/lib/x86_64-linux-gnu/libgmodule-2.0.so.0.4002.0
7fb5d2dbe000-7fb5d2dbf000 r--p 00002000 08:01 15729004                   /usr/lib/x86_64-linux-gnu/libgmodule-2.0.so.0.4002.0
7fb5d2dbf000-7fb5d2dc0000 rw-p 00003000 08:01 15729004                   /usr/lib/x86_64-linux-gnu/libgmodule-2.0.so.0.4002.0
7fb5d2dc0000-7fb5d2ec6000 r-xp 00000000 08:01 4218194                    /lib/x86_64-linux-gnu/libglib-2.0.so.0.4002.0
7fb5d2ec6000-7fb5d30c5000 ---p 00106000 08:01 4218194                    /lib/x86_64-linux-gnu/libglib-2.0.so.0.4002.0
7fb5d30c5000-7fb5d30c6000 r--p 00105000 08:01 4218194                    /lib/x86_64-linux-gnu/libglib-2.0.so.0.4002.0
7fb5d30c6000-7fb5d30c7000 rw-p 00106000 08:01 4218194                    /lib/x86_64-linux-gnu/libglib-2.0.so.0.4002.0
7fb5d30c7000-7fb5d30c8000 rw-p 00000000 00:00 0 
7fb5d30c8000-7fb5d3117000 r-xp 00000000 08:01 15729022                   /usr/lib/x86_64-linux-gnu/libgobject-2.0.so.0.4002.0
7fb5d3117000-7fb5d3317000 ---p 0004f000 08:01 15729022                   /usr/lib/x86_64-linux-gnu/libgobject-2.0.so.0.4002.0
7fb5d3317000-7fb5d3318000 r--p 0004f000 08:01 15729022                   /usr/lib/x86_64-linux-gnu/libgobject-2.0.so.0.4002.0
7fb5d3318000-7fb5d3319000 rw-p 00050000 08:01 15729022                   /usr/lib/x86_64-linux-gnu/libgobject-2.0.so.0.4002.0
7fb5d3319000-7fb5d3485000 r-xp 00000000 08:01 15729026                   /usr/lib/x86_64-linux-gnu/libgio-2.0.so.0.4002.0
7fb5d3485000-7fb5d3684000 ---p 0016c000 08:01 15729026                   /usr/lib/x86_64-linux-gnu/libgio-2.0.so.0.4002.0
7fb5d3684000-7fb5d3688000 r--p 0016b000 08:01 15729026                   /usr/lib/x86_64-linux-gnu/libgio-2.0.so.0.4002.0
7fb5d3688000-7fb5d368a000 rw-p 0016f000 08:01 15729026                   /usr/lib/x86_64-linux-gnu/libgio-2.0.so.0.4002.0
7fb5d368a000-7fb5d368c000 rw-p 00000000 00:00 0 
7fb5d368c000-7fb5d368e000 r--s 0000d000 08:01 17827172                   /home/vasanth/android-studio/gradle/gradle-2.2.1/lib/plugins/jarjar-maven-aether-provider-3.0.4.jar
7fb5d368e000-7fb5d368f000 r--s 00007000 08:01 17827147                   /home/vasanth/android-studio/gradle/gradle-2.2.1/lib/plugins/jarjar-maven-repository-metadata-3.0.4.jar
7fb5d368f000-7fb5d3690000 r--s 0000b000 08:01 17827185                   /home/vasanth/android-studio/gradle/gradle-2.2.1/lib/plugins/jarjar-maven-settings-3.0.4.jar
7fb5d3690000-7fb5d36a8000 r--s 000b5000 08:01 17827155                   /home/vasanth/android-studio/gradle/gradle-2.2.1/lib/plugins/gradle-dependency-management-2.2.1.jar
7fb5d36a8000-7fb5d36bf000 r-xp 00000000 08:01 16387149                   /usr/lib/jvm/java-7-openjdk-amd64/jre/lib/amd64/libnet.so
7fb5d36bf000-7fb5d38be000 ---p 00017000 08:01 16387149                   /usr/lib/jvm/java-7-openjdk-amd64/jre/lib/amd64/libnet.so
7fb5d38be000-7fb5d38bf000 r--p 00016000 08:01 16387149                   /usr/lib/jvm/java-7-openjdk-amd64/jre/lib/amd64/libnet.so
7fb5d38bf000-7fb5d38c0000 rw-p 00017000 08:01 16387149                   /usr/lib/jvm/java-7-openjdk-amd64/jre/lib/amd64/libnet.so
7fb5d38c0000-7fb5d38c1000 r--s 00005000 08:01 17698492                   /home/vasanth/android-studio/gradle/gradle-2.2.1/lib/gradle-wrapper-2.2.1.jar
7fb5d38c1000-7fb5d38ca000 r--s 0002c000 08:01 17698476                   /home/vasanth/android-studio/gradle/gradle-2.2.1/lib/gradle-tooling-api-2.2.1.jar
7fb5d38ca000-7fb5d38cc000 r--s 00002000 08:01 17698468                   /home/vasanth/android-studio/gradle/gradle-2.2.1/lib/gradle-open-api-2.2.1.jar
7fb5d38cc000-7fb5d38d2000 r--s 00032000 08:01 17698487                   /home/vasanth/android-studio/gradle/gradle-2.2.1/lib/jaxen-1.1.jar
7fb5d38d2000-7fb5d38d7000 r--s 00048000 08:01 17698453                   /home/vasanth/android-studio/gradle/gradle-2.2.1/lib/dom4j-1.6.1.jar
7fb5d38d7000-7fb5d38e2000 r--s 00059000 08:01 17698477                   /home/vasanth/android-studio/gradle/gradle-2.2.1/lib/gradle-ui-2.2.1.jar
7fb5d38e2000-7fb5d38e4000 r--s 00006000 08:01 17698488                   /home/vasanth/android-studio/gradle/gradle-2.2.1/lib/gradle-resources-2.2.1.jar
7fb5d38e4000-7fb5d38e6000 r--s 00007000 08:01 17698479                   /home/vasanth/android-studio/gradle/gradle-2.2.1/lib/objenesis-1.2.jar
7fb5d38e6000-7fb5d38e8000 r--s 00000000 08:01 17698445                   /home/vasanth/android-studio/gradle/gradle-2.2.1/lib/minlog-1.2.jar
7fb5d38e8000-7fb5d38ea000 r--s 0000f000 08:01 17698460                   /home/vasanth/android-studio/gradle/gradle-2.2.1/lib/reflectasm-1.07-shaded.jar
7fb5d38ea000-7fb5d38ee000 r--s 00026000 08:01 17698459                   /home/vasanth/android-studio/gradle/gradle-2.2.1/lib/kryo-2.20.jar
7fb5d38ee000-7fb5d38f7000 r--s 00039000 08:01 17698451                   /home/vasanth/android-studio/gradle/gradle-2.2.1/lib/gradle-messaging-2.2.1.jar
7fb5d38f7000-7fb5d38f8000 r--s 00003000 08:01 17698485                   /home/vasanth/android-studio/gradle/gradle-2.2.1/lib/native-platform-freebsd-amd64-0.10.jar
7fb5d38f8000-7fb5d38f9000 r--s 00003000 08:01 17698486                   /home/vasanth/android-studio/gradle/gradle-2.2.1/lib/native-platform-freebsd-i386-0.10.jar
7fb5d38f9000-7fb5d38fa000 r--s 00005000 08:01 17698443                   /home/vasanth/android-studio/gradle/gradle-2.2.1/lib/native-platform-windows-i386-0.10.jar
7fb5d38fa000-7fb5d38fb000 r--s 00005000 08:01 17698458                   /home/vasanth/android-studio/gradle/gradle-2.2.1/lib/native-platform-windows-amd64-0.10.jar
7fb5d38fb000-7fb5d38fc000 r--s 00003000 08:01 17698481                   /home/vasanth/android-studio/gradle/gradle-2.2.1/lib/native-platform-linux-i386-0.10.jar
7fb5d38fc000-7fb5d38fd000 r--s 00003000 08:01 17698472                   /home/vasanth/android-studio/gradle/gradle-2.2.1/lib/native-platform-linux-amd64-0.10.jar
7fb5d38fd000-7fb5d38fe000 r--s 00002000 08:01 17698482                   /home/vasanth/android-studio/gradle/gradle-2.2.1/lib/native-platform-osx-amd64-0.10.jar
7fb5d38fe000-7fb5d38ff000 r--s 00002000 08:01 17698475                   /home/vasanth/android-studio/gradle/gradle-2.2.1/lib/native-platform-osx-i386-0.10.jar
7fb5d38ff000-7fb5d3901000 r--s 00008000 08:01 17698442                   /home/vasanth/android-studio/gradle/gradle-2.2.1/lib/jansi-1.2.1.jar
7fb5d3901000-7fb5d3904000 r--s 0000d000 08:01 17698470                   /home/vasanth/android-studio/gradle/gradle-2.2.1/lib/native-platform-0.10.jar
7fb5d3904000-7fb5d3908000 r--s 000e4000 08:01 17698490                   /home/vasanth/android-studio/gradle/gradle-2.2.1/lib/jna-3.2.7.jar
7fb5d3908000-7fb5d390a000 r--s 00008000 08:01 17698463                   /home/vasanth/android-studio/gradle/gradle-2.2.1/lib/gradle-native-2.2.1.jar
7fb5d390a000-7fb5d390c000 r--s 00005000 08:01 17698461                   /home/vasanth/android-studio/gradle/gradle-2.2.1/lib/gradle-cli-2.2.1.jar
7fb5d390c000-7fb5d390e000 r--s 00003000 08:01 17698462                   /home/vasanth/android-studio/gradle/gradle-2.2.1/lib/gradle-base-services-groovy-2.2.1.jar
7fb5d390e000-7fb5d3910000 r--s 0000a000 08:01 17698474                   /home/vasanth/android-studio/gradle/gradle-2.2.1/lib/gradle-model-groovy-2.2.1.jar
7fb5d3910000-7fb5d3914000 r--s 0001b000 08:01 17698440                   /home/vasanth/android-studio/gradle/gradle-2.2.1/lib/gradle-model-core-2.2.1.jar
7fb5d3914000-7fb5d3915000 r--s 00000000 08:01 17698447                   /home/vasanth/android-studio/gradle/gradle-2.2.1/lib/gradle-docs-2.2.1.jar
7fb5d3915000-7fb5d3917000 r--s 00003000 08:01 17698478                   /home/vasanth/android-studio/gradle/gradle-2.2.1/lib/jcl-over-slf4j-1.7.7.jar
7fb5d3917000-7fb5d3918000 r--s 00005000 08:01 17698464                   /home/vasanth/android-studio/gradle/gradle-2.2.1/lib/log4j-over-slf4j-1.7.7.jar
7fb5d3918000-7fb5d391e000 r--s 0003b000 08:01 17698484                   /home/vasanth/android-studio/gradle/gradle-2.2.1/lib/logback-classic-1.0.13.jar
7fb5d391e000-7fb5d4000000 r--p 00000000 08:01 15735379                   /usr/lib/locale/locale-archive
7fb5d4000000-7fb5d4021000 rw-p 00000000 00:00 0 
7fb5d4021000-7fb5d8000000 ---p 00000000 00:00 0 
7fb5d8000000-7fb5d8021000 rw-p 00000000 00:00 0 
7fb5d8021000-7fb5dc000000 ---p 00000000 00:00 0 
7fb5dc000000-7fb5dc021000 rw-p 00000000 00:00 0 
7fb5dc021000-7fb5e0000000 ---p 00000000 00:00 0 
7fb5e0000000-7fb5e0021000 rw-p 00000000 00:00 0 
7fb5e0021000-7fb5e4000000 ---p 00000000 00:00 0 
7fb5e4000000-7fb5e4022000 rw-p 00000000 00:00 0 
7fb5e4022000-7fb5e8000000 ---p 00000000 00:00 0 
7fb5e8000000-7fb5e8021000 rw-p 00000000 00:00 0 
7fb5e8021000-7fb5ec000000 ---p 00000000 00:00 0 
7fb5ec000000-7fb5f0000000 rw-p 00000000 00:00 0 
7fb5f0000000-7fb5f0029000 rw-p 00000000 00:00 0 
7fb5f0029000-7fb5f4000000 ---p 00000000 00:00 0 
7fb5f4000000-7fb5f4001000 r--s 00000000 08:01 17698457                   /home/vasanth/android-studio/gradle/gradle-2.2.1/lib/javax.inject-1.jar
7fb5f4001000-7fb5f4004000 r--s 0001b000 08:01 17698466                   /home/vasanth/android-studio/gradle/gradle-2.2.1/lib/jarjar-1.3.jar
7fb5f4004000-7fb5f400e000 r--s 0005d000 08:01 17698449                   /home/vasanth/android-studio/gradle/gradle-2.2.1/lib/logback-core-1.0.13.jar
7fb5f400e000-7fb5f4079000 r--s 00685000 08:01 17698444                   /home/vasanth/android-studio/gradle/gradle-2.2.1/lib/groovy-all-2.3.6.jar
7fb5f4079000-7fb5f40a1000 r--s 001cf000 08:01 17698465                   /home/vasanth/android-studio/gradle/gradle-2.2.1/lib/guava-jdk5-17.0.jar
7fb5f40a1000-7fb5f40c0000 r--s 001cc000 08:01 17698491                   /home/vasanth/android-studio/gradle/gradle-2.2.1/lib/ant-1.9.3.jar
7fb5f40c0000-7fb5f40f1000 r--s 00191000 08:01 17698439                   /home/vasanth/android-studio/gradle/gradle-2.2.1/lib/gradle-core-2.2.1.jar
7fb5f40f1000-7fb5f40f2000 ---p 00000000 00:00 0 
7fb5f40f2000-7fb5f41f2000 rw-p 00000000 00:00 0                          [stack:12025]
7fb5f41f2000-7fb5f41f5000 ---p 00000000 00:00 0 
7fb5f41f5000-7fb5f42f3000 rw-p 00000000 00:00 0                          [stack:12024]
7fb5f42f3000-7fb5f42f6000 ---p 00000000 00:00 0 
7fb5f42f6000-7fb5f43f4000 rw-p 00000000 00:00 0                          [stack:12023]
7fb5f43f4000-7fb5f43f7000 ---p 00000000 00:00 0 
7fb5f43f7000-7fb5f44f5000 rw-p 00000000 00:00 0                          [stack:12022]
7fb5f44f5000-7fb5f44f8000 ---p 00000000 00:00 0 
7fb5f44f8000-7fb5f45f6000 rw-p 00000000 00:00 0                          [stack:12021]
7fb5f45f6000-7fb5f45f9000 ---p 00000000 00:00 0 
7fb5f45f9000-7fb5f46f7000 rw-p 00000000 00:00 0                          [stack:12020]
7fb5f46f7000-7fb5f46fa000 ---p 00000000 00:00 0 
7fb5f46fa000-7fb5f47f8000 rw-p 00000000 00:00 0                          [stack:12019]
7fb5f47f8000-7fb5f47f9000 ---p 00000000 00:00 0 
7fb5f47f9000-7fb5f5000000 rw-p 00000000 00:00 0                          [stack:12018]
7fb5f5000000-7fb5f5500000 rwxp 00000000 00:00 0 
7fb5f5500000-7fb5f8a20000 rw-p 00000000 00:00 0 
7fb5f8a20000-7fb5fc000000 ---p 00000000 00:00 0 
7fb5fc000000-7fb5fc002000 r--s 00000000 08:01 17698480                   /home/vasanth/android-studio/gradle/gradle-2.2.1/lib/jul-to-slf4j-1.7.7.jar
7fb5fc002000-7fb5fc007000 r--s 00041000 08:01 17698454                   /home/vasanth/android-studio/gradle/gradle-2.2.1/lib/commons-lang-2.6.jar
7fb5fc007000-7fb5fc015000 r--s 0007f000 08:01 17698450                   /home/vasanth/android-studio/gradle/gradle-2.2.1/lib/commons-collections-3.2.1.jar
7fb5fc015000-7fb5fc90b000 rw-p 00000000 00:00 0 
7fb5fc90b000-7fb5fcabd000 r--s 01d23000 08:01 16387119                   /usr/lib/jvm/java-7-openjdk-amd64/jre/lib/rt.jar
7fb5fcabd000-7fb5fcfde000 rw-p 00000000 00:00 0 
7fb5fcfde000-7fb5fcfdf000 ---p 00000000 00:00 0 
7fb5fcfdf000-7fb5fd0df000 rw-p 00000000 00:00 0                          [stack:12017]
7fb5fd0df000-7fb5fd0e0000 ---p 00000000 00:00 0 
7fb5fd0e0000-7fb5fd1e0000 rw-p 00000000 00:00 0                          [stack:12016]
7fb5fd1e0000-7fb5fd1e1000 ---p 00000000 00:00 0 
7fb5fd1e1000-7fb5fd2e1000 rw-p 00000000 00:00 0                          [stack:12015]
7fb5fd2e1000-7fb5fd2e2000 ---p 00000000 00:00 0 
7fb5fd2e2000-7fb5fd40f000 rw-p 00000000 00:00 0                          [stack:12014]
7fb5fd40f000-7fb5fd5e2000 rw-p 00000000 00:00 0 
7fb5fd5e2000-7fb5fd61f000 rw-p 00000000 00:00 0 
7fb5fd61f000-7fb5fd738000 rw-p 00000000 00:00 0 
7fb5fd738000-7fb5fd765000 rw-p 00000000 00:00 0 
7fb5fd765000-7fb5fd938000 rw-p 00000000 00:00 0 
7fb5fd938000-7fb5fd975000 rw-p 00000000 00:00 0 
7fb5fd975000-7fb5fda8d000 rw-p 00000000 00:00 0 
7fb5fda8d000-7fb5fdb38000 rw-p 00000000 00:00 0 
7fb5fdb38000-7fb5fdb39000 rw-p 00000000 00:00 0 
7fb5fdb39000-7fb5fdb41000 r-xp 00000000 08:01 16387171                   /usr/lib/jvm/java-7-openjdk-amd64/jre/lib/amd64/libzip.so
7fb5fdb41000-7fb5fdd40000 ---p 00008000 08:01 16387171                   /usr/lib/jvm/java-7-openjdk-amd64/jre/lib/amd64/libzip.so
7fb5fdd40000-7fb5fdd41000 r--p 00007000 08:01 16387171                   /usr/lib/jvm/java-7-openjdk-amd64/jre/lib/amd64/libzip.so
7fb5fdd41000-7fb5fdd42000 rw-p 00008000 08:01 16387171                   /usr/lib/jvm/java-7-openjdk-amd64/jre/lib/amd64/libzip.so
7fb5fdd42000-7fb5fdd4d000 r-xp 00000000 08:01 4196934                    /lib/x86_64-linux-gnu/libnss_files-2.19.so
7fb5fdd4d000-7fb5fdf4c000 ---p 0000b000 08:01 4196934                    /lib/x86_64-linux-gnu/libnss_files-2.19.so
7fb5fdf4c000-7fb5fdf4d000 r--p 0000a000 08:01 4196934                    /lib/x86_64-linux-gnu/libnss_files-2.19.so
7fb5fdf4d000-7fb5fdf4e000 rw-p 0000b000 08:01 4196934                    /lib/x86_64-linux-gnu/libnss_files-2.19.so
7fb5fdf4e000-7fb5fdf59000 r-xp 00000000 08:01 4196968                    /lib/x86_64-linux-gnu/libnss_nis-2.19.so
7fb5fdf59000-7fb5fe158000 ---p 0000b000 08:01 4196968                    /lib/x86_64-linux-gnu/libnss_nis-2.19.so
7fb5fe158000-7fb5fe159000 r--p 0000a000 08:01 4196968                    /lib/x86_64-linux-gnu/libnss_nis-2.19.so
7fb5fe159000-7fb5fe15a000 rw-p 0000b000 08:01 4196968                    /lib/x86_64-linux-gnu/libnss_nis-2.19.so
7fb5fe15a000-7fb5fe171000 r-xp 00000000 08:01 4196957                    /lib/x86_64-linux-gnu/libnsl-2.19.so
7fb5fe171000-7fb5fe370000 ---p 00017000 08:01 4196957                    /lib/x86_64-linux-gnu/libnsl-2.19.so
7fb5fe370000-7fb5fe371000 r--p 00016000 08:01 4196957                    /lib/x86_64-linux-gnu/libnsl-2.19.so
7fb5fe371000-7fb5fe372000 rw-p 00017000 08:01 4196957                    /lib/x86_64-linux-gnu/libnsl-2.19.so
7fb5fe372000-7fb5fe374000 rw-p 00000000 00:00 0 
7fb5fe374000-7fb5fe37d000 r-xp 00000000 08:01 4196956                    /lib/x86_64-linux-gnu/libnss_compat-2.19.so
7fb5fe37d000-7fb5fe57c000 ---p 00009000 08:01 4196956                    /lib/x86_64-linux-gnu/libnss_compat-2.19.so
7fb5fe57c000-7fb5fe57d000 r--p 00008000 08:01 4196956                    /lib/x86_64-linux-gnu/libnss_compat-2.19.so
7fb5fe57d000-7fb5fe57e000 rw-p 00009000 08:01 4196956                    /lib/x86_64-linux-gnu/libnss_compat-2.19.so
7fb5fe57e000-7fb5fe5a9000 r-xp 00000000 08:01 16387158                   /usr/lib/jvm/java-7-openjdk-amd64/jre/lib/amd64/libjava.so
7fb5fe5a9000-7fb5fe7a9000 ---p 0002b000 08:01 16387158                   /usr/lib/jvm/java-7-openjdk-amd64/jre/lib/amd64/libjava.so
7fb5fe7a9000-7fb5fe7aa000 r--p 0002b000 08:01 16387158                   /usr/lib/jvm/java-7-openjdk-amd64/jre/lib/amd64/libjava.so
7fb5fe7aa000-7fb5fe7ac000 rw-p 0002c000 08:01 16387158                   /usr/lib/jvm/java-7-openjdk-amd64/jre/lib/amd64/libjava.so
7fb5fe7ac000-7fb5fe7bc000 r-xp 00000000 08:01 16387157                   /usr/lib/jvm/java-7-openjdk-amd64/jre/lib/amd64/libverify.so
7fb5fe7bc000-7fb5fe9bb000 ---p 00010000 08:01 16387157                   /usr/lib/jvm/java-7-openjdk-amd64/jre/lib/amd64/libverify.so
7fb5fe9bb000-7fb5fe9bd000 r--p 0000f000 08:01 16387157                   /usr/lib/jvm/java-7-openjdk-amd64/jre/lib/amd64/libverify.so
7fb5fe9bd000-7fb5fe9be000 rw-p 00011000 08:01 16387157                   /usr/lib/jvm/java-7-openjdk-amd64/jre/lib/amd64/libverify.so
7fb5fe9be000-7fb5fe9c5000 r-xp 00000000 08:01 4196965                    /lib/x86_64-linux-gnu/librt-2.19.so
7fb5fe9c5000-7fb5febc4000 ---p 00007000 08:01 4196965                    /lib/x86_64-linux-gnu/librt-2.19.so
7fb5febc4000-7fb5febc5000 r--p 00006000 08:01 4196965                    /lib/x86_64-linux-gnu/librt-2.19.so
7fb5febc5000-7fb5febc6000 rw-p 00007000 08:01 4196965                    /lib/x86_64-linux-gnu/librt-2.19.so
7fb5febc6000-7fb5febdc000 r-xp 00000000 08:01 4194330                    /lib/x86_64-linux-gnu/libgcc_s.so.1
7fb5febdc000-7fb5feddb000 ---p 00016000 08:01 4194330                    /lib/x86_64-linux-gnu/libgcc_s.so.1
7fb5feddb000-7fb5feddc000 rw-p 00015000 08:01 4194330                    /lib/x86_64-linux-gnu/libgcc_s.so.1
7fb5feddc000-7fb5feee1000 r-xp 00000000 08:01 4196933                    /lib/x86_64-linux-gnu/libm-2.19.so
7fb5feee1000-7fb5ff0e0000 ---p 00105000 08:01 4196933                    /lib/x86_64-linux-gnu/libm-2.19.so
7fb5ff0e0000-7fb5ff0e1000 r--p 00104000 08:01 4196933                    /lib/x86_64-linux-gnu/libm-2.19.so
7fb5ff0e1000-7fb5ff0e2000 rw-p 00105000 08:01 4196933                    /lib/x86_64-linux-gnu/libm-2.19.so
7fb5ff0e2000-7fb5ff1c8000 r-xp 00000000 08:01 15737244                   /usr/lib/x86_64-linux-gnu/libstdc++.so.6.0.19
7fb5ff1c8000-7fb5ff3c7000 ---p 000e6000 08:01 15737244                   /usr/lib/x86_64-linux-gnu/libstdc++.so.6.0.19
7fb5ff3c7000-7fb5ff3cf000 r--p 000e5000 08:01 15737244                   /usr/lib/x86_64-linux-gnu/libstdc++.so.6.0.19
7fb5ff3cf000-7fb5ff3d1000 rw-p 000ed000 08:01 15737244                   /usr/lib/x86_64-linux-gnu/libstdc++.so.6.0.19
7fb5ff3d1000-7fb5ff3e6000 rw-p 00000000 00:00 0 
7fb5ff3e6000-7fb5ffefe000 r-xp 00000000 08:01 16516415                   /usr/lib/jvm/java-7-openjdk-amd64/jre/lib/amd64/server/libjvm.so
7fb5ffefe000-7fb6000fe000 ---p 00b18000 08:01 16516415                   /usr/lib/jvm/java-7-openjdk-amd64/jre/lib/amd64/server/libjvm.so
7fb6000fe000-7fb600198000 r--p 00b18000 08:01 16516415                   /usr/lib/jvm/java-7-openjdk-amd64/jre/lib/amd64/server/libjvm.so
7fb600198000-7fb6001bb000 rw-p 00bb2000 08:01 16516415                   /usr/lib/jvm/java-7-openjdk-amd64/jre/lib/amd64/server/libjvm.so
7fb6001bb000-7fb6001e9000 rw-p 00000000 00:00 0 
7fb6001e9000-7fb600201000 r-xp 00000000 08:01 4198406                    /lib/x86_64-linux-gnu/libz.so.1.2.8
7fb600201000-7fb600400000 ---p 00018000 08:01 4198406                    /lib/x86_64-linux-gnu/libz.so.1.2.8
7fb600400000-7fb600401000 r--p 00017000 08:01 4198406                    /lib/x86_64-linux-gnu/libz.so.1.2.8
7fb600401000-7fb600402000 rw-p 00018000 08:01 4198406                    /lib/x86_64-linux-gnu/libz.so.1.2.8
7fb600402000-7fb60041b000 r-xp 00000000 08:01 4196963                    /lib/x86_64-linux-gnu/libpthread-2.19.so
7fb60041b000-7fb60061a000 ---p 00019000 08:01 4196963                    /lib/x86_64-linux-gnu/libpthread-2.19.so
7fb60061a000-7fb60061b000 r--p 00018000 08:01 4196963                    /lib/x86_64-linux-gnu/libpthread-2.19.so
7fb60061b000-7fb60061c000 rw-p 00019000 08:01 4196963                    /lib/x86_64-linux-gnu/libpthread-2.19.so
7fb60061c000-7fb600620000 rw-p 00000000 00:00 0 
7fb600620000-7fb600623000 r-xp 00000000 08:01 4196950                    /lib/x86_64-linux-gnu/libdl-2.19.so
7fb600623000-7fb600822000 ---p 00003000 08:01 4196950                    /lib/x86_64-linux-gnu/libdl-2.19.so
7fb600822000-7fb600823000 r--p 00002000 08:01 4196950                    /lib/x86_64-linux-gnu/libdl-2.19.so
7fb600823000-7fb600824000 rw-p 00003000 08:01 4196950                    /lib/x86_64-linux-gnu/libdl-2.19.so
7fb600824000-7fb6009df000 r-xp 00000000 08:01 4196962                    /lib/x86_64-linux-gnu/libc-2.19.so
7fb6009df000-7fb600bde000 ---p 001bb000 08:01 4196962                    /lib/x86_64-linux-gnu/libc-2.19.so
7fb600bde000-7fb600be2000 r--p 001ba000 08:01 4196962                    /lib/x86_64-linux-gnu/libc-2.19.so
7fb600be2000-7fb600be4000 rw-p 001be000 08:01 4196962                    /lib/x86_64-linux-gnu/libc-2.19.so
7fb600be4000-7fb600be9000 rw-p 00000000 00:00 0 
7fb600be9000-7fb600bf6000 r-xp 00000000 08:01 16515965                   /usr/lib/jvm/java-7-openjdk-amd64/jre/lib/amd64/jli/libjli.so
7fb600bf6000-7fb600df5000 ---p 0000d000 08:01 16515965                   /usr/lib/jvm/java-7-openjdk-amd64/jre/lib/amd64/jli/libjli.so
7fb600df5000-7fb600df6000 r--p 0000c000 08:01 16515965                   /usr/lib/jvm/java-7-openjdk-amd64/jre/lib/amd64/jli/libjli.so
7fb600df6000-7fb600df7000 rw-p 0000d000 08:01 16515965                   /usr/lib/jvm/java-7-openjdk-amd64/jre/lib/amd64/jli/libjli.so
7fb600df7000-7fb600e1a000 r-xp 00000000 08:01 4196959                    /lib/x86_64-linux-gnu/ld-2.19.so
7fb600e1a000-7fb600e1b000 r--s 00000000 08:01 17698441                   /home/vasanth/android-studio/gradle/gradle-2.2.1/lib/jcip-annotations-1.0.jar
7fb600e1b000-7fb600e1e000 r--s 00018000 08:01 17698483                   /home/vasanth/android-studio/gradle/gradle-2.2.1/lib/commons-io-1.4.jar
7fb600e1e000-7fb600e23000 r--s 00036000 08:01 17698456                   /home/vasanth/android-studio/gradle/gradle-2.2.1/lib/asm-all-5.0.3.jar
7fb600e23000-7fb600e25000 r--s 00006000 08:01 17698455                   /home/vasanth/android-studio/gradle/gradle-2.2.1/lib/slf4j-api-1.7.7.jar
7fb600e25000-7fb600e2b000 r--s 00026000 08:01 17698448                   /home/vasanth/android-studio/gradle/gradle-2.2.1/lib/gradle-base-services-2.2.1.jar
7fb600e2b000-7fb600e33000 r--s 0003c000 08:01 17698489                   /home/vasanth/android-studio/gradle/gradle-2.2.1/lib/gradle-launcher-2.2.1.jar
7fb600e33000-7fb600e35000 r--s 00006000 08:01 16127441                   /usr/share/java/java-atk-wrapper.jar
7fb600e35000-7fb600e49000 rw-p 00000000 00:00 0 
7fb600e49000-7fb600ef5000 rw-p 00000000 00:00 0 
7fb600ef5000-7fb600ef8000 ---p 00000000 00:00 0 
7fb600ef8000-7fb600ffb000 rw-p 00000000 00:00 0                          [stack:12013]
7fb600ffb000-7fb600ffc000 r--s 00004000 08:01 17698446                   /home/vasanth/android-studio/gradle/gradle-2.2.1/lib/ant-launcher-1.9.3.jar
7fb600ffc000-7fb600ffe000 r--s 00012000 08:01 16387125                   /usr/lib/jvm/java-7-openjdk-amd64/jre/lib/ext/zipfs.jar
7fb600ffe000-7fb601002000 r--s 00034000 08:01 16387124                   /usr/lib/jvm/java-7-openjdk-amd64/jre/lib/ext/sunjce_provider.jar
7fb601002000-7fb601005000 r--s 0000f000 08:01 16387122                   /usr/lib/jvm/java-7-openjdk-amd64/jre/lib/ext/icedtea-sound.jar
7fb601005000-7fb601008000 r--s 00086000 08:01 16387127                   /usr/lib/jvm/java-7-openjdk-amd64/jre/lib/ext/localedata.jar
7fb601008000-7fb60100c000 r--s 0003c000 08:01 16387123                   /usr/lib/jvm/java-7-openjdk-amd64/jre/lib/ext/sunpkcs11.jar
7fb60100c000-7fb60100d000 r--s 00002000 08:01 16387126                   /usr/lib/jvm/java-7-openjdk-amd64/jre/lib/ext/dnsns.jar
7fb60100d000-7fb601015000 rw-s 00000000 08:01 26876089                   /tmp/hsperfdata_vasanth/12011
7fb601015000-7fb601016000 rw-p 00000000 00:00 0 
7fb601016000-7fb601017000 r--p 00000000 00:00 0 
7fb601017000-7fb601019000 rw-p 00000000 00:00 0 
7fb601019000-7fb60101a000 r--p 00022000 08:01 4196959                    /lib/x86_64-linux-gnu/ld-2.19.so
7fb60101a000-7fb60101b000 rw-p 00023000 08:01 4196959                    /lib/x86_64-linux-gnu/ld-2.19.so
7fb60101b000-7fb60101c000 rw-p 00000000 00:00 0 
7fffd5592000-7fffd55b4000 rw-p 00000000 00:00 0                          [stack]
7fffd55be000-7fffd55c0000 r-xp 00000000 00:00 0                          [vdso]
ffffffffff600000-ffffffffff601000 r-xp 00000000 00:00 0                  [vsyscall]

VM Arguments:
jvm_args: -XX:MaxPermSize=256m -XX:+HeapDumpOnOutOfMemoryError -XX:MaxPermSize=1024m -Xmx1024m -Dfile.encoding=UTF-8 -Duser.country=IN -Duser.language=en -Duser.variant 
java_command: org.gradle.launcher.daemon.bootstrap.GradleDaemon 2.2.1 /home/vasanth/.gradle/daemon 10800000 d2992ffa-04de-43b2-aaa8-71c69060c517 -XX:MaxPermSize=256m -XX:+HeapDumpOnOutOfMemoryError -XX:MaxPermSize=1024m -Xmx1024m -Dfile.encoding=UTF-8 -Duser.country=IN -Duser.language=en -Duser.variant
Launcher Type: SUN_STANDARD

Environment Variables:
JAVA_HOME=/usr/lib/jvm/java-1.7.0-openjdk-amd64
CLASSPATH=./../lib/bootstrap.jar:./../lib/extensions.jar:./../lib/util.jar:./../lib/jdom.jar:./../lib/log4j.jar:./../lib/trove4j.jar:./../lib/jna.jar:/usr/lib/jvm/java-1.7.0-openjdk-amd64/lib/tools.jar
PATH=/usr/local/sbin:/usr/local/bin:/usr/sbin:/usr/bin:/sbin:/bin:/usr/games:/usr/local/games
LD_LIBRARY_PATH=.:
SHELL=/bin/bash
DISPLAY=:0

Signal Handlers:
SIGSEGV: [libjvm.so+0x94b4b0], sa_mask[0]=0x7ffbfeff, sa_flags=0x10000004
SIGBUS: [libjvm.so+0x94b4b0], sa_mask[0]=0x7ffbfeff, sa_flags=0x10000004
SIGFPE: [libjvm.so+0x7c3390], sa_mask[0]=0x7ffbfeff, sa_flags=0x10000004
SIGPIPE: [libjvm.so+0x7c3390], sa_mask[0]=0x7ffbfeff, sa_flags=0x10000004
SIGXFSZ: [libjvm.so+0x7c3390], sa_mask[0]=0x7ffbfeff, sa_flags=0x10000004
SIGILL: [libjvm.so+0x7c3390], sa_mask[0]=0x7ffbfeff, sa_flags=0x10000004
SIGUSR1: SIG_DFL, sa_mask[0]=0x00000000, sa_flags=0x00000000
SIGUSR2: [libjvm.so+0x7c3230], sa_mask[0]=0x00000004, sa_flags=0x10000004
SIGHUP: [libjvm.so+0x7c3410], sa_mask[0]=0x7ffbfeff, sa_flags=0x10000004
SIGINT: [libjvm.so+0x7c3410], sa_mask[0]=0x7ffbfeff, sa_flags=0x10000004
SIGTERM: [libjvm.so+0x7c3410], sa_mask[0]=0x7ffbfeff, sa_flags=0x10000004
SIGQUIT: [libjvm.so+0x7c3410], sa_mask[0]=0x7ffbfeff, sa_flags=0x10000004
SIGTRAP: SIG_DFL, sa_mask[0]=0x00000000, sa_flags=0x00000000


---------------  S Y S T E M  ---------------

OS:Ubuntu 14.04 (trusty)
uname:Linux 3.13.0-43-generic #72-Ubuntu SMP Mon Dec 8 19:35:06 UTC 2014 x86_64
libc:glibc 2.19 NPTL 2.19 
rlimit: STACK 8192k, CORE 0k, NPROC 93765, NOFILE 4096, AS infinity
load average:0.46 0.47 0.43

/proc/meminfo:
MemTotal:       12023656 kB
MemFree:         5541376 kB
Buffers:          442492 kB
Cached:          2256932 kB
SwapCached:            0 kB
Active:          4186404 kB
Inactive:        1782620 kB
Active(anon):    3284484 kB
Inactive(anon):   455944 kB
Active(file):     901920 kB
Inactive(file):  1326676 kB
Unevictable:          48 kB
Mlocked:              48 kB
SwapTotal:       8100860 kB
SwapFree:        8100860 kB
Dirty:               748 kB
Writeback:             4 kB
AnonPages:       3269952 kB
Mapped:           382840 kB
Shmem:            470804 kB
Slab:             350512 kB
SReclaimable:     309220 kB
SUnreclaim:        41292 kB
KernelStack:        5576 kB
PageTables:        43652 kB
NFS_Unstable:          0 kB
Bounce:                0 kB
WritebackTmp:          0 kB
CommitLimit:    14112688 kB
Committed_AS:    8403304 kB
VmallocTotal:   34359738367 kB
VmallocUsed:      374580 kB
VmallocChunk:   34359350360 kB
HardwareCorrupted:     0 kB
AnonHugePages:   2058240 kB
HugePages_Total:       0
HugePages_Free:        0
HugePages_Rsvd:        0
HugePages_Surp:        0
Hugepagesize:       2048 kB
DirectMap4k:       58468 kB
DirectMap2M:     1753088 kB
DirectMap1G:    10485760 kB


CPU:total 4 (2 cores per cpu, 2 threads per core) family 6 model 60 stepping 3, cmov, cx8, fxsr, mmx, sse, sse2, sse3, ssse3, sse4.1, sse4.2, popcnt, avx, avx2, aes, erms, ht, tsc, tscinvbit

/proc/cpuinfo:
processor	: 0
vendor_id	: GenuineIntel
cpu family	: 6
model		: 60
model name	: Intel(R) Core(TM) i5-4200M CPU @ 2.50GHz
stepping	: 3
microcode	: 0x17
cpu MHz		: 800.000
cache size	: 3072 KB
physical id	: 0
siblings	: 4
core id		: 0
cpu cores	: 2
apicid		: 0
initial apicid	: 0
fpu		: yes
fpu_exception	: yes
cpuid level	: 13
wp		: yes
flags		: fpu vme de pse tsc msr pae mce cx8 apic sep mtrr pge mca cmov pat pse36 clflush dts acpi mmx fxsr sse sse2 ss ht tm pbe syscall nx pdpe1gb rdtscp lm constant_tsc arch_perfmon pebs bts rep_good nopl xtopology nonstop_tsc aperfmperf eagerfpu pni pclmulqdq dtes64 monitor ds_cpl vmx est tm2 ssse3 fma cx16 xtpr pdcm pcid sse4_1 sse4_2 movbe popcnt tsc_deadline_timer aes xsave avx f16c rdrand lahf_lm abm ida arat epb xsaveopt pln pts dtherm tpr_shadow vnmi flexpriority ept vpid fsgsbase tsc_adjust bmi1 avx2 smep bmi2 erms invpcid
bogomips	: 4988.65
clflush size	: 64
cache_alignment	: 64
address sizes	: 39 bits physical, 48 bits virtual
power management:

processor	: 1
vendor_id	: GenuineIntel
cpu family	: 6
model		: 60
model name	: Intel(R) Core(TM) i5-4200M CPU @ 2.50GHz
stepping	: 3
microcode	: 0x17
cpu MHz		: 2501.000
cache size	: 3072 KB
physical id	: 0
siblings	: 4
core id		: 0
cpu cores	: 2
apicid		: 1
initial apicid	: 1
fpu		: yes
fpu_exception	: yes
cpuid level	: 13
wp		: yes
flags		: fpu vme de pse tsc msr pae mce cx8 apic sep mtrr pge mca cmov pat pse36 clflush dts acpi mmx fxsr sse sse2 ss ht tm pbe syscall nx pdpe1gb rdtscp lm constant_tsc arch_perfmon pebs bts rep_good nopl xtopology nonstop_tsc aperfmperf eagerfpu pni pclmulqdq dtes64 monitor ds_cpl vmx est tm2 ssse3 fma cx16 xtpr pdcm pcid sse4_1 sse4_2 movbe popcnt tsc_deadline_timer aes xsave avx f16c rdrand lahf_lm abm ida arat epb xsaveopt pln pts dtherm tpr_shadow vnmi flexpriority ept vpid fsgsbase tsc_adjust bmi1 avx2 smep bmi2 erms invpcid
bogomips	: 4988.65
clflush size	: 64
cache_alignment	: 64
address sizes	: 39 bits physical, 48 bits virtual
power management:

processor	: 2
vendor_id	: GenuineIntel
cpu family	: 6
model		: 60
model name	: Intel(R) Core(TM) i5-4200M CPU @ 2.50GHz
stepping	: 3
microcode	: 0x17
cpu MHz		: 2501.000
cache size	: 3072 KB
physical id	: 0
siblings	: 4
core id		: 1
cpu cores	: 2
apicid		: 2
initial apicid	: 2
fpu		: yes
fpu_exception	: yes
cpuid level	: 13
wp		: yes
flags		: fpu vme de pse tsc msr pae mce cx8 apic sep mtrr pge mca cmov pat pse36 clflush dts acpi mmx fxsr sse sse2 ss ht tm pbe syscall nx pdpe1gb rdtscp lm constant_tsc arch_perfmon pebs bts rep_good nopl xtopology nonstop_tsc aperfmperf eagerfpu pni pclmulqdq dtes64 monitor ds_cpl vmx est tm2 ssse3 fma cx16 xtpr pdcm pcid sse4_1 sse4_2 movbe popcnt tsc_deadline_timer aes xsave avx f16c rdrand lahf_lm abm ida arat epb xsaveopt pln pts dtherm tpr_shadow vnmi flexpriority ept vpid fsgsbase tsc_adjust bmi1 avx2 smep bmi2 erms invpcid
bogomips	: 4988.65
clflush size	: 64
cache_alignment	: 64
address sizes	: 39 bits physical, 48 bits virtual
power management:

processor	: 3
vendor_id	: GenuineIntel
cpu family	: 6
model		: 60
model name	: Intel(R) Core(TM) i5-4200M CPU @ 2.50GHz
stepping	: 3
microcode	: 0x17
cpu MHz		: 2501.000
cache size	: 3072 KB
physical id	: 0
siblings	: 4
core id		: 1
cpu cores	: 2
apicid		: 3
initial apicid	: 3
fpu		: yes
fpu_exception	: yes
cpuid level	: 13
wp		: yes
flags		: fpu vme de pse tsc msr pae mce cx8 apic sep mtrr pge mca cmov pat pse36 clflush dts acpi mmx fxsr sse sse2 ss ht tm pbe syscall nx pdpe1gb rdtscp lm constant_tsc arch_perfmon pebs bts rep_good nopl xtopology nonstop_tsc aperfmperf eagerfpu pni pclmulqdq dtes64 monitor ds_cpl vmx est tm2 ssse3 fma cx16 xtpr pdcm pcid sse4_1 sse4_2 movbe popcnt tsc_deadline_timer aes xsave avx f16c rdrand lahf_lm abm ida arat epb xsaveopt pln pts dtherm tpr_shadow vnmi flexpriority ept vpid fsgsbase tsc_adjust bmi1 avx2 smep bmi2 erms invpcid
bogomips	: 4988.65
clflush size	: 64
cache_alignment	: 64
address sizes	: 39 bits physical, 48 bits virtual
power management:



Memory: 4k page, physical 12023656k(5541376k free), swap 8100860k(8100860k free)

vm_info: OpenJDK 64-Bit Server VM (24.75-b04) for linux-amd64 JRE (1.7.0_75-b13), built on Jan 27 2015 00:38:59 by "buildd" with gcc 4.8.2

time: Wed Mar 11 14:23:25 2015
elapsed time: 284 seconds

