#
# A fatal error has been detected by the Java Runtime Environment:
#
#  SIGSEGV (0xb) at pc=0x00007fa2c513b095, pid=13802, tid=140337263187712
#
# JRE version: OpenJDK Runtime Environment (7.0_75-b13) (build 1.7.0_75-b13)
# Java VM: OpenJDK 64-Bit Server VM (24.75-b04 mixed mode linux-amd64 compressed oops)
# Derivative: IcedTea 2.5.4
# Distribution: Ubuntu 14.04 LTS, package 7u75-2.5.4-1~trusty1
# Problematic frame:
# J 284 C2 java.util.TreeMap.getEntry(Ljava/lang/Object;)Ljava/util/TreeMap$Entry; (84 bytes) @ 0x00007fa2c513b095 [0x00007fa2c513b060+0x35]
#
# Failed to write core dump. Core dumps have been disabled. To enable core dumping, try "ulimit -c unlimited" before starting Java again
#
# If you would like to submit a bug report, please include
# instructions on how to reproduce the bug and visit:
#   http://icedtea.classpath.org/bugzilla
#

---------------  T H R E A D  ---------------

Current thread (0x00007fa2c800a000):  JavaThread "main" [_thread_in_Java, id=13811, stack(0x00007fa2d0a89000,0x00007fa2d0b8a000)]

siginfo:si_signo=SIGSEGV: si_errno=0, si_code=1 (SEGV_MAPERR), si_addr=0x0000000016f0f120

Registers:
RAX=0x00000000b5d12738, RBX=0x00000000b5d12738, RCX=0x00000000eb315970, RDX=0x00000000f12316e2
RSP=0x00007fa2d0b875d0, RBP=0x0000000000000000, RSI=0x00000000eb315970, RDI=0x0000000000001354
R8 =0x00000000eb315970, R9 =0x00000000f12316e2, R10=0x0000000016f0f0f8, R11=0x00007fa2c513b070
R12=0x0000000000000000, R13=0x00007fa2d0b87608, R14=0x00007fa2d0b87678, R15=0x00007fa2c800a000
RIP=0x00007fa2c513b095, EFLAGS=0x0000000000010246, CSGSFS=0x0000000000000033, ERR=0x0000000000000004
  TRAPNO=0x000000000000000e

Top of Stack: (sp=0x00007fa2d0b875d0)
0x00007fa2d0b875d0:   00000000f12316e2 00007fa2d0b87608
0x00007fa2d0b875e0:   00007fa2d0b87658 00007fa2c50061d4
0x00007fa2d0b875f0:   00007fa2d0b87658 00007fa2c5006233
0x00007fa2d0b87600:   00007fa2c5006233 00000000f12316e2
0x00007fa2d0b87610:   00000000eb315970 00007fa2d0b87618
0x00007fa2d0b87620:   00000000b5d1215a 00007fa2d0b87678
0x00007fa2d0b87630:   00000000b5d178f0 00000000b5f45640
0x00007fa2d0b87640:   00000000b5d12198 00007fa2d0b87608
0x00007fa2d0b87650:   00007fa2d0b87670 00007fa2d0b876c0
0x00007fa2d0b87660:   00007fa2c50068e1 0000000000000000
0x00007fa2d0b87670:   00000000f12316e2 00000000eb315970
0x00007fa2d0b87680:   00007fa2d0b87680 00000000b5e7799e
0x00007fa2d0b87690:   00007fa2d0b876f0 00000000b5e77da8
0x00007fa2d0b876a0:   00000000b5f1b910 00000000b5e77a88
0x00007fa2d0b876b0:   00007fa2d0b87670 00007fa2d0b876e8
0x00007fa2d0b876c0:   00007fa2d0b87738 00007fa2c5006058
0x00007fa2d0b876d0:   0000000000000000 00000000f12316e2
0x00007fa2d0b876e0:   00000000eac47ff0 00000000eac48078
0x00007fa2d0b876f0:   00000000eb3159e8 00007fa2d0b876f8
0x00007fa2d0b87700:   00000000b5e7787a 00007fa2d0b87750
0x00007fa2d0b87710:   00000000b5e77da8 00000000b5f1be30
0x00007fa2d0b87720:   00000000b5e778a0 00007fa2d0b876e8
0x00007fa2d0b87730:   00007fa2d0b87760 00000000eac48078
0x00007fa2d0b87740:   00007fa2c50a8ffc 00000000eac48078
0x00007fa2d0b87750:   00000000eb3159e8 00007fa2c50a8ffc
0x00007fa2d0b87760:   0000000200000000 00000000f12317c8
0x00007fa2d0b87770:   00000000eb3159e8 00007fa2d0b87778
0x00007fa2d0b87780:   00000000eb315910 00007fa2d0b877d0
0x00007fa2d0b87790:   00000000b5c0a238 00000000b5f3b318
0x00007fa2d0b877a0:   00000000b5c07520 ffffffffffffffff
0x00007fa2d0b877b0:   00007fa2d0b87810 00007fa2c5006058
0x00007fa2d0b877c0:   00007fa2c5006058 00000000eb3159e8 

Instructions: (pc=0x00007fa2c513b095)
0x00007fa2c513b075:   fe ff 55 48 83 ec 20 48 89 14 24 4c 8b c6 8b 6e
0x00007fa2c513b085:   1c 85 ed 0f 85 b3 00 00 00 4c 8b ca 44 8b 52 08
0x00007fa2c513b095:   4d 8b 5a 28 48 b8 e8 49 a0 b5 00 00 00 00 4c 3b
0x00007fa2c513b0a5:   d8 75 61 45 8b 50 20 45 85 d2 74 44 4c 89 0c 24 

Register to memory mapping:

RAX=0x00000000b5d12738 is an oop
{method} 
 - klass: {other class}
RBX=0x00000000b5d12738 is an oop
{method} 
 - klass: {other class}
RCX=0x00000000eb315970 is an oop
java.util.TreeMap 
 - klass: 'java/util/TreeMap'
RDX=0x00000000f12316e2 is an unknown value
RSP=0x00007fa2d0b875d0 is pointing into the stack for thread: 0x00007fa2c800a000
RBP=0x0000000000000000 is an unknown value
RSI=0x00000000eb315970 is an oop
java.util.TreeMap 
 - klass: 'java/util/TreeMap'
RDI=0x0000000000001354 is an unknown value
R8 =0x00000000eb315970 is an oop
java.util.TreeMap 
 - klass: 'java/util/TreeMap'
R9 =0x00000000f12316e2 is an unknown value
R10=0x0000000016f0f0f8 is an unknown value
R11=0x00007fa2c513b070 is at entry_point+16 in (nmethod*)0x00007fa2c513af10
R12=0x0000000000000000 is an unknown value
R13=0x00007fa2d0b87608 is pointing into the stack for thread: 0x00007fa2c800a000
R14=0x00007fa2d0b87678 is pointing into the stack for thread: 0x00007fa2c800a000
R15=0x00007fa2c800a000 is a thread


Stack: [0x00007fa2d0a89000,0x00007fa2d0b8a000],  sp=0x00007fa2d0b875d0,  free space=1017k
Native frames: (J=compiled Java code, j=interpreted, Vv=VM code, C=native code)
J 284 C2 java.util.TreeMap.getEntry(Ljava/lang/Object;)Ljava/util/TreeMap$Entry; (84 bytes) @ 0x00007fa2c513b095 [0x00007fa2c513b060+0x35]
j  java.util.TreeMap.get(Ljava/lang/Object;)Ljava/lang/Object;+2
j  com.android.dx.ssa.back.FirstFitLocalCombiningAllocator$1.processInsn(Lcom/android/dx/ssa/SsaInsn;)V+22
j  com.android.dx.ssa.back.FirstFitLocalCombiningAllocator$1.visitNonMoveInsn(Lcom/android/dx/ssa/NormalSsaInsn;)V+2
J 152 C2 com.android.dx.ssa.SsaBasicBlock.forEachInsn(Lcom/android/dx/ssa/SsaInsn$Visitor;)V (37 bytes) @ 0x00007fa2c50a8ffc [0x00007fa2c50a8f20+0xdc]
J 172 C2 com.android.dx.ssa.SsaMethod.forEachInsn(Lcom/android/dx/ssa/SsaInsn$Visitor;)V (36 bytes) @ 0x00007fa2c50a6988 [0x00007fa2c50a68c0+0xc8]
j  com.android.dx.ssa.back.FirstFitLocalCombiningAllocator.analyzeInstructions()V+12
j  com.android.dx.ssa.back.FirstFitLocalCombiningAllocator.allocateRegisters()Lcom/android/dx/ssa/RegisterMapper;+1
j  com.android.dx.ssa.back.SsaToRop.convert()Lcom/android/dx/rop/code/RopMethod;+21
j  com.android.dx.ssa.back.SsaToRop.convertToRopMethod(Lcom/android/dx/ssa/SsaMethod;Z)Lcom/android/dx/rop/code/RopMethod;+9
j  com.android.dx.ssa.Optimizer.optimize(Lcom/android/dx/rop/code/RopMethod;IZZLcom/android/dx/rop/code/TranslationAdvice;Ljava/util/EnumSet;)Lcom/android/dx/rop/code/RopMethod;+30
j  com.android.dx.ssa.Optimizer.optimize(Lcom/android/dx/rop/code/RopMethod;IZZLcom/android/dx/rop/code/TranslationAdvice;)Lcom/android/dx/rop/code/RopMethod;+12
j  com.android.dx.dex.cf.CfTranslator.processMethods(Lcom/android/dx/cf/direct/DirectClassFile;Lcom/android/dx/dex/cf/CfOptions;Lcom/android/dx/dex/DexOptions;Lcom/android/dx/dex/file/ClassDefItem;Lcom/android/dx/dex/file/DexFile;)V+265
j  com.android.dx.dex.cf.CfTranslator.translate0(Lcom/android/dx/cf/direct/DirectClassFile;[BLcom/android/dx/dex/cf/CfOptions;Lcom/android/dx/dex/DexOptions;Lcom/android/dx/dex/file/DexFile;)Lcom/android/dx/dex/file/ClassDefItem;+120
j  com.android.dx.dex.cf.CfTranslator.translate(Lcom/android/dx/cf/direct/DirectClassFile;[BLcom/android/dx/dex/cf/CfOptions;Lcom/android/dx/dex/DexOptions;Lcom/android/dx/dex/file/DexFile;)Lcom/android/dx/dex/file/ClassDefItem;+6
j  com.android.dx.command.dexer.Main.processClass(Ljava/lang/String;[B)Z+251
j  com.android.dx.command.dexer.Main.processFileBytes(Ljava/lang/String;J[B)Z+188
j  com.android.dx.command.dexer.Main.access$300(Ljava/lang/String;J[B)Z+3
j  com.android.dx.command.dexer.Main$1.processFileBytes(Ljava/lang/String;J[B)Z+4
j  com.android.dx.cf.direct.ClassPathOpener.processOne(Ljava/io/File;Z)Z+82
j  com.android.dx.cf.direct.ClassPathOpener.processDirectory(Ljava/io/File;Z)Z+64
j  com.android.dx.cf.direct.ClassPathOpener.processOne(Ljava/io/File;Z)Z+10
j  com.android.dx.cf.direct.ClassPathOpener.processDirectory(Ljava/io/File;Z)Z+64
j  com.android.dx.cf.direct.ClassPathOpener.processOne(Ljava/io/File;Z)Z+10
j  com.android.dx.cf.direct.ClassPathOpener.processDirectory(Ljava/io/File;Z)Z+64
j  com.android.dx.cf.direct.ClassPathOpener.processOne(Ljava/io/File;Z)Z+10
j  com.android.dx.cf.direct.ClassPathOpener.processDirectory(Ljava/io/File;Z)Z+64
j  com.android.dx.cf.direct.ClassPathOpener.processOne(Ljava/io/File;Z)Z+10
j  com.android.dx.cf.direct.ClassPathOpener.processDirectory(Ljava/io/File;Z)Z+64
j  com.android.dx.cf.direct.ClassPathOpener.processOne(Ljava/io/File;Z)Z+10
j  com.android.dx.cf.direct.ClassPathOpener.processDirectory(Ljava/io/File;Z)Z+64
j  com.android.dx.cf.direct.ClassPathOpener.processOne(Ljava/io/File;Z)Z+10
j  com.android.dx.cf.direct.ClassPathOpener.processDirectory(Ljava/io/File;Z)Z+64
j  com.android.dx.cf.direct.ClassPathOpener.processOne(Ljava/io/File;Z)Z+10
j  com.android.dx.cf.direct.ClassPathOpener.process()Z+15
j  com.android.dx.command.dexer.Main.processOne(Ljava/lang/String;Lcom/android/dx/cf/direct/ClassPathOpener$FileNameFilter;)V+58
j  com.android.dx.command.dexer.Main.processAllFiles()Z+202
j  com.android.dx.command.dexer.Main.runMonoDex()I+58
j  com.android.dx.command.dexer.Main.run(Lcom/android/dx/command/dexer/Main$Arguments;)I+76
j  com.android.dx.command.dexer.Main.main([Ljava/lang/String;)V+14
j  com.android.dx.command.Main.main([Ljava/lang/String;)V+61
v  ~StubRoutines::call_stub
V  [libjvm.so+0x5e7fc9]  JavaCalls::call_helper(JavaValue*, methodHandle*, JavaCallArguments*, Thread*)+0x339
V  [libjvm.so+0x5e7a68]  JavaCalls::call(JavaValue*, methodHandle, JavaCallArguments*, Thread*)+0x28
V  [libjvm.so+0x5f6b9b]  jni_invoke_static(JNIEnv_*, JavaValue*, _jobject*, JNICallType, _jmethodID*, JNI_ArgumentPusher*, Thread*) [clone .isra.124] [clone .constprop.156]+0x28b
V  [libjvm.so+0x607e08]  jni_CallStaticVoidMethod+0x118
C  [libjli.so+0x31f9]


---------------  P R O C E S S  ---------------

Java Threads: ( => current thread )
  0x00007fa2c8175000 JavaThread "Service Thread" daemon [_thread_blocked, id=13822, stack(0x00007fa2bd6cc000,0x00007fa2bd7cd000)]
  0x00007fa2c8173000 JavaThread "C2 CompilerThread1" daemon [_thread_in_native, id=13821, stack(0x00007fa2bd7cd000,0x00007fa2bd8ce000)]
  0x00007fa2c8170000 JavaThread "C2 CompilerThread0" daemon [_thread_in_native, id=13820, stack(0x00007fa2bd8ce000,0x00007fa2bd9cf000)]
  0x00007fa2c816e000 JavaThread "Signal Dispatcher" daemon [_thread_blocked, id=13819, stack(0x00007fa2bd9cf000,0x00007fa2bdad0000)]
  0x00007fa2c8143000 JavaThread "Finalizer" daemon [_thread_blocked, id=13818, stack(0x00007fa2c46f7000,0x00007fa2c47f8000)]
  0x00007fa2c8141000 JavaThread "Reference Handler" daemon [_thread_blocked, id=13817, stack(0x00007fa2c47f8000,0x00007fa2c48f9000)]
=>0x00007fa2c800a000 JavaThread "main" [_thread_in_Java, id=13811, stack(0x00007fa2d0a89000,0x00007fa2d0b8a000)]

Other Threads:
  0x00007fa2c813c800 VMThread [stack: 0x00007fa2c48f9000,0x00007fa2c49fa000] [id=13816]
  0x00007fa2c8180000 WatcherThread [stack: 0x00007fa2bd5cb000,0x00007fa2bd6cc000] [id=13823]

VM state:not at safepoint (normal execution)

VM Mutex/Monitor currently owned by a thread: None

Heap
 PSYoungGen      total 102912K, used 17120K [0x00000000eaa80000, 0x00000000f1680000, 0x0000000100000000)
  eden space 95232K, 9% used [0x00000000eaa80000,0x00000000eb3ba960,0x00000000f0780000)
  from space 7680K, 99% used [0x00000000f0f00000,0x00000000f167d7e0,0x00000000f1680000)
  to   space 7680K, 0% used [0x00000000f0780000,0x00000000f0780000,0x00000000f0f00000)
 ParOldGen       total 124928K, used 11031K [0x00000000c0000000, 0x00000000c7a00000, 0x00000000eaa80000)
  object space 124928K, 8% used [0x00000000c0000000,0x00000000c0ac5e38,0x00000000c7a00000)
 PSPermGen       total 21504K, used 5427K [0x00000000b5a00000, 0x00000000b6f00000, 0x00000000c0000000)
  object space 21504K, 25% used [0x00000000b5a00000,0x00000000b5f4cd60,0x00000000b6f00000)

Card table byte_map: [0x00007fa2cd479000,0x00007fa2cd6cd000] byte_map_base: 0x00007fa2ccecc000

Polling page: 0x00007fa2d0baa000

Code Cache  [0x00007fa2c5000000, 0x00007fa2c5270000, 0x00007fa2c8000000)
 total_blobs=496 nmethods=287 adapters=162 free_code_cache=47873Kb largest_free_block=48996224

Compilation events (10 events):
Event: 2.538 Thread 0x00007fa2c8170000 nmethod 283 0x00007fa2c510dfd0 code [0x00007fa2c510e120, 0x00007fa2c510e318]
Event: 2.538 Thread 0x00007fa2c8170000  284             java.util.TreeMap::getEntry (84 bytes)
Event: 2.539 Thread 0x00007fa2c8170000 nmethod 284 0x00007fa2c513af10 code [0x00007fa2c513b060, 0x00007fa2c513b198]
Event: 2.539 Thread 0x00007fa2c8170000  285             com.android.dx.dex.code.RopTranslator::pickOrder (400 bytes)
Event: 2.574 Thread 0x00007fa2c8170000 nmethod 285 0x00007fa2c51429d0 code [0x00007fa2c5142c80, 0x00007fa2c5144510]
Event: 2.574 Thread 0x00007fa2c8170000  286             com.android.dx.rop.code.RopMethod::labelToPredecessors (54 bytes)
Event: 2.574 Thread 0x00007fa2c8170000 nmethod 286 0x00007fa2c513abd0 code [0x00007fa2c513ad20, 0x00007fa2c513ade8]
Event: 2.574 Thread 0x00007fa2c8170000  287             com.android.dx.rop.cst.CstMemberRef::compareTo0 (49 bytes)
Event: 2.576 Thread 0x00007fa2c8170000 nmethod 287 0x00007fa2c513c1d0 code [0x00007fa2c513c340, 0x00007fa2c513c718]
Event: 2.576 Thread 0x00007fa2c8170000  288   !         com.android.dx.cf.code.BytecodeArray::parseInstruction (2764 bytes)

GC Heap History (4 events):
Event: 1.445 GC heap before
{Heap before GC invocations=1 (full 0):
 PSYoungGen      total 55296K, used 47616K [0x00000000eaa80000, 0x00000000ee800000, 0x0000000100000000)
  eden space 47616K, 100% used [0x00000000eaa80000,0x00000000ed900000,0x00000000ed900000)
  from space 7680K, 0% used [0x00000000ee080000,0x00000000ee080000,0x00000000ee800000)
  to   space 7680K, 0% used [0x00000000ed900000,0x00000000ed900000,0x00000000ee080000)
 ParOldGen       total 124928K, used 0K [0x00000000c0000000, 0x00000000c7a00000, 0x00000000eaa80000)
  object space 124928K, 0% used [0x00000000c0000000,0x00000000c0000000,0x00000000c7a00000)
 PSPermGen       total 21504K, used 5393K [0x00000000b5a00000, 0x00000000b6f00000, 0x00000000c0000000)
  object space 21504K, 25% used [0x00000000b5a00000,0x00000000b5f444c8,0x00000000b6f00000)
Event: 1.463 GC heap after
Heap after GC invocations=1 (full 0):
 PSYoungGen      total 55296K, used 7648K [0x00000000eaa80000, 0x00000000f1680000, 0x0000000100000000)
  eden space 47616K, 0% used [0x00000000eaa80000,0x00000000eaa80000,0x00000000ed900000)
  from space 7680K, 99% used [0x00000000ed900000,0x00000000ee078028,0x00000000ee080000)
  to   space 7680K, 0% used [0x00000000f0f00000,0x00000000f0f00000,0x00000000f1680000)
 ParOldGen       total 124928K, used 1727K [0x00000000c0000000, 0x00000000c7a00000, 0x00000000eaa80000)
  object space 124928K, 1% used [0x00000000c0000000,0x00000000c01afcc8,0x00000000c7a00000)
 PSPermGen       total 21504K, used 5393K [0x00000000b5a00000, 0x00000000b6f00000, 0x00000000c0000000)
  object space 21504K, 25% used [0x00000000b5a00000,0x00000000b5f444c8,0x00000000b6f00000)
}
Event: 2.447 GC heap before
{Heap before GC invocations=2 (full 0):
 PSYoungGen      total 55296K, used 55264K [0x00000000eaa80000, 0x00000000f1680000, 0x0000000100000000)
  eden space 47616K, 100% used [0x00000000eaa80000,0x00000000ed900000,0x00000000ed900000)
  from space 7680K, 99% used [0x00000000ed900000,0x00000000ee078028,0x00000000ee080000)
  to   space 7680K, 0% used [0x00000000f0f00000,0x00000000f0f00000,0x00000000f1680000)
 ParOldGen       total 124928K, used 1727K [0x00000000c0000000, 0x00000000c7a00000, 0x00000000eaa80000)
  object space 124928K, 1% used [0x00000000c0000000,0x00000000c01afcc8,0x00000000c7a00000)
 PSPermGen       total 21504K, used 5418K [0x00000000b5a00000, 0x00000000b6f00000, 0x00000000c0000000)
  object space 21504K, 25% used [0x00000000b5a00000,0x00000000b5f4a840,0x00000000b6f00000)
Event: 2.473 GC heap after
Heap after GC invocations=2 (full 0):
 PSYoungGen      total 102912K, used 7669K [0x00000000eaa80000, 0x00000000f1680000, 0x0000000100000000)
  eden space 95232K, 0% used [0x00000000eaa80000,0x00000000eaa80000,0x00000000f0780000)
  from space 7680K, 99% used [0x00000000f0f00000,0x00000000f167d7e0,0x00000000f1680000)
  to   space 7680K, 0% used [0x00000000f0780000,0x00000000f0780000,0x00000000f0f00000)
 ParOldGen       total 124928K, used 11031K [0x00000000c0000000, 0x00000000c7a00000, 0x00000000eaa80000)
  object space 124928K, 8% used [0x00000000c0000000,0x00000000c0ac5e38,0x00000000c7a00000)
 PSPermGen       total 21504K, used 5418K [0x00000000b5a00000, 0x00000000b6f00000, 0x00000000c0000000)
  object space 21504K, 25% used [0x00000000b5a00000,0x00000000b5f4a840,0x00000000b6f00000)
}

Deoptimization events (10 events):
Event: 0.863 Thread 0x00007fa2c800a000 Uncommon trap: reason=null_check action=make_not_entrant pc=0x00007fa2c50ba724 method=com.android.dx.rop.code.RegisterSpec.equals(Ljava/lang/Object;)Z @ 1
Event: 0.938 Thread 0x00007fa2c800a000 Uncommon trap: reason=null_check action=make_not_entrant pc=0x00007fa2c508f214 method=com.android.dx.rop.type.Type.equals(Ljava/lang/Object;)Z @ 8
Event: 1.028 Thread 0x00007fa2c800a000 Uncommon trap: reason=class_check action=maybe_recompile pc=0x00007fa2c50977f8 method=java.util.HashMap.put(Ljava/lang/Object;Ljava/lang/Object;)Ljava/lang/Object; @ 83
Event: 1.028 Thread 0x00007fa2c800a000 Uncommon trap: reason=class_check action=maybe_recompile pc=0x00007fa2c50977f8 method=java.util.HashMap.put(Ljava/lang/Object;Ljava/lang/Object;)Ljava/lang/Object; @ 83
Event: 1.028 Thread 0x00007fa2c800a000 Uncommon trap: reason=class_check action=maybe_recompile pc=0x00007fa2c50977f8 method=java.util.HashMap.put(Ljava/lang/Object;Ljava/lang/Object;)Ljava/lang/Object; @ 83
Event: 1.028 Thread 0x00007fa2c800a000 Uncommon trap: reason=class_check action=maybe_recompile pc=0x00007fa2c50977f8 method=java.util.HashMap.put(Ljava/lang/Object;Ljava/lang/Object;)Ljava/lang/Object; @ 83
Event: 1.237 Thread 0x00007fa2c800a000 Uncommon trap: reason=unreached action=reinterpret pc=0x00007fa2c508b884 method=com.android.dx.rop.cst.Constant.compareTo(Lcom/android/dx/rop/cst/Constant;)I @ 12
Event: 2.016 Thread 0x00007fa2c800a000 Uncommon trap: reason=unreached action=reinterpret pc=0x00007fa2c50d68e4 method=com.android.dx.ssa.LocalVariableExtractor.processBlock(I)V @ 251
Event: 2.505 Thread 0x00007fa2c800a000 Uncommon trap: reason=class_check action=maybe_recompile pc=0x00007fa2c50c4e68 method=com.android.dx.ssa.SsaConverter.placePhiFunctions(Lcom/android/dx/ssa/SsaMethod;Lcom/android/dx/ssa/LocalVariableInfo;I)V @ 257
Event: 2.544 Thread 0x00007fa2c800a000 Uncommon trap: reason=unreached action=reinterpret pc=0x00007fa2c508c448 method=com.android.dx.ssa.DeadCodeRemover.hasSideEffect(Lcom/android/dx/ssa/SsaInsn;)Z @ 1

Internal exceptions (10 events):
Event: 0.592 Thread 0x00007fa2c800a000 Threw 0x00000000eb996760 at /build/buildd/openjdk-7-7u75-2.5.4/build/openjdk/hotspot/src/share/vm/prims/jvm.cpp:1284
Event: 0.614 Thread 0x00007fa2c800a000 Implicit null exception at 0x00007fa2c5085e22 to 0x00007fa2c5086239
Event: 0.626 Thread 0x00007fa2c800a000 Threw 0x00000000ebab44c8 at /build/buildd/openjdk-7-7u75-2.5.4/build/openjdk/hotspot/src/share/vm/prims/jvm.cpp:1284
Event: 0.863 Thread 0x00007fa2c800a000 Implicit null exception at 0x00007fa2c50b9a46 to 0x00007fa2c50ba6f2
Event: 0.938 Thread 0x00007fa2c800a000 Implicit null exception at 0x00007fa2c508f112 to 0x00007fa2c508f206
Event: 1.251 Thread 0x00007fa2c800a000 Threw 0x00000000ed0c3c00 at /build/buildd/openjdk-7-7u75-2.5.4/build/openjdk/hotspot/src/share/vm/prims/jvm.cpp:1284
Event: 2.111 Thread 0x00007fa2c800a000 Threw 0x00000000ec638de8 at /build/buildd/openjdk-7-7u75-2.5.4/build/openjdk/hotspot/src/share/vm/prims/jvm.cpp:1284
Event: 2.499 Thread 0x00007fa2c800a000 Threw 0x00000000eab62c80 at /build/buildd/openjdk-7-7u75-2.5.4/build/openjdk/hotspot/src/share/vm/prims/jvm.cpp:1284
Event: 2.505 Thread 0x00007fa2c800a000 Threw 0x00000000eabae1a0 at /build/buildd/openjdk-7-7u75-2.5.4/build/openjdk/hotspot/src/share/vm/prims/jvm.cpp:1284
Event: 2.544 Thread 0x00007fa2c800a000 Implicit null exception at 0x00007fa2c508c30c to 0x00007fa2c508c439

Events (10 events):
Event: 2.499 loading class 0x00007fa2c824c800
Event: 2.499 loading class 0x00007fa2c824c800 done
Event: 2.505 Thread 0x00007fa2c800a000 Uncommon trap: trap_request=0xffffffde fr.pc=0x00007fa2c50c4e68
Event: 2.505 Thread 0x00007fa2c800a000 DEOPT PACKING pc=0x00007fa2c50c4e68 sp=0x00007fa2d0b87880
Event: 2.505 Thread 0x00007fa2c800a000 DEOPT UNPACKING pc=0x00007fa2c5039445 sp=0x00007fa2d0b87840 mode 2
Event: 2.505 loading class 0x00007fa2c82bb040
Event: 2.505 loading class 0x00007fa2c82bb040 done
Event: 2.544 Thread 0x00007fa2c800a000 Uncommon trap: trap_request=0xffffffad fr.pc=0x00007fa2c508c448
Event: 2.544 Thread 0x00007fa2c800a000 DEOPT PACKING pc=0x00007fa2c508c448 sp=0x00007fa2d0b87820
Event: 2.544 Thread 0x00007fa2c800a000 DEOPT UNPACKING pc=0x00007fa2c5039445 sp=0x00007fa2d0b877e8 mode 2


Dynamic libraries:
00400000-00401000 r-xp 00000000 08:01 16387174                           /usr/lib/jvm/java-7-openjdk-amd64/jre/bin/java
00600000-00601000 r--p 00000000 08:01 16387174                           /usr/lib/jvm/java-7-openjdk-amd64/jre/bin/java
00601000-00602000 rw-p 00001000 08:01 16387174                           /usr/lib/jvm/java-7-openjdk-amd64/jre/bin/java
006e4000-00705000 rw-p 00000000 00:00 0                                  [heap]
b5a00000-b6f00000 rw-p 00000000 00:00 0 
b6f00000-c0000000 rw-p 00000000 00:00 0 
c0000000-c7a00000 rw-p 00000000 00:00 0 
c7a00000-eaa80000 rw-p 00000000 00:00 0 
eaa80000-f1680000 rw-p 00000000 00:00 0 
f1680000-100000000 rw-p 00000000 00:00 0 
7fa290000000-7fa290021000 rw-p 00000000 00:00 0 
7fa290021000-7fa294000000 ---p 00000000 00:00 0 
7fa294000000-7fa294021000 rw-p 00000000 00:00 0 
7fa294021000-7fa298000000 ---p 00000000 00:00 0 
7fa298000000-7fa299220000 rw-p 00000000 00:00 0 
7fa299220000-7fa29c000000 ---p 00000000 00:00 0 
7fa29c000000-7fa29d962000 rw-p 00000000 00:00 0 
7fa29d962000-7fa2a0000000 ---p 00000000 00:00 0 
7fa2a0000000-7fa2a0021000 rw-p 00000000 00:00 0 
7fa2a0021000-7fa2a4000000 ---p 00000000 00:00 0 
7fa2a4000000-7fa2a4021000 rw-p 00000000 00:00 0 
7fa2a4021000-7fa2a8000000 ---p 00000000 00:00 0 
7fa2a8000000-7fa2a8021000 rw-p 00000000 00:00 0 
7fa2a8021000-7fa2ac000000 ---p 00000000 00:00 0 
7fa2ac000000-7fa2ac021000 rw-p 00000000 00:00 0 
7fa2ac021000-7fa2b0000000 ---p 00000000 00:00 0 
7fa2b0000000-7fa2b0021000 rw-p 00000000 00:00 0 
7fa2b0021000-7fa2b4000000 ---p 00000000 00:00 0 
7fa2b4000000-7fa2b4021000 rw-p 00000000 00:00 0 
7fa2b4021000-7fa2b8000000 ---p 00000000 00:00 0 
7fa2b8000000-7fa2b8021000 rw-p 00000000 00:00 0 
7fa2b8021000-7fa2bc000000 ---p 00000000 00:00 0 
7fa2bd5cb000-7fa2bd5cc000 ---p 00000000 00:00 0 
7fa2bd5cc000-7fa2bd6cc000 rw-p 00000000 00:00 0                          [stack:13823]
7fa2bd6cc000-7fa2bd6cf000 ---p 00000000 00:00 0 
7fa2bd6cf000-7fa2bd7cd000 rw-p 00000000 00:00 0                          [stack:13822]
7fa2bd7cd000-7fa2bd7d0000 ---p 00000000 00:00 0 
7fa2bd7d0000-7fa2bd8ce000 rw-p 00000000 00:00 0                          [stack:13821]
7fa2bd8ce000-7fa2bd8d1000 ---p 00000000 00:00 0 
7fa2bd8d1000-7fa2bd9cf000 rw-p 00000000 00:00 0                          [stack:13820]
7fa2bd9cf000-7fa2bd9d2000 ---p 00000000 00:00 0 
7fa2bd9d2000-7fa2c0000000 rw-p 00000000 00:00 0                          [stack:13819]
7fa2c0000000-7fa2c0021000 rw-p 00000000 00:00 0 
7fa2c0021000-7fa2c4000000 ---p 00000000 00:00 0 
7fa2c4015000-7fa2c46f7000 r--p 00000000 08:01 15735379                   /usr/lib/locale/locale-archive
7fa2c46f7000-7fa2c46fa000 ---p 00000000 00:00 0 
7fa2c46fa000-7fa2c47f8000 rw-p 00000000 00:00 0                          [stack:13818]
7fa2c47f8000-7fa2c47fb000 ---p 00000000 00:00 0 
7fa2c47fb000-7fa2c48f9000 rw-p 00000000 00:00 0                          [stack:13817]
7fa2c48f9000-7fa2c48fa000 ---p 00000000 00:00 0 
7fa2c48fa000-7fa2c5000000 rw-p 00000000 00:00 0                          [stack:13816]
7fa2c5000000-7fa2c5270000 rwxp 00000000 00:00 0 
7fa2c5270000-7fa2c8505000 rw-p 00000000 00:00 0 
7fa2c8505000-7fa2cc000000 ---p 00000000 00:00 0 
7fa2cc095000-7fa2cc0a4000 r--s 000dd000 08:01 24774389                   /home/vasanth/android-sdks/build-tools/21.1.2/lib/dx.jar
7fa2cc0a4000-7fa2cc9f6000 rw-p 00000000 00:00 0 
7fa2cc9f6000-7fa2ccba8000 r--s 01d23000 08:01 16387119                   /usr/lib/jvm/java-7-openjdk-amd64/jre/lib/rt.jar
7fa2ccba8000-7fa2ccecc000 rw-p 00000000 00:00 0 
7fa2ccecc000-7fa2ccecd000 ---p 00000000 00:00 0 
7fa2ccecd000-7fa2ccfcd000 rw-p 00000000 00:00 0                          [stack:13815]
7fa2ccfcd000-7fa2ccfce000 ---p 00000000 00:00 0 
7fa2ccfce000-7fa2cd0ce000 rw-p 00000000 00:00 0                          [stack:13814]
7fa2cd0ce000-7fa2cd0cf000 ---p 00000000 00:00 0 
7fa2cd0cf000-7fa2cd1cf000 rw-p 00000000 00:00 0                          [stack:13813]
7fa2cd1cf000-7fa2cd1d0000 ---p 00000000 00:00 0 
7fa2cd1d0000-7fa2cd2db000 rw-p 00000000 00:00 0                          [stack:13812]
7fa2cd2db000-7fa2cd323000 rw-p 00000000 00:00 0 
7fa2cd323000-7fa2cd360000 rw-p 00000000 00:00 0 
7fa2cd360000-7fa2cd479000 rw-p 00000000 00:00 0 
7fa2cd479000-7fa2cd484000 rw-p 00000000 00:00 0 
7fa2cd484000-7fa2cd4cc000 rw-p 00000000 00:00 0 
7fa2cd4cc000-7fa2cd509000 rw-p 00000000 00:00 0 
7fa2cd509000-7fa2cd621000 rw-p 00000000 00:00 0 
7fa2cd621000-7fa2cd658000 rw-p 00000000 00:00 0 
7fa2cd658000-7fa2cd6cc000 rw-p 00000000 00:00 0 
7fa2cd6cc000-7fa2cd6cd000 rw-p 00000000 00:00 0 
7fa2cd6cd000-7fa2cd6d5000 r-xp 00000000 08:01 16387171                   /usr/lib/jvm/java-7-openjdk-amd64/jre/lib/amd64/libzip.so
7fa2cd6d5000-7fa2cd8d4000 ---p 00008000 08:01 16387171                   /usr/lib/jvm/java-7-openjdk-amd64/jre/lib/amd64/libzip.so
7fa2cd8d4000-7fa2cd8d5000 r--p 00007000 08:01 16387171                   /usr/lib/jvm/java-7-openjdk-amd64/jre/lib/amd64/libzip.so
7fa2cd8d5000-7fa2cd8d6000 rw-p 00008000 08:01 16387171                   /usr/lib/jvm/java-7-openjdk-amd64/jre/lib/amd64/libzip.so
7fa2cd8d6000-7fa2cd8e1000 r-xp 00000000 08:01 4196934                    /lib/x86_64-linux-gnu/libnss_files-2.19.so
7fa2cd8e1000-7fa2cdae0000 ---p 0000b000 08:01 4196934                    /lib/x86_64-linux-gnu/libnss_files-2.19.so
7fa2cdae0000-7fa2cdae1000 r--p 0000a000 08:01 4196934                    /lib/x86_64-linux-gnu/libnss_files-2.19.so
7fa2cdae1000-7fa2cdae2000 rw-p 0000b000 08:01 4196934                    /lib/x86_64-linux-gnu/libnss_files-2.19.so
7fa2cdae2000-7fa2cdaed000 r-xp 00000000 08:01 4196968                    /lib/x86_64-linux-gnu/libnss_nis-2.19.so
7fa2cdaed000-7fa2cdcec000 ---p 0000b000 08:01 4196968                    /lib/x86_64-linux-gnu/libnss_nis-2.19.so
7fa2cdcec000-7fa2cdced000 r--p 0000a000 08:01 4196968                    /lib/x86_64-linux-gnu/libnss_nis-2.19.so
7fa2cdced000-7fa2cdcee000 rw-p 0000b000 08:01 4196968                    /lib/x86_64-linux-gnu/libnss_nis-2.19.so
7fa2cdcee000-7fa2cdd05000 r-xp 00000000 08:01 4196957                    /lib/x86_64-linux-gnu/libnsl-2.19.so
7fa2cdd05000-7fa2cdf04000 ---p 00017000 08:01 4196957                    /lib/x86_64-linux-gnu/libnsl-2.19.so
7fa2cdf04000-7fa2cdf05000 r--p 00016000 08:01 4196957                    /lib/x86_64-linux-gnu/libnsl-2.19.so
7fa2cdf05000-7fa2cdf06000 rw-p 00017000 08:01 4196957                    /lib/x86_64-linux-gnu/libnsl-2.19.so
7fa2cdf06000-7fa2cdf08000 rw-p 00000000 00:00 0 
7fa2cdf08000-7fa2cdf11000 r-xp 00000000 08:01 4196956                    /lib/x86_64-linux-gnu/libnss_compat-2.19.so
7fa2cdf11000-7fa2ce110000 ---p 00009000 08:01 4196956                    /lib/x86_64-linux-gnu/libnss_compat-2.19.so
7fa2ce110000-7fa2ce111000 r--p 00008000 08:01 4196956                    /lib/x86_64-linux-gnu/libnss_compat-2.19.so
7fa2ce111000-7fa2ce112000 rw-p 00009000 08:01 4196956                    /lib/x86_64-linux-gnu/libnss_compat-2.19.so
7fa2ce112000-7fa2ce13d000 r-xp 00000000 08:01 16387158                   /usr/lib/jvm/java-7-openjdk-amd64/jre/lib/amd64/libjava.so
7fa2ce13d000-7fa2ce33d000 ---p 0002b000 08:01 16387158                   /usr/lib/jvm/java-7-openjdk-amd64/jre/lib/amd64/libjava.so
7fa2ce33d000-7fa2ce33e000 r--p 0002b000 08:01 16387158                   /usr/lib/jvm/java-7-openjdk-amd64/jre/lib/amd64/libjava.so
7fa2ce33e000-7fa2ce340000 rw-p 0002c000 08:01 16387158                   /usr/lib/jvm/java-7-openjdk-amd64/jre/lib/amd64/libjava.so
7fa2ce340000-7fa2ce350000 r-xp 00000000 08:01 16387157                   /usr/lib/jvm/java-7-openjdk-amd64/jre/lib/amd64/libverify.so
7fa2ce350000-7fa2ce54f000 ---p 00010000 08:01 16387157                   /usr/lib/jvm/java-7-openjdk-amd64/jre/lib/amd64/libverify.so
7fa2ce54f000-7fa2ce551000 r--p 0000f000 08:01 16387157                   /usr/lib/jvm/java-7-openjdk-amd64/jre/lib/amd64/libverify.so
7fa2ce551000-7fa2ce552000 rw-p 00011000 08:01 16387157                   /usr/lib/jvm/java-7-openjdk-amd64/jre/lib/amd64/libverify.so
7fa2ce552000-7fa2ce559000 r-xp 00000000 08:01 4196965                    /lib/x86_64-linux-gnu/librt-2.19.so
7fa2ce559000-7fa2ce758000 ---p 00007000 08:01 4196965                    /lib/x86_64-linux-gnu/librt-2.19.so
7fa2ce758000-7fa2ce759000 r--p 00006000 08:01 4196965                    /lib/x86_64-linux-gnu/librt-2.19.so
7fa2ce759000-7fa2ce75a000 rw-p 00007000 08:01 4196965                    /lib/x86_64-linux-gnu/librt-2.19.so
7fa2ce75a000-7fa2ce770000 r-xp 00000000 08:01 4194330                    /lib/x86_64-linux-gnu/libgcc_s.so.1
7fa2ce770000-7fa2ce96f000 ---p 00016000 08:01 4194330                    /lib/x86_64-linux-gnu/libgcc_s.so.1
7fa2ce96f000-7fa2ce970000 rw-p 00015000 08:01 4194330                    /lib/x86_64-linux-gnu/libgcc_s.so.1
7fa2ce970000-7fa2cea75000 r-xp 00000000 08:01 4196933                    /lib/x86_64-linux-gnu/libm-2.19.so
7fa2cea75000-7fa2cec74000 ---p 00105000 08:01 4196933                    /lib/x86_64-linux-gnu/libm-2.19.so
7fa2cec74000-7fa2cec75000 r--p 00104000 08:01 4196933                    /lib/x86_64-linux-gnu/libm-2.19.so
7fa2cec75000-7fa2cec76000 rw-p 00105000 08:01 4196933                    /lib/x86_64-linux-gnu/libm-2.19.so
7fa2cec76000-7fa2ced5c000 r-xp 00000000 08:01 15737244                   /usr/lib/x86_64-linux-gnu/libstdc++.so.6.0.19
7fa2ced5c000-7fa2cef5b000 ---p 000e6000 08:01 15737244                   /usr/lib/x86_64-linux-gnu/libstdc++.so.6.0.19
7fa2cef5b000-7fa2cef63000 r--p 000e5000 08:01 15737244                   /usr/lib/x86_64-linux-gnu/libstdc++.so.6.0.19
7fa2cef63000-7fa2cef65000 rw-p 000ed000 08:01 15737244                   /usr/lib/x86_64-linux-gnu/libstdc++.so.6.0.19
7fa2cef65000-7fa2cef7a000 rw-p 00000000 00:00 0 
7fa2cef7a000-7fa2cfa92000 r-xp 00000000 08:01 16516415                   /usr/lib/jvm/java-7-openjdk-amd64/jre/lib/amd64/server/libjvm.so
7fa2cfa92000-7fa2cfc92000 ---p 00b18000 08:01 16516415                   /usr/lib/jvm/java-7-openjdk-amd64/jre/lib/amd64/server/libjvm.so
7fa2cfc92000-7fa2cfd2c000 r--p 00b18000 08:01 16516415                   /usr/lib/jvm/java-7-openjdk-amd64/jre/lib/amd64/server/libjvm.so
7fa2cfd2c000-7fa2cfd4f000 rw-p 00bb2000 08:01 16516415                   /usr/lib/jvm/java-7-openjdk-amd64/jre/lib/amd64/server/libjvm.so
7fa2cfd4f000-7fa2cfd7d000 rw-p 00000000 00:00 0 
7fa2cfd7d000-7fa2cfd95000 r-xp 00000000 08:01 4198406                    /lib/x86_64-linux-gnu/libz.so.1.2.8
7fa2cfd95000-7fa2cff94000 ---p 00018000 08:01 4198406                    /lib/x86_64-linux-gnu/libz.so.1.2.8
7fa2cff94000-7fa2cff95000 r--p 00017000 08:01 4198406                    /lib/x86_64-linux-gnu/libz.so.1.2.8
7fa2cff95000-7fa2cff96000 rw-p 00018000 08:01 4198406                    /lib/x86_64-linux-gnu/libz.so.1.2.8
7fa2cff96000-7fa2cffaf000 r-xp 00000000 08:01 4196963                    /lib/x86_64-linux-gnu/libpthread-2.19.so
7fa2cffaf000-7fa2d01ae000 ---p 00019000 08:01 4196963                    /lib/x86_64-linux-gnu/libpthread-2.19.so
7fa2d01ae000-7fa2d01af000 r--p 00018000 08:01 4196963                    /lib/x86_64-linux-gnu/libpthread-2.19.so
7fa2d01af000-7fa2d01b0000 rw-p 00019000 08:01 4196963                    /lib/x86_64-linux-gnu/libpthread-2.19.so
7fa2d01b0000-7fa2d01b4000 rw-p 00000000 00:00 0 
7fa2d01b4000-7fa2d01b7000 r-xp 00000000 08:01 4196950                    /lib/x86_64-linux-gnu/libdl-2.19.so
7fa2d01b7000-7fa2d03b6000 ---p 00003000 08:01 4196950                    /lib/x86_64-linux-gnu/libdl-2.19.so
7fa2d03b6000-7fa2d03b7000 r--p 00002000 08:01 4196950                    /lib/x86_64-linux-gnu/libdl-2.19.so
7fa2d03b7000-7fa2d03b8000 rw-p 00003000 08:01 4196950                    /lib/x86_64-linux-gnu/libdl-2.19.so
7fa2d03b8000-7fa2d0573000 r-xp 00000000 08:01 4196962                    /lib/x86_64-linux-gnu/libc-2.19.so
7fa2d0573000-7fa2d0772000 ---p 001bb000 08:01 4196962                    /lib/x86_64-linux-gnu/libc-2.19.so
7fa2d0772000-7fa2d0776000 r--p 001ba000 08:01 4196962                    /lib/x86_64-linux-gnu/libc-2.19.so
7fa2d0776000-7fa2d0778000 rw-p 001be000 08:01 4196962                    /lib/x86_64-linux-gnu/libc-2.19.so
7fa2d0778000-7fa2d077d000 rw-p 00000000 00:00 0 
7fa2d077d000-7fa2d078a000 r-xp 00000000 08:01 16515965                   /usr/lib/jvm/java-7-openjdk-amd64/jre/lib/amd64/jli/libjli.so
7fa2d078a000-7fa2d0989000 ---p 0000d000 08:01 16515965                   /usr/lib/jvm/java-7-openjdk-amd64/jre/lib/amd64/jli/libjli.so
7fa2d0989000-7fa2d098a000 r--p 0000c000 08:01 16515965                   /usr/lib/jvm/java-7-openjdk-amd64/jre/lib/amd64/jli/libjli.so
7fa2d098a000-7fa2d098b000 rw-p 0000d000 08:01 16515965                   /usr/lib/jvm/java-7-openjdk-amd64/jre/lib/amd64/jli/libjli.so
7fa2d098b000-7fa2d09ae000 r-xp 00000000 08:01 4196959                    /lib/x86_64-linux-gnu/ld-2.19.so
7fa2d09ae000-7fa2d09af000 rw-p 00000000 00:00 0 
7fa2d09af000-7fa2d09b1000 r--s 00006000 08:01 16127441                   /usr/share/java/java-atk-wrapper.jar
7fa2d09b1000-7fa2d09d3000 rw-p 00000000 00:00 0 
7fa2d09d3000-7fa2d0a89000 rw-p 00000000 00:00 0 
7fa2d0a89000-7fa2d0a8c000 ---p 00000000 00:00 0 
7fa2d0a8c000-7fa2d0b90000 rw-p 00000000 00:00 0                          [stack:13811]
7fa2d0b90000-7fa2d0b92000 r--s 00012000 08:01 16387125                   /usr/lib/jvm/java-7-openjdk-amd64/jre/lib/ext/zipfs.jar
7fa2d0b92000-7fa2d0b96000 r--s 00034000 08:01 16387124                   /usr/lib/jvm/java-7-openjdk-amd64/jre/lib/ext/sunjce_provider.jar
7fa2d0b96000-7fa2d0b99000 r--s 0000f000 08:01 16387122                   /usr/lib/jvm/java-7-openjdk-amd64/jre/lib/ext/icedtea-sound.jar
7fa2d0b99000-7fa2d0b9c000 r--s 00086000 08:01 16387127                   /usr/lib/jvm/java-7-openjdk-amd64/jre/lib/ext/localedata.jar
7fa2d0b9c000-7fa2d0ba0000 r--s 0003c000 08:01 16387123                   /usr/lib/jvm/java-7-openjdk-amd64/jre/lib/ext/sunpkcs11.jar
7fa2d0ba0000-7fa2d0ba1000 r--s 00002000 08:01 16387126                   /usr/lib/jvm/java-7-openjdk-amd64/jre/lib/ext/dnsns.jar
7fa2d0ba1000-7fa2d0ba9000 rw-s 00000000 08:01 26876366                   /tmp/hsperfdata_vasanth/13802
7fa2d0ba9000-7fa2d0baa000 rw-p 00000000 00:00 0 
7fa2d0baa000-7fa2d0bab000 r--p 00000000 00:00 0 
7fa2d0bab000-7fa2d0bad000 rw-p 00000000 00:00 0 
7fa2d0bad000-7fa2d0bae000 r--p 00022000 08:01 4196959                    /lib/x86_64-linux-gnu/ld-2.19.so
7fa2d0bae000-7fa2d0baf000 rw-p 00023000 08:01 4196959                    /lib/x86_64-linux-gnu/ld-2.19.so
7fa2d0baf000-7fa2d0bb0000 rw-p 00000000 00:00 0 
7fff2458e000-7fff245af000 rw-p 00000000 00:00 0                          [stack]
7fff245fe000-7fff24600000 r-xp 00000000 00:00 0                          [vdso]
ffffffffff600000-ffffffffff601000 r-xp 00000000 00:00 0                  [vsyscall]

VM Arguments:
jvm_args: -Xmx1024M 
java_command: /home/vasanth/android-sdks/build-tools/21.1.2/lib/dx.jar --dex --output /home/vasanth/AndroidstudioProjects/RBCCPS_IoTStack/app/build/intermediates/dex/debug --input-list=/home/vasanth/AndroidstudioProjects/RBCCPS_IoTStack/app/build/intermediates/tmp/dex/debug/inputList.txt
Launcher Type: SUN_STANDARD

Environment Variables:
JAVA_HOME=/usr/lib/jvm/java-1.7.0-openjdk-amd64
CLASSPATH=./../lib/bootstrap.jar:./../lib/extensions.jar:./../lib/util.jar:./../lib/jdom.jar:./../lib/log4j.jar:./../lib/trove4j.jar:./../lib/jna.jar:/usr/lib/jvm/java-1.7.0-openjdk-amd64/lib/tools.jar
PATH=/usr/local/sbin:/usr/local/bin:/usr/sbin:/usr/bin:/sbin:/bin:/usr/games:/usr/local/games
LD_LIBRARY_PATH=.:
SHELL=/bin/bash
DISPLAY=:0

Signal Handlers:
SIGSEGV: [libjvm.so+0x94b4b0], sa_mask[0]=0x7ffbfeff, sa_flags=0x10000004
SIGBUS: [libjvm.so+0x94b4b0], sa_mask[0]=0x7ffbfeff, sa_flags=0x10000004
SIGFPE: [libjvm.so+0x7c3390], sa_mask[0]=0x7ffbfeff, sa_flags=0x10000004
SIGPIPE: [libjvm.so+0x7c3390], sa_mask[0]=0x7ffbfeff, sa_flags=0x10000004
SIGXFSZ: [libjvm.so+0x7c3390], sa_mask[0]=0x7ffbfeff, sa_flags=0x10000004
SIGILL: [libjvm.so+0x7c3390], sa_mask[0]=0x7ffbfeff, sa_flags=0x10000004
SIGUSR1: SIG_DFL, sa_mask[0]=0x00000000, sa_flags=0x00000000
SIGUSR2: [libjvm.so+0x7c3230], sa_mask[0]=0x00000004, sa_flags=0x10000004
SIGHUP: [libjvm.so+0x7c3410], sa_mask[0]=0x7ffbfeff, sa_flags=0x10000004
SIGINT: [libjvm.so+0x7c3410], sa_mask[0]=0x7ffbfeff, sa_flags=0x10000004
SIGTERM: [libjvm.so+0x7c3410], sa_mask[0]=0x7ffbfeff, sa_flags=0x10000004
SIGQUIT: [libjvm.so+0x7c3410], sa_mask[0]=0x7ffbfeff, sa_flags=0x10000004
SIGTRAP: SIG_DFL, sa_mask[0]=0x00000000, sa_flags=0x00000000


---------------  S Y S T E M  ---------------

OS:Ubuntu 14.04 (trusty)
uname:Linux 3.13.0-43-generic #72-Ubuntu SMP Mon Dec 8 19:35:06 UTC 2014 x86_64
libc:glibc 2.19 NPTL 2.19 
rlimit: STACK 8192k, CORE 0k, NPROC 93765, NOFILE 4096, AS infinity
load average:0.98 0.81 0.65

/proc/meminfo:
MemTotal:       12023656 kB
MemFree:         5310908 kB
Buffers:          447012 kB
Cached:          2372380 kB
SwapCached:            0 kB
Active:          4534972 kB
Inactive:        1660504 kB
Active(anon):    3387196 kB
Inactive(anon):   451732 kB
Active(file):    1147776 kB
Inactive(file):  1208772 kB
Unevictable:          48 kB
Mlocked:              48 kB
SwapTotal:       8100860 kB
SwapFree:        8100860 kB
Dirty:             11316 kB
Writeback:             0 kB
AnonPages:       3378264 kB
Mapped:           372748 kB
Shmem:            462848 kB
Slab:             353416 kB
SReclaimable:     312216 kB
SUnreclaim:        41200 kB
KernelStack:        5744 kB
PageTables:        43884 kB
NFS_Unstable:          0 kB
Bounce:                0 kB
WritebackTmp:          0 kB
CommitLimit:    14112688 kB
Committed_AS:    8562004 kB
VmallocTotal:   34359738367 kB
VmallocUsed:      374580 kB
VmallocChunk:   34359350360 kB
HardwareCorrupted:     0 kB
AnonHugePages:   2023424 kB
HugePages_Total:       0
HugePages_Free:        0
HugePages_Rsvd:        0
HugePages_Surp:        0
Hugepagesize:       2048 kB
DirectMap4k:       58468 kB
DirectMap2M:     1753088 kB
DirectMap1G:    10485760 kB


CPU:total 4 (2 cores per cpu, 2 threads per core) family 6 model 60 stepping 3, cmov, cx8, fxsr, mmx, sse, sse2, sse3, ssse3, sse4.1, sse4.2, popcnt, avx, avx2, aes, erms, ht, tsc, tscinvbit

/proc/cpuinfo:
processor	: 0
vendor_id	: GenuineIntel
cpu family	: 6
model		: 60
model name	: Intel(R) Core(TM) i5-4200M CPU @ 2.50GHz
stepping	: 3
microcode	: 0x17
cpu MHz		: 2501.000
cache size	: 3072 KB
physical id	: 0
siblings	: 4
core id		: 0
cpu cores	: 2
apicid		: 0
initial apicid	: 0
fpu		: yes
fpu_exception	: yes
cpuid level	: 13
wp		: yes
flags		: fpu vme de pse tsc msr pae mce cx8 apic sep mtrr pge mca cmov pat pse36 clflush dts acpi mmx fxsr sse sse2 ss ht tm pbe syscall nx pdpe1gb rdtscp lm constant_tsc arch_perfmon pebs bts rep_good nopl xtopology nonstop_tsc aperfmperf eagerfpu pni pclmulqdq dtes64 monitor ds_cpl vmx est tm2 ssse3 fma cx16 xtpr pdcm pcid sse4_1 sse4_2 movbe popcnt tsc_deadline_timer aes xsave avx f16c rdrand lahf_lm abm ida arat epb xsaveopt pln pts dtherm tpr_shadow vnmi flexpriority ept vpid fsgsbase tsc_adjust bmi1 avx2 smep bmi2 erms invpcid
bogomips	: 4988.65
clflush size	: 64
cache_alignment	: 64
address sizes	: 39 bits physical, 48 bits virtual
power management:

processor	: 1
vendor_id	: GenuineIntel
cpu family	: 6
model		: 60
model name	: Intel(R) Core(TM) i5-4200M CPU @ 2.50GHz
stepping	: 3
microcode	: 0x17
cpu MHz		: 2501.000
cache size	: 3072 KB
physical id	: 0
siblings	: 4
core id		: 0
cpu cores	: 2
apicid		: 1
initial apicid	: 1
fpu		: yes
fpu_exception	: yes
cpuid level	: 13
wp		: yes
flags		: fpu vme de pse tsc msr pae mce cx8 apic sep mtrr pge mca cmov pat pse36 clflush dts acpi mmx fxsr sse sse2 ss ht tm pbe syscall nx pdpe1gb rdtscp lm constant_tsc arch_perfmon pebs bts rep_good nopl xtopology nonstop_tsc aperfmperf eagerfpu pni pclmulqdq dtes64 monitor ds_cpl vmx est tm2 ssse3 fma cx16 xtpr pdcm pcid sse4_1 sse4_2 movbe popcnt tsc_deadline_timer aes xsave avx f16c rdrand lahf_lm abm ida arat epb xsaveopt pln pts dtherm tpr_shadow vnmi flexpriority ept vpid fsgsbase tsc_adjust bmi1 avx2 smep bmi2 erms invpcid
bogomips	: 4988.65
clflush size	: 64
cache_alignment	: 64
address sizes	: 39 bits physical, 48 bits virtual
power management:

processor	: 2
vendor_id	: GenuineIntel
cpu family	: 6
model		: 60
model name	: Intel(R) Core(TM) i5-4200M CPU @ 2.50GHz
stepping	: 3
microcode	: 0x17
cpu MHz		: 2501.000
cache size	: 3072 KB
physical id	: 0
siblings	: 4
core id		: 1
cpu cores	: 2
apicid		: 2
initial apicid	: 2
fpu		: yes
fpu_exception	: yes
cpuid level	: 13
wp		: yes
flags		: fpu vme de pse tsc msr pae mce cx8 apic sep mtrr pge mca cmov pat pse36 clflush dts acpi mmx fxsr sse sse2 ss ht tm pbe syscall nx pdpe1gb rdtscp lm constant_tsc arch_perfmon pebs bts rep_good nopl xtopology nonstop_tsc aperfmperf eagerfpu pni pclmulqdq dtes64 monitor ds_cpl vmx est tm2 ssse3 fma cx16 xtpr pdcm pcid sse4_1 sse4_2 movbe popcnt tsc_deadline_timer aes xsave avx f16c rdrand lahf_lm abm ida arat epb xsaveopt pln pts dtherm tpr_shadow vnmi flexpriority ept vpid fsgsbase tsc_adjust bmi1 avx2 smep bmi2 erms invpcid
bogomips	: 4988.65
clflush size	: 64
cache_alignment	: 64
address sizes	: 39 bits physical, 48 bits virtual
power management:

processor	: 3
vendor_id	: GenuineIntel
cpu family	: 6
model		: 60
model name	: Intel(R) Core(TM) i5-4200M CPU @ 2.50GHz
stepping	: 3
microcode	: 0x17
cpu MHz		: 800.000
cache size	: 3072 KB
physical id	: 0
siblings	: 4
core id		: 1
cpu cores	: 2
apicid		: 3
initial apicid	: 3
fpu		: yes
fpu_exception	: yes
cpuid level	: 13
wp		: yes
flags		: fpu vme de pse tsc msr pae mce cx8 apic sep mtrr pge mca cmov pat pse36 clflush dts acpi mmx fxsr sse sse2 ss ht tm pbe syscall nx pdpe1gb rdtscp lm constant_tsc arch_perfmon pebs bts rep_good nopl xtopology nonstop_tsc aperfmperf eagerfpu pni pclmulqdq dtes64 monitor ds_cpl vmx est tm2 ssse3 fma cx16 xtpr pdcm pcid sse4_1 sse4_2 movbe popcnt tsc_deadline_timer aes xsave avx f16c rdrand lahf_lm abm ida arat epb xsaveopt pln pts dtherm tpr_shadow vnmi flexpriority ept vpid fsgsbase tsc_adjust bmi1 avx2 smep bmi2 erms invpcid
bogomips	: 4988.65
clflush size	: 64
cache_alignment	: 64
address sizes	: 39 bits physical, 48 bits virtual
power management:



Memory: 4k page, physical 12023656k(5310908k free), swap 8100860k(8100860k free)

vm_info: OpenJDK 64-Bit Server VM (24.75-b04) for linux-amd64 JRE (1.7.0_75-b13), built on Jan 27 2015 00:38:59 by "buildd" with gcc 4.8.2

time: Wed Mar 11 15:30:57 2015
elapsed time: 2 seconds

