#
# A fatal error has been detected by the Java Runtime Environment:
#
#  SIGSEGV (0xb) at pc=0x00007ffcf021e7d0, pid=14420, tid=140724143249152
#
# JRE version: OpenJDK Runtime Environment (7.0_75-b13) (build 1.7.0_75-b13)
# Java VM: OpenJDK 64-Bit Server VM (24.75-b04 mixed mode linux-amd64 compressed oops)
# Derivative: IcedTea 2.5.4
# Distribution: Ubuntu 14.04 LTS, package 7u75-2.5.4-1~trusty1
# Problematic frame:
# V  [libjvm.so+0x7a37d0]  Node::rematerialize() const+0x0
#
# Failed to write core dump. Core dumps have been disabled. To enable core dumping, try "ulimit -c unlimited" before starting Java again
#
# If you would like to submit a bug report, please include
# instructions on how to reproduce the bug and visit:
#   http://icedtea.classpath.org/bugzilla
#

---------------  T H R E A D  ---------------

Current thread (0x00007ffce80a9000):  JavaThread "C2 CompilerThread0" daemon [_thread_in_native, id=14431, stack(0x00007ffce481d000,0x00007ffce491e000)]

siginfo:si_signo=SIGSEGV: si_errno=0, si_code=1 (SEGV_MAPERR), si_addr=0x00007f3a9cd5f5c4

Registers:
RAX=0x00007ffcb9048e00, RBX=0x00007ffcb85958b0, RCX=0x00007ffce4919b90, RDX=0x0000000000002d41
RSP=0x00007ffce4919658, RBP=0x00007ffce4919910, RSI=0x0000000000000140, RDI=0x00007f3a9cd5f598
R8 =0x00007ffcb8bc8010, R9 =0x0000000000000020, R10=0x00000000ffffffff, R11=0x0000000000000002
R12=0x0000000000000111, R13=0x0000000000000004, R14=0x00007ffce4919c20, R15=0x00007f3a9cd5f598
RIP=0x00007ffcf021e7d0, EFLAGS=0x0000000000010293, CSGSFS=0x0000000000000033, ERR=0x0000000000000004
  TRAPNO=0x000000000000000e

Top of Stack: (sp=0x00007ffce4919658)
0x00007ffce4919658:   00007ffcf02c202a 00007ffc00000001
0x00007ffce4919668:   00007ffce49198c0 00007ffc00000103
0x00007ffce4919678:   00007ffc00000001 00000000000003d8
0x00007ffce4919688:   00007ffcb8385618 00007ffcb8385240
0x00007ffce4919698:   00007ffcb8385230 00007ffcb85f3660
0x00007ffce49196a8:   00000010e4919c20 0000000000000105
0x00007ffce49196b8:   0000000000000828 0000010600000105
0x00007ffce49196c8:   0000000000000106 0000000000000830
0x00007ffce49196d8:   0000000000000107 0000000000000838
0x00007ffce49196e8:   0000010800000107 0000000000000108
0x00007ffce49196f8:   0000000000000840 0000000000000109
0x00007ffce4919708:   0000000000000848 0000010a00000109
0x00007ffce4919718:   000000000000010a 0000000000000850
0x00007ffce4919728:   000000000000010b 0000000000000858
0x00007ffce4919738:   0000010c0000010b 000000000000010c
0x00007ffce4919748:   0000000000000860 0000000000000028
0x00007ffce4919758:   00000000000007df 00007ffc9c8efb40
0x00007ffce4919768:   00007ffce491987c 0000000000000001
0x00007ffce4919778:   00007ffce4919ce8 00007ffc9c445a70
0x00007ffce4919788:   00007ffcb85fffd2 000000000000010d
0x00007ffce4919798:   00007ffcb8129968 00007ffce49198c0
0x00007ffce49197a8:   00007ffc9c445ab0 00007ffcb85ff7c0
0x00007ffce49197b8:   00007ffcb8672e80 00000000000001dd
0x00007ffce49197c8:   00007ffce491987c 00007ffce4919960
0x00007ffce49197d8:   00007ffcb85fed00 00007ffcb85e2e60
0x00007ffce49197e8:   0000000000000028 0000000000000140
0x00007ffce49197f8:   00007ffc0000210a 0000000000000008
0x00007ffce4919808:   0000000000000000 0000000000000328
0x00007ffce4919818:   00007ffcb85eed50 00007ffcb85eae50
0x00007ffce4919828:   00007ffcb8595600 00007ffcb85fe550
0x00007ffce4919838:   00007ffcb8bc77e0 00007ffc00000000
0x00007ffce4919848:   00007ffc00000001 00007ffcb85dae70 

Instructions: (pc=0x00007ffcf021e7d0)
0x00007ffcf021e7b0:   08 48 83 3a 00 75 a4 e8 84 9b c1 ff 48 85 c0 0f
0x00007ffcf021e7c0:   85 77 ff ff ff 5d c3 90 0f 1f 84 00 00 00 00 00
0x00007ffcf021e7d0:   0f b7 47 2c 55 48 89 e5 83 e0 03 66 83 f8 02 74
0x00007ffcf021e7e0:   0f 0f b7 47 2e 5d 66 d1 e8 83 e0 01 c3 0f 1f 00 

Register to memory mapping:

RAX=0x00007ffcb9048e00 is an unknown value
RBX=0x00007ffcb85958b0 is an unknown value
RCX=0x00007ffce4919b90 is pointing into the stack for thread: 0x00007ffce80a9000
RDX=0x0000000000002d41 is an unknown value
RSP=0x00007ffce4919658 is pointing into the stack for thread: 0x00007ffce80a9000
RBP=0x00007ffce4919910 is pointing into the stack for thread: 0x00007ffce80a9000
RSI=0x0000000000000140 is an unknown value
RDI=0x00007f3a9cd5f598 is an unknown value
R8 =0x00007ffcb8bc8010 is an unknown value
R9 =0x0000000000000020 is an unknown value
R10=0x00000000ffffffff is an unknown value
R11=0x0000000000000002 is an unknown value
R12=0x0000000000000111 is an unknown value
R13=0x0000000000000004 is an unknown value
R14=0x00007ffce4919c20 is pointing into the stack for thread: 0x00007ffce80a9000
R15=0x00007f3a9cd5f598 is an unknown value


Stack: [0x00007ffce481d000,0x00007ffce491e000],  sp=0x00007ffce4919658,  free space=1009k
Native frames: (J=compiled Java code, j=interpreted, Vv=VM code, C=native code)
V  [libjvm.so+0x7a37d0]  Node::rematerialize() const+0x0
V  [libjvm.so+0x3c79df]  PhaseChaitin::Register_Allocate()+0x8df
V  [libjvm.so+0x43b8ca]  Compile::Code_Gen()+0x3fa
V  [libjvm.so+0x43fad0]  Compile::Compile(ciEnv*, C2Compiler*, ciMethod*, int, bool, bool)+0x1090
V  [libjvm.so+0x3adc7a]  C2Compiler::compile_method(ciEnv*, ciMethod*, int)+0xca
V  [libjvm.so+0x445937]  CompileBroker::invoke_compiler_on_method(CompileTask*)+0x327
V  [libjvm.so+0x446a7d]  CompileBroker::compiler_thread_loop()+0x3dd
V  [libjvm.so+0x900940]  JavaThread::thread_main_inner()+0xf0
V  [libjvm.so+0x900bb1]  JavaThread::run()+0x221
V  [libjvm.so+0x7c4a42]  java_start(Thread*)+0xf2


Current CompileTask:
C2:1276462 1579 %           java.beans.Introspector::processPropertyDescriptors @ 198 (699 bytes)


---------------  P R O C E S S  ---------------

Java Threads: ( => current thread )
  0x00007ffc9c40f800 JavaThread "Stdin handler" [_thread_blocked, id=14867, stack(0x00007ffcaf8f7000,0x00007ffcaf9f8000)]
  0x00007ffca000a800 JavaThread "Daemon worker Thread 3" [_thread_in_Java, id=14866, stack(0x00007ffcafbfa000,0x00007ffcafcfb000)]
  0x00007ffca000c800 JavaThread "Cancel handler" [_thread_blocked, id=14865, stack(0x00007ffcaf9f8000,0x00007ffcafaf9000)]
  0x00007ffca0005800 JavaThread "Handler for socket connection from /127.0.0.1:42752 to /127.0.0.1:43061" [_thread_in_native, id=14864, stack(0x00007ffcafaf9000,0x00007ffcafbfa000)]
  0x00007ffca8029800 JavaThread "Daemon Thread 3" [_thread_blocked, id=14863, stack(0x00007ffcafcfb000,0x00007ffcafdfc000)]
  0x00007ffc9c4a5800 JavaThread "File lock request listener" [_thread_in_native, id=14447, stack(0x00007ffcaf7f6000,0x00007ffcaf8f7000)]
  0x00007ffce8a2d000 JavaThread "Incoming local TCP Connector on port 42752" [_thread_in_native, id=14437, stack(0x00007ffcdc0e4000,0x00007ffcdc1e5000)]
  0x00007ffce80ae800 JavaThread "Service Thread" daemon [_thread_blocked, id=14433, stack(0x00007ffce461b000,0x00007ffce471c000)]
  0x00007ffce80ac000 JavaThread "C2 CompilerThread1" daemon [_thread_in_native, id=14432, stack(0x00007ffce471c000,0x00007ffce481d000)]
=>0x00007ffce80a9000 JavaThread "C2 CompilerThread0" daemon [_thread_in_native, id=14431, stack(0x00007ffce481d000,0x00007ffce491e000)]
  0x00007ffce80a7000 JavaThread "Signal Dispatcher" daemon [_thread_blocked, id=14430, stack(0x00007ffcec047000,0x00007ffcec148000)]
  0x00007ffce807c000 JavaThread "Finalizer" daemon [_thread_blocked, id=14429, stack(0x00007ffcec148000,0x00007ffcec249000)]
  0x00007ffce807a000 JavaThread "Reference Handler" daemon [_thread_blocked, id=14428, stack(0x00007ffcec249000,0x00007ffcec34a000)]
  0x00007ffce800a800 JavaThread "main" [_thread_blocked, id=14422, stack(0x00007ffcf158a000,0x00007ffcf168b000)]

Other Threads:
  0x00007ffce8076000 VMThread [stack: 0x00007ffcec34a000,0x00007ffcec44b000] [id=14427]
  0x00007ffce80b9000 WatcherThread [stack: 0x00007ffce451a000,0x00007ffce461b000] [id=14434]

VM state:not at safepoint (normal execution)

VM Mutex/Monitor currently owned by a thread: None

Heap
 PSYoungGen      total 322560K, used 206594K [0x00000000eaa80000, 0x0000000100000000, 0x0000000100000000)
  eden space 295424K, 60% used [0x00000000eaa80000,0x00000000f59c5c90,0x00000000fcb00000)
  from space 27136K, 99% used [0x00000000fcb00000,0x00000000fe57acb0,0x00000000fe580000)
  to   space 27136K, 0% used [0x00000000fe580000,0x00000000fe580000,0x0000000100000000)
 ParOldGen       total 124928K, used 41266K [0x00000000c0000000, 0x00000000c7a00000, 0x00000000eaa80000)
  object space 124928K, 33% used [0x00000000c0000000,0x00000000c284c900,0x00000000c7a00000)
 PSPermGen       total 82432K, used 57791K [0x00000000b0000000, 0x00000000b5080000, 0x00000000c0000000)
  object space 82432K, 70% used [0x00000000b0000000,0x00000000b386fc80,0x00000000b5080000)

Card table byte_map: [0x00007ffcedf4d000,0x00007ffcee1ce000] byte_map_base: 0x00007ffced9cd000

Polling page: 0x00007ffcf16ab000

Code Cache  [0x00007ffce5000000, 0x00007ffce5670000, 0x00007ffce8000000)
 total_blobs=2097 nmethods=1480 adapters=569 free_code_cache=42657Kb largest_free_block=43595392

Compilation events (10 events):
Event: 1276.244 Thread 0x00007ffce80ac000 nmethod 1574 0x00007ffce56635d0 code [0x00007ffce56639c0, 0x00007ffce5665b50]
Event: 1276.244 Thread 0x00007ffce80ac000 1577             java.util.ComparableTimSort::mergeHi (716 bytes)
Event: 1276.245 Thread 0x00007ffce80a9000 nmethod 1576 0x00007ffce564c390 code [0x00007ffce564c5c0, 0x00007ffce564e058]
Event: 1276.246 Thread 0x00007ffce80a9000 1578             java.lang.NoSuchFieldException::<init> (6 bytes)
Event: 1276.248 Thread 0x00007ffce80a9000 nmethod 1578 0x00007ffce56438d0 code [0x00007ffce5643a20, 0x00007ffce5643dc8]
Event: 1276.269 Thread 0x00007ffce80a9000 1579 %           java.beans.Introspector::processPropertyDescriptors @ 198 (699 bytes)
Event: 1276.278 Thread 0x00007ffce80ac000 nmethod 1577 0x00007ffce564f410 code [0x00007ffce564f660, 0x00007ffce5651208]
Event: 1276.355 Thread 0x00007ffce80ac000 1580             org.objectweb.asm.Type::getMethodDescriptor (61 bytes)
Event: 1276.368 Thread 0x00007ffce80ac000 nmethod 1580 0x00007ffce5644190 code [0x00007ffce5644400, 0x00007ffce5644e38]
Event: 1276.368 Thread 0x00007ffce80ac000 1581   !         org.gradle.api.internal.AbstractClassGenerator::generateUnderLock (1037 bytes)

GC Heap History (10 events):
Event: 2.636 GC heap before
{Heap before GC invocations=4 (full 0):
 PSYoungGen      total 102912K, used 102886K [0x00000000eaa80000, 0x00000000f7380000, 0x0000000100000000)
  eden space 95232K, 100% used [0x00000000eaa80000,0x00000000f0780000,0x00000000f0780000)
  from space 7680K, 99% used [0x00000000f0780000,0x00000000f0ef9a48,0x00000000f0f00000)
  to   space 7680K, 0% used [0x00000000f6c00000,0x00000000f6c00000,0x00000000f7380000)
 ParOldGen       total 124928K, used 1905K [0x00000000c0000000, 0x00000000c7a00000, 0x00000000eaa80000)
  object space 124928K, 1% used [0x00000000c0000000,0x00000000c01dc5e0,0x00000000c7a00000)
 PSPermGen       total 24576K, used 24114K [0x00000000b0000000, 0x00000000b1800000, 0x00000000c0000000)
  object space 24576K, 98% used [0x00000000b0000000,0x00000000b178ca70,0x00000000b1800000)
Event: 2.653 GC heap after
Heap after GC invocations=4 (full 0):
 PSYoungGen      total 198144K, used 7652K [0x00000000eaa80000, 0x00000000f7380000, 0x0000000100000000)
  eden space 190464K, 0% used [0x00000000eaa80000,0x00000000eaa80000,0x00000000f6480000)
  from space 7680K, 99% used [0x00000000f6c00000,0x00000000f7379300,0x00000000f7380000)
  to   space 7680K, 0% used [0x00000000f6480000,0x00000000f6480000,0x00000000f6c00000)
 ParOldGen       total 124928K, used 6671K [0x00000000c0000000, 0x00000000c7a00000, 0x00000000eaa80000)
  object space 124928K, 5% used [0x00000000c0000000,0x00000000c0683f90,0x00000000c7a00000)
 PSPermGen       total 24576K, used 24114K [0x00000000b0000000, 0x00000000b1800000, 0x00000000c0000000)
  object space 24576K, 98% used [0x00000000b0000000,0x00000000b178ca70,0x00000000b1800000)
}
Event: 5.576 GC heap before
{Heap before GC invocations=5 (full 0):
 PSYoungGen      total 198144K, used 198116K [0x00000000eaa80000, 0x00000000f7380000, 0x0000000100000000)
  eden space 190464K, 100% used [0x00000000eaa80000,0x00000000f6480000,0x00000000f6480000)
  from space 7680K, 99% used [0x00000000f6c00000,0x00000000f7379300,0x00000000f7380000)
  to   space 7680K, 0% used [0x00000000f6480000,0x00000000f6480000,0x00000000f6c00000)
 ParOldGen       total 124928K, used 6671K [0x00000000c0000000, 0x00000000c7a00000, 0x00000000eaa80000)
  object space 124928K, 5% used [0x00000000c0000000,0x00000000c0683f90,0x00000000c7a00000)
 PSPermGen       total 35328K, used 34948K [0x00000000b0000000, 0x00000000b2280000, 0x00000000c0000000)
  object space 35328K, 98% used [0x00000000b0000000,0x00000000b2221248,0x00000000b2280000)
Event: 5.652 GC heap after
Heap after GC invocations=5 (full 0):
 PSYoungGen      total 198144K, used 7664K [0x00000000eaa80000, 0x0000000100000000, 0x0000000100000000)
  eden space 190464K, 0% used [0x00000000eaa80000,0x00000000eaa80000,0x00000000f6480000)
  from space 7680K, 99% used [0x00000000f6480000,0x00000000f6bfc010,0x00000000f6c00000)
  to   space 26112K, 0% used [0x00000000fe680000,0x00000000fe680000,0x0000000100000000)
 ParOldGen       total 124928K, used 28277K [0x00000000c0000000, 0x00000000c7a00000, 0x00000000eaa80000)
  object space 124928K, 22% used [0x00000000c0000000,0x00000000c1b9d428,0x00000000c7a00000)
 PSPermGen       total 35328K, used 34948K [0x00000000b0000000, 0x00000000b2280000, 0x00000000c0000000)
  object space 35328K, 98% used [0x00000000b0000000,0x00000000b2221248,0x00000000b2280000)
}
Event: 13.353 GC heap before
{Heap before GC invocations=6 (full 0):
 PSYoungGen      total 198144K, used 119717K [0x00000000eaa80000, 0x0000000100000000, 0x0000000100000000)
  eden space 190464K, 58% used [0x00000000eaa80000,0x00000000f17ed7e8,0x00000000f6480000)
  from space 7680K, 99% used [0x00000000f6480000,0x00000000f6bfc010,0x00000000f6c00000)
  to   space 26112K, 0% used [0x00000000fe680000,0x00000000fe680000,0x0000000100000000)
 ParOldGen       total 124928K, used 28277K [0x00000000c0000000, 0x00000000c7a00000, 0x00000000eaa80000)
  object space 124928K, 22% used [0x00000000c0000000,0x00000000c1b9d428,0x00000000c7a00000)
 PSPermGen       total 41472K, used 41024K [0x00000000b0000000, 0x00000000b2880000, 0x00000000c0000000)
  object space 41472K, 98% used [0x00000000b0000000,0x00000000b2810078,0x00000000b2880000)
Event: 13.387 GC heap after
Heap after GC invocations=6 (full 0):
 PSYoungGen      total 321536K, used 18867K [0x00000000eaa80000, 0x0000000100000000, 0x0000000100000000)
  eden space 295424K, 0% used [0x00000000eaa80000,0x00000000eaa80000,0x00000000fcb00000)
  from space 26112K, 72% used [0x00000000fe680000,0x00000000ff8eccf0,0x0000000100000000)
  to   space 27136K, 0% used [0x00000000fcb00000,0x00000000fcb00000,0x00000000fe580000)
 ParOldGen       total 124928K, used 28277K [0x00000000c0000000, 0x00000000c7a00000, 0x00000000eaa80000)
  object space 124928K, 22% used [0x00000000c0000000,0x00000000c1b9d428,0x00000000c7a00000)
 PSPermGen       total 41472K, used 41024K [0x00000000b0000000, 0x00000000b2880000, 0x00000000c0000000)
  object space 41472K, 98% used [0x00000000b0000000,0x00000000b2810078,0x00000000b2880000)
}
Event: 13.387 GC heap before
{Heap before GC invocations=7 (full 1):
 PSYoungGen      total 321536K, used 18867K [0x00000000eaa80000, 0x0000000100000000, 0x0000000100000000)
  eden space 295424K, 0% used [0x00000000eaa80000,0x00000000eaa80000,0x00000000fcb00000)
  from space 26112K, 72% used [0x00000000fe680000,0x00000000ff8eccf0,0x0000000100000000)
  to   space 27136K, 0% used [0x00000000fcb00000,0x00000000fcb00000,0x00000000fe580000)
 ParOldGen       total 124928K, used 28277K [0x00000000c0000000, 0x00000000c7a00000, 0x00000000eaa80000)
  object space 124928K, 22% used [0x00000000c0000000,0x00000000c1b9d428,0x00000000c7a00000)
 PSPermGen       total 41472K, used 41024K [0x00000000b0000000, 0x00000000b2880000, 0x00000000c0000000)
  object space 41472K, 98% used [0x00000000b0000000,0x00000000b2810078,0x00000000b2880000)
Event: 13.626 GC heap after
Heap after GC invocations=7 (full 1):
 PSYoungGen      total 321536K, used 0K [0x00000000eaa80000, 0x0000000100000000, 0x0000000100000000)
  eden space 295424K, 0% used [0x00000000eaa80000,0x00000000eaa80000,0x00000000fcb00000)
  from space 26112K, 0% used [0x00000000fe680000,0x00000000fe680000,0x0000000100000000)
  to   space 27136K, 0% used [0x00000000fcb00000,0x00000000fcb00000,0x00000000fe580000)
 ParOldGen       total 124928K, used 39476K [0x00000000c0000000, 0x00000000c7a00000, 0x00000000eaa80000)
  object space 124928K, 31% used [0x00000000c0000000,0x00000000c268d288,0x00000000c7a00000)
 PSPermGen       total 82432K, used 40968K [0x00000000b0000000, 0x00000000b5080000, 0x00000000c0000000)
  object space 82432K, 49% used [0x00000000b0000000,0x00000000b2802318,0x00000000b5080000)
}
Event: 125.090 GC heap before
{Heap before GC invocations=8 (full 1):
 PSYoungGen      total 321536K, used 295424K [0x00000000eaa80000, 0x0000000100000000, 0x0000000100000000)
  eden space 295424K, 100% used [0x00000000eaa80000,0x00000000fcb00000,0x00000000fcb00000)
  from space 26112K, 0% used [0x00000000fe680000,0x00000000fe680000,0x0000000100000000)
  to   space 27136K, 0% used [0x00000000fcb00000,0x00000000fcb00000,0x00000000fe580000)
 ParOldGen       total 124928K, used 39476K [0x00000000c0000000, 0x00000000c7a00000, 0x00000000eaa80000)
  object space 124928K, 31% used [0x00000000c0000000,0x00000000c268d288,0x00000000c7a00000)
 PSPermGen       total 82432K, used 52038K [0x00000000b0000000, 0x00000000b5080000, 0x00000000c0000000)
  object space 82432K, 63% used [0x00000000b0000000,0x00000000b32d1b08,0x00000000b5080000)
Event: 125.126 GC heap after
Heap after GC invocations=8 (full 1):
 PSYoungGen      total 322560K, used 27115K [0x00000000eaa80000, 0x0000000100000000, 0x0000000100000000)
  eden space 295424K, 0% used [0x00000000eaa80000,0x00000000eaa80000,0x00000000fcb00000)
  from space 27136K, 99% used [0x00000000fcb00000,0x00000000fe57acb0,0x00000000fe580000)
  to   space 27136K, 0% used [0x00000000fe580000,0x00000000fe580000,0x0000000100000000)
 ParOldGen       total 124928K, used 41266K [0x00000000c0000000, 0x00000000c7a00000, 0x00000000eaa80000)
  object space 124928K, 33% used [0x00000000c0000000,0x00000000c284c900,0x00000000c7a00000)
 PSPermGen       total 82432K, used 52038K [0x00000000b0000000, 0x00000000b5080000, 0x00000000c0000000)
  object space 82432K, 63% used [0x00000000b0000000,0x00000000b32d1b08,0x00000000b5080000)
}

Deoptimization events (10 events):
Event: 1276.141 Thread 0x00007ffca000a800 Uncommon trap: reason=array_check action=maybe_recompile pc=0x00007ffce563b81c method=java.util.ComparableTimSort.mergeHi(IIII)V @ 234
Event: 1276.162 Thread 0x00007ffca000a800 Uncommon trap: reason=array_check action=maybe_recompile pc=0x00007ffce5641ad8 method=java.util.TimSort.reverseRange([Ljava/lang/Object;II)V @ 27
Event: 1276.162 Thread 0x00007ffca000a800 Uncommon trap: reason=array_check action=maybe_recompile pc=0x00007ffce5641ad8 method=java.util.TimSort.reverseRange([Ljava/lang/Object;II)V @ 27
Event: 1276.173 Thread 0x00007ffca000a800 Uncommon trap: reason=array_check action=maybe_recompile pc=0x00007ffce564a030 method=java.util.ComparableTimSort.mergeLo(IIII)V @ 203
Event: 1276.174 Thread 0x00007ffca000a800 Uncommon trap: reason=array_check action=maybe_recompile pc=0x00007ffce564a030 method=java.util.ComparableTimSort.mergeLo(IIII)V @ 203
Event: 1276.265 Thread 0x00007ffca000a800 Uncommon trap: reason=array_check action=maybe_recompile pc=0x00007ffce564dbf8 method=java.util.ComparableTimSort.mergeLo(IIII)V @ 583
Event: 1276.328 Thread 0x00007ffca000a800 Uncommon trap: reason=array_check action=maybe_recompile pc=0x00007ffce564dbf8 method=java.util.ComparableTimSort.mergeLo(IIII)V @ 583
Event: 1276.329 Thread 0x00007ffca000a800 Uncommon trap: reason=array_check action=maybe_recompile pc=0x00007ffce5650ae0 method=java.util.ComparableTimSort.mergeHi(IIII)V @ 404
Event: 1276.345 Thread 0x00007ffca000a800 Uncommon trap: reason=array_check action=maybe_recompile pc=0x00007ffce5650db0 method=java.util.ComparableTimSort.mergeHi(IIII)V @ 642
Event: 1276.395 Thread 0x00007ffca000a800 Uncommon trap: reason=null_check action=make_not_entrant pc=0x00007ffce5479684 method=sun.reflect.Reflection.filterFields(Ljava/lang/Class;[Ljava/lang/reflect/Field;)[Ljava/lang/reflect/Field; @ 18

Internal exceptions (10 events):
Event: 1276.455 Thread 0x00007ffca000a800 Threw 0x00000000f585ad78 at /build/buildd/openjdk-7-7u75-2.5.4/build/openjdk/hotspot/src/share/vm/prims/jvm.cpp:1284
Event: 1276.455 Thread 0x00007ffca000a800 Threw 0x00000000f585cb68 at /build/buildd/openjdk-7-7u75-2.5.4/build/openjdk/hotspot/src/share/vm/prims/jvm.cpp:1284
Event: 1276.455 Thread 0x00007ffca000a800 Threw 0x00000000f585dae0 at /build/buildd/openjdk-7-7u75-2.5.4/build/openjdk/hotspot/src/share/vm/prims/jvm.cpp:1284
Event: 1276.456 Thread 0x00007ffca000a800 Threw 0x00000000f58641b8 at /build/buildd/openjdk-7-7u75-2.5.4/build/openjdk/hotspot/src/share/vm/prims/jvm.cpp:1284
Event: 1276.456 Thread 0x00007ffca000a800 Threw 0x00000000f5864788 at /build/buildd/openjdk-7-7u75-2.5.4/build/openjdk/hotspot/src/share/vm/classfile/systemDictionary.cpp:185
Event: 1276.456 Thread 0x00007ffca000a800 Threw 0x00000000f587d880 at /build/buildd/openjdk-7-7u75-2.5.4/build/openjdk/hotspot/src/share/vm/prims/jvm.cpp:1284
Event: 1276.456 Thread 0x00007ffca000a800 Threw 0x00000000f587f8d0 at /build/buildd/openjdk-7-7u75-2.5.4/build/openjdk/hotspot/src/share/vm/prims/jvm.cpp:1284
Event: 1276.456 Thread 0x00007ffca000a800 Threw 0x00000000f58808e0 at /build/buildd/openjdk-7-7u75-2.5.4/build/openjdk/hotspot/src/share/vm/prims/jvm.cpp:1284
Event: 1276.456 Thread 0x00007ffca000a800 Threw 0x00000000f5887a98 at /build/buildd/openjdk-7-7u75-2.5.4/build/openjdk/hotspot/src/share/vm/prims/jvm.cpp:1284
Event: 1276.456 Thread 0x00007ffca000a800 Threw 0x00000000f5888080 at /build/buildd/openjdk-7-7u75-2.5.4/build/openjdk/hotspot/src/share/vm/classfile/systemDictionary.cpp:185

Events (10 events):
Event: 1276.455 loading class 0x00007ffca41c3a50
Event: 1276.455 loading class 0x00007ffca41c3a50 done
Event: 1276.455 loading class 0x00007ffca42a8ca0
Event: 1276.455 loading class 0x00007ffca42a8ca0 done
Event: 1276.456 loading class 0x00007ffca42a8ca0
Event: 1276.456 loading class 0x00007ffca42a8ca0 done
Event: 1276.456 loading class 0x00007ffca42a87f0
Event: 1276.456 loading class 0x00007ffca42a87f0 done
Event: 1276.456 loading class 0x00007ffca42a87f0
Event: 1276.456 loading class 0x00007ffca42a87f0 done


Dynamic libraries:
00400000-00401000 r-xp 00000000 08:01 16387174                           /usr/lib/jvm/java-7-openjdk-amd64/jre/bin/java
00600000-00601000 r--p 00000000 08:01 16387174                           /usr/lib/jvm/java-7-openjdk-amd64/jre/bin/java
00601000-00602000 rw-p 00001000 08:01 16387174                           /usr/lib/jvm/java-7-openjdk-amd64/jre/bin/java
025f9000-0261a000 rw-p 00000000 00:00 0                                  [heap]
b0000000-b5080000 rw-p 00000000 00:00 0 
b5080000-c0000000 rw-p 00000000 00:00 0 
c0000000-c7a00000 rw-p 00000000 00:00 0 
c7a00000-eaa80000 rw-p 00000000 00:00 0 
eaa80000-100000000 rw-p 00000000 00:00 0 
7ffc80000000-7ffc80021000 rw-p 00000000 00:00 0 
7ffc80021000-7ffc84000000 ---p 00000000 00:00 0 
7ffc84000000-7ffc84021000 rw-p 00000000 00:00 0 
7ffc84021000-7ffc88000000 ---p 00000000 00:00 0 
7ffc88000000-7ffc88021000 rw-p 00000000 00:00 0 
7ffc88021000-7ffc8c000000 ---p 00000000 00:00 0 
7ffc8c000000-7ffc8c021000 rw-p 00000000 00:00 0 
7ffc8c021000-7ffc90000000 ---p 00000000 00:00 0 
7ffc90000000-7ffc90021000 rw-p 00000000 00:00 0 
7ffc90021000-7ffc94000000 ---p 00000000 00:00 0 
7ffc94000000-7ffc94021000 rw-p 00000000 00:00 0 
7ffc94021000-7ffc98000000 ---p 00000000 00:00 0 
7ffc98000000-7ffc98021000 rw-p 00000000 00:00 0 
7ffc98021000-7ffc9c000000 ---p 00000000 00:00 0 
7ffc9c000000-7ffc9cdb7000 rw-p 00000000 00:00 0 
7ffc9cdb7000-7ffca0000000 ---p 00000000 00:00 0 
7ffca0000000-7ffca0021000 rw-p 00000000 00:00 0 
7ffca0021000-7ffca4000000 ---p 00000000 00:00 0 
7ffca4000000-7ffca463c000 rw-p 00000000 00:00 0 
7ffca463c000-7ffca8000000 ---p 00000000 00:00 0 
7ffca8000000-7ffca802e000 rw-p 00000000 00:00 0 
7ffca802e000-7ffcac000000 ---p 00000000 00:00 0 
7ffcaf446000-7ffcaf447000 rw-p 00000000 00:00 0 
7ffcaf447000-7ffcaf44a000 ---p 00000000 00:00 0 
7ffcaf44a000-7ffcaf548000 rw-p 00000000 00:00 0 
7ffcaf548000-7ffcaf54b000 ---p 00000000 00:00 0 
7ffcaf54b000-7ffcaf649000 rw-p 00000000 00:00 0 
7ffcaf649000-7ffcaf64c000 ---p 00000000 00:00 0 
7ffcaf64c000-7ffcaf74a000 rw-p 00000000 00:00 0 
7ffcaf74a000-7ffcaf74c000 r--s 00004000 08:01 17826395                   /home/vasanth/android-studio/gradle/m2repository/org/ow2/asm/asm-tree/4.0/asm-tree-4.0.jar
7ffcaf74c000-7ffcaf74e000 r--s 0000a000 08:01 17826386                   /home/vasanth/android-studio/gradle/m2repository/org/ow2/asm/asm/4.0/asm-4.0.jar
7ffcaf74e000-7ffcaf757000 r--s 000a7000 08:01 17826999                   /home/vasanth/android-studio/gradle/m2repository/com/android/tools/external/lombok/lombok-ast/0.2.2/lombok-ast-0.2.2.jar
7ffcaf757000-7ffcaf759000 r--s 0000d000 08:01 17827092                   /home/vasanth/android-studio/gradle/m2repository/commons-codec/commons-codec/1.4/commons-codec-1.4.jar
7ffcaf759000-7ffcaf75b000 r--s 0000d000 08:01 17826928                   /home/vasanth/android-studio/gradle/m2repository/commons-logging/commons-logging/1.1.1/commons-logging-1.1.1.jar
7ffcaf75b000-7ffcaf760000 r--s 00028000 08:01 17826679                   /home/vasanth/android-studio/gradle/m2repository/org/apache/httpcomponents/httpcore/4.1/httpcore-4.1.jar
7ffcaf760000-7ffcaf761000 r--s 00004000 08:01 17825887                   /home/vasanth/android-studio/gradle/m2repository/org/ow2/asm/asm-analysis/4.0/asm-analysis-4.0.jar
7ffcaf761000-7ffcaf764000 r--s 00029000 08:01 21102689                   /home/vasanth/.gradle/caches/modules-2/files-2.1/com.android.tools.lint/lint-api/24.0.1/dabee09e35f6947d639127efc5a17cba76901bd4/lint-api-24.0.1.jar
7ffcaf764000-7ffcaf765000 r--s 0000a000 08:01 17826965                   /home/vasanth/android-studio/gradle/m2repository/net/sf/kxml/kxml2/2.3.0/kxml2-2.3.0.jar
7ffcaf765000-7ffcaf790000 r--s 001f9000 08:01 17826976                   /home/vasanth/android-studio/gradle/m2repository/com/google/guava/guava/17.0/guava-17.0.jar
7ffcaf790000-7ffcaf792000 r--s 00005000 08:01 17826693                   /home/vasanth/android-studio/gradle/m2repository/org/apache/httpcomponents/httpmime/4.1/httpmime-4.1.jar
7ffcaf792000-7ffcaf79a000 r--s 0004e000 08:01 17826890                   /home/vasanth/android-studio/gradle/m2repository/org/apache/httpcomponents/httpclient/4.1.1/httpclient-4.1.1.jar
7ffcaf79a000-7ffcaf7a1000 r--s 00053000 08:01 17826904                   /home/vasanth/android-studio/gradle/m2repository/org/apache/commons/commons-compress/1.8.1/commons-compress-1.8.1.jar
7ffcaf7a1000-7ffcaf7a4000 r--s 00011000 08:01 21102686                   /home/vasanth/.gradle/caches/modules-2/files-2.1/com.android.tools.layoutlib/layoutlib-api/24.0.1/99e81aa1d57c4a2764e3159ecaeb2c3d87e2adb1/layoutlib-api-24.0.1.jar
7ffcaf7a4000-7ffcaf7b4000 r--s 000d3000 08:01 17826951                   /home/vasanth/android-studio/gradle/m2repository/net/sf/proguard/proguard-base/5.1/proguard-base-5.1.jar
7ffcaf7b4000-7ffcaf7c3000 r--s 001a9000 08:01 17826921                   /home/vasanth/android-studio/gradle/m2repository/org/eclipse/jdt/core/compiler/ecj/4.2.2/ecj-4.2.2.jar
7ffcaf7c3000-7ffcaf7f6000 r--s 00203000 08:01 17826448                   /home/vasanth/android-studio/gradle/m2repository/org/bouncycastle/bcprov-jdk15on/1.48/bcprov-jdk15on-1.48.jar
7ffcaf7f6000-7ffcaf7f9000 ---p 00000000 00:00 0 
7ffcaf7f9000-7ffcaf8f7000 rw-p 00000000 00:00 0                          [stack:14447]
7ffcaf8f7000-7ffcaf8fa000 ---p 00000000 00:00 0 
7ffcaf8fa000-7ffcaf9f8000 rw-p 00000000 00:00 0                          [stack:14867]
7ffcaf9f8000-7ffcaf9fb000 ---p 00000000 00:00 0 
7ffcaf9fb000-7ffcafaf9000 rw-p 00000000 00:00 0                          [stack:14865]
7ffcafaf9000-7ffcafafc000 ---p 00000000 00:00 0 
7ffcafafc000-7ffcafbfa000 rw-p 00000000 00:00 0                          [stack:14864]
7ffcafbfa000-7ffcafbfd000 ---p 00000000 00:00 0 
7ffcafbfd000-7ffcafcfb000 rw-p 00000000 00:00 0                          [stack:14866]
7ffcafcfb000-7ffcafcfe000 ---p 00000000 00:00 0 
7ffcafcfe000-7ffcafdfc000 rw-p 00000000 00:00 0                          [stack:14863]
7ffcafdfc000-7ffcafe00000 r-xp 00000000 08:01 28839627                   /tmp/native-platform242152673782163650dir/libnative-platform.so
7ffcafe00000-7ffcaffff000 ---p 00004000 08:01 28839627                   /tmp/native-platform242152673782163650dir/libnative-platform.so
7ffcaffff000-7ffcb0000000 rw-p 00003000 08:01 28839627                   /tmp/native-platform242152673782163650dir/libnative-platform.so
7ffcb0000000-7ffcb0021000 rw-p 00000000 00:00 0 
7ffcb0021000-7ffcb4000000 ---p 00000000 00:00 0 
7ffcb4000000-7ffcb4021000 rw-p 00000000 00:00 0 
7ffcb4021000-7ffcb8000000 ---p 00000000 00:00 0 
7ffcb8000000-7ffcb9a29000 rw-p 00000000 00:00 0 
7ffcb9a29000-7ffcbc000000 ---p 00000000 00:00 0 
7ffcbc000000-7ffcbd45f000 rw-p 00000000 00:00 0 
7ffcbd45f000-7ffcc0000000 ---p 00000000 00:00 0 
7ffcc0000000-7ffcc0021000 rw-p 00000000 00:00 0 
7ffcc0021000-7ffcc4000000 ---p 00000000 00:00 0 
7ffcc4000000-7ffcc4021000 rw-p 00000000 00:00 0 
7ffcc4021000-7ffcc8000000 ---p 00000000 00:00 0 
7ffcc8000000-7ffcc807a000 rw-p 00000000 00:00 0 
7ffcc807a000-7ffccc000000 ---p 00000000 00:00 0 
7ffccc000000-7ffccc021000 rw-p 00000000 00:00 0 
7ffccc021000-7ffcd0000000 ---p 00000000 00:00 0 
7ffcd0000000-7ffcd0021000 rw-p 00000000 00:00 0 
7ffcd0021000-7ffcd4000000 ---p 00000000 00:00 0 
7ffcd4000000-7ffcd4021000 rw-p 00000000 00:00 0 
7ffcd4021000-7ffcd8000000 ---p 00000000 00:00 0 
7ffcd8000000-7ffcd8026000 rw-p 00000000 00:00 0 
7ffcd8026000-7ffcdc000000 ---p 00000000 00:00 0 
7ffcdc000000-7ffcdc001000 r--s 00005000 08:01 21102687                   /home/vasanth/.gradle/caches/modules-2/files-2.1/com.android.tools/dvlib/24.0.1/88956eb2faa213e7ecba20d42ea814ad23ccb25a/dvlib-24.0.1.jar
7ffcdc001000-7ffcdc006000 r--s 0008c000 08:01 21102685                   /home/vasanth/.gradle/caches/modules-2/files-2.1/com.android.tools.lint/lint-checks/24.0.1/5852425e83bbf45642eb4c105999f3873c85321a/lint-checks-24.0.1.jar
7ffcdc006000-7ffcdc014000 r--s 00081000 08:01 17826672                   /home/vasanth/android-studio/gradle/m2repository/org/bouncycastle/bcpkix-jdk15on/1.48/bcpkix-jdk15on-1.48.jar
7ffcdc014000-7ffcdc016000 r--s 00002000 08:01 17826983                   /home/vasanth/android-studio/gradle/m2repository/com/squareup/javawriter/2.5.0/javawriter-2.5.0.jar
7ffcdc016000-7ffcdc01b000 r--s 00042000 08:01 21102684                   /home/vasanth/.gradle/caches/modules-2/files-2.1/com.android.tools.ddms/ddmlib/24.0.1/96e5bff5e7352c0d4252a34d00e9fe4e1b9a9a60/ddmlib-24.0.1.jar
7ffcdc01b000-7ffcdc01e000 r--s 00029000 08:01 21102683                   /home/vasanth/.gradle/caches/modules-2/files-2.1/com.android.tools.build/manifest-merger/24.0.1/42055d1aaf4b93dbfebfaea3a4fc2f33f76360df/manifest-merger-24.0.1.jar
7ffcdc01e000-7ffcdc020000 r--s 00014000 08:01 21102682                   /home/vasanth/.gradle/caches/modules-2/files-2.1/com.android.tools/common/24.0.1/96a3273bdb7dd2babc6b7469c43a6bedb87fb1bf/common-24.0.1.jar
7ffcdc020000-7ffcdc025000 r--s 00047000 08:01 21102681                   /home/vasanth/.gradle/caches/modules-2/files-2.1/com.android.tools/sdk-common/24.0.1/78443e0d8bc5fd15ac02a4207752c990969ea32c/sdk-common-24.0.1.jar
7ffcdc025000-7ffcdc02f000 r--s 000a8000 08:01 21102680                   /home/vasanth/.gradle/caches/modules-2/files-2.1/com.android.tools/sdklib/24.0.1/129cb79134719e5e271e9a5d02dda97e359767a7/sdklib-24.0.1.jar
7ffcdc02f000-7ffcdc031000 r--s 00003000 08:01 21102678                   /home/vasanth/.gradle/caches/modules-2/files-2.1/com.android.tools.build/builder-model/1.0.1/e48e9a3058bb3a9813248cc79bd64e0c211faa5/builder-model-1.0.1.jar
7ffcdc031000-7ffcdc041000 r--s 00139000 08:01 21102675                   /home/vasanth/.gradle/caches/modules-2/files-2.1/com.android.tools.build/gradle/1.0.1/cd1ae9a4b885e8f07572d0f894f149533c082cc8/gradle-1.0.1.jar
7ffcdc041000-7ffcdc044000 ---p 00000000 00:00 0 
7ffcdc044000-7ffcdc07a000 rw-p 00000000 00:00 0 
7ffcdc07a000-7ffcdc0e4000 r--s 0069e000 08:01 17959383                   /usr/lib/jvm/java-7-openjdk-amd64/lib/tools.jar
7ffcdc0e4000-7ffcdc0e7000 ---p 00000000 00:00 0 
7ffcdc0e7000-7ffcdc1e5000 rw-p 00000000 00:00 0                          [stack:14437]
7ffcdc1e5000-7ffcdc1ec000 r--s 00035000 08:01 17827139                   /home/vasanth/android-studio/gradle/gradle-2.2.1/lib/plugins/simple-4.1.21.jar
7ffcdc1ec000-7ffcdc1f8000 r--s 00100000 08:01 17827198                   /home/vasanth/android-studio/gradle/gradle-2.2.1/lib/plugins/rhino-1.7R3.jar
7ffcdc1f8000-7ffcdc1f9000 r--s 00000000 08:01 21102679                   /home/vasanth/.gradle/caches/modules-2/files-2.1/com.android.tools.build/builder-test-api/1.0.1/ad1ed006cd1432f84d6018cae5b6c289f8b9a592/builder-test-api-1.0.1.jar
7ffcdc1f9000-7ffcdc1fa000 r--s 00002000 08:01 17826957                   /home/vasanth/android-studio/gradle/m2repository/net/sf/proguard/proguard-gradle/5.1/proguard-gradle-5.1.jar
7ffcdc1fa000-7ffcdc1fc000 r--s 00018000 08:01 21102677                   /home/vasanth/.gradle/caches/modules-2/files-2.1/com.android.tools.lint/lint/24.0.1/d014feecb7c9f4a4bba61b056ff9251c5279df24/lint-24.0.1.jar
7ffcdc1fc000-7ffcdc200000 r--s 00031000 08:01 21102676                   /home/vasanth/.gradle/caches/modules-2/files-2.1/com.android.tools.build/builder/1.0.1/c8d3894bf14b2754a94b5091a4a4bd84ea0aa6fc/builder-1.0.1.jar
7ffcdc200000-7ffcdc209000 r--s 000b9000 08:01 16387121                   /usr/lib/jvm/java-7-openjdk-amd64/jre/lib/resources.jar
7ffcdc209000-7ffcdc20a000 r--p 00000000 00:00 0 
7ffcdc20a000-7ffcdc211000 r--s 00000000 08:01 16147151                   /usr/lib/x86_64-linux-gnu/gconv/gconv-modules.cache
7ffcdc211000-7ffcdc215000 r--s 0004d000 08:01 16387135                   /usr/lib/jvm/java-7-openjdk-amd64/jre/lib/jsse.jar
7ffcdc215000-7ffcdc216000 r--s 00001000 08:01 17827129                   /home/vasanth/android-studio/gradle/gradle-2.2.1/lib/plugins/gradle-plugin-development-2.2.1.jar
7ffcdc216000-7ffcdc218000 r--s 00002000 08:01 17827125                   /home/vasanth/android-studio/gradle/gradle-2.2.1/lib/plugins/gradle-cunit-2.2.1.jar
7ffcdc218000-7ffcdc21d000 r--s 00036000 08:01 17827159                   /home/vasanth/android-studio/gradle/gradle-2.2.1/lib/plugins/gradle-ide-native-2.2.1.jar
7ffcdc21d000-7ffcdc222000 r--s 00013000 08:01 17827187                   /home/vasanth/android-studio/gradle/gradle-2.2.1/lib/plugins/gradle-language-native-2.2.1.jar
7ffcdc222000-7ffcdc22d000 r--s 0004d000 08:01 17827107                   /home/vasanth/android-studio/gradle/gradle-2.2.1/lib/plugins/gradle-platform-native-2.2.1.jar
7ffcdc22d000-7ffcdc22f000 r--s 00008000 08:01 17827176                   /home/vasanth/android-studio/gradle/gradle-2.2.1/lib/plugins/gradle-language-groovy-2.2.1.jar
7ffcdc22f000-7ffcdc234000 r--s 00022000 08:01 17827096                   /home/vasanth/android-studio/gradle/gradle-2.2.1/lib/plugins/gradle-language-java-2.2.1.jar
7ffcdc234000-7ffcdc237000 r--s 00007000 08:01 17827114                   /home/vasanth/android-studio/gradle/gradle-2.2.1/lib/plugins/gradle-language-jvm-2.2.1.jar
7ffcdc237000-7ffcdc23a000 r--s 00009000 08:01 17827156                   /home/vasanth/android-studio/gradle/gradle-2.2.1/lib/plugins/gradle-platform-jvm-2.2.1.jar
7ffcdc23a000-7ffcdc23f000 r--s 00018000 08:01 17827165                   /home/vasanth/android-studio/gradle/gradle-2.2.1/lib/plugins/gradle-platform-base-2.2.1.jar
7ffcdc23f000-7ffcdc244000 r--s 00026000 08:01 17827128                   /home/vasanth/android-studio/gradle/gradle-2.2.1/lib/plugins/gradle-build-init-2.2.1.jar
7ffcdc244000-7ffcdc247000 r--s 0001d000 08:01 17827152                   /home/vasanth/android-studio/gradle/gradle-2.2.1/lib/plugins/gradle-jacoco-2.2.1.jar
7ffcdc247000-7ffcdc24a000 r--s 0000d000 08:01 17827154                   /home/vasanth/android-studio/gradle/gradle-2.2.1/lib/plugins/gradle-ivy-2.2.1.jar
7ffcdc24a000-7ffcdc24c000 r--s 00002000 08:01 17827131                   /home/vasanth/android-studio/gradle/gradle-2.2.1/lib/plugins/gradle-publish-2.2.1.jar
7ffcdc24c000-7ffcdc24e000 r--s 00005000 08:01 17827097                   /home/vasanth/android-studio/gradle/gradle-2.2.1/lib/plugins/jatl-0.2.2.jar
7ffcdc24e000-7ffcdc250000 r--s 0000f000 08:01 17827121                   /home/vasanth/android-studio/gradle/gradle-2.2.1/lib/plugins/gradle-reporting-2.2.1.jar
7ffcdc250000-7ffcdc255000 r--s 00034000 08:01 17827163                   /home/vasanth/android-studio/gradle/gradle-2.2.1/lib/plugins/gradle-diagnostics-2.2.1.jar
7ffcdc255000-7ffcdc25c000 r--s 00090000 08:01 17827170                   /home/vasanth/android-studio/gradle/gradle-2.2.1/lib/plugins/gradle-build-comparison-2.2.1.jar
7ffcdc25c000-7ffcdc261000 r--s 0001f000 08:01 17827177                   /home/vasanth/android-studio/gradle/gradle-2.2.1/lib/plugins/gradle-javascript-2.2.1.jar
7ffcdc261000-7ffcdc263000 r--s 0000e000 08:01 17827126                   /home/vasanth/android-studio/gradle/gradle-2.2.1/lib/plugins/gradle-ear-2.2.1.jar
7ffcdc263000-7ffcdc267000 r--s 00025000 08:01 17827195                   /home/vasanth/android-studio/gradle/gradle-2.2.1/lib/plugins/bcpg-jdk15-1.46.jar
7ffcdc267000-7ffcdc26a000 r--s 0001d000 08:01 17827197                   /home/vasanth/android-studio/gradle/gradle-2.2.1/lib/plugins/gradle-signing-2.2.1.jar
7ffcdc26a000-7ffcdc26d000 r--s 00018000 08:01 17827199                   /home/vasanth/android-studio/gradle/gradle-2.2.1/lib/plugins/gradle-sonar-2.2.1.jar
7ffcdc26d000-7ffcdc270000 r--s 00017000 08:01 17827134                   /home/vasanth/android-studio/gradle/gradle-2.2.1/lib/plugins/gradle-scala-2.2.1.jar
7ffcdc270000-7ffcdc272000 r--s 0000e000 08:01 17827099                   /home/vasanth/android-studio/gradle/gradle-2.2.1/lib/plugins/gradle-announce-2.2.1.jar
7ffcdc272000-7ffcdc280000 r--s 000bc000 08:01 17827193                   /home/vasanth/android-studio/gradle/gradle-2.2.1/lib/plugins/gradle-ide-2.2.1.jar
7ffcdc280000-7ffcdc282000 r--s 00000000 08:01 17827133                   /home/vasanth/android-studio/gradle/gradle-2.2.1/lib/plugins/plexus-component-annotations-1.5.2.jar
7ffcdc282000-7ffcdc29a000 r--s 0013b000 08:01 17827143                   /home/vasanth/android-studio/gradle/gradle-2.2.1/lib/plugins/bndlib-2.1.0.jar
7ffcdc29a000-7ffcdc2aa000 r-xp 00000000 08:01 16387145                   /usr/lib/jvm/java-7-openjdk-amd64/jre/lib/amd64/libnio.so
7ffcdc2aa000-7ffcdc4aa000 ---p 00010000 08:01 16387145                   /usr/lib/jvm/java-7-openjdk-amd64/jre/lib/amd64/libnio.so
7ffcdc4aa000-7ffcdc4ab000 r--p 00010000 08:01 16387145                   /usr/lib/jvm/java-7-openjdk-amd64/jre/lib/amd64/libnio.so
7ffcdc4ab000-7ffcdc4ac000 rw-p 00011000 08:01 16387145                   /usr/lib/jvm/java-7-openjdk-amd64/jre/lib/amd64/libnio.so
7ffcdc4ac000-7ffcdc4e9000 r-xp 00000000 08:01 4198346                    /lib/x86_64-linux-gnu/libpcre.so.3.13.1
7ffcdc4e9000-7ffcdc6e8000 ---p 0003d000 08:01 4198346                    /lib/x86_64-linux-gnu/libpcre.so.3.13.1
7ffcdc6e8000-7ffcdc6e9000 r--p 0003c000 08:01 4198346                    /lib/x86_64-linux-gnu/libpcre.so.3.13.1
7ffcdc6e9000-7ffcdc6ea000 rw-p 0003d000 08:01 4198346                    /lib/x86_64-linux-gnu/libpcre.so.3.13.1
7ffcdc6ea000-7ffcdc6f1000 r-xp 00000000 08:01 15736616                   /usr/lib/x86_64-linux-gnu/libffi.so.6.0.1
7ffcdc6f1000-7ffcdc8f0000 ---p 00007000 08:01 15736616                   /usr/lib/x86_64-linux-gnu/libffi.so.6.0.1
7ffcdc8f0000-7ffcdc8f1000 r--p 00006000 08:01 15736616                   /usr/lib/x86_64-linux-gnu/libffi.so.6.0.1
7ffcdc8f1000-7ffcdc8f2000 rw-p 00007000 08:01 15736616                   /usr/lib/x86_64-linux-gnu/libffi.so.6.0.1
7ffcdc8f2000-7ffcdc909000 r-xp 00000000 08:01 4196930                    /lib/x86_64-linux-gnu/libresolv-2.19.so
7ffcdc909000-7ffcdcb09000 ---p 00017000 08:01 4196930                    /lib/x86_64-linux-gnu/libresolv-2.19.so
7ffcdcb09000-7ffcdcb0a000 r--p 00017000 08:01 4196930                    /lib/x86_64-linux-gnu/libresolv-2.19.so
7ffcdcb0a000-7ffcdcb0b000 rw-p 00018000 08:01 4196930                    /lib/x86_64-linux-gnu/libresolv-2.19.so
7ffcdcb0b000-7ffcdcb0d000 rw-p 00000000 00:00 0 
7ffcdcb0d000-7ffcdcb2d000 r-xp 00000000 08:01 4198941                    /lib/x86_64-linux-gnu/libselinux.so.1
7ffcdcb2d000-7ffcdcd2c000 ---p 00020000 08:01 4198941                    /lib/x86_64-linux-gnu/libselinux.so.1
7ffcdcd2c000-7ffcdcd2d000 r--p 0001f000 08:01 4198941                    /lib/x86_64-linux-gnu/libselinux.so.1
7ffcdcd2d000-7ffcdcd2e000 rw-p 00020000 08:01 4198941                    /lib/x86_64-linux-gnu/libselinux.so.1
7ffcdcd2e000-7ffcdcd30000 rw-p 00000000 00:00 0 
7ffcdcd30000-7ffcdcd33000 r-xp 00000000 08:01 15729004                   /usr/lib/x86_64-linux-gnu/libgmodule-2.0.so.0.4002.0
7ffcdcd33000-7ffcdcf32000 ---p 00003000 08:01 15729004                   /usr/lib/x86_64-linux-gnu/libgmodule-2.0.so.0.4002.0
7ffcdcf32000-7ffcdcf33000 r--p 00002000 08:01 15729004                   /usr/lib/x86_64-linux-gnu/libgmodule-2.0.so.0.4002.0
7ffcdcf33000-7ffcdcf34000 rw-p 00003000 08:01 15729004                   /usr/lib/x86_64-linux-gnu/libgmodule-2.0.so.0.4002.0
7ffcdcf34000-7ffcdd03a000 r-xp 00000000 08:01 4218194                    /lib/x86_64-linux-gnu/libglib-2.0.so.0.4002.0
7ffcdd03a000-7ffcdd239000 ---p 00106000 08:01 4218194                    /lib/x86_64-linux-gnu/libglib-2.0.so.0.4002.0
7ffcdd239000-7ffcdd23a000 r--p 00105000 08:01 4218194                    /lib/x86_64-linux-gnu/libglib-2.0.so.0.4002.0
7ffcdd23a000-7ffcdd23b000 rw-p 00106000 08:01 4218194                    /lib/x86_64-linux-gnu/libglib-2.0.so.0.4002.0
7ffcdd23b000-7ffcdd23c000 rw-p 00000000 00:00 0 
7ffcdd23c000-7ffcdd28b000 r-xp 00000000 08:01 15729022                   /usr/lib/x86_64-linux-gnu/libgobject-2.0.so.0.4002.0
7ffcdd28b000-7ffcdd48b000 ---p 0004f000 08:01 15729022                   /usr/lib/x86_64-linux-gnu/libgobject-2.0.so.0.4002.0
7ffcdd48b000-7ffcdd48c000 r--p 0004f000 08:01 15729022                   /usr/lib/x86_64-linux-gnu/libgobject-2.0.so.0.4002.0
7ffcdd48c000-7ffcdd48d000 rw-p 00050000 08:01 15729022                   /usr/lib/x86_64-linux-gnu/libgobject-2.0.so.0.4002.0
7ffcdd48d000-7ffcdd5f9000 r-xp 00000000 08:01 15729026                   /usr/lib/x86_64-linux-gnu/libgio-2.0.so.0.4002.0
7ffcdd5f9000-7ffcdd7f8000 ---p 0016c000 08:01 15729026                   /usr/lib/x86_64-linux-gnu/libgio-2.0.so.0.4002.0
7ffcdd7f8000-7ffcdd7fc000 r--p 0016b000 08:01 15729026                   /usr/lib/x86_64-linux-gnu/libgio-2.0.so.0.4002.0
7ffcdd7fc000-7ffcdd7fe000 rw-p 0016f000 08:01 15729026                   /usr/lib/x86_64-linux-gnu/libgio-2.0.so.0.4002.0
7ffcdd7fe000-7ffce0000000 rw-p 00000000 00:00 0 
7ffce0000000-7ffce0021000 rw-p 00000000 00:00 0 
7ffce0021000-7ffce4000000 ---p 00000000 00:00 0 
7ffce4000000-7ffce4001000 r--s 00002000 08:01 17827171                   /home/vasanth/android-studio/gradle/gradle-2.2.1/lib/plugins/sonar-batch-bootstrapper-2.9.jar
7ffce4001000-7ffce4004000 r--s 0000c000 08:01 17827110                   /home/vasanth/android-studio/gradle/gradle-2.2.1/lib/plugins/pmaven-groovy-0.8-20100325.jar
7ffce4004000-7ffce4005000 r--s 00004000 08:01 17827157                   /home/vasanth/android-studio/gradle/gradle-2.2.1/lib/plugins/pmaven-common-0.8-20100325.jar
7ffce4005000-7ffce4009000 r--s 0001e000 08:01 17827112                   /home/vasanth/android-studio/gradle/gradle-2.2.1/lib/plugins/gradle-maven-2.2.1.jar
7ffce4009000-7ffce400b000 r--s 00004000 08:01 17827160                   /home/vasanth/android-studio/gradle/gradle-2.2.1/lib/plugins/gradle-osgi-2.2.1.jar
7ffce400b000-7ffce4010000 r--s 00068000 08:01 17827146                   /home/vasanth/android-studio/gradle/gradle-2.2.1/lib/plugins/antlr-2.7.7.jar
7ffce4010000-7ffce4011000 r--s 00002000 08:01 17827174                   /home/vasanth/android-studio/gradle/gradle-2.2.1/lib/plugins/ant-antlr-1.9.3.jar
7ffce4011000-7ffce4013000 r--s 00004000 08:01 17827181                   /home/vasanth/android-studio/gradle/gradle-2.2.1/lib/plugins/gradle-antlr-2.2.1.jar
7ffce4013000-7ffce4016000 r--s 0001e000 08:01 17827141                   /home/vasanth/android-studio/gradle/gradle-2.2.1/lib/plugins/jsp-api-2.1-6.1.14.jar
7ffce4016000-7ffce4039000 r--s 00344000 08:01 17827103                   /home/vasanth/android-studio/gradle/gradle-2.2.1/lib/plugins/core-3.1.1.jar
7ffce4039000-7ffce403a000 r--s 00006000 08:01 17827169                   /home/vasanth/android-studio/gradle/gradle-2.2.1/lib/plugins/jetty-naming-6.1.25.jar
7ffce403a000-7ffce403b000 r--s 00002000 08:01 17827150                   /home/vasanth/android-studio/gradle/gradle-2.2.1/lib/plugins/geronimo-annotation_1.0_spec-1.0.jar
7ffce403b000-7ffce403d000 r--s 00002000 08:01 17827132                   /home/vasanth/android-studio/gradle/gradle-2.2.1/lib/plugins/jetty-annotations-6.1.25.jar
7ffce403d000-7ffce404e000 r--s 000ea000 08:01 17827178                   /home/vasanth/android-studio/gradle/gradle-2.2.1/lib/plugins/jsp-2.1-6.1.14.jar
7ffce404e000-7ffce4050000 r--s 0000d000 08:01 17827113                   /home/vasanth/android-studio/gradle/gradle-2.2.1/lib/plugins/jetty-plus-6.1.25.jar
7ffce4050000-7ffce4052000 r--s 0001f000 08:01 17827138                   /home/vasanth/android-studio/gradle/gradle-2.2.1/lib/plugins/servlet-api-2.5-20081211.jar
7ffce4052000-7ffce4056000 r--s 00028000 08:01 17827151                   /home/vasanth/android-studio/gradle/gradle-2.2.1/lib/plugins/jetty-util-6.1.25.jar
7ffce4056000-7ffce405d000 r--s 0007d000 08:01 17827109                   /home/vasanth/android-studio/gradle/gradle-2.2.1/lib/plugins/jetty-6.1.25.jar
7ffce405d000-7ffce405f000 r--s 00009000 08:01 17827127                   /home/vasanth/android-studio/gradle/gradle-2.2.1/lib/plugins/gradle-jetty-2.2.1.jar
7ffce405f000-7ffce4064000 r--s 00041000 08:01 17827188                   /home/vasanth/android-studio/gradle/gradle-2.2.1/lib/plugins/gradle-code-quality-2.2.1.jar
7ffce4064000-7ffce4066000 r--s 00009000 08:01 17827142                   /home/vasanth/android-studio/gradle/gradle-2.2.1/lib/plugins/hamcrest-core-1.3.jar
7ffce4066000-7ffce406c000 r--s 00033000 08:01 17827149                   /home/vasanth/android-studio/gradle/gradle-2.2.1/lib/plugins/snakeyaml-1.6.jar
7ffce406c000-7ffce406e000 r--s 00006000 08:01 17827135                   /home/vasanth/android-studio/gradle/gradle-2.2.1/lib/plugins/jcommander-1.12.jar
7ffce406e000-7ffce4073000 r--s 00040000 08:01 17827137                   /home/vasanth/android-studio/gradle/gradle-2.2.1/lib/plugins/bsh-2.0b4.jar
7ffce4073000-7ffce4075000 r--s 00009000 08:01 17827140                   /home/vasanth/android-studio/gradle/gradle-2.2.1/lib/plugins/commons-cli-1.2.jar
7ffce4075000-7ffce407e000 r--s 00089000 08:01 17827095                   /home/vasanth/android-studio/gradle/gradle-2.2.1/lib/plugins/testng-6.3.1.jar
7ffce407e000-7ffce4084000 r--s 00036000 08:01 17827183                   /home/vasanth/android-studio/gradle/gradle-2.2.1/lib/plugins/junit-4.11.jar
7ffce4084000-7ffce4090000 r--s 00075000 08:01 17827173                   /home/vasanth/android-studio/gradle/gradle-2.2.1/lib/plugins/gradle-plugins-2.2.1.jar
7ffce4090000-7ffce4093000 r--s 00011000 08:01 17827161                   /home/vasanth/android-studio/gradle/gradle-2.2.1/lib/plugins/gradle-plugin-use-2.2.1.jar
7ffce4093000-7ffce40ab000 r--s 00115000 08:01 17827196                   /home/vasanth/android-studio/gradle/gradle-2.2.1/lib/plugins/xercesImpl-2.9.1.jar
7ffce40ab000-7ffce40b3000 r--s 00028000 08:01 17827144                   /home/vasanth/android-studio/gradle/gradle-2.2.1/lib/plugins/xml-apis-1.3.04.jar
7ffce40b3000-7ffce40b9000 r--s 0005b000 08:01 17827111                   /home/vasanth/android-studio/gradle/gradle-2.2.1/lib/plugins/jcifs-1.3.17.jar
7ffce40b9000-7ffce40bf000 r--s 00031000 08:01 17827179                   /home/vasanth/android-studio/gradle/gradle-2.2.1/lib/plugins/httpcore-4.2.2.jar
7ffce40bf000-7ffce40c5000 r--s 00033000 08:01 17827098                   /home/vasanth/android-studio/gradle/gradle-2.2.1/lib/plugins/commons-codec-1.6.jar
7ffce40c5000-7ffce40c8000 r--s 0001c000 08:01 17827182                   /home/vasanth/android-studio/gradle/gradle-2.2.1/lib/plugins/nekohtml-1.9.14.jar
7ffce40c8000-7ffce40d1000 r--s 00060000 08:01 17827120                   /home/vasanth/android-studio/gradle/gradle-2.2.1/lib/plugins/httpclient-4.2.2.jar
7ffce40d1000-7ffce40d3000 r--s 00007000 08:01 17827162                   /home/vasanth/android-studio/gradle/gradle-2.2.1/lib/plugins/gradle-resources-http-2.2.1.jar
7ffce40d3000-7ffce40fb000 r--s 00194000 08:01 17827184                   /home/vasanth/android-studio/gradle/gradle-2.2.1/lib/plugins/bcprov-jdk15-1.46.jar
7ffce40fb000-7ffce40ff000 r--s 0001d000 08:01 17827117                   /home/vasanth/android-studio/gradle/gradle-2.2.1/lib/plugins/xbean-reflect-3.4.jar
7ffce40ff000-7ffce4104000 r--s 0002a000 08:01 17827192                   /home/vasanth/android-studio/gradle/gradle-2.2.1/lib/plugins/gson-2.2.4.jar
7ffce4104000-7ffce4108000 r--s 0003d000 08:01 17827108                   /home/vasanth/android-studio/gradle/gradle-2.2.1/lib/plugins/jsch-0.1.51.jar
7ffce4108000-7ffce4121000 r--s 00129000 08:01 17827116                   /home/vasanth/android-studio/gradle/gradle-2.2.1/lib/plugins/maven-ant-tasks-2.1.3.jar
7ffce4121000-7ffce4130000 r--s 000d9000 08:01 17827189                   /home/vasanth/android-studio/gradle/gradle-2.2.1/lib/plugins/ivy-2.2.0.jar
7ffce4130000-7ffce4134000 r--s 0001e000 08:01 17827158                   /home/vasanth/android-studio/gradle/gradle-2.2.1/lib/plugins/jarjar-aether-impl-1.13.1.jar
7ffce4134000-7ffce4137000 r--s 00027000 08:01 17827118                   /home/vasanth/android-studio/gradle/gradle-2.2.1/lib/plugins/jarjar-maven-model-3.0.4.jar
7ffce4137000-7ffce413a000 r--s 0000b000 08:01 17827186                   /home/vasanth/android-studio/gradle/gradle-2.2.1/lib/plugins/jarjar-maven-artifact-3.0.4.jar
7ffce413a000-7ffce413e000 r--s 0001e000 08:01 17827115                   /home/vasanth/android-studio/gradle/gradle-2.2.1/lib/plugins/jarjar-aether-util-1.13.1.jar
7ffce413e000-7ffce4140000 r--s 00007000 08:01 17827122                   /home/vasanth/android-studio/gradle/gradle-2.2.1/lib/plugins/jarjar-wagon-http-shared4-2.4.jar
7ffce4140000-7ffce414d000 r--s 00083000 08:01 17827167                   /home/vasanth/android-studio/gradle/gradle-2.2.1/lib/plugins/jarjar-maven-core-3.0.4.jar
7ffce414d000-7ffce414f000 r--s 00003000 08:01 17827148                   /home/vasanth/android-studio/gradle/gradle-2.2.1/lib/plugins/jarjar-aether-spi-1.13.1.jar
7ffce414f000-7ffce4151000 r--s 00009000 08:01 17827104                   /home/vasanth/android-studio/gradle/gradle-2.2.1/lib/plugins/jarjar-maven-settings-builder-3.0.4.jar
7ffce4151000-7ffce4155000 r--s 00014000 08:01 17827200                   /home/vasanth/android-studio/gradle/gradle-2.2.1/lib/plugins/jarjar-aether-api-1.13.1.jar
7ffce4155000-7ffce4156000 r--s 00002000 08:01 17827130                   /home/vasanth/android-studio/gradle/gradle-2.2.1/lib/plugins/jarjar-wagon-http-2.4.jar
7ffce4156000-7ffce415d000 r--s 00042000 08:01 17827119                   /home/vasanth/android-studio/gradle/gradle-2.2.1/lib/plugins/jarjar-maven-compat-3.0.4.jar
7ffce415d000-7ffce415f000 r--s 00006000 08:01 17827164                   /home/vasanth/android-studio/gradle/gradle-2.2.1/lib/plugins/jarjar-aether-connector-wagon-1.13.1.jar
7ffce415f000-7ffce4161000 r--s 00000000 08:01 17827136                   /home/vasanth/android-studio/gradle/gradle-2.2.1/lib/plugins/jarjar-plexus-component-annotations-1.5.5.jar
7ffce4161000-7ffce4163000 r--s 00006000 08:01 17827175                   /home/vasanth/android-studio/gradle/gradle-2.2.1/lib/plugins/jarjar-plexus-sec-dispatcher-1.3.jar
7ffce4163000-7ffce4168000 r--s 00022000 08:01 17827180                   /home/vasanth/android-studio/gradle/gradle-2.2.1/lib/plugins/jarjar-maven-model-builder-3.0.4.jar
7ffce4168000-7ffce416a000 r--s 0000b000 08:01 17827145                   /home/vasanth/android-studio/gradle/gradle-2.2.1/lib/plugins/jarjar-maven-plugin-api-3.0.4.jar
7ffce416a000-7ffce416d000 r--s 0000a000 08:01 17827100                   /home/vasanth/android-studio/gradle/gradle-2.2.1/lib/plugins/jarjar-plexus-classworlds-2.4.jar
7ffce416d000-7ffce4171000 r--s 00035000 08:01 17827190                   /home/vasanth/android-studio/gradle/gradle-2.2.1/lib/plugins/jarjar-plexus-utils-2.0.6.jar
7ffce4171000-7ffce4173000 r--s 0000e000 08:01 17827123                   /home/vasanth/android-studio/gradle/gradle-2.2.1/lib/plugins/jarjar-plexus-interpolation-1.14.jar
7ffce4173000-7ffce4175000 r--s 00002000 08:01 17827153                   /home/vasanth/android-studio/gradle/gradle-2.2.1/lib/plugins/jarjar-plexus-cipher-1.7.jar
7ffce4175000-7ffce4177000 r--s 0000c000 08:01 17827166                   /home/vasanth/android-studio/gradle/gradle-2.2.1/lib/plugins/jarjar-wagon-provider-api-2.4.jar
7ffce4177000-7ffce417f000 r--s 00031000 08:01 17827124                   /home/vasanth/android-studio/gradle/gradle-2.2.1/lib/plugins/jarjar-plexus-container-default-1.5.5.jar
7ffce417f000-7ffce41b0000 rw-p 00000000 00:00 0 
7ffce41b0000-7ffce41b2000 r--s 0000d000 08:01 17827172                   /home/vasanth/android-studio/gradle/gradle-2.2.1/lib/plugins/jarjar-maven-aether-provider-3.0.4.jar
7ffce41b2000-7ffce41b3000 r--s 00007000 08:01 17827147                   /home/vasanth/android-studio/gradle/gradle-2.2.1/lib/plugins/jarjar-maven-repository-metadata-3.0.4.jar
7ffce41b3000-7ffce41b4000 r--s 0000b000 08:01 17827185                   /home/vasanth/android-studio/gradle/gradle-2.2.1/lib/plugins/jarjar-maven-settings-3.0.4.jar
7ffce41b4000-7ffce41cc000 r--s 000b5000 08:01 17827155                   /home/vasanth/android-studio/gradle/gradle-2.2.1/lib/plugins/gradle-dependency-management-2.2.1.jar
7ffce41cc000-7ffce41e3000 r-xp 00000000 08:01 16387149                   /usr/lib/jvm/java-7-openjdk-amd64/jre/lib/amd64/libnet.so
7ffce41e3000-7ffce43e2000 ---p 00017000 08:01 16387149                   /usr/lib/jvm/java-7-openjdk-amd64/jre/lib/amd64/libnet.so
7ffce43e2000-7ffce43e3000 r--p 00016000 08:01 16387149                   /usr/lib/jvm/java-7-openjdk-amd64/jre/lib/amd64/libnet.so
7ffce43e3000-7ffce43e4000 rw-p 00017000 08:01 16387149                   /usr/lib/jvm/java-7-openjdk-amd64/jre/lib/amd64/libnet.so
7ffce43e4000-7ffce43e5000 r--s 00005000 08:01 17698492                   /home/vasanth/android-studio/gradle/gradle-2.2.1/lib/gradle-wrapper-2.2.1.jar
7ffce43e5000-7ffce43ee000 r--s 0002c000 08:01 17698476                   /home/vasanth/android-studio/gradle/gradle-2.2.1/lib/gradle-tooling-api-2.2.1.jar
7ffce43ee000-7ffce43f0000 r--s 00002000 08:01 17698468                   /home/vasanth/android-studio/gradle/gradle-2.2.1/lib/gradle-open-api-2.2.1.jar
7ffce43f0000-7ffce43f6000 r--s 00032000 08:01 17698487                   /home/vasanth/android-studio/gradle/gradle-2.2.1/lib/jaxen-1.1.jar
7ffce43f6000-7ffce43fb000 r--s 00048000 08:01 17698453                   /home/vasanth/android-studio/gradle/gradle-2.2.1/lib/dom4j-1.6.1.jar
7ffce43fb000-7ffce4406000 r--s 00059000 08:01 17698477                   /home/vasanth/android-studio/gradle/gradle-2.2.1/lib/gradle-ui-2.2.1.jar
7ffce4406000-7ffce4408000 r--s 00006000 08:01 17698488                   /home/vasanth/android-studio/gradle/gradle-2.2.1/lib/gradle-resources-2.2.1.jar
7ffce4408000-7ffce440a000 r--s 00007000 08:01 17698479                   /home/vasanth/android-studio/gradle/gradle-2.2.1/lib/objenesis-1.2.jar
7ffce440a000-7ffce440c000 r--s 00000000 08:01 17698445                   /home/vasanth/android-studio/gradle/gradle-2.2.1/lib/minlog-1.2.jar
7ffce440c000-7ffce440e000 r--s 0000f000 08:01 17698460                   /home/vasanth/android-studio/gradle/gradle-2.2.1/lib/reflectasm-1.07-shaded.jar
7ffce440e000-7ffce4412000 r--s 00026000 08:01 17698459                   /home/vasanth/android-studio/gradle/gradle-2.2.1/lib/kryo-2.20.jar
7ffce4412000-7ffce441b000 r--s 00039000 08:01 17698451                   /home/vasanth/android-studio/gradle/gradle-2.2.1/lib/gradle-messaging-2.2.1.jar
7ffce441b000-7ffce441c000 r--s 00003000 08:01 17698485                   /home/vasanth/android-studio/gradle/gradle-2.2.1/lib/native-platform-freebsd-amd64-0.10.jar
7ffce441c000-7ffce441d000 r--s 00003000 08:01 17698486                   /home/vasanth/android-studio/gradle/gradle-2.2.1/lib/native-platform-freebsd-i386-0.10.jar
7ffce441d000-7ffce441e000 r--s 00005000 08:01 17698443                   /home/vasanth/android-studio/gradle/gradle-2.2.1/lib/native-platform-windows-i386-0.10.jar
7ffce441e000-7ffce441f000 r--s 00005000 08:01 17698458                   /home/vasanth/android-studio/gradle/gradle-2.2.1/lib/native-platform-windows-amd64-0.10.jar
7ffce441f000-7ffce4420000 r--s 00003000 08:01 17698481                   /home/vasanth/android-studio/gradle/gradle-2.2.1/lib/native-platform-linux-i386-0.10.jar
7ffce4420000-7ffce4421000 r--s 00003000 08:01 17698472                   /home/vasanth/android-studio/gradle/gradle-2.2.1/lib/native-platform-linux-amd64-0.10.jar
7ffce4421000-7ffce4422000 r--s 00002000 08:01 17698482                   /home/vasanth/android-studio/gradle/gradle-2.2.1/lib/native-platform-osx-amd64-0.10.jar
7ffce4422000-7ffce4423000 r--s 00002000 08:01 17698475                   /home/vasanth/android-studio/gradle/gradle-2.2.1/lib/native-platform-osx-i386-0.10.jar
7ffce4423000-7ffce4425000 r--s 00008000 08:01 17698442                   /home/vasanth/android-studio/gradle/gradle-2.2.1/lib/jansi-1.2.1.jar
7ffce4425000-7ffce4428000 r--s 0000d000 08:01 17698470                   /home/vasanth/android-studio/gradle/gradle-2.2.1/lib/native-platform-0.10.jar
7ffce4428000-7ffce442c000 r--s 000e4000 08:01 17698490                   /home/vasanth/android-studio/gradle/gradle-2.2.1/lib/jna-3.2.7.jar
7ffce442c000-7ffce442e000 r--s 00008000 08:01 17698463                   /home/vasanth/android-studio/gradle/gradle-2.2.1/lib/gradle-native-2.2.1.jar
7ffce442e000-7ffce4430000 r--s 00005000 08:01 17698461                   /home/vasanth/android-studio/gradle/gradle-2.2.1/lib/gradle-cli-2.2.1.jar
7ffce4430000-7ffce4432000 r--s 00003000 08:01 17698462                   /home/vasanth/android-studio/gradle/gradle-2.2.1/lib/gradle-base-services-groovy-2.2.1.jar
7ffce4432000-7ffce4434000 r--s 0000a000 08:01 17698474                   /home/vasanth/android-studio/gradle/gradle-2.2.1/lib/gradle-model-groovy-2.2.1.jar
7ffce4434000-7ffce4438000 r--s 0001b000 08:01 17698440                   /home/vasanth/android-studio/gradle/gradle-2.2.1/lib/gradle-model-core-2.2.1.jar
7ffce4438000-7ffce4439000 r--s 00000000 08:01 17698447                   /home/vasanth/android-studio/gradle/gradle-2.2.1/lib/gradle-docs-2.2.1.jar
7ffce4439000-7ffce443b000 r--s 00003000 08:01 17698478                   /home/vasanth/android-studio/gradle/gradle-2.2.1/lib/jcl-over-slf4j-1.7.7.jar
7ffce443b000-7ffce443c000 r--s 00005000 08:01 17698464                   /home/vasanth/android-studio/gradle/gradle-2.2.1/lib/log4j-over-slf4j-1.7.7.jar
7ffce443c000-7ffce443d000 r--s 00000000 08:01 17698457                   /home/vasanth/android-studio/gradle/gradle-2.2.1/lib/javax.inject-1.jar
7ffce443d000-7ffce4440000 r--s 0001b000 08:01 17698466                   /home/vasanth/android-studio/gradle/gradle-2.2.1/lib/jarjar-1.3.jar
7ffce4440000-7ffce4442000 r--s 00000000 08:01 17698480                   /home/vasanth/android-studio/gradle/gradle-2.2.1/lib/jul-to-slf4j-1.7.7.jar
7ffce4442000-7ffce4448000 r--s 0003b000 08:01 17698484                   /home/vasanth/android-studio/gradle/gradle-2.2.1/lib/logback-classic-1.0.13.jar
7ffce4448000-7ffce4452000 r--s 0005d000 08:01 17698449                   /home/vasanth/android-studio/gradle/gradle-2.2.1/lib/logback-core-1.0.13.jar
7ffce4452000-7ffce4457000 r--s 00041000 08:01 17698454                   /home/vasanth/android-studio/gradle/gradle-2.2.1/lib/commons-lang-2.6.jar
7ffce4457000-7ffce445a000 r--s 00018000 08:01 17698483                   /home/vasanth/android-studio/gradle/gradle-2.2.1/lib/commons-io-1.4.jar
7ffce445a000-7ffce4468000 r--s 0007f000 08:01 17698450                   /home/vasanth/android-studio/gradle/gradle-2.2.1/lib/commons-collections-3.2.1.jar
7ffce4468000-7ffce44d3000 r--s 00685000 08:01 17698444                   /home/vasanth/android-studio/gradle/gradle-2.2.1/lib/groovy-all-2.3.6.jar
7ffce44d3000-7ffce44fb000 r--s 001cf000 08:01 17698465                   /home/vasanth/android-studio/gradle/gradle-2.2.1/lib/guava-jdk5-17.0.jar
7ffce44fb000-7ffce451a000 r--s 001cc000 08:01 17698491                   /home/vasanth/android-studio/gradle/gradle-2.2.1/lib/ant-1.9.3.jar
7ffce451a000-7ffce451b000 ---p 00000000 00:00 0 
7ffce451b000-7ffce461b000 rw-p 00000000 00:00 0                          [stack:14434]
7ffce461b000-7ffce461e000 ---p 00000000 00:00 0 
7ffce461e000-7ffce471c000 rw-p 00000000 00:00 0                          [stack:14433]
7ffce471c000-7ffce471f000 ---p 00000000 00:00 0 
7ffce471f000-7ffce481d000 rw-p 00000000 00:00 0                          [stack:14432]
7ffce481d000-7ffce4820000 ---p 00000000 00:00 0 
7ffce4820000-7ffce491e000 rw-p 00000000 00:00 0                          [stack:14431]
7ffce491e000-7ffce5000000 r--p 00000000 08:01 15735379                   /usr/lib/locale/locale-archive
7ffce5000000-7ffce5670000 rwxp 00000000 00:00 0 
7ffce5670000-7ffce8a50000 rw-p 00000000 00:00 0 
7ffce8a50000-7ffcec000000 ---p 00000000 00:00 0 
7ffcec000000-7ffcec001000 r--s 00000000 08:01 17698441                   /home/vasanth/android-studio/gradle/gradle-2.2.1/lib/jcip-annotations-1.0.jar
7ffcec001000-7ffcec006000 r--s 00036000 08:01 17698456                   /home/vasanth/android-studio/gradle/gradle-2.2.1/lib/asm-all-5.0.3.jar
7ffcec006000-7ffcec008000 r--s 00006000 08:01 17698455                   /home/vasanth/android-studio/gradle/gradle-2.2.1/lib/slf4j-api-1.7.7.jar
7ffcec008000-7ffcec00e000 r--s 00026000 08:01 17698448                   /home/vasanth/android-studio/gradle/gradle-2.2.1/lib/gradle-base-services-2.2.1.jar
7ffcec00e000-7ffcec03f000 r--s 00191000 08:01 17698439                   /home/vasanth/android-studio/gradle/gradle-2.2.1/lib/gradle-core-2.2.1.jar
7ffcec03f000-7ffcec047000 r--s 0003c000 08:01 17698489                   /home/vasanth/android-studio/gradle/gradle-2.2.1/lib/gradle-launcher-2.2.1.jar
7ffcec047000-7ffcec04a000 ---p 00000000 00:00 0 
7ffcec04a000-7ffcec148000 rw-p 00000000 00:00 0                          [stack:14430]
7ffcec148000-7ffcec14b000 ---p 00000000 00:00 0 
7ffcec14b000-7ffcec249000 rw-p 00000000 00:00 0                          [stack:14429]
7ffcec249000-7ffcec24c000 ---p 00000000 00:00 0 
7ffcec24c000-7ffcec34a000 rw-p 00000000 00:00 0                          [stack:14428]
7ffcec34a000-7ffcec34b000 ---p 00000000 00:00 0 
7ffcec34b000-7ffced448000 rw-p 00000000 00:00 0                          [stack:14427]
7ffced448000-7ffced5fa000 r--s 01d23000 08:01 16387119                   /usr/lib/jvm/java-7-openjdk-amd64/jre/lib/rt.jar
7ffced5fa000-7ffced973000 rw-p 00000000 00:00 0 
7ffced973000-7ffced974000 ---p 00000000 00:00 0 
7ffced974000-7ffceda74000 rw-p 00000000 00:00 0                          [stack:14426]
7ffceda74000-7ffceda75000 ---p 00000000 00:00 0 
7ffceda75000-7ffcedb75000 rw-p 00000000 00:00 0                          [stack:14425]
7ffcedb75000-7ffcedb76000 ---p 00000000 00:00 0 
7ffcedb76000-7ffcedc76000 rw-p 00000000 00:00 0                          [stack:14424]
7ffcedc76000-7ffcedc77000 ---p 00000000 00:00 0 
7ffcedc77000-7ffcedda0000 rw-p 00000000 00:00 0                          [stack:14423]
7ffcedda0000-7ffceddf7000 rw-p 00000000 00:00 0 
7ffceddf7000-7ffcede34000 rw-p 00000000 00:00 0 
7ffcede34000-7ffcedf4d000 rw-p 00000000 00:00 0 
7ffcedf4d000-7ffcedf76000 rw-p 00000000 00:00 0 
7ffcedf76000-7ffcedfcd000 rw-p 00000000 00:00 0 
7ffcedfcd000-7ffcee00a000 rw-p 00000000 00:00 0 
7ffcee00a000-7ffcee122000 rw-p 00000000 00:00 0 
7ffcee122000-7ffcee1cd000 rw-p 00000000 00:00 0 
7ffcee1cd000-7ffcee1ce000 rw-p 00000000 00:00 0 
7ffcee1ce000-7ffcee1d6000 r-xp 00000000 08:01 16387171                   /usr/lib/jvm/java-7-openjdk-amd64/jre/lib/amd64/libzip.so
7ffcee1d6000-7ffcee3d5000 ---p 00008000 08:01 16387171                   /usr/lib/jvm/java-7-openjdk-amd64/jre/lib/amd64/libzip.so
7ffcee3d5000-7ffcee3d6000 r--p 00007000 08:01 16387171                   /usr/lib/jvm/java-7-openjdk-amd64/jre/lib/amd64/libzip.so
7ffcee3d6000-7ffcee3d7000 rw-p 00008000 08:01 16387171                   /usr/lib/jvm/java-7-openjdk-amd64/jre/lib/amd64/libzip.so
7ffcee3d7000-7ffcee3e2000 r-xp 00000000 08:01 4196934                    /lib/x86_64-linux-gnu/libnss_files-2.19.so
7ffcee3e2000-7ffcee5e1000 ---p 0000b000 08:01 4196934                    /lib/x86_64-linux-gnu/libnss_files-2.19.so
7ffcee5e1000-7ffcee5e2000 r--p 0000a000 08:01 4196934                    /lib/x86_64-linux-gnu/libnss_files-2.19.so
7ffcee5e2000-7ffcee5e3000 rw-p 0000b000 08:01 4196934                    /lib/x86_64-linux-gnu/libnss_files-2.19.so
7ffcee5e3000-7ffcee5ee000 r-xp 00000000 08:01 4196968                    /lib/x86_64-linux-gnu/libnss_nis-2.19.so
7ffcee5ee000-7ffcee7ed000 ---p 0000b000 08:01 4196968                    /lib/x86_64-linux-gnu/libnss_nis-2.19.so
7ffcee7ed000-7ffcee7ee000 r--p 0000a000 08:01 4196968                    /lib/x86_64-linux-gnu/libnss_nis-2.19.so
7ffcee7ee000-7ffcee7ef000 rw-p 0000b000 08:01 4196968                    /lib/x86_64-linux-gnu/libnss_nis-2.19.so
7ffcee7ef000-7ffcee806000 r-xp 00000000 08:01 4196957                    /lib/x86_64-linux-gnu/libnsl-2.19.so
7ffcee806000-7ffceea05000 ---p 00017000 08:01 4196957                    /lib/x86_64-linux-gnu/libnsl-2.19.so
7ffceea05000-7ffceea06000 r--p 00016000 08:01 4196957                    /lib/x86_64-linux-gnu/libnsl-2.19.so
7ffceea06000-7ffceea07000 rw-p 00017000 08:01 4196957                    /lib/x86_64-linux-gnu/libnsl-2.19.so
7ffceea07000-7ffceea09000 rw-p 00000000 00:00 0 
7ffceea09000-7ffceea12000 r-xp 00000000 08:01 4196956                    /lib/x86_64-linux-gnu/libnss_compat-2.19.so
7ffceea12000-7ffceec11000 ---p 00009000 08:01 4196956                    /lib/x86_64-linux-gnu/libnss_compat-2.19.so
7ffceec11000-7ffceec12000 r--p 00008000 08:01 4196956                    /lib/x86_64-linux-gnu/libnss_compat-2.19.so
7ffceec12000-7ffceec13000 rw-p 00009000 08:01 4196956                    /lib/x86_64-linux-gnu/libnss_compat-2.19.so
7ffceec13000-7ffceec3e000 r-xp 00000000 08:01 16387158                   /usr/lib/jvm/java-7-openjdk-amd64/jre/lib/amd64/libjava.so
7ffceec3e000-7ffceee3e000 ---p 0002b000 08:01 16387158                   /usr/lib/jvm/java-7-openjdk-amd64/jre/lib/amd64/libjava.so
7ffceee3e000-7ffceee3f000 r--p 0002b000 08:01 16387158                   /usr/lib/jvm/java-7-openjdk-amd64/jre/lib/amd64/libjava.so
7ffceee3f000-7ffceee41000 rw-p 0002c000 08:01 16387158                   /usr/lib/jvm/java-7-openjdk-amd64/jre/lib/amd64/libjava.so
7ffceee41000-7ffceee51000 r-xp 00000000 08:01 16387157                   /usr/lib/jvm/java-7-openjdk-amd64/jre/lib/amd64/libverify.so
7ffceee51000-7ffcef050000 ---p 00010000 08:01 16387157                   /usr/lib/jvm/java-7-openjdk-amd64/jre/lib/amd64/libverify.so
7ffcef050000-7ffcef052000 r--p 0000f000 08:01 16387157                   /usr/lib/jvm/java-7-openjdk-amd64/jre/lib/amd64/libverify.so
7ffcef052000-7ffcef053000 rw-p 00011000 08:01 16387157                   /usr/lib/jvm/java-7-openjdk-amd64/jre/lib/amd64/libverify.so
7ffcef053000-7ffcef05a000 r-xp 00000000 08:01 4196965                    /lib/x86_64-linux-gnu/librt-2.19.so
7ffcef05a000-7ffcef259000 ---p 00007000 08:01 4196965                    /lib/x86_64-linux-gnu/librt-2.19.so
7ffcef259000-7ffcef25a000 r--p 00006000 08:01 4196965                    /lib/x86_64-linux-gnu/librt-2.19.so
7ffcef25a000-7ffcef25b000 rw-p 00007000 08:01 4196965                    /lib/x86_64-linux-gnu/librt-2.19.so
7ffcef25b000-7ffcef271000 r-xp 00000000 08:01 4194330                    /lib/x86_64-linux-gnu/libgcc_s.so.1
7ffcef271000-7ffcef470000 ---p 00016000 08:01 4194330                    /lib/x86_64-linux-gnu/libgcc_s.so.1
7ffcef470000-7ffcef471000 rw-p 00015000 08:01 4194330                    /lib/x86_64-linux-gnu/libgcc_s.so.1
7ffcef471000-7ffcef576000 r-xp 00000000 08:01 4196933                    /lib/x86_64-linux-gnu/libm-2.19.so
7ffcef576000-7ffcef775000 ---p 00105000 08:01 4196933                    /lib/x86_64-linux-gnu/libm-2.19.so
7ffcef775000-7ffcef776000 r--p 00104000 08:01 4196933                    /lib/x86_64-linux-gnu/libm-2.19.so
7ffcef776000-7ffcef777000 rw-p 00105000 08:01 4196933                    /lib/x86_64-linux-gnu/libm-2.19.so
7ffcef777000-7ffcef85d000 r-xp 00000000 08:01 15737244                   /usr/lib/x86_64-linux-gnu/libstdc++.so.6.0.19
7ffcef85d000-7ffcefa5c000 ---p 000e6000 08:01 15737244                   /usr/lib/x86_64-linux-gnu/libstdc++.so.6.0.19
7ffcefa5c000-7ffcefa64000 r--p 000e5000 08:01 15737244                   /usr/lib/x86_64-linux-gnu/libstdc++.so.6.0.19
7ffcefa64000-7ffcefa66000 rw-p 000ed000 08:01 15737244                   /usr/lib/x86_64-linux-gnu/libstdc++.so.6.0.19
7ffcefa66000-7ffcefa7b000 rw-p 00000000 00:00 0 
7ffcefa7b000-7ffcf0593000 r-xp 00000000 08:01 16516415                   /usr/lib/jvm/java-7-openjdk-amd64/jre/lib/amd64/server/libjvm.so
7ffcf0593000-7ffcf0793000 ---p 00b18000 08:01 16516415                   /usr/lib/jvm/java-7-openjdk-amd64/jre/lib/amd64/server/libjvm.so
7ffcf0793000-7ffcf082d000 r--p 00b18000 08:01 16516415                   /usr/lib/jvm/java-7-openjdk-amd64/jre/lib/amd64/server/libjvm.so
7ffcf082d000-7ffcf0850000 rw-p 00bb2000 08:01 16516415                   /usr/lib/jvm/java-7-openjdk-amd64/jre/lib/amd64/server/libjvm.so
7ffcf0850000-7ffcf087e000 rw-p 00000000 00:00 0 
7ffcf087e000-7ffcf0896000 r-xp 00000000 08:01 4198406                    /lib/x86_64-linux-gnu/libz.so.1.2.8
7ffcf0896000-7ffcf0a95000 ---p 00018000 08:01 4198406                    /lib/x86_64-linux-gnu/libz.so.1.2.8
7ffcf0a95000-7ffcf0a96000 r--p 00017000 08:01 4198406                    /lib/x86_64-linux-gnu/libz.so.1.2.8
7ffcf0a96000-7ffcf0a97000 rw-p 00018000 08:01 4198406                    /lib/x86_64-linux-gnu/libz.so.1.2.8
7ffcf0a97000-7ffcf0ab0000 r-xp 00000000 08:01 4196963                    /lib/x86_64-linux-gnu/libpthread-2.19.so
7ffcf0ab0000-7ffcf0caf000 ---p 00019000 08:01 4196963                    /lib/x86_64-linux-gnu/libpthread-2.19.so
7ffcf0caf000-7ffcf0cb0000 r--p 00018000 08:01 4196963                    /lib/x86_64-linux-gnu/libpthread-2.19.so
7ffcf0cb0000-7ffcf0cb1000 rw-p 00019000 08:01 4196963                    /lib/x86_64-linux-gnu/libpthread-2.19.so
7ffcf0cb1000-7ffcf0cb5000 rw-p 00000000 00:00 0 
7ffcf0cb5000-7ffcf0cb8000 r-xp 00000000 08:01 4196950                    /lib/x86_64-linux-gnu/libdl-2.19.so
7ffcf0cb8000-7ffcf0eb7000 ---p 00003000 08:01 4196950                    /lib/x86_64-linux-gnu/libdl-2.19.so
7ffcf0eb7000-7ffcf0eb8000 r--p 00002000 08:01 4196950                    /lib/x86_64-linux-gnu/libdl-2.19.so
7ffcf0eb8000-7ffcf0eb9000 rw-p 00003000 08:01 4196950                    /lib/x86_64-linux-gnu/libdl-2.19.so
7ffcf0eb9000-7ffcf1074000 r-xp 00000000 08:01 4196962                    /lib/x86_64-linux-gnu/libc-2.19.so
7ffcf1074000-7ffcf1273000 ---p 001bb000 08:01 4196962                    /lib/x86_64-linux-gnu/libc-2.19.so
7ffcf1273000-7ffcf1277000 r--p 001ba000 08:01 4196962                    /lib/x86_64-linux-gnu/libc-2.19.so
7ffcf1277000-7ffcf1279000 rw-p 001be000 08:01 4196962                    /lib/x86_64-linux-gnu/libc-2.19.so
7ffcf1279000-7ffcf127e000 rw-p 00000000 00:00 0 
7ffcf127e000-7ffcf128b000 r-xp 00000000 08:01 16515965                   /usr/lib/jvm/java-7-openjdk-amd64/jre/lib/amd64/jli/libjli.so
7ffcf128b000-7ffcf148a000 ---p 0000d000 08:01 16515965                   /usr/lib/jvm/java-7-openjdk-amd64/jre/lib/amd64/jli/libjli.so
7ffcf148a000-7ffcf148b000 r--p 0000c000 08:01 16515965                   /usr/lib/jvm/java-7-openjdk-amd64/jre/lib/amd64/jli/libjli.so
7ffcf148b000-7ffcf148c000 rw-p 0000d000 08:01 16515965                   /usr/lib/jvm/java-7-openjdk-amd64/jre/lib/amd64/jli/libjli.so
7ffcf148c000-7ffcf14af000 r-xp 00000000 08:01 4196959                    /lib/x86_64-linux-gnu/ld-2.19.so
7ffcf14af000-7ffcf14b1000 r--s 00006000 08:01 16127441                   /usr/share/java/java-atk-wrapper.jar
7ffcf14b1000-7ffcf14e4000 rw-p 00000000 00:00 0 
7ffcf14e4000-7ffcf158a000 rw-p 00000000 00:00 0 
7ffcf158a000-7ffcf158d000 ---p 00000000 00:00 0 
7ffcf158d000-7ffcf1690000 rw-p 00000000 00:00 0                          [stack:14422]
7ffcf1690000-7ffcf1691000 r--s 00004000 08:01 17698446                   /home/vasanth/android-studio/gradle/gradle-2.2.1/lib/ant-launcher-1.9.3.jar
7ffcf1691000-7ffcf1693000 r--s 00012000 08:01 16387125                   /usr/lib/jvm/java-7-openjdk-amd64/jre/lib/ext/zipfs.jar
7ffcf1693000-7ffcf1697000 r--s 00034000 08:01 16387124                   /usr/lib/jvm/java-7-openjdk-amd64/jre/lib/ext/sunjce_provider.jar
7ffcf1697000-7ffcf169a000 r--s 0000f000 08:01 16387122                   /usr/lib/jvm/java-7-openjdk-amd64/jre/lib/ext/icedtea-sound.jar
7ffcf169a000-7ffcf169d000 r--s 00086000 08:01 16387127                   /usr/lib/jvm/java-7-openjdk-amd64/jre/lib/ext/localedata.jar
7ffcf169d000-7ffcf16a1000 r--s 0003c000 08:01 16387123                   /usr/lib/jvm/java-7-openjdk-amd64/jre/lib/ext/sunpkcs11.jar
7ffcf16a1000-7ffcf16a2000 r--s 00002000 08:01 16387126                   /usr/lib/jvm/java-7-openjdk-amd64/jre/lib/ext/dnsns.jar
7ffcf16a2000-7ffcf16aa000 rw-s 00000000 08:01 25041236                   /tmp/hsperfdata_vasanth/14420
7ffcf16aa000-7ffcf16ab000 rw-p 00000000 00:00 0 
7ffcf16ab000-7ffcf16ac000 r--p 00000000 00:00 0 
7ffcf16ac000-7ffcf16ae000 rw-p 00000000 00:00 0 
7ffcf16ae000-7ffcf16af000 r--p 00022000 08:01 4196959                    /lib/x86_64-linux-gnu/ld-2.19.so
7ffcf16af000-7ffcf16b0000 rw-p 00023000 08:01 4196959                    /lib/x86_64-linux-gnu/ld-2.19.so
7ffcf16b0000-7ffcf16b1000 rw-p 00000000 00:00 0 
7ffff1aaf000-7ffff1ad1000 rw-p 00000000 00:00 0                          [stack]
7ffff1bfe000-7ffff1c00000 r-xp 00000000 00:00 0                          [vdso]
ffffffffff600000-ffffffffff601000 r-xp 00000000 00:00 0                  [vsyscall]

VM Arguments:
jvm_args: -XX:MaxPermSize=256m -XX:+HeapDumpOnOutOfMemoryError -Xmx1024m -Dfile.encoding=UTF-8 -Duser.country=IN -Duser.language=en -Duser.variant 
java_command: org.gradle.launcher.daemon.bootstrap.GradleDaemon 2.2.1 /home/vasanth/.gradle/daemon 10800000 4acb759e-0b8f-4c29-b9f5-8e6157ab2f10 -XX:MaxPermSize=256m -XX:+HeapDumpOnOutOfMemoryError -Xmx1024m -Dfile.encoding=UTF-8 -Duser.country=IN -Duser.language=en -Duser.variant
Launcher Type: SUN_STANDARD

Environment Variables:
JAVA_HOME=/usr/lib/jvm/java-1.7.0-openjdk-amd64
CLASSPATH=./../lib/bootstrap.jar:./../lib/extensions.jar:./../lib/util.jar:./../lib/jdom.jar:./../lib/log4j.jar:./../lib/trove4j.jar:./../lib/jna.jar:/usr/lib/jvm/java-1.7.0-openjdk-amd64/lib/tools.jar
PATH=/usr/local/sbin:/usr/local/bin:/usr/sbin:/usr/bin:/sbin:/bin:/usr/games:/usr/local/games
LD_LIBRARY_PATH=.:
SHELL=/bin/bash
DISPLAY=:0

Signal Handlers:
SIGSEGV: [libjvm.so+0x94b4b0], sa_mask[0]=0x7ffbfeff, sa_flags=0x10000004
SIGBUS: [libjvm.so+0x94b4b0], sa_mask[0]=0x7ffbfeff, sa_flags=0x10000004
SIGFPE: [libjvm.so+0x7c3390], sa_mask[0]=0x7ffbfeff, sa_flags=0x10000004
SIGPIPE: [libjvm.so+0x7c3390], sa_mask[0]=0x7ffbfeff, sa_flags=0x10000004
SIGXFSZ: [libjvm.so+0x7c3390], sa_mask[0]=0x7ffbfeff, sa_flags=0x10000004
SIGILL: [libjvm.so+0x7c3390], sa_mask[0]=0x7ffbfeff, sa_flags=0x10000004
SIGUSR1: SIG_DFL, sa_mask[0]=0x00000000, sa_flags=0x00000000
SIGUSR2: [libjvm.so+0x7c3230], sa_mask[0]=0x00000004, sa_flags=0x10000004
SIGHUP: [libjvm.so+0x7c3410], sa_mask[0]=0x7ffbfeff, sa_flags=0x10000004
SIGINT: [libjvm.so+0x7c3410], sa_mask[0]=0x7ffbfeff, sa_flags=0x10000004
SIGTERM: [libjvm.so+0x7c3410], sa_mask[0]=0x7ffbfeff, sa_flags=0x10000004
SIGQUIT: [libjvm.so+0x7c3410], sa_mask[0]=0x7ffbfeff, sa_flags=0x10000004
SIGTRAP: SIG_DFL, sa_mask[0]=0x00000000, sa_flags=0x00000000


---------------  S Y S T E M  ---------------

OS:Ubuntu 14.04 (trusty)
uname:Linux 3.13.0-43-generic #72-Ubuntu SMP Mon Dec 8 19:35:06 UTC 2014 x86_64
libc:glibc 2.19 NPTL 2.19 
rlimit: STACK 8192k, CORE 0k, NPROC 93765, NOFILE 4096, AS infinity
load average:0.26 0.51 0.75

/proc/meminfo:
MemTotal:       12023656 kB
MemFree:         3084684 kB
Buffers:          527920 kB
Cached:          4789704 kB
SwapCached:            0 kB
Active:          4699344 kB
Inactive:        3486932 kB
Active(anon):    2870276 kB
Inactive(anon):   603220 kB
Active(file):    1829068 kB
Inactive(file):  2883712 kB
Unevictable:          48 kB
Mlocked:              48 kB
SwapTotal:       8100860 kB
SwapFree:        8100860 kB
Dirty:               488 kB
Writeback:             0 kB
AnonPages:       2868920 kB
Mapped:           506528 kB
Shmem:            604848 kB
Slab:             584844 kB
SReclaimable:     539724 kB
SUnreclaim:        45120 kB
KernelStack:        5376 kB
PageTables:        44068 kB
NFS_Unstable:          0 kB
Bounce:                0 kB
WritebackTmp:          0 kB
CommitLimit:    14112688 kB
Committed_AS:    8260400 kB
VmallocTotal:   34359738367 kB
VmallocUsed:      380492 kB
VmallocChunk:   34359344976 kB
HardwareCorrupted:     0 kB
AnonHugePages:   1214464 kB
HugePages_Total:       0
HugePages_Free:        0
HugePages_Rsvd:        0
HugePages_Surp:        0
Hugepagesize:       2048 kB
DirectMap4k:      128100 kB
DirectMap2M:     9023488 kB
DirectMap1G:     3145728 kB


CPU:total 4 (2 cores per cpu, 2 threads per core) family 6 model 60 stepping 3, cmov, cx8, fxsr, mmx, sse, sse2, sse3, ssse3, sse4.1, sse4.2, popcnt, avx, avx2, aes, erms, ht, tsc, tscinvbit

/proc/cpuinfo:
processor	: 0
vendor_id	: GenuineIntel
cpu family	: 6
model		: 60
model name	: Intel(R) Core(TM) i5-4200M CPU @ 2.50GHz
stepping	: 3
microcode	: 0x17
cpu MHz		: 2501.000
cache size	: 3072 KB
physical id	: 0
siblings	: 4
core id		: 0
cpu cores	: 2
apicid		: 0
initial apicid	: 0
fpu		: yes
fpu_exception	: yes
cpuid level	: 13
wp		: yes
flags		: fpu vme de pse tsc msr pae mce cx8 apic sep mtrr pge mca cmov pat pse36 clflush dts acpi mmx fxsr sse sse2 ss ht tm pbe syscall nx pdpe1gb rdtscp lm constant_tsc arch_perfmon pebs bts rep_good nopl xtopology nonstop_tsc aperfmperf eagerfpu pni pclmulqdq dtes64 monitor ds_cpl vmx est tm2 ssse3 fma cx16 xtpr pdcm pcid sse4_1 sse4_2 movbe popcnt tsc_deadline_timer aes xsave avx f16c rdrand lahf_lm abm ida arat epb xsaveopt pln pts dtherm tpr_shadow vnmi flexpriority ept vpid fsgsbase tsc_adjust bmi1 avx2 smep bmi2 erms invpcid
bogomips	: 4988.34
clflush size	: 64
cache_alignment	: 64
address sizes	: 39 bits physical, 48 bits virtual
power management:

processor	: 1
vendor_id	: GenuineIntel
cpu family	: 6
model		: 60
model name	: Intel(R) Core(TM) i5-4200M CPU @ 2.50GHz
stepping	: 3
microcode	: 0x17
cpu MHz		: 2501.000
cache size	: 3072 KB
physical id	: 0
siblings	: 4
core id		: 0
cpu cores	: 2
apicid		: 1
initial apicid	: 1
fpu		: yes
fpu_exception	: yes
cpuid level	: 13
wp		: yes
flags		: fpu vme de pse tsc msr pae mce cx8 apic sep mtrr pge mca cmov pat pse36 clflush dts acpi mmx fxsr sse sse2 ss ht tm pbe syscall nx pdpe1gb rdtscp lm constant_tsc arch_perfmon pebs bts rep_good nopl xtopology nonstop_tsc aperfmperf eagerfpu pni pclmulqdq dtes64 monitor ds_cpl vmx est tm2 ssse3 fma cx16 xtpr pdcm pcid sse4_1 sse4_2 movbe popcnt tsc_deadline_timer aes xsave avx f16c rdrand lahf_lm abm ida arat epb xsaveopt pln pts dtherm tpr_shadow vnmi flexpriority ept vpid fsgsbase tsc_adjust bmi1 avx2 smep bmi2 erms invpcid
bogomips	: 4988.34
clflush size	: 64
cache_alignment	: 64
address sizes	: 39 bits physical, 48 bits virtual
power management:

processor	: 2
vendor_id	: GenuineIntel
cpu family	: 6
model		: 60
model name	: Intel(R) Core(TM) i5-4200M CPU @ 2.50GHz
stepping	: 3
microcode	: 0x17
cpu MHz		: 800.000
cache size	: 3072 KB
physical id	: 0
siblings	: 4
core id		: 1
cpu cores	: 2
apicid		: 2
initial apicid	: 2
fpu		: yes
fpu_exception	: yes
cpuid level	: 13
wp		: yes
flags		: fpu vme de pse tsc msr pae mce cx8 apic sep mtrr pge mca cmov pat pse36 clflush dts acpi mmx fxsr sse sse2 ss ht tm pbe syscall nx pdpe1gb rdtscp lm constant_tsc arch_perfmon pebs bts rep_good nopl xtopology nonstop_tsc aperfmperf eagerfpu pni pclmulqdq dtes64 monitor ds_cpl vmx est tm2 ssse3 fma cx16 xtpr pdcm pcid sse4_1 sse4_2 movbe popcnt tsc_deadline_timer aes xsave avx f16c rdrand lahf_lm abm ida arat epb xsaveopt pln pts dtherm tpr_shadow vnmi flexpriority ept vpid fsgsbase tsc_adjust bmi1 avx2 smep bmi2 erms invpcid
bogomips	: 4988.34
clflush size	: 64
cache_alignment	: 64
address sizes	: 39 bits physical, 48 bits virtual
power management:

processor	: 3
vendor_id	: GenuineIntel
cpu family	: 6
model		: 60
model name	: Intel(R) Core(TM) i5-4200M CPU @ 2.50GHz
stepping	: 3
microcode	: 0x17
cpu MHz		: 2501.000
cache size	: 3072 KB
physical id	: 0
siblings	: 4
core id		: 1
cpu cores	: 2
apicid		: 3
initial apicid	: 3
fpu		: yes
fpu_exception	: yes
cpuid level	: 13
wp		: yes
flags		: fpu vme de pse tsc msr pae mce cx8 apic sep mtrr pge mca cmov pat pse36 clflush dts acpi mmx fxsr sse sse2 ss ht tm pbe syscall nx pdpe1gb rdtscp lm constant_tsc arch_perfmon pebs bts rep_good nopl xtopology nonstop_tsc aperfmperf eagerfpu pni pclmulqdq dtes64 monitor ds_cpl vmx est tm2 ssse3 fma cx16 xtpr pdcm pcid sse4_1 sse4_2 movbe popcnt tsc_deadline_timer aes xsave avx f16c rdrand lahf_lm abm ida arat epb xsaveopt pln pts dtherm tpr_shadow vnmi flexpriority ept vpid fsgsbase tsc_adjust bmi1 avx2 smep bmi2 erms invpcid
bogomips	: 4988.34
clflush size	: 64
cache_alignment	: 64
address sizes	: 39 bits physical, 48 bits virtual
power management:



Memory: 4k page, physical 12023656k(3084684k free), swap 8100860k(8100860k free)

vm_info: OpenJDK 64-Bit Server VM (24.75-b04) for linux-amd64 JRE (1.7.0_75-b13), built on Jan 27 2015 00:38:59 by "buildd" with gcc 4.8.2

time: Tue Mar 10 11:38:03 2015
elapsed time: 1276 seconds

