#
# A fatal error has been detected by the Java Runtime Environment:
#
#  SIGSEGV (0xb) at pc=0x00007f4a7908c7c4, pid=14100, tid=139958055896832
#
# JRE version: OpenJDK Runtime Environment (7.0_75-b13) (build 1.7.0_75-b13)
# Java VM: OpenJDK 64-Bit Server VM (24.75-b04 mixed mode linux-amd64 compressed oops)
# Derivative: IcedTea 2.5.4
# Distribution: Ubuntu 14.04 LTS, package 7u75-2.5.4-1~trusty1
# Problematic frame:
# J 125 C2 com.android.dx.ssa.NormalSsaInsn.isNormalMoveInsn()Z (20 bytes) @ 0x00007f4a7908c7c4 [0x00007f4a7908c7a0+0x24]
#
# Failed to write core dump. Core dumps have been disabled. To enable core dumping, try "ulimit -c unlimited" before starting Java again
#
# If you would like to submit a bug report, please include
# instructions on how to reproduce the bug and visit:
#   http://icedtea.classpath.org/bugzilla
#

---------------  T H R E A D  ---------------

Current thread (0x00007f4a7c00a000):  JavaThread "main" [_thread_in_Java, id=14108, stack(0x00007f4a86248000,0x00007f4a86349000)]

siginfo:si_signo=SIGSEGV: si_errno=0, si_code=1 (SEGV_MAPERR), si_addr=0x000000009635280c

Registers:
RAX=0x00000000b5e27790, RBX=0x00000000b5e27790, RCX=0x00000000edc4a230, RDX=0x0000000000500001
RSP=0x00007f4a863466d0, RBP=0x00007f4a86346740, RSI=0x00000000edc4a230, RDI=0x00000000b5e27f50
R8 =0x00000000edc4a2a0, R9 =0x00007f4a850e5593, R10=0x0000000096352800, R11=0x00000000edc4a253
R12=0x0000000000000000, R13=0x00007f4a863466f8, R14=0x00007f4a86346758, R15=0x00007f4a7c00a000
RIP=0x00007f4a7908c7c4, EFLAGS=0x0000000000010202, CSGSFS=0x0000000000000033, ERR=0x0000000000000004
  TRAPNO=0x000000000000000e

Top of Stack: (sp=0x00007f4a863466d0)
0x00007f4a863466d0:   0000000000000000 00007f4a863466f0
0x00007f4a863466e0:   00007f4a86346740 00007f4a79006350
0x00007f4a863466f0:   00007f4a79006350 00000000edc4a230
0x00007f4a86346700:   00007f4a86346700 00000000b5e27a49
0x00007f4a86346710:   00007f4a86346758 00000000b5e31448
0x00007f4a86346720:   00000000b5eeb968 00000000b5e27a88
0x00007f4a86346730:   00007f4a863466f8 00007f4a86346750
0x00007f4a86346740:   00007f4a863467a0 00007f4a79006058
0x00007f4a86346750:   00000000eaa84d60 00000000edc4a230
0x00007f4a86346760:   00007f4a86346760 00000000b5e2f01b
0x00007f4a86346770:   00007f4a863467c8 00000000b5e2f5f8
0x00007f4a86346780:   00000000b5ee9308 00000000b5e2f068
0x00007f4a86346790:   00007f4a86346750 00007f4a863467c0
0x00007f4a863467a0:   00007f4a86346810 00007f4a79006058
0x00007f4a863467b0:   0000000000000001 0000000000000002
0x00007f4a863467c0:   00000000eaa84d60 00000000edc4a198
0x00007f4a863467d0:   00007f4a863467d0 00000000b5e233b5
0x00007f4a863467e0:   00007f4a86346838 00000000b5e287e0
0x00007f4a863467f0:   00000000b5ef0610 00000000b5e233f8
0x00007f4a86346800:   00007f4a863467c0 00007f4a86346830
0x00007f4a86346810:   00007f4a86346880 00007f4a79006058
0x00007f4a86346820:   00000000edc4a198 00000000eaa84d70
0x00007f4a86346830:   00000000eaa84d60 00000000ed910b90
0x00007f4a86346840:   00007f4a86346840 00000000b5e6b554
0x00007f4a86346850:   00007f4a86346890 00000000b5e76600
0x00007f4a86346860:   0000000000000000 00000000b5e6b570
0x00007f4a86346870:   00007f4a86346830 00007f4a86346890
0x00007f4a86346880:   00007f4a863468d8 00007f4a79006058
0x00007f4a86346890:   00000000eaa845b0 00007f4a86346898
0x00007f4a863468a0:   00000000b5e69359 00007f4a863468e8
0x00007f4a863468b0:   00000000b5e76600 0000000000000000
0x00007f4a863468c0:   00000000b5e69398 00007f4a86346890 

Instructions: (pc=0x00007f4a7908c7c4)
0x00007f4a7908c7a4:   49 3b c2 0f 85 b3 b1 fa ff 66 66 90 89 84 24 00
0x00007f4a7908c7b4:   c0 fe ff 55 48 83 ec 10 44 8b 5e 14 45 8b 53 0c
0x00007f4a7908c7c4:   45 8b 5a 0c 41 83 fb 02 74 0e 33 c0 48 83 c4 10
0x00007f4a7908c7d4:   5d 85 05 25 c8 2d 0d c3 b8 01 00 00 00 eb ed be 

Register to memory mapping:

RAX=0x00000000b5e27790 is an oop
{method} 
 - klass: {other class}
RBX=0x00000000b5e27790 is an oop
{method} 
 - klass: {other class}
RCX=0x00000000edc4a230 is an oop
com.android.dx.ssa.NormalSsaInsn 
 - klass: 'com/android/dx/ssa/NormalSsaInsn'
RDX=0x0000000000500001 is an unknown value
RSP=0x00007f4a863466d0 is pointing into the stack for thread: 0x00007f4a7c00a000
RBP=0x00007f4a86346740 is pointing into the stack for thread: 0x00007f4a7c00a000
RSI=0x00000000edc4a230 is an oop
com.android.dx.ssa.NormalSsaInsn 
 - klass: 'com/android/dx/ssa/NormalSsaInsn'
RDI=0x00000000b5e27f50 is an oop
{instance class} 
 - klass: {other class}
R8 =0x00000000edc4a2a0 is an oop
com.android.dx.rop.code.Rop 
 - klass: 'com/android/dx/rop/code/Rop'
R9 =0x00007f4a850e5593: <offset 0x9ac593> in /usr/lib/jvm/java-7-openjdk-amd64/jre/lib/amd64/server/libjvm.so at 0x00007f4a84739000
R10=0x0000000096352800 is an unknown value
R11=0x00000000edc4a253 is an unknown value
R12=0x0000000000000000 is an unknown value
R13=0x00007f4a863466f8 is pointing into the stack for thread: 0x00007f4a7c00a000
R14=0x00007f4a86346758 is pointing into the stack for thread: 0x00007f4a7c00a000
R15=0x00007f4a7c00a000 is a thread


Stack: [0x00007f4a86248000,0x00007f4a86349000],  sp=0x00007f4a863466d0,  free space=1017k
Native frames: (J=compiled Java code, j=interpreted, Vv=VM code, C=native code)
J 125 C2 com.android.dx.ssa.NormalSsaInsn.isNormalMoveInsn()Z (20 bytes) @ 0x00007f4a7908c7c4 [0x00007f4a7908c7a0+0x24]
j  com.android.dx.ssa.NormalSsaInsn.accept(Lcom/android/dx/ssa/SsaInsn$Visitor;)V+1
j  com.android.dx.ssa.SsaBasicBlock.forEachInsn(Lcom/android/dx/ssa/SsaInsn$Visitor;)V+27
j  com.android.dx.ssa.SsaMethod.forEachInsn(Lcom/android/dx/ssa/SsaInsn$Visitor;)V+29
j  com.android.dx.ssa.back.FirstFitLocalCombiningAllocator.analyzeInstructions()V+12
j  com.android.dx.ssa.back.FirstFitLocalCombiningAllocator.allocateRegisters()Lcom/android/dx/ssa/RegisterMapper;+1
j  com.android.dx.ssa.back.SsaToRop.convert()Lcom/android/dx/rop/code/RopMethod;+21
j  com.android.dx.ssa.back.SsaToRop.convertToRopMethod(Lcom/android/dx/ssa/SsaMethod;Z)Lcom/android/dx/rop/code/RopMethod;+9
j  com.android.dx.ssa.Optimizer.optimize(Lcom/android/dx/rop/code/RopMethod;IZZLcom/android/dx/rop/code/TranslationAdvice;Ljava/util/EnumSet;)Lcom/android/dx/rop/code/RopMethod;+30
j  com.android.dx.ssa.Optimizer.optimize(Lcom/android/dx/rop/code/RopMethod;IZZLcom/android/dx/rop/code/TranslationAdvice;)Lcom/android/dx/rop/code/RopMethod;+12
j  com.android.dx.dex.cf.CfTranslator.processMethods(Lcom/android/dx/cf/direct/DirectClassFile;Lcom/android/dx/dex/cf/CfOptions;Lcom/android/dx/dex/DexOptions;Lcom/android/dx/dex/file/ClassDefItem;Lcom/android/dx/dex/file/DexFile;)V+265
j  com.android.dx.dex.cf.CfTranslator.translate0(Lcom/android/dx/cf/direct/DirectClassFile;[BLcom/android/dx/dex/cf/CfOptions;Lcom/android/dx/dex/DexOptions;Lcom/android/dx/dex/file/DexFile;)Lcom/android/dx/dex/file/ClassDefItem;+120
j  com.android.dx.dex.cf.CfTranslator.translate(Lcom/android/dx/cf/direct/DirectClassFile;[BLcom/android/dx/dex/cf/CfOptions;Lcom/android/dx/dex/DexOptions;Lcom/android/dx/dex/file/DexFile;)Lcom/android/dx/dex/file/ClassDefItem;+6
j  com.android.dx.command.dexer.Main.processClass(Ljava/lang/String;[B)Z+251
j  com.android.dx.command.dexer.Main.processFileBytes(Ljava/lang/String;J[B)Z+188
j  com.android.dx.command.dexer.Main.access$300(Ljava/lang/String;J[B)Z+3
j  com.android.dx.command.dexer.Main$1.processFileBytes(Ljava/lang/String;J[B)Z+4
j  com.android.dx.cf.direct.ClassPathOpener.processOne(Ljava/io/File;Z)Z+82
j  com.android.dx.cf.direct.ClassPathOpener.processDirectory(Ljava/io/File;Z)Z+64
j  com.android.dx.cf.direct.ClassPathOpener.processOne(Ljava/io/File;Z)Z+10
j  com.android.dx.cf.direct.ClassPathOpener.processDirectory(Ljava/io/File;Z)Z+64
j  com.android.dx.cf.direct.ClassPathOpener.processOne(Ljava/io/File;Z)Z+10
j  com.android.dx.cf.direct.ClassPathOpener.processDirectory(Ljava/io/File;Z)Z+64
j  com.android.dx.cf.direct.ClassPathOpener.processOne(Ljava/io/File;Z)Z+10
j  com.android.dx.cf.direct.ClassPathOpener.processDirectory(Ljava/io/File;Z)Z+64
j  com.android.dx.cf.direct.ClassPathOpener.processOne(Ljava/io/File;Z)Z+10
j  com.android.dx.cf.direct.ClassPathOpener.processDirectory(Ljava/io/File;Z)Z+64
j  com.android.dx.cf.direct.ClassPathOpener.processOne(Ljava/io/File;Z)Z+10
j  com.android.dx.cf.direct.ClassPathOpener.processDirectory(Ljava/io/File;Z)Z+64
j  com.android.dx.cf.direct.ClassPathOpener.processOne(Ljava/io/File;Z)Z+10
j  com.android.dx.cf.direct.ClassPathOpener.processDirectory(Ljava/io/File;Z)Z+64
j  com.android.dx.cf.direct.ClassPathOpener.processOne(Ljava/io/File;Z)Z+10
j  com.android.dx.cf.direct.ClassPathOpener.process()Z+15
j  com.android.dx.command.dexer.Main.processOne(Ljava/lang/String;Lcom/android/dx/cf/direct/ClassPathOpener$FileNameFilter;)V+58
j  com.android.dx.command.dexer.Main.processAllFiles()Z+202
j  com.android.dx.command.dexer.Main.runMonoDex()I+58
j  com.android.dx.command.dexer.Main.run(Lcom/android/dx/command/dexer/Main$Arguments;)I+76
j  com.android.dx.command.dexer.Main.main([Ljava/lang/String;)V+14
j  com.android.dx.command.Main.main([Ljava/lang/String;)V+61
v  ~StubRoutines::call_stub
V  [libjvm.so+0x5e7fc9]  JavaCalls::call_helper(JavaValue*, methodHandle*, JavaCallArguments*, Thread*)+0x339
V  [libjvm.so+0x5e7a68]  JavaCalls::call(JavaValue*, methodHandle, JavaCallArguments*, Thread*)+0x28
V  [libjvm.so+0x5f6b9b]  jni_invoke_static(JNIEnv_*, JavaValue*, _jobject*, JNICallType, _jmethodID*, JNI_ArgumentPusher*, Thread*) [clone .isra.124] [clone .constprop.156]+0x28b
V  [libjvm.so+0x607e08]  jni_CallStaticVoidMethod+0x118
C  [libjli.so+0x31f9]


---------------  P R O C E S S  ---------------

Java Threads: ( => current thread )
  0x00007f4a7c175000 JavaThread "Service Thread" daemon [_thread_blocked, id=14119, stack(0x00007f4a72e13000,0x00007f4a72f14000)]
  0x00007f4a7c173000 JavaThread "C2 CompilerThread1" daemon [_thread_in_native, id=14118, stack(0x00007f4a72f14000,0x00007f4a73015000)]
  0x00007f4a7c170000 JavaThread "C2 CompilerThread0" daemon [_thread_in_vm, id=14117, stack(0x00007f4a73015000,0x00007f4a73116000)]
  0x00007f4a7c16e000 JavaThread "Signal Dispatcher" daemon [_thread_blocked, id=14116, stack(0x00007f4a73116000,0x00007f4a73217000)]
  0x00007f4a7c143000 JavaThread "Finalizer" daemon [_thread_blocked, id=14115, stack(0x00007f4a738f9000,0x00007f4a739fa000)]
  0x00007f4a7c141000 JavaThread "Reference Handler" daemon [_thread_blocked, id=14114, stack(0x00007f4a739fa000,0x00007f4a73afb000)]
=>0x00007f4a7c00a000 JavaThread "main" [_thread_in_Java, id=14108, stack(0x00007f4a86248000,0x00007f4a86349000)]

Other Threads:
  0x00007f4a7c13c800 VMThread [stack: 0x00007f4a73afb000,0x00007f4a73bfc000] [id=14113]
  0x00007f4a7c180000 WatcherThread [stack: 0x00007f4a72d12000,0x00007f4a72e13000] [id=14120]

VM state:not at safepoint (normal execution)

VM Mutex/Monitor currently owned by a thread: None

Heap
 PSYoungGen      total 55296K, used 9091K [0x00000000eaa80000, 0x00000000ee800000, 0x0000000100000000)
  eden space 47616K, 3% used [0x00000000eaa80000,0x00000000eabe5290,0x00000000ed900000)
  from space 7680K, 99% used [0x00000000ed900000,0x00000000ee07bc90,0x00000000ee080000)
  to   space 7680K, 0% used [0x00000000ee080000,0x00000000ee080000,0x00000000ee800000)
 ParOldGen       total 124928K, used 821K [0x00000000c0000000, 0x00000000c7a00000, 0x00000000eaa80000)
  object space 124928K, 0% used [0x00000000c0000000,0x00000000c00cd450,0x00000000c7a00000)
 PSPermGen       total 21504K, used 5357K [0x00000000b5a00000, 0x00000000b6f00000, 0x00000000c0000000)
  object space 21504K, 24% used [0x00000000b5a00000,0x00000000b5f3b5c8,0x00000000b6f00000)

Card table byte_map: [0x00007f4a82c38000,0x00007f4a82e8c000] byte_map_base: 0x00007f4a8268b000

Polling page: 0x00007f4a86369000

Code Cache  [0x00007f4a79000000, 0x00007f4a79270000, 0x00007f4a7c000000)
 total_blobs=479 nmethods=270 adapters=162 free_code_cache=48038Kb largest_free_block=49154240

Compilation events (10 events):
Event: 1.282 Thread 0x00007f4a7c170000 nmethod 263 0x00007f4a790ff5d0 code [0x00007f4a790ff740, 0x00007f4a790ff938]
Event: 1.282 Thread 0x00007f4a7c170000  264             com.android.dx.ssa.SsaConverter::edgeSplitSuccessors (98 bytes)
Event: 1.301 Thread 0x00007f4a7c173000 nmethod 261 0x00007f4a79110e90 code [0x00007f4a79112480, 0x00007f4a79117e20]
Event: 1.301 Thread 0x00007f4a7c173000  265             com.android.dx.rop.code.RegisterSpecSet::equals (106 bytes)
Event: 1.306 Thread 0x00007f4a7c170000 nmethod 264 0x00007f4a790faf10 code [0x00007f4a790fb1e0, 0x00007f4a790fbec8]
Event: 1.306 Thread 0x00007f4a7c170000  266             com.android.dx.ssa.DomFront::calcDomFronts (154 bytes)
Event: 1.306 Thread 0x00007f4a7c173000 nmethod 265 0x00007f4a790fd390 code [0x00007f4a790fd4e0, 0x00007f4a790fd8b8]
Event: 1.306 Thread 0x00007f4a7c173000  267             com.android.dx.ssa.SsaMethod::forEachBlockDepthFirstDom (128 bytes)
Event: 1.323 Thread 0x00007f4a7c170000 nmethod 266 0x00007f4a79100190 code [0x00007f4a79100340, 0x00007f4a79100c78]
Event: 1.323 Thread 0x00007f4a7c170000  268             com.android.dx.ssa.SCCP::addUsersToWorklist (103 bytes)

GC Heap History (2 events):
Event: 1.343 GC heap before
{Heap before GC invocations=1 (full 0):
 PSYoungGen      total 55296K, used 47616K [0x00000000eaa80000, 0x00000000ee800000, 0x0000000100000000)
  eden space 47616K, 100% used [0x00000000eaa80000,0x00000000ed900000,0x00000000ed900000)
  from space 7680K, 0% used [0x00000000ee080000,0x00000000ee080000,0x00000000ee800000)
  to   space 7680K, 0% used [0x00000000ed900000,0x00000000ed900000,0x00000000ee080000)
 ParOldGen       total 124928K, used 0K [0x00000000c0000000, 0x00000000c7a00000, 0x00000000eaa80000)
  object space 124928K, 0% used [0x00000000c0000000,0x00000000c0000000,0x00000000c7a00000)
 PSPermGen       total 21504K, used 5357K [0x00000000b5a00000, 0x00000000b6f00000, 0x00000000c0000000)
  object space 21504K, 24% used [0x00000000b5a00000,0x00000000b5f3b5c8,0x00000000b6f00000)
Event: 1.356 GC heap after
Heap after GC invocations=1 (full 0):
 PSYoungGen      total 55296K, used 7663K [0x00000000eaa80000, 0x00000000ee800000, 0x0000000100000000)
  eden space 47616K, 0% used [0x00000000eaa80000,0x00000000eaa80000,0x00000000ed900000)
  from space 7680K, 99% used [0x00000000ed900000,0x00000000ee07bc90,0x00000000ee080000)
  to   space 7680K, 0% used [0x00000000ee080000,0x00000000ee080000,0x00000000ee800000)
 ParOldGen       total 124928K, used 821K [0x00000000c0000000, 0x00000000c7a00000, 0x00000000eaa80000)
  object space 124928K, 0% used [0x00000000c0000000,0x00000000c00cd450,0x00000000c7a00000)
 PSPermGen       total 21504K, used 5357K [0x00000000b5a00000, 0x00000000b6f00000, 0x00000000c0000000)
  object space 21504K, 24% used [0x00000000b5a00000,0x00000000b5f3b5c8,0x00000000b6f00000)
}

Deoptimization events (10 events):
Event: 1.240 Thread 0x00007f4a7c00a000 Uncommon trap: reason=class_check action=maybe_recompile pc=0x00007f4a7906d960 method=com.android.dx.ssa.NormalSsaInsn.accept(Lcom/android/dx/ssa/SsaInsn$Visitor;)V @ 9
Event: 1.240 Thread 0x00007f4a7c00a000 Uncommon trap: reason=class_check action=maybe_recompile pc=0x00007f4a79088a68 method=com.android.dx.ssa.NormalSsaInsn.accept(Lcom/android/dx/ssa/SsaInsn$Visitor;)V @ 9
Event: 1.240 Thread 0x00007f4a7c00a000 Uncommon trap: reason=class_check action=maybe_recompile pc=0x00007f4a7906d960 method=com.android.dx.ssa.NormalSsaInsn.accept(Lcom/android/dx/ssa/SsaInsn$Visitor;)V @ 9
Event: 1.240 Thread 0x00007f4a7c00a000 Uncommon trap: reason=class_check action=maybe_recompile pc=0x00007f4a79088a68 method=com.android.dx.ssa.NormalSsaInsn.accept(Lcom/android/dx/ssa/SsaInsn$Visitor;)V @ 9
Event: 1.246 Thread 0x00007f4a7c00a000 Uncommon trap: reason=unreached action=reinterpret pc=0x00007f4a790f0c88 method=com.android.dx.rop.code.LocalVariableExtractor.processBlock(I)V @ 195
Event: 1.254 Thread 0x00007f4a7c00a000 Uncommon trap: reason=class_check action=maybe_recompile pc=0x00007f4a7908ef64 method=com.android.dx.rop.type.Type.equals(Ljava/lang/Object;)Z @ 8
Event: 1.255 Thread 0x00007f4a7c00a000 Uncommon trap: reason=class_check action=maybe_recompile pc=0x00007f4a7908ef64 method=com.android.dx.rop.type.Type.equals(Ljava/lang/Object;)Z @ 8
Event: 1.255 Thread 0x00007f4a7c00a000 Uncommon trap: reason=class_check action=maybe_recompile pc=0x00007f4a7908ef64 method=com.android.dx.rop.type.Type.equals(Ljava/lang/Object;)Z @ 8
Event: 1.256 Thread 0x00007f4a7c00a000 Uncommon trap: reason=class_check action=maybe_recompile pc=0x00007f4a7908ef64 method=com.android.dx.rop.type.Type.equals(Ljava/lang/Object;)Z @ 8
Event: 1.270 Thread 0x00007f4a7c00a000 Uncommon trap: reason=unreached action=reinterpret pc=0x00007f4a790ec454 method=com.android.dx.util.LabeledList.set(ILcom/android/dx/util/LabeledItem;)V @ 16

Internal exceptions (10 events):
Event: 0.304 Thread 0x00007f4a7c00a000 Threw 0x00000000eb2c7728 at /build/buildd/openjdk-7-7u75-2.5.4/build/openjdk/hotspot/src/share/vm/prims/jvm.cpp:1284
Event: 0.308 Thread 0x00007f4a7c00a000 Threw 0x00000000eb2d4558 at /build/buildd/openjdk-7-7u75-2.5.4/build/openjdk/hotspot/src/share/vm/prims/jvm.cpp:1284
Event: 0.312 Thread 0x00007f4a7c00a000 Threw 0x00000000eb2decc8 at /build/buildd/openjdk-7-7u75-2.5.4/build/openjdk/hotspot/src/share/vm/prims/jvm.cpp:1284
Event: 0.336 Thread 0x00007f4a7c00a000 Threw 0x00000000eb324128 at /build/buildd/openjdk-7-7u75-2.5.4/build/openjdk/hotspot/src/share/vm/prims/jvm.cpp:1284
Event: 0.336 Thread 0x00007f4a7c00a000 Threw 0x00000000eb329578 at /build/buildd/openjdk-7-7u75-2.5.4/build/openjdk/hotspot/src/share/vm/prims/jvm.cpp:1284
Event: 0.365 Thread 0x00007f4a7c00a000 Threw 0x00000000eb393c50 at /build/buildd/openjdk-7-7u75-2.5.4/build/openjdk/hotspot/src/share/vm/prims/jvm.cpp:1284
Event: 0.417 Thread 0x00007f4a7c00a000 Threw 0x00000000eb460da8 at /build/buildd/openjdk-7-7u75-2.5.4/build/openjdk/hotspot/src/share/vm/prims/jvm.cpp:1284
Event: 0.417 Thread 0x00007f4a7c00a000 Threw 0x00000000eb463900 at /build/buildd/openjdk-7-7u75-2.5.4/build/openjdk/hotspot/src/share/vm/prims/jvm.cpp:1284
Event: 0.578 Thread 0x00007f4a7c00a000 Implicit null exception at 0x00007f4a79079e4f to 0x00007f4a7907a25d
Event: 0.618 Thread 0x00007f4a7c00a000 Threw 0x00000000eb883f20 at /build/buildd/openjdk-7-7u75-2.5.4/build/openjdk/hotspot/src/share/vm/prims/jvm.cpp:1284

Events (10 events):
Event: 1.255 Thread 0x00007f4a7c00a000 DEOPT PACKING pc=0x00007f4a7908ef64 sp=0x00007f4a86346440
Event: 1.255 Thread 0x00007f4a7c00a000 DEOPT UNPACKING pc=0x00007f4a79039445 sp=0x00007f4a863463f8 mode 2
Event: 1.256 Thread 0x00007f4a7c00a000 Uncommon trap: trap_request=0xffffffde fr.pc=0x00007f4a7908ef64
Event: 1.256 Thread 0x00007f4a7c00a000 DEOPT PACKING pc=0x00007f4a7908ef64 sp=0x00007f4a86346470
Event: 1.256 Thread 0x00007f4a7c00a000 DEOPT UNPACKING pc=0x00007f4a79039445 sp=0x00007f4a86346428 mode 2
Event: 1.270 Thread 0x00007f4a7c00a000 Uncommon trap: trap_request=0xffffffad fr.pc=0x00007f4a790ec454
Event: 1.270 Thread 0x00007f4a7c00a000 DEOPT PACKING pc=0x00007f4a790ec454 sp=0x00007f4a863466f0
Event: 1.270 Thread 0x00007f4a7c00a000 DEOPT UNPACKING pc=0x00007f4a79039445 sp=0x00007f4a863466d0 mode 2
Event: 1.342 Executing VM operation: ParallelGCFailedAllocation
Event: 1.356 Executing VM operation: ParallelGCFailedAllocation done


Dynamic libraries:
00400000-00401000 r-xp 00000000 08:01 16387174                           /usr/lib/jvm/java-7-openjdk-amd64/jre/bin/java
00600000-00601000 r--p 00000000 08:01 16387174                           /usr/lib/jvm/java-7-openjdk-amd64/jre/bin/java
00601000-00602000 rw-p 00001000 08:01 16387174                           /usr/lib/jvm/java-7-openjdk-amd64/jre/bin/java
01140000-01161000 rw-p 00000000 00:00 0                                  [heap]
b5a00000-b6f00000 rw-p 00000000 00:00 0 
b6f00000-c0000000 rw-p 00000000 00:00 0 
c0000000-c7a00000 rw-p 00000000 00:00 0 
c7a00000-eaa80000 rw-p 00000000 00:00 0 
eaa80000-ee800000 rw-p 00000000 00:00 0 
ee800000-100000000 rw-p 00000000 00:00 0 
7f4a44000000-7f4a44021000 rw-p 00000000 00:00 0 
7f4a44021000-7f4a48000000 ---p 00000000 00:00 0 
7f4a48000000-7f4a48021000 rw-p 00000000 00:00 0 
7f4a48021000-7f4a4c000000 ---p 00000000 00:00 0 
7f4a4c000000-7f4a4c9c4000 rw-p 00000000 00:00 0 
7f4a4c9c4000-7f4a50000000 ---p 00000000 00:00 0 
7f4a50000000-7f4a50b08000 rw-p 00000000 00:00 0 
7f4a50b08000-7f4a54000000 ---p 00000000 00:00 0 
7f4a54000000-7f4a54021000 rw-p 00000000 00:00 0 
7f4a54021000-7f4a58000000 ---p 00000000 00:00 0 
7f4a58000000-7f4a58021000 rw-p 00000000 00:00 0 
7f4a58021000-7f4a5c000000 ---p 00000000 00:00 0 
7f4a5c000000-7f4a5c021000 rw-p 00000000 00:00 0 
7f4a5c021000-7f4a60000000 ---p 00000000 00:00 0 
7f4a60000000-7f4a60021000 rw-p 00000000 00:00 0 
7f4a60021000-7f4a64000000 ---p 00000000 00:00 0 
7f4a64000000-7f4a64021000 rw-p 00000000 00:00 0 
7f4a64021000-7f4a68000000 ---p 00000000 00:00 0 
7f4a68000000-7f4a68021000 rw-p 00000000 00:00 0 
7f4a68021000-7f4a6c000000 ---p 00000000 00:00 0 
7f4a6c000000-7f4a6c021000 rw-p 00000000 00:00 0 
7f4a6c021000-7f4a70000000 ---p 00000000 00:00 0 
7f4a72bb1000-7f4a72d12000 rw-p 00000000 00:00 0 
7f4a72d12000-7f4a72d13000 ---p 00000000 00:00 0 
7f4a72d13000-7f4a72e13000 rw-p 00000000 00:00 0                          [stack:14120]
7f4a72e13000-7f4a72e16000 ---p 00000000 00:00 0 
7f4a72e16000-7f4a72f14000 rw-p 00000000 00:00 0                          [stack:14119]
7f4a72f14000-7f4a72f17000 ---p 00000000 00:00 0 
7f4a72f17000-7f4a73015000 rw-p 00000000 00:00 0                          [stack:14118]
7f4a73015000-7f4a73018000 ---p 00000000 00:00 0 
7f4a73018000-7f4a73116000 rw-p 00000000 00:00 0                          [stack:14117]
7f4a73116000-7f4a73119000 ---p 00000000 00:00 0 
7f4a73119000-7f4a73217000 rw-p 00000000 00:00 0                          [stack:14116]
7f4a73217000-7f4a738f9000 r--p 00000000 08:01 15735379                   /usr/lib/locale/locale-archive
7f4a738f9000-7f4a738fc000 ---p 00000000 00:00 0 
7f4a738fc000-7f4a739fa000 rw-p 00000000 00:00 0                          [stack:14115]
7f4a739fa000-7f4a739fd000 ---p 00000000 00:00 0 
7f4a739fd000-7f4a73afb000 rw-p 00000000 00:00 0                          [stack:14114]
7f4a73afb000-7f4a73afc000 ---p 00000000 00:00 0 
7f4a73afc000-7f4a74000000 rw-p 00000000 00:00 0                          [stack:14113]
7f4a74000000-7f4a74021000 rw-p 00000000 00:00 0 
7f4a74021000-7f4a78000000 ---p 00000000 00:00 0 
7f4a780f0000-7f4a78bfb000 rw-p 00000000 00:00 0 
7f4a78bfb000-7f4a78dad000 r--s 01d23000 08:01 16387119                   /usr/lib/jvm/java-7-openjdk-amd64/jre/lib/rt.jar
7f4a78dad000-7f4a79000000 rw-p 00000000 00:00 0 
7f4a79000000-7f4a79270000 rwxp 00000000 00:00 0 
7f4a79270000-7f4a7c385000 rw-p 00000000 00:00 0 
7f4a7c385000-7f4a80000000 ---p 00000000 00:00 0 
7f4a80032000-7f4a80041000 r--s 000dd000 08:01 24774389                   /home/vasanth/android-sdks/build-tools/21.1.2/lib/dx.jar
7f4a80041000-7f4a8268b000 rw-p 00000000 00:00 0 
7f4a8268b000-7f4a8268c000 ---p 00000000 00:00 0 
7f4a8268c000-7f4a8278c000 rw-p 00000000 00:00 0                          [stack:14112]
7f4a8278c000-7f4a8278d000 ---p 00000000 00:00 0 
7f4a8278d000-7f4a8288d000 rw-p 00000000 00:00 0                          [stack:14111]
7f4a8288d000-7f4a8288e000 ---p 00000000 00:00 0 
7f4a8288e000-7f4a8298e000 rw-p 00000000 00:00 0                          [stack:14110]
7f4a8298e000-7f4a8298f000 ---p 00000000 00:00 0 
7f4a8298f000-7f4a82a9a000 rw-p 00000000 00:00 0                          [stack:14109]
7f4a82a9a000-7f4a82ae2000 rw-p 00000000 00:00 0 
7f4a82ae2000-7f4a82b1f000 rw-p 00000000 00:00 0 
7f4a82b1f000-7f4a82c38000 rw-p 00000000 00:00 0 
7f4a82c38000-7f4a82c43000 rw-p 00000000 00:00 0 
7f4a82c43000-7f4a82c8b000 rw-p 00000000 00:00 0 
7f4a82c8b000-7f4a82cc8000 rw-p 00000000 00:00 0 
7f4a82cc8000-7f4a82de0000 rw-p 00000000 00:00 0 
7f4a82de0000-7f4a82dff000 rw-p 00000000 00:00 0 
7f4a82dff000-7f4a82e8b000 rw-p 00000000 00:00 0 
7f4a82e8b000-7f4a82e8c000 rw-p 00000000 00:00 0 
7f4a82e8c000-7f4a82e94000 r-xp 00000000 08:01 16387171                   /usr/lib/jvm/java-7-openjdk-amd64/jre/lib/amd64/libzip.so
7f4a82e94000-7f4a83093000 ---p 00008000 08:01 16387171                   /usr/lib/jvm/java-7-openjdk-amd64/jre/lib/amd64/libzip.so
7f4a83093000-7f4a83094000 r--p 00007000 08:01 16387171                   /usr/lib/jvm/java-7-openjdk-amd64/jre/lib/amd64/libzip.so
7f4a83094000-7f4a83095000 rw-p 00008000 08:01 16387171                   /usr/lib/jvm/java-7-openjdk-amd64/jre/lib/amd64/libzip.so
7f4a83095000-7f4a830a0000 r-xp 00000000 08:01 4196934                    /lib/x86_64-linux-gnu/libnss_files-2.19.so
7f4a830a0000-7f4a8329f000 ---p 0000b000 08:01 4196934                    /lib/x86_64-linux-gnu/libnss_files-2.19.so
7f4a8329f000-7f4a832a0000 r--p 0000a000 08:01 4196934                    /lib/x86_64-linux-gnu/libnss_files-2.19.so
7f4a832a0000-7f4a832a1000 rw-p 0000b000 08:01 4196934                    /lib/x86_64-linux-gnu/libnss_files-2.19.so
7f4a832a1000-7f4a832ac000 r-xp 00000000 08:01 4196968                    /lib/x86_64-linux-gnu/libnss_nis-2.19.so
7f4a832ac000-7f4a834ab000 ---p 0000b000 08:01 4196968                    /lib/x86_64-linux-gnu/libnss_nis-2.19.so
7f4a834ab000-7f4a834ac000 r--p 0000a000 08:01 4196968                    /lib/x86_64-linux-gnu/libnss_nis-2.19.so
7f4a834ac000-7f4a834ad000 rw-p 0000b000 08:01 4196968                    /lib/x86_64-linux-gnu/libnss_nis-2.19.so
7f4a834ad000-7f4a834c4000 r-xp 00000000 08:01 4196957                    /lib/x86_64-linux-gnu/libnsl-2.19.so
7f4a834c4000-7f4a836c3000 ---p 00017000 08:01 4196957                    /lib/x86_64-linux-gnu/libnsl-2.19.so
7f4a836c3000-7f4a836c4000 r--p 00016000 08:01 4196957                    /lib/x86_64-linux-gnu/libnsl-2.19.so
7f4a836c4000-7f4a836c5000 rw-p 00017000 08:01 4196957                    /lib/x86_64-linux-gnu/libnsl-2.19.so
7f4a836c5000-7f4a836c7000 rw-p 00000000 00:00 0 
7f4a836c7000-7f4a836d0000 r-xp 00000000 08:01 4196956                    /lib/x86_64-linux-gnu/libnss_compat-2.19.so
7f4a836d0000-7f4a838cf000 ---p 00009000 08:01 4196956                    /lib/x86_64-linux-gnu/libnss_compat-2.19.so
7f4a838cf000-7f4a838d0000 r--p 00008000 08:01 4196956                    /lib/x86_64-linux-gnu/libnss_compat-2.19.so
7f4a838d0000-7f4a838d1000 rw-p 00009000 08:01 4196956                    /lib/x86_64-linux-gnu/libnss_compat-2.19.so
7f4a838d1000-7f4a838fc000 r-xp 00000000 08:01 16387158                   /usr/lib/jvm/java-7-openjdk-amd64/jre/lib/amd64/libjava.so
7f4a838fc000-7f4a83afc000 ---p 0002b000 08:01 16387158                   /usr/lib/jvm/java-7-openjdk-amd64/jre/lib/amd64/libjava.so
7f4a83afc000-7f4a83afd000 r--p 0002b000 08:01 16387158                   /usr/lib/jvm/java-7-openjdk-amd64/jre/lib/amd64/libjava.so
7f4a83afd000-7f4a83aff000 rw-p 0002c000 08:01 16387158                   /usr/lib/jvm/java-7-openjdk-amd64/jre/lib/amd64/libjava.so
7f4a83aff000-7f4a83b0f000 r-xp 00000000 08:01 16387157                   /usr/lib/jvm/java-7-openjdk-amd64/jre/lib/amd64/libverify.so
7f4a83b0f000-7f4a83d0e000 ---p 00010000 08:01 16387157                   /usr/lib/jvm/java-7-openjdk-amd64/jre/lib/amd64/libverify.so
7f4a83d0e000-7f4a83d10000 r--p 0000f000 08:01 16387157                   /usr/lib/jvm/java-7-openjdk-amd64/jre/lib/amd64/libverify.so
7f4a83d10000-7f4a83d11000 rw-p 00011000 08:01 16387157                   /usr/lib/jvm/java-7-openjdk-amd64/jre/lib/amd64/libverify.so
7f4a83d11000-7f4a83d18000 r-xp 00000000 08:01 4196965                    /lib/x86_64-linux-gnu/librt-2.19.so
7f4a83d18000-7f4a83f17000 ---p 00007000 08:01 4196965                    /lib/x86_64-linux-gnu/librt-2.19.so
7f4a83f17000-7f4a83f18000 r--p 00006000 08:01 4196965                    /lib/x86_64-linux-gnu/librt-2.19.so
7f4a83f18000-7f4a83f19000 rw-p 00007000 08:01 4196965                    /lib/x86_64-linux-gnu/librt-2.19.so
7f4a83f19000-7f4a83f2f000 r-xp 00000000 08:01 4194330                    /lib/x86_64-linux-gnu/libgcc_s.so.1
7f4a83f2f000-7f4a8412e000 ---p 00016000 08:01 4194330                    /lib/x86_64-linux-gnu/libgcc_s.so.1
7f4a8412e000-7f4a8412f000 rw-p 00015000 08:01 4194330                    /lib/x86_64-linux-gnu/libgcc_s.so.1
7f4a8412f000-7f4a84234000 r-xp 00000000 08:01 4196933                    /lib/x86_64-linux-gnu/libm-2.19.so
7f4a84234000-7f4a84433000 ---p 00105000 08:01 4196933                    /lib/x86_64-linux-gnu/libm-2.19.so
7f4a84433000-7f4a84434000 r--p 00104000 08:01 4196933                    /lib/x86_64-linux-gnu/libm-2.19.so
7f4a84434000-7f4a84435000 rw-p 00105000 08:01 4196933                    /lib/x86_64-linux-gnu/libm-2.19.so
7f4a84435000-7f4a8451b000 r-xp 00000000 08:01 15737244                   /usr/lib/x86_64-linux-gnu/libstdc++.so.6.0.19
7f4a8451b000-7f4a8471a000 ---p 000e6000 08:01 15737244                   /usr/lib/x86_64-linux-gnu/libstdc++.so.6.0.19
7f4a8471a000-7f4a84722000 r--p 000e5000 08:01 15737244                   /usr/lib/x86_64-linux-gnu/libstdc++.so.6.0.19
7f4a84722000-7f4a84724000 rw-p 000ed000 08:01 15737244                   /usr/lib/x86_64-linux-gnu/libstdc++.so.6.0.19
7f4a84724000-7f4a84739000 rw-p 00000000 00:00 0 
7f4a84739000-7f4a85251000 r-xp 00000000 08:01 16516415                   /usr/lib/jvm/java-7-openjdk-amd64/jre/lib/amd64/server/libjvm.so
7f4a85251000-7f4a85451000 ---p 00b18000 08:01 16516415                   /usr/lib/jvm/java-7-openjdk-amd64/jre/lib/amd64/server/libjvm.so
7f4a85451000-7f4a854eb000 r--p 00b18000 08:01 16516415                   /usr/lib/jvm/java-7-openjdk-amd64/jre/lib/amd64/server/libjvm.so
7f4a854eb000-7f4a8550e000 rw-p 00bb2000 08:01 16516415                   /usr/lib/jvm/java-7-openjdk-amd64/jre/lib/amd64/server/libjvm.so
7f4a8550e000-7f4a8553c000 rw-p 00000000 00:00 0 
7f4a8553c000-7f4a85554000 r-xp 00000000 08:01 4198406                    /lib/x86_64-linux-gnu/libz.so.1.2.8
7f4a85554000-7f4a85753000 ---p 00018000 08:01 4198406                    /lib/x86_64-linux-gnu/libz.so.1.2.8
7f4a85753000-7f4a85754000 r--p 00017000 08:01 4198406                    /lib/x86_64-linux-gnu/libz.so.1.2.8
7f4a85754000-7f4a85755000 rw-p 00018000 08:01 4198406                    /lib/x86_64-linux-gnu/libz.so.1.2.8
7f4a85755000-7f4a8576e000 r-xp 00000000 08:01 4196963                    /lib/x86_64-linux-gnu/libpthread-2.19.so
7f4a8576e000-7f4a8596d000 ---p 00019000 08:01 4196963                    /lib/x86_64-linux-gnu/libpthread-2.19.so
7f4a8596d000-7f4a8596e000 r--p 00018000 08:01 4196963                    /lib/x86_64-linux-gnu/libpthread-2.19.so
7f4a8596e000-7f4a8596f000 rw-p 00019000 08:01 4196963                    /lib/x86_64-linux-gnu/libpthread-2.19.so
7f4a8596f000-7f4a85973000 rw-p 00000000 00:00 0 
7f4a85973000-7f4a85976000 r-xp 00000000 08:01 4196950                    /lib/x86_64-linux-gnu/libdl-2.19.so
7f4a85976000-7f4a85b75000 ---p 00003000 08:01 4196950                    /lib/x86_64-linux-gnu/libdl-2.19.so
7f4a85b75000-7f4a85b76000 r--p 00002000 08:01 4196950                    /lib/x86_64-linux-gnu/libdl-2.19.so
7f4a85b76000-7f4a85b77000 rw-p 00003000 08:01 4196950                    /lib/x86_64-linux-gnu/libdl-2.19.so
7f4a85b77000-7f4a85d32000 r-xp 00000000 08:01 4196962                    /lib/x86_64-linux-gnu/libc-2.19.so
7f4a85d32000-7f4a85f31000 ---p 001bb000 08:01 4196962                    /lib/x86_64-linux-gnu/libc-2.19.so
7f4a85f31000-7f4a85f35000 r--p 001ba000 08:01 4196962                    /lib/x86_64-linux-gnu/libc-2.19.so
7f4a85f35000-7f4a85f37000 rw-p 001be000 08:01 4196962                    /lib/x86_64-linux-gnu/libc-2.19.so
7f4a85f37000-7f4a85f3c000 rw-p 00000000 00:00 0 
7f4a85f3c000-7f4a85f49000 r-xp 00000000 08:01 16515965                   /usr/lib/jvm/java-7-openjdk-amd64/jre/lib/amd64/jli/libjli.so
7f4a85f49000-7f4a86148000 ---p 0000d000 08:01 16515965                   /usr/lib/jvm/java-7-openjdk-amd64/jre/lib/amd64/jli/libjli.so
7f4a86148000-7f4a86149000 r--p 0000c000 08:01 16515965                   /usr/lib/jvm/java-7-openjdk-amd64/jre/lib/amd64/jli/libjli.so
7f4a86149000-7f4a8614a000 rw-p 0000d000 08:01 16515965                   /usr/lib/jvm/java-7-openjdk-amd64/jre/lib/amd64/jli/libjli.so
7f4a8614a000-7f4a8616d000 r-xp 00000000 08:01 4196959                    /lib/x86_64-linux-gnu/ld-2.19.so
7f4a8616d000-7f4a8616e000 rw-p 00000000 00:00 0 
7f4a8616e000-7f4a86170000 r--s 00006000 08:01 16127441                   /usr/share/java/java-atk-wrapper.jar
7f4a86170000-7f4a86192000 rw-p 00000000 00:00 0 
7f4a86192000-7f4a86248000 rw-p 00000000 00:00 0 
7f4a86248000-7f4a8624b000 ---p 00000000 00:00 0 
7f4a8624b000-7f4a8634f000 rw-p 00000000 00:00 0                          [stack:14108]
7f4a8634f000-7f4a86351000 r--s 00012000 08:01 16387125                   /usr/lib/jvm/java-7-openjdk-amd64/jre/lib/ext/zipfs.jar
7f4a86351000-7f4a86355000 r--s 00034000 08:01 16387124                   /usr/lib/jvm/java-7-openjdk-amd64/jre/lib/ext/sunjce_provider.jar
7f4a86355000-7f4a86358000 r--s 0000f000 08:01 16387122                   /usr/lib/jvm/java-7-openjdk-amd64/jre/lib/ext/icedtea-sound.jar
7f4a86358000-7f4a8635b000 r--s 00086000 08:01 16387127                   /usr/lib/jvm/java-7-openjdk-amd64/jre/lib/ext/localedata.jar
7f4a8635b000-7f4a8635f000 r--s 0003c000 08:01 16387123                   /usr/lib/jvm/java-7-openjdk-amd64/jre/lib/ext/sunpkcs11.jar
7f4a8635f000-7f4a86360000 r--s 00002000 08:01 16387126                   /usr/lib/jvm/java-7-openjdk-amd64/jre/lib/ext/dnsns.jar
7f4a86360000-7f4a86368000 rw-s 00000000 08:01 25041389                   /tmp/hsperfdata_vasanth/14100
7f4a86368000-7f4a86369000 rw-p 00000000 00:00 0 
7f4a86369000-7f4a8636a000 r--p 00000000 00:00 0 
7f4a8636a000-7f4a8636c000 rw-p 00000000 00:00 0 
7f4a8636c000-7f4a8636d000 r--p 00022000 08:01 4196959                    /lib/x86_64-linux-gnu/ld-2.19.so
7f4a8636d000-7f4a8636e000 rw-p 00023000 08:01 4196959                    /lib/x86_64-linux-gnu/ld-2.19.so
7f4a8636e000-7f4a8636f000 rw-p 00000000 00:00 0 
7fff56c72000-7fff56c93000 rw-p 00000000 00:00 0                          [stack]
7fff56da3000-7fff56da5000 r-xp 00000000 00:00 0                          [vdso]
ffffffffff600000-ffffffffff601000 r-xp 00000000 00:00 0                  [vsyscall]

VM Arguments:
jvm_args: -Xmx1024M 
java_command: /home/vasanth/android-sdks/build-tools/21.1.2/lib/dx.jar --dex --output /home/vasanth/AndroidstudioProjects/RBCCPS_IoTStack/app/build/intermediates/dex/debug --input-list=/home/vasanth/AndroidstudioProjects/RBCCPS_IoTStack/app/build/intermediates/tmp/dex/debug/inputList.txt
Launcher Type: SUN_STANDARD

Environment Variables:
JAVA_HOME=/usr/lib/jvm/java-1.7.0-openjdk-amd64
CLASSPATH=./../lib/bootstrap.jar:./../lib/extensions.jar:./../lib/util.jar:./../lib/jdom.jar:./../lib/log4j.jar:./../lib/trove4j.jar:./../lib/jna.jar:/usr/lib/jvm/java-1.7.0-openjdk-amd64/lib/tools.jar
PATH=/usr/local/sbin:/usr/local/bin:/usr/sbin:/usr/bin:/sbin:/bin:/usr/games:/usr/local/games
LD_LIBRARY_PATH=.:
SHELL=/bin/bash
DISPLAY=:0

Signal Handlers:
SIGSEGV: [libjvm.so+0x94b4b0], sa_mask[0]=0x7ffbfeff, sa_flags=0x10000004
SIGBUS: [libjvm.so+0x94b4b0], sa_mask[0]=0x7ffbfeff, sa_flags=0x10000004
SIGFPE: [libjvm.so+0x7c3390], sa_mask[0]=0x7ffbfeff, sa_flags=0x10000004
SIGPIPE: [libjvm.so+0x7c3390], sa_mask[0]=0x7ffbfeff, sa_flags=0x10000004
SIGXFSZ: [libjvm.so+0x7c3390], sa_mask[0]=0x7ffbfeff, sa_flags=0x10000004
SIGILL: [libjvm.so+0x7c3390], sa_mask[0]=0x7ffbfeff, sa_flags=0x10000004
SIGUSR1: SIG_DFL, sa_mask[0]=0x00000000, sa_flags=0x00000000
SIGUSR2: [libjvm.so+0x7c3230], sa_mask[0]=0x00000004, sa_flags=0x10000004
SIGHUP: [libjvm.so+0x7c3410], sa_mask[0]=0x7ffbfeff, sa_flags=0x10000004
SIGINT: [libjvm.so+0x7c3410], sa_mask[0]=0x7ffbfeff, sa_flags=0x10000004
SIGTERM: [libjvm.so+0x7c3410], sa_mask[0]=0x7ffbfeff, sa_flags=0x10000004
SIGQUIT: [libjvm.so+0x7c3410], sa_mask[0]=0x7ffbfeff, sa_flags=0x10000004
SIGTRAP: SIG_DFL, sa_mask[0]=0x00000000, sa_flags=0x00000000


---------------  S Y S T E M  ---------------

OS:Ubuntu 14.04 (trusty)
uname:Linux 3.13.0-43-generic #72-Ubuntu SMP Mon Dec 8 19:35:06 UTC 2014 x86_64
libc:glibc 2.19 NPTL 2.19 
rlimit: STACK 8192k, CORE 0k, NPROC 93765, NOFILE 4096, AS infinity
load average:1.08 1.17 1.16

/proc/meminfo:
MemTotal:       12023656 kB
MemFree:         2900608 kB
Buffers:          526520 kB
Cached:          4855984 kB
SwapCached:            0 kB
Active:          4698000 kB
Inactive:        3667096 kB
Active(anon):    2984248 kB
Inactive(anon):   630980 kB
Active(file):    1713752 kB
Inactive(file):  3036116 kB
Unevictable:          48 kB
Mlocked:              48 kB
SwapTotal:       8100860 kB
SwapFree:        8100860 kB
Dirty:                60 kB
Writeback:             0 kB
AnonPages:       2986936 kB
Mapped:           569044 kB
Shmem:            632640 kB
Slab:             585716 kB
SReclaimable:     540672 kB
SUnreclaim:        45044 kB
KernelStack:        5536 kB
PageTables:        44724 kB
NFS_Unstable:          0 kB
Bounce:                0 kB
WritebackTmp:          0 kB
CommitLimit:    14112688 kB
Committed_AS:    8724004 kB
VmallocTotal:   34359738367 kB
VmallocUsed:      380492 kB
VmallocChunk:   34359344976 kB
HardwareCorrupted:     0 kB
AnonHugePages:   1331200 kB
HugePages_Total:       0
HugePages_Free:        0
HugePages_Rsvd:        0
HugePages_Surp:        0
Hugepagesize:       2048 kB
DirectMap4k:      128100 kB
DirectMap2M:     9023488 kB
DirectMap1G:     3145728 kB


CPU:total 4 (2 cores per cpu, 2 threads per core) family 6 model 60 stepping 3, cmov, cx8, fxsr, mmx, sse, sse2, sse3, ssse3, sse4.1, sse4.2, popcnt, avx, avx2, aes, erms, ht, tsc, tscinvbit

/proc/cpuinfo:
processor	: 0
vendor_id	: GenuineIntel
cpu family	: 6
model		: 60
model name	: Intel(R) Core(TM) i5-4200M CPU @ 2.50GHz
stepping	: 3
microcode	: 0x17
cpu MHz		: 1500.000
cache size	: 3072 KB
physical id	: 0
siblings	: 4
core id		: 0
cpu cores	: 2
apicid		: 0
initial apicid	: 0
fpu		: yes
fpu_exception	: yes
cpuid level	: 13
wp		: yes
flags		: fpu vme de pse tsc msr pae mce cx8 apic sep mtrr pge mca cmov pat pse36 clflush dts acpi mmx fxsr sse sse2 ss ht tm pbe syscall nx pdpe1gb rdtscp lm constant_tsc arch_perfmon pebs bts rep_good nopl xtopology nonstop_tsc aperfmperf eagerfpu pni pclmulqdq dtes64 monitor ds_cpl vmx est tm2 ssse3 fma cx16 xtpr pdcm pcid sse4_1 sse4_2 movbe popcnt tsc_deadline_timer aes xsave avx f16c rdrand lahf_lm abm ida arat epb xsaveopt pln pts dtherm tpr_shadow vnmi flexpriority ept vpid fsgsbase tsc_adjust bmi1 avx2 smep bmi2 erms invpcid
bogomips	: 4988.34
clflush size	: 64
cache_alignment	: 64
address sizes	: 39 bits physical, 48 bits virtual
power management:

processor	: 1
vendor_id	: GenuineIntel
cpu family	: 6
model		: 60
model name	: Intel(R) Core(TM) i5-4200M CPU @ 2.50GHz
stepping	: 3
microcode	: 0x17
cpu MHz		: 2300.000
cache size	: 3072 KB
physical id	: 0
siblings	: 4
core id		: 0
cpu cores	: 2
apicid		: 1
initial apicid	: 1
fpu		: yes
fpu_exception	: yes
cpuid level	: 13
wp		: yes
flags		: fpu vme de pse tsc msr pae mce cx8 apic sep mtrr pge mca cmov pat pse36 clflush dts acpi mmx fxsr sse sse2 ss ht tm pbe syscall nx pdpe1gb rdtscp lm constant_tsc arch_perfmon pebs bts rep_good nopl xtopology nonstop_tsc aperfmperf eagerfpu pni pclmulqdq dtes64 monitor ds_cpl vmx est tm2 ssse3 fma cx16 xtpr pdcm pcid sse4_1 sse4_2 movbe popcnt tsc_deadline_timer aes xsave avx f16c rdrand lahf_lm abm ida arat epb xsaveopt pln pts dtherm tpr_shadow vnmi flexpriority ept vpid fsgsbase tsc_adjust bmi1 avx2 smep bmi2 erms invpcid
bogomips	: 4988.34
clflush size	: 64
cache_alignment	: 64
address sizes	: 39 bits physical, 48 bits virtual
power management:

processor	: 2
vendor_id	: GenuineIntel
cpu family	: 6
model		: 60
model name	: Intel(R) Core(TM) i5-4200M CPU @ 2.50GHz
stepping	: 3
microcode	: 0x17
cpu MHz		: 2501.000
cache size	: 3072 KB
physical id	: 0
siblings	: 4
core id		: 1
cpu cores	: 2
apicid		: 2
initial apicid	: 2
fpu		: yes
fpu_exception	: yes
cpuid level	: 13
wp		: yes
flags		: fpu vme de pse tsc msr pae mce cx8 apic sep mtrr pge mca cmov pat pse36 clflush dts acpi mmx fxsr sse sse2 ss ht tm pbe syscall nx pdpe1gb rdtscp lm constant_tsc arch_perfmon pebs bts rep_good nopl xtopology nonstop_tsc aperfmperf eagerfpu pni pclmulqdq dtes64 monitor ds_cpl vmx est tm2 ssse3 fma cx16 xtpr pdcm pcid sse4_1 sse4_2 movbe popcnt tsc_deadline_timer aes xsave avx f16c rdrand lahf_lm abm ida arat epb xsaveopt pln pts dtherm tpr_shadow vnmi flexpriority ept vpid fsgsbase tsc_adjust bmi1 avx2 smep bmi2 erms invpcid
bogomips	: 4988.34
clflush size	: 64
cache_alignment	: 64
address sizes	: 39 bits physical, 48 bits virtual
power management:

processor	: 3
vendor_id	: GenuineIntel
cpu family	: 6
model		: 60
model name	: Intel(R) Core(TM) i5-4200M CPU @ 2.50GHz
stepping	: 3
microcode	: 0x17
cpu MHz		: 2300.000
cache size	: 3072 KB
physical id	: 0
siblings	: 4
core id		: 1
cpu cores	: 2
apicid		: 3
initial apicid	: 3
fpu		: yes
fpu_exception	: yes
cpuid level	: 13
wp		: yes
flags		: fpu vme de pse tsc msr pae mce cx8 apic sep mtrr pge mca cmov pat pse36 clflush dts acpi mmx fxsr sse sse2 ss ht tm pbe syscall nx pdpe1gb rdtscp lm constant_tsc arch_perfmon pebs bts rep_good nopl xtopology nonstop_tsc aperfmperf eagerfpu pni pclmulqdq dtes64 monitor ds_cpl vmx est tm2 ssse3 fma cx16 xtpr pdcm pcid sse4_1 sse4_2 movbe popcnt tsc_deadline_timer aes xsave avx f16c rdrand lahf_lm abm ida arat epb xsaveopt pln pts dtherm tpr_shadow vnmi flexpriority ept vpid fsgsbase tsc_adjust bmi1 avx2 smep bmi2 erms invpcid
bogomips	: 4988.34
clflush size	: 64
cache_alignment	: 64
address sizes	: 39 bits physical, 48 bits virtual
power management:



Memory: 4k page, physical 12023656k(2900608k free), swap 8100860k(8100860k free)

vm_info: OpenJDK 64-Bit Server VM (24.75-b04) for linux-amd64 JRE (1.7.0_75-b13), built on Jan 27 2015 00:38:59 by "buildd" with gcc 4.8.2

time: Tue Mar 10 11:13:30 2015
elapsed time: 1 seconds

