#
# A fatal error has been detected by the Java Runtime Environment:
#
#  SIGSEGV (0xb) at pc=0x00007ff235f875a3, pid=14182, tid=140678104651520
#
# JRE version: OpenJDK Runtime Environment (7.0_75-b13) (build 1.7.0_75-b13)
# Java VM: OpenJDK 64-Bit Server VM (24.75-b04 mixed mode linux-amd64 compressed oops)
# Derivative: IcedTea 2.5.4
# Distribution: Ubuntu 14.04 LTS, package 7u75-2.5.4-1~trusty1
# Problematic frame:
# V  [libjvm.so+0x8305a3]  oopDesc* PSPromotionManager::copy_to_survivor_space<false>(oopDesc*)+0x253
#
# Failed to write core dump. Core dumps have been disabled. To enable core dumping, try "ulimit -c unlimited" before starting Java again
#
# If you would like to submit a bug report, please include
# instructions on how to reproduce the bug and visit:
#   http://icedtea.classpath.org/bugzilla
#

---------------  T H R E A D  ---------------

Current thread (0x00007ff230025800):  GCTaskThread [stack: 0x00007ff22c649000,0x00007ff22c74a000] [id=14194]

siginfo:si_signo=SIGSEGV: si_errno=0, si_code=1 (SEGV_MAPERR), si_addr=0x0000000000000018

Registers:
RAX=0x0000000000000001, RBX=0x00000000eb248b7c, RCX=0x0000000000000000, RDX=0x0000000000000000
RSP=0x00007ff22c748c40, RBP=0x00007ff22c748ca0, RSI=0x00007ff236519420, RDI=0x00007ff23013a970
R8 =0x0000000000000000, R9 =0x00000000edfb8701, R10=0x0000000000000001, R11=0x00007ff230026198
R12=0x00000000edfb86e4, R13=0x0000000100000000, R14=0x00007ff23013a970, R15=0x00007ff236519420
RIP=0x00007ff235f875a3, EFLAGS=0x0000000000010246, CSGSFS=0x0000000000000033, ERR=0x0000000000000004
  TRAPNO=0x000000000000000e

Top of Stack: (sp=0x00007ff22c748c40)
0x00007ff22c748c40:   00007ff230026b28 0000000000000000
0x00007ff22c748c50:   00007ff23013a978 00000000edfb8708
0x00007ff22c748c60:   00000000edfb4de8 0000000000001000
0x00007ff22c748c70:   0000000000000038 00007ff23013a970
0x00007ff22c748c80:   00000000edfb86e4 0000000000000000
0x00007ff22c748c90:   00007ff23013a9e0 00007ff236519420
0x00007ff22c748ca0:   00007ff22c748d10 00007ff235f86d18
0x00007ff22c748cb0:   00007ff230025800 00007ff23013aa10
0x00007ff22c748cc0:   00007ff230026b28 0000000000000007
0x00007ff22c748cd0:   00007ff22c748d40 00007ff230026b00
0x00007ff22c748ce0:   00007ff23001f7b0 00000000b5ac0250
0x00007ff22c748cf0:   00007ff2365355c3 00000000b5ac1090
0x00007ff22c748d00:   00007ff22cba5ab7 00007ff23001d0d0
0x00007ff22c748d10:   00007ff22c748da0 00007ff235b0f220
0x00007ff22c748d20:   00007ff22cba5ab8 00000000b5f56e78
0x00007ff22c748d30:   00007ff23013a970 00007ff22cba3609
0x00007ff22c748d40:   00007ff22cba35e4 00000000b5abc5d0
0x00007ff22c748d50:   00007ff22cba3602 00007ff23001aef0
0x00007ff22c748d60:   00007ff22cba3609 00000000b5ac1090
0x00007ff22c748d70:   00007ff23001f860 00007ff23013a970
0x00007ff22c748d80:   00007ff23004ede0 00007ff236104978
0x00007ff22c748d90:   00007ff230025800 00007ff2365353ea
0x00007ff22c748da0:   00007ff22c748dc0 00007ff235f8a3cf
0x00007ff22c748db0:   0000000000000001 00007ff23004ede0
0x00007ff22c748dc0:   00007ff22c748ed0 00007ff235c9c042
0x00007ff22c748dd0:   00000000000003d8 00007ff230026198
0x00007ff22c748de0:   00007ff230025dc0 00007ff22c748e60
0x00007ff22c748df0:   00007ff230025d80 00007ff230025db0
0x00007ff22c748e00:   00007ff22c748e10 0000000000000000
0x00007ff22c748e10:   0000000000000000 00007ff230026b00
0x00007ff22c748e20:   00007ff230025800 00007ff2300261a0
0x00007ff22c748e30:   00007ff2300261e0 00007ff2300261f0 

Instructions: (pc=0x00007ff235f875a3)
0x00007ff235f87583:   48 c1 ea 03 83 e2 0f e9 3d fe ff ff 90 8b 56 08
0x00007ff235f87593:   48 8d 35 86 1e 59 00 8b 4e 08 48 d3 e2 48 03 16
0x00007ff235f875a3:   8b 4a 18 48 8d 7a 10 83 f9 00 0f 8f ed fd ff ff
0x00007ff235f875b3:   0f 85 cf 02 00 00 0f 1f 80 00 00 00 00 48 8b 42 

Register to memory mapping:

RAX=0x0000000000000001 is an unknown value
RBX=0x00000000eb248b7c is an unknown value
RCX=0x0000000000000000 is an unknown value
RDX=0x0000000000000000 is an unknown value
RSP=0x00007ff22c748c40 is an unknown value
RBP=0x00007ff22c748ca0 is an unknown value
RSI=0x00007ff236519420: <offset 0xdc2420> in /usr/lib/jvm/java-7-openjdk-amd64/jre/lib/amd64/server/libjvm.so at 0x00007ff235757000
RDI=0x00007ff23013a970 is an unknown value
R8 =0x0000000000000000 is an unknown value
R9 =0x00000000edfb8701 is an unknown value
R10=0x0000000000000001 is an unknown value
R11=0x00007ff230026198 is an unknown value
R12=0x00000000edfb86e4 is an unknown value
R13=0x0000000100000000 is an unknown value
R14=0x00007ff23013a970 is an unknown value
R15=0x00007ff236519420: <offset 0xdc2420> in /usr/lib/jvm/java-7-openjdk-amd64/jre/lib/amd64/server/libjvm.so at 0x00007ff235757000


Stack: [0x00007ff22c649000,0x00007ff22c74a000],  sp=0x00007ff22c748c40,  free space=1023k
Native frames: (J=compiled Java code, j=interpreted, Vv=VM code, C=native code)
V  [libjvm.so+0x8305a3]  oopDesc* PSPromotionManager::copy_to_survivor_space<false>(oopDesc*)+0x253
V  [libjvm.so+0x82fd18]  PSPromotionManager::drain_stacks_depth(bool)+0x688
V  [libjvm.so+0x3b8220]  CardTableExtension::scavenge_contents(ObjectStartArray*, MutableSpace*, HeapWord*, PSPromotionManager*)+0x600
V  [libjvm.so+0x8333cf]  SerialOldToYoungRootsTask::do_it(GCTaskManager*, unsigned int)+0x3f
V  [libjvm.so+0x545042]  GCTaskThread::run()+0x162
V  [libjvm.so+0x7c4a42]  java_start(Thread*)+0xf2


---------------  P R O C E S S  ---------------

Java Threads: ( => current thread )
  0x00007ff230175000 JavaThread "Service Thread" daemon [_thread_blocked, id=14201, stack(0x00007ff203dfe000,0x00007ff203eff000)]
  0x00007ff230173000 JavaThread "C2 CompilerThread1" daemon [_thread_in_native, id=14200, stack(0x00007ff203eff000,0x00007ff204000000)]
  0x00007ff230170000 JavaThread "C2 CompilerThread0" daemon [_thread_in_native, id=14199, stack(0x00007ff21c0db000,0x00007ff21c1dc000)]
  0x00007ff23016e000 JavaThread "Signal Dispatcher" daemon [_thread_blocked, id=14198, stack(0x00007ff21c1dc000,0x00007ff21c2dd000)]
  0x00007ff230143000 JavaThread "Finalizer" daemon [_thread_blocked, id=14197, stack(0x00007ff21c9bf000,0x00007ff21cac0000)]
  0x00007ff230141000 JavaThread "Reference Handler" daemon [_thread_blocked, id=14196, stack(0x00007ff21cac0000,0x00007ff21cbc1000)]
  0x00007ff23000a000 JavaThread "main" [_thread_blocked, id=14190, stack(0x00007ff237266000,0x00007ff237367000)]

Other Threads:
  0x00007ff23013c800 VMThread [stack: 0x00007ff21cbc1000,0x00007ff21ccc2000] [id=14195]
  0x00007ff23017f800 WatcherThread [stack: 0x00007ff203cfd000,0x00007ff203dfe000] [id=14202]

=>0x00007ff230025800 (exited) GCTaskThread [stack: 0x00007ff22c649000,0x00007ff22c74a000] [id=14194]

VM state:at safepoint (normal execution)

VM Mutex/Monitor currently owned by a thread:  ([mutex/lock_event])
[0x00007ff230006660] Threads_lock - owner thread: 0x00007ff23013c800
[0x00007ff230006b60] Heap_lock - owner thread: 0x00007ff23000a000

Heap
 PSYoungGen      total 55296K, used 55279K [0x00000000eaa80000, 0x00000000f1680000, 0x0000000100000000)
  eden space 47616K, 100% used [0x00000000eaa80000,0x00000000ed900000,0x00000000ed900000)
  from space 7680K, 99% used [0x00000000ee080000,0x00000000ee7fbff8,0x00000000ee800000)
  to   space 7680K, 99% used [0x00000000ed900000,0x00000000ee07cde8,0x00000000ee080000)
 ParOldGen       total 124928K, used 16379K [0x00000000c0000000, 0x00000000c7a00000, 0x00000000eaa80000)
  object space 124928K, 13% used [0x00000000c0000000,0x00000000c0ffedc0,0x00000000c7a00000)
 PSPermGen       total 21504K, used 5467K [0x00000000b5a00000, 0x00000000b6f00000, 0x00000000c0000000)
  object space 21504K, 25% used [0x00000000b5a00000,0x00000000b5f56e78,0x00000000b6f00000)

Card table byte_map: [0x00007ff22cba3000,0x00007ff22cdf7000] byte_map_base: 0x00007ff22c5f6000

Polling page: 0x00007ff237387000

Code Cache  [0x00007ff22cdf7000, 0x00007ff22d067000, 0x00007ff22fdf7000)
 total_blobs=637 nmethods=428 adapters=162 free_code_cache=47376Kb largest_free_block=48473984

Compilation events (10 events):
Event: 2.282 Thread 0x00007ff230170000 nmethod 423 0x00007ff22cfb8650 code [0x00007ff22cfb8920, 0x00007ff22cfb9770]
Event: 2.282 Thread 0x00007ff230170000  428             com.android.dx.rop.code.RegisterSpec::getBasicType (10 bytes)
Event: 2.282 Thread 0x00007ff230170000 nmethod 428 0x00007ff22cfa9910 code [0x00007ff22cfa9a60, 0x00007ff22cfa9ad8]
Event: 2.282 Thread 0x00007ff230170000  429             com.android.dx.ssa.SetFactory::makeInterferenceSet (26 bytes)
Event: 2.285 Thread 0x00007ff230170000 nmethod 429 0x00007ff22cfb6890 code [0x00007ff22cfb6a00, 0x00007ff22cfb6be8]
Event: 2.285 Thread 0x00007ff230170000  430             com.android.dx.ssa.back.LivenessAnalyzer::<init> (55 bytes)
Event: 2.289 Thread 0x00007ff230170000 nmethod 430 0x00007ff22cfb6050 code [0x00007ff22cfb61c0, 0x00007ff22cfb6598]
Event: 2.289 Thread 0x00007ff230170000  431             com.android.dx.ssa.back.FirstFitLocalCombiningAllocator::getParameterIndexForReg (55 bytes)
Event: 2.293 Thread 0x00007ff230170000 nmethod 431 0x00007ff22cfa9110 code [0x00007ff22cfa92a0, 0x00007ff22cfa95a8]
Event: 2.293 Thread 0x00007ff230170000  432             com.android.dx.ssa.back.FirstFitLocalCombiningAllocator::handleNormalUnassociated (99 bytes)

GC Heap History (5 events):
Event: 1.215 GC heap before
{Heap before GC invocations=1 (full 0):
 PSYoungGen      total 55296K, used 47616K [0x00000000eaa80000, 0x00000000ee800000, 0x0000000100000000)
  eden space 47616K, 100% used [0x00000000eaa80000,0x00000000ed900000,0x00000000ed900000)
  from space 7680K, 0% used [0x00000000ee080000,0x00000000ee080000,0x00000000ee800000)
  to   space 7680K, 0% used [0x00000000ed900000,0x00000000ed900000,0x00000000ee080000)
 ParOldGen       total 124928K, used 0K [0x00000000c0000000, 0x00000000c7a00000, 0x00000000eaa80000)
  object space 124928K, 0% used [0x00000000c0000000,0x00000000c0000000,0x00000000c7a00000)
 PSPermGen       total 21504K, used 5359K [0x00000000b5a00000, 0x00000000b6f00000, 0x00000000c0000000)
  object space 21504K, 24% used [0x00000000b5a00000,0x00000000b5f3bec8,0x00000000b6f00000)
Event: 1.227 GC heap after
Heap after GC invocations=1 (full 0):
 PSYoungGen      total 55296K, used 7671K [0x00000000eaa80000, 0x00000000ee800000, 0x0000000100000000)
  eden space 47616K, 0% used [0x00000000eaa80000,0x00000000eaa80000,0x00000000ed900000)
  from space 7680K, 99% used [0x00000000ed900000,0x00000000ee07dfe0,0x00000000ee080000)
  to   space 7680K, 0% used [0x00000000ee080000,0x00000000ee080000,0x00000000ee800000)
 ParOldGen       total 124928K, used 702K [0x00000000c0000000, 0x00000000c7a00000, 0x00000000eaa80000)
  object space 124928K, 0% used [0x00000000c0000000,0x00000000c00afb50,0x00000000c7a00000)
 PSPermGen       total 21504K, used 5359K [0x00000000b5a00000, 0x00000000b6f00000, 0x00000000c0000000)
  object space 21504K, 24% used [0x00000000b5a00000,0x00000000b5f3bec8,0x00000000b6f00000)
}
Event: 1.757 GC heap before
{Heap before GC invocations=2 (full 0):
 PSYoungGen      total 55296K, used 55287K [0x00000000eaa80000, 0x00000000ee800000, 0x0000000100000000)
  eden space 47616K, 100% used [0x00000000eaa80000,0x00000000ed900000,0x00000000ed900000)
  from space 7680K, 99% used [0x00000000ed900000,0x00000000ee07dfe0,0x00000000ee080000)
  to   space 7680K, 0% used [0x00000000ee080000,0x00000000ee080000,0x00000000ee800000)
 ParOldGen       total 124928K, used 702K [0x00000000c0000000, 0x00000000c7a00000, 0x00000000eaa80000)
  object space 124928K, 0% used [0x00000000c0000000,0x00000000c00afb50,0x00000000c7a00000)
 PSPermGen       total 21504K, used 5386K [0x00000000b5a00000, 0x00000000b6f00000, 0x00000000c0000000)
  object space 21504K, 25% used [0x00000000b5a00000,0x00000000b5f42b18,0x00000000b6f00000)
Event: 1.774 GC heap after
Heap after GC invocations=2 (full 0):
 PSYoungGen      total 55296K, used 7663K [0x00000000eaa80000, 0x00000000f1680000, 0x0000000100000000)
  eden space 47616K, 0% used [0x00000000eaa80000,0x00000000eaa80000,0x00000000ed900000)
  from space 7680K, 99% used [0x00000000ee080000,0x00000000ee7fbff8,0x00000000ee800000)
  to   space 7680K, 0% used [0x00000000ed900000,0x00000000ed900000,0x00000000ee080000)
 ParOldGen       total 124928K, used 15891K [0x00000000c0000000, 0x00000000c7a00000, 0x00000000eaa80000)
  object space 124928K, 12% used [0x00000000c0000000,0x00000000c0f84f80,0x00000000c7a00000)
 PSPermGen       total 21504K, used 5386K [0x00000000b5a00000, 0x00000000b6f00000, 0x00000000c0000000)
  object space 21504K, 25% used [0x00000000b5a00000,0x00000000b5f42b18,0x00000000b6f00000)
}
Event: 2.362 GC heap before
{Heap before GC invocations=3 (full 0):
 PSYoungGen      total 55296K, used 55279K [0x00000000eaa80000, 0x00000000f1680000, 0x0000000100000000)
  eden space 47616K, 100% used [0x00000000eaa80000,0x00000000ed900000,0x00000000ed900000)
  from space 7680K, 99% used [0x00000000ee080000,0x00000000ee7fbff8,0x00000000ee800000)
  to   space 7680K, 0% used [0x00000000ed900000,0x00000000ed900000,0x00000000ee080000)
 ParOldGen       total 124928K, used 15891K [0x00000000c0000000, 0x00000000c7a00000, 0x00000000eaa80000)
  object space 124928K, 12% used [0x00000000c0000000,0x00000000c0f84f80,0x00000000c7a00000)
 PSPermGen       total 21504K, used 5467K [0x00000000b5a00000, 0x00000000b6f00000, 0x00000000c0000000)
  object space 21504K, 25% used [0x00000000b5a00000,0x00000000b5f56e78,0x00000000b6f00000)

Deoptimization events (10 events):
Event: 1.812 Thread 0x00007ff23000a000 Uncommon trap: reason=unreached action=reinterpret pc=0x00007ff22cf01450 method=com.android.dx.cf.code.Ropper.processBlock(Lcom/android/dx/cf/code/ByteBlock;Lcom/android/dx/cf/code/Frame;[I)V @ 513
Event: 1.833 Thread 0x00007ff23000a000 Uncommon trap: reason=class_check action=maybe_recompile pc=0x00007ff22cf19c78 method=com.android.dx.cf.code.BytecodeArray.parseInstruction(ILcom/android/dx/cf/code/BytecodeArray$Visitor;)I @ 1130
Event: 1.833 Thread 0x00007ff23000a000 Uncommon trap: reason=class_check action=maybe_recompile pc=0x00007ff22cf19c78 method=com.android.dx.cf.code.BytecodeArray.parseInstruction(ILcom/android/dx/cf/code/BytecodeArray$Visitor;)I @ 1130
Event: 1.835 Thread 0x00007ff23000a000 Uncommon trap: reason=class_check action=maybe_recompile pc=0x00007ff22cf19c78 method=com.android.dx.cf.code.BytecodeArray.parseInstruction(ILcom/android/dx/cf/code/BytecodeArray$Visitor;)I @ 1130
Event: 1.836 Thread 0x00007ff23000a000 Uncommon trap: reason=class_check action=maybe_recompile pc=0x00007ff22cf19c78 method=com.android.dx.cf.code.BytecodeArray.parseInstruction(ILcom/android/dx/cf/code/BytecodeArray$Visitor;)I @ 1130
Event: 1.857 Thread 0x00007ff23000a000 Uncommon trap: reason=unloaded action=reinterpret pc=0x00007ff22ce60f0c method=java.util.ArrayList.rangeCheck(I)V @ 8
Event: 1.996 Thread 0x00007ff23000a000 Uncommon trap: reason=unreached action=reinterpret pc=0x00007ff22ceb3320 method=com.android.dx.ssa.SCCP.simulateBranch(Lcom/android/dx/ssa/SsaInsn;)V @ 132
Event: 2.209 Thread 0x00007ff23000a000 Uncommon trap: reason=class_check action=maybe_recompile pc=0x00007ff22ce8acdc method=com.android.dx.rop.code.RegisterSpec.intern(ILcom/android/dx/rop/type/TypeBearer;Lcom/android/dx/rop/code/LocalItem;)Lcom/android/dx/rop/code/RegisterSpec; @ 24
Event: 2.209 Thread 0x00007ff23000a000 Uncommon trap: reason=unreached action=reinterpret pc=0x00007ff22ce738c8 method=java.lang.AbstractStringBuilder.append(Ljava/lang/String;)Ljava/lang/AbstractStringBuilder; @ 1
Event: 2.298 Thread 0x00007ff23000a000 Uncommon trap: reason=unreached action=reinterpret pc=0x00007ff22cfa622c method=com.android.dx.cf.code.ValueAwareMachine.run(Lcom/android/dx/cf/code/Frame;II)V @ 1007

Internal exceptions (10 events):
Event: 0.315 Thread 0x00007ff23000a000 Threw 0x00000000eb463900 at /build/buildd/openjdk-7-7u75-2.5.4/build/openjdk/hotspot/src/share/vm/prims/jvm.cpp:1284
Event: 0.476 Thread 0x00007ff23000a000 Implicit null exception at 0x00007ff22ce7324f to 0x00007ff22ce7365d
Event: 0.517 Thread 0x00007ff23000a000 Threw 0x00000000eb883db0 at /build/buildd/openjdk-7-7u75-2.5.4/build/openjdk/hotspot/src/share/vm/prims/jvm.cpp:1284
Event: 1.409 Thread 0x00007ff23000a000 Threw 0x00000000eb524670 at /build/buildd/openjdk-7-7u75-2.5.4/build/openjdk/hotspot/src/share/vm/prims/jvm.cpp:1284
Event: 1.436 Thread 0x00007ff23000a000 Threw 0x00000000ebe5f958 at /build/buildd/openjdk-7-7u75-2.5.4/build/openjdk/hotspot/src/share/vm/prims/jvm.cpp:1284
Event: 1.440 Thread 0x00007ff23000a000 Threw 0x00000000ebeaae78 at /build/buildd/openjdk-7-7u75-2.5.4/build/openjdk/hotspot/src/share/vm/prims/jvm.cpp:1284
Event: 1.875 Thread 0x00007ff23000a000 Threw 0x00000000eb3154d8 at /build/buildd/openjdk-7-7u75-2.5.4/build/openjdk/hotspot/src/share/vm/prims/jvm.cpp:1284
Event: 1.878 Thread 0x00007ff23000a000 Threw 0x00000000eb327c28 at /build/buildd/openjdk-7-7u75-2.5.4/build/openjdk/hotspot/src/share/vm/prims/jvm.cpp:1284
Event: 1.966 Thread 0x00007ff23000a000 Threw 0x00000000eb9461f0 at /build/buildd/openjdk-7-7u75-2.5.4/build/openjdk/hotspot/src/share/vm/prims/jvm.cpp:1284
Event: 2.209 Thread 0x00007ff23000a000 Implicit null exception at 0x00007ff22ce73565 to 0x00007ff22ce738b5

Events (10 events):
Event: 2.209 Thread 0x00007ff23000a000 Uncommon trap: trap_request=0xffffffde fr.pc=0x00007ff22ce8acdc
Event: 2.209 Thread 0x00007ff23000a000 DEOPT PACKING pc=0x00007ff22ce8acdc sp=0x00007ff2373646d0
Event: 2.209 Thread 0x00007ff23000a000 DEOPT UNPACKING pc=0x00007ff22ce30445 sp=0x00007ff237364668 mode 2
Event: 2.209 Thread 0x00007ff23000a000 Uncommon trap: trap_request=0xffffffad fr.pc=0x00007ff22ce738c8
Event: 2.209 Thread 0x00007ff23000a000 DEOPT PACKING pc=0x00007ff22ce738c8 sp=0x00007ff237364fb0
Event: 2.209 Thread 0x00007ff23000a000 DEOPT UNPACKING pc=0x00007ff22ce30445 sp=0x00007ff237364f30 mode 2
Event: 2.298 Thread 0x00007ff23000a000 Uncommon trap: trap_request=0xffffffad fr.pc=0x00007ff22cfa622c
Event: 2.298 Thread 0x00007ff23000a000 DEOPT PACKING pc=0x00007ff22cfa622c sp=0x00007ff237364490
Event: 2.298 Thread 0x00007ff23000a000 DEOPT UNPACKING pc=0x00007ff22ce30445 sp=0x00007ff237364490 mode 2
Event: 2.362 Executing VM operation: ParallelGCFailedAllocation


Dynamic libraries:
00400000-00401000 r-xp 00000000 08:01 16387174                           /usr/lib/jvm/java-7-openjdk-amd64/jre/bin/java
00600000-00601000 r--p 00000000 08:01 16387174                           /usr/lib/jvm/java-7-openjdk-amd64/jre/bin/java
00601000-00602000 rw-p 00001000 08:01 16387174                           /usr/lib/jvm/java-7-openjdk-amd64/jre/bin/java
022b4000-022d5000 rw-p 00000000 00:00 0                                  [heap]
b5a00000-b6f00000 rw-p 00000000 00:00 0 
b6f00000-c0000000 rw-p 00000000 00:00 0 
c0000000-c7a00000 rw-p 00000000 00:00 0 
c7a00000-eaa80000 rw-p 00000000 00:00 0 
eaa80000-f1680000 rw-p 00000000 00:00 0 
f1680000-100000000 rw-p 00000000 00:00 0 
7ff1f4000000-7ff1f4021000 rw-p 00000000 00:00 0 
7ff1f4021000-7ff1f8000000 ---p 00000000 00:00 0 
7ff1f8000000-7ff1f8021000 rw-p 00000000 00:00 0 
7ff1f8021000-7ff1fc000000 ---p 00000000 00:00 0 
7ff1fc000000-7ff1fd033000 rw-p 00000000 00:00 0 
7ff1fd033000-7ff200000000 ---p 00000000 00:00 0 
7ff203b9c000-7ff203cfd000 rw-p 00000000 00:00 0 
7ff203cfd000-7ff203cfe000 ---p 00000000 00:00 0 
7ff203cfe000-7ff203dfe000 rw-p 00000000 00:00 0                          [stack:14202]
7ff203dfe000-7ff203e01000 ---p 00000000 00:00 0 
7ff203e01000-7ff203eff000 rw-p 00000000 00:00 0                          [stack:14201]
7ff203eff000-7ff203f02000 ---p 00000000 00:00 0 
7ff203f02000-7ff204000000 rw-p 00000000 00:00 0                          [stack:14200]
7ff204000000-7ff204021000 rw-p 00000000 00:00 0 
7ff204021000-7ff208000000 ---p 00000000 00:00 0 
7ff208000000-7ff20893b000 rw-p 00000000 00:00 0 
7ff20893b000-7ff20c000000 ---p 00000000 00:00 0 
7ff20c000000-7ff20c021000 rw-p 00000000 00:00 0 
7ff20c021000-7ff210000000 ---p 00000000 00:00 0 
7ff210000000-7ff210021000 rw-p 00000000 00:00 0 
7ff210021000-7ff214000000 ---p 00000000 00:00 0 
7ff214000000-7ff214021000 rw-p 00000000 00:00 0 
7ff214021000-7ff218000000 ---p 00000000 00:00 0 
7ff218000000-7ff2180df000 rw-p 00000000 00:00 0 
7ff2180df000-7ff21c000000 ---p 00000000 00:00 0 
7ff21c0db000-7ff21c0de000 ---p 00000000 00:00 0 
7ff21c0de000-7ff21c1dc000 rw-p 00000000 00:00 0                          [stack:14199]
7ff21c1dc000-7ff21c1df000 ---p 00000000 00:00 0 
7ff21c1df000-7ff21c2dd000 rw-p 00000000 00:00 0                          [stack:14198]
7ff21c2dd000-7ff21c9bf000 r--p 00000000 08:01 15735379                   /usr/lib/locale/locale-archive
7ff21c9bf000-7ff21c9c2000 ---p 00000000 00:00 0 
7ff21c9c2000-7ff21cac0000 rw-p 00000000 00:00 0                          [stack:14197]
7ff21cac0000-7ff21cac3000 ---p 00000000 00:00 0 
7ff21cac3000-7ff21cbc1000 rw-p 00000000 00:00 0                          [stack:14196]
7ff21cbc1000-7ff21cbc2000 ---p 00000000 00:00 0 
7ff21cbc2000-7ff220000000 rw-p 00000000 00:00 0                          [stack:14195]
7ff220000000-7ff220021000 rw-p 00000000 00:00 0 
7ff220021000-7ff224000000 ---p 00000000 00:00 0 
7ff224000000-7ff224021000 rw-p 00000000 00:00 0 
7ff224021000-7ff228000000 ---p 00000000 00:00 0 
7ff228000000-7ff228021000 rw-p 00000000 00:00 0 
7ff228021000-7ff22c000000 ---p 00000000 00:00 0 
7ff22c075000-7ff22c084000 r--s 000dd000 08:01 24774389                   /home/vasanth/android-sdks/build-tools/21.1.2/lib/dx.jar
7ff22c084000-7ff22c1ce000 rw-p 00000000 00:00 0 
7ff22c1ce000-7ff22c380000 r--s 01d23000 08:01 16387119                   /usr/lib/jvm/java-7-openjdk-amd64/jre/lib/rt.jar
7ff22c380000-7ff22c649000 rw-p 00000000 00:00 0 
7ff22c649000-7ff22c64a000 ---p 00000000 00:00 0 
7ff22c64a000-7ff22c74a000 rw-p 00000000 00:00 0                          [stack:14194]
7ff22c74a000-7ff22c74b000 ---p 00000000 00:00 0 
7ff22c74b000-7ff22c84b000 rw-p 00000000 00:00 0                          [stack:14193]
7ff22c84b000-7ff22c84c000 ---p 00000000 00:00 0 
7ff22c84c000-7ff22c94c000 rw-p 00000000 00:00 0                          [stack:14192]
7ff22c94c000-7ff22c94d000 ---p 00000000 00:00 0 
7ff22c94d000-7ff22ca8a000 rw-p 00000000 00:00 0                          [stack:14191]
7ff22ca8a000-7ff22cba3000 rw-p 00000000 00:00 0 
7ff22cba3000-7ff22cbae000 rw-p 00000000 00:00 0 
7ff22cbae000-7ff22cbf6000 rw-p 00000000 00:00 0 
7ff22cbf6000-7ff22cc33000 rw-p 00000000 00:00 0 
7ff22cc33000-7ff22cd4b000 rw-p 00000000 00:00 0 
7ff22cd4b000-7ff22cd82000 rw-p 00000000 00:00 0 
7ff22cd82000-7ff22cdf6000 rw-p 00000000 00:00 0 
7ff22cdf6000-7ff22cdf7000 rw-p 00000000 00:00 0 
7ff22cdf7000-7ff22d067000 rwxp 00000000 00:00 0 
7ff22d067000-7ff22fdf7000 rw-p 00000000 00:00 0 
7ff22fdf7000-7ff22fdff000 r-xp 00000000 08:01 16387171                   /usr/lib/jvm/java-7-openjdk-amd64/jre/lib/amd64/libzip.so
7ff22fdff000-7ff22fffe000 ---p 00008000 08:01 16387171                   /usr/lib/jvm/java-7-openjdk-amd64/jre/lib/amd64/libzip.so
7ff22fffe000-7ff22ffff000 r--p 00007000 08:01 16387171                   /usr/lib/jvm/java-7-openjdk-amd64/jre/lib/amd64/libzip.so
7ff22ffff000-7ff230000000 rw-p 00008000 08:01 16387171                   /usr/lib/jvm/java-7-openjdk-amd64/jre/lib/amd64/libzip.so
7ff230000000-7ff2302f4000 rw-p 00000000 00:00 0 
7ff2302f4000-7ff234000000 ---p 00000000 00:00 0 
7ff234005000-7ff23406b000 rw-p 00000000 00:00 0 
7ff23406b000-7ff2340b3000 rw-p 00000000 00:00 0 
7ff2340b3000-7ff2340be000 r-xp 00000000 08:01 4196934                    /lib/x86_64-linux-gnu/libnss_files-2.19.so
7ff2340be000-7ff2342bd000 ---p 0000b000 08:01 4196934                    /lib/x86_64-linux-gnu/libnss_files-2.19.so
7ff2342bd000-7ff2342be000 r--p 0000a000 08:01 4196934                    /lib/x86_64-linux-gnu/libnss_files-2.19.so
7ff2342be000-7ff2342bf000 rw-p 0000b000 08:01 4196934                    /lib/x86_64-linux-gnu/libnss_files-2.19.so
7ff2342bf000-7ff2342ca000 r-xp 00000000 08:01 4196968                    /lib/x86_64-linux-gnu/libnss_nis-2.19.so
7ff2342ca000-7ff2344c9000 ---p 0000b000 08:01 4196968                    /lib/x86_64-linux-gnu/libnss_nis-2.19.so
7ff2344c9000-7ff2344ca000 r--p 0000a000 08:01 4196968                    /lib/x86_64-linux-gnu/libnss_nis-2.19.so
7ff2344ca000-7ff2344cb000 rw-p 0000b000 08:01 4196968                    /lib/x86_64-linux-gnu/libnss_nis-2.19.so
7ff2344cb000-7ff2344e2000 r-xp 00000000 08:01 4196957                    /lib/x86_64-linux-gnu/libnsl-2.19.so
7ff2344e2000-7ff2346e1000 ---p 00017000 08:01 4196957                    /lib/x86_64-linux-gnu/libnsl-2.19.so
7ff2346e1000-7ff2346e2000 r--p 00016000 08:01 4196957                    /lib/x86_64-linux-gnu/libnsl-2.19.so
7ff2346e2000-7ff2346e3000 rw-p 00017000 08:01 4196957                    /lib/x86_64-linux-gnu/libnsl-2.19.so
7ff2346e3000-7ff2346e5000 rw-p 00000000 00:00 0 
7ff2346e5000-7ff2346ee000 r-xp 00000000 08:01 4196956                    /lib/x86_64-linux-gnu/libnss_compat-2.19.so
7ff2346ee000-7ff2348ed000 ---p 00009000 08:01 4196956                    /lib/x86_64-linux-gnu/libnss_compat-2.19.so
7ff2348ed000-7ff2348ee000 r--p 00008000 08:01 4196956                    /lib/x86_64-linux-gnu/libnss_compat-2.19.so
7ff2348ee000-7ff2348ef000 rw-p 00009000 08:01 4196956                    /lib/x86_64-linux-gnu/libnss_compat-2.19.so
7ff2348ef000-7ff23491a000 r-xp 00000000 08:01 16387158                   /usr/lib/jvm/java-7-openjdk-amd64/jre/lib/amd64/libjava.so
7ff23491a000-7ff234b1a000 ---p 0002b000 08:01 16387158                   /usr/lib/jvm/java-7-openjdk-amd64/jre/lib/amd64/libjava.so
7ff234b1a000-7ff234b1b000 r--p 0002b000 08:01 16387158                   /usr/lib/jvm/java-7-openjdk-amd64/jre/lib/amd64/libjava.so
7ff234b1b000-7ff234b1d000 rw-p 0002c000 08:01 16387158                   /usr/lib/jvm/java-7-openjdk-amd64/jre/lib/amd64/libjava.so
7ff234b1d000-7ff234b2d000 r-xp 00000000 08:01 16387157                   /usr/lib/jvm/java-7-openjdk-amd64/jre/lib/amd64/libverify.so
7ff234b2d000-7ff234d2c000 ---p 00010000 08:01 16387157                   /usr/lib/jvm/java-7-openjdk-amd64/jre/lib/amd64/libverify.so
7ff234d2c000-7ff234d2e000 r--p 0000f000 08:01 16387157                   /usr/lib/jvm/java-7-openjdk-amd64/jre/lib/amd64/libverify.so
7ff234d2e000-7ff234d2f000 rw-p 00011000 08:01 16387157                   /usr/lib/jvm/java-7-openjdk-amd64/jre/lib/amd64/libverify.so
7ff234d2f000-7ff234d36000 r-xp 00000000 08:01 4196965                    /lib/x86_64-linux-gnu/librt-2.19.so
7ff234d36000-7ff234f35000 ---p 00007000 08:01 4196965                    /lib/x86_64-linux-gnu/librt-2.19.so
7ff234f35000-7ff234f36000 r--p 00006000 08:01 4196965                    /lib/x86_64-linux-gnu/librt-2.19.so
7ff234f36000-7ff234f37000 rw-p 00007000 08:01 4196965                    /lib/x86_64-linux-gnu/librt-2.19.so
7ff234f37000-7ff234f4d000 r-xp 00000000 08:01 4194330                    /lib/x86_64-linux-gnu/libgcc_s.so.1
7ff234f4d000-7ff23514c000 ---p 00016000 08:01 4194330                    /lib/x86_64-linux-gnu/libgcc_s.so.1
7ff23514c000-7ff23514d000 rw-p 00015000 08:01 4194330                    /lib/x86_64-linux-gnu/libgcc_s.so.1
7ff23514d000-7ff235252000 r-xp 00000000 08:01 4196933                    /lib/x86_64-linux-gnu/libm-2.19.so
7ff235252000-7ff235451000 ---p 00105000 08:01 4196933                    /lib/x86_64-linux-gnu/libm-2.19.so
7ff235451000-7ff235452000 r--p 00104000 08:01 4196933                    /lib/x86_64-linux-gnu/libm-2.19.so
7ff235452000-7ff235453000 rw-p 00105000 08:01 4196933                    /lib/x86_64-linux-gnu/libm-2.19.so
7ff235453000-7ff235539000 r-xp 00000000 08:01 15737244                   /usr/lib/x86_64-linux-gnu/libstdc++.so.6.0.19
7ff235539000-7ff235738000 ---p 000e6000 08:01 15737244                   /usr/lib/x86_64-linux-gnu/libstdc++.so.6.0.19
7ff235738000-7ff235740000 r--p 000e5000 08:01 15737244                   /usr/lib/x86_64-linux-gnu/libstdc++.so.6.0.19
7ff235740000-7ff235742000 rw-p 000ed000 08:01 15737244                   /usr/lib/x86_64-linux-gnu/libstdc++.so.6.0.19
7ff235742000-7ff235757000 rw-p 00000000 00:00 0 
7ff235757000-7ff23626f000 r-xp 00000000 08:01 16516415                   /usr/lib/jvm/java-7-openjdk-amd64/jre/lib/amd64/server/libjvm.so
7ff23626f000-7ff23646f000 ---p 00b18000 08:01 16516415                   /usr/lib/jvm/java-7-openjdk-amd64/jre/lib/amd64/server/libjvm.so
7ff23646f000-7ff236509000 r--p 00b18000 08:01 16516415                   /usr/lib/jvm/java-7-openjdk-amd64/jre/lib/amd64/server/libjvm.so
7ff236509000-7ff23652c000 rw-p 00bb2000 08:01 16516415                   /usr/lib/jvm/java-7-openjdk-amd64/jre/lib/amd64/server/libjvm.so
7ff23652c000-7ff23655a000 rw-p 00000000 00:00 0 
7ff23655a000-7ff236572000 r-xp 00000000 08:01 4198406                    /lib/x86_64-linux-gnu/libz.so.1.2.8
7ff236572000-7ff236771000 ---p 00018000 08:01 4198406                    /lib/x86_64-linux-gnu/libz.so.1.2.8
7ff236771000-7ff236772000 r--p 00017000 08:01 4198406                    /lib/x86_64-linux-gnu/libz.so.1.2.8
7ff236772000-7ff236773000 rw-p 00018000 08:01 4198406                    /lib/x86_64-linux-gnu/libz.so.1.2.8
7ff236773000-7ff23678c000 r-xp 00000000 08:01 4196963                    /lib/x86_64-linux-gnu/libpthread-2.19.so
7ff23678c000-7ff23698b000 ---p 00019000 08:01 4196963                    /lib/x86_64-linux-gnu/libpthread-2.19.so
7ff23698b000-7ff23698c000 r--p 00018000 08:01 4196963                    /lib/x86_64-linux-gnu/libpthread-2.19.so
7ff23698c000-7ff23698d000 rw-p 00019000 08:01 4196963                    /lib/x86_64-linux-gnu/libpthread-2.19.so
7ff23698d000-7ff236991000 rw-p 00000000 00:00 0 
7ff236991000-7ff236994000 r-xp 00000000 08:01 4196950                    /lib/x86_64-linux-gnu/libdl-2.19.so
7ff236994000-7ff236b93000 ---p 00003000 08:01 4196950                    /lib/x86_64-linux-gnu/libdl-2.19.so
7ff236b93000-7ff236b94000 r--p 00002000 08:01 4196950                    /lib/x86_64-linux-gnu/libdl-2.19.so
7ff236b94000-7ff236b95000 rw-p 00003000 08:01 4196950                    /lib/x86_64-linux-gnu/libdl-2.19.so
7ff236b95000-7ff236d50000 r-xp 00000000 08:01 4196962                    /lib/x86_64-linux-gnu/libc-2.19.so
7ff236d50000-7ff236f4f000 ---p 001bb000 08:01 4196962                    /lib/x86_64-linux-gnu/libc-2.19.so
7ff236f4f000-7ff236f53000 r--p 001ba000 08:01 4196962                    /lib/x86_64-linux-gnu/libc-2.19.so
7ff236f53000-7ff236f55000 rw-p 001be000 08:01 4196962                    /lib/x86_64-linux-gnu/libc-2.19.so
7ff236f55000-7ff236f5a000 rw-p 00000000 00:00 0 
7ff236f5a000-7ff236f67000 r-xp 00000000 08:01 16515965                   /usr/lib/jvm/java-7-openjdk-amd64/jre/lib/amd64/jli/libjli.so
7ff236f67000-7ff237166000 ---p 0000d000 08:01 16515965                   /usr/lib/jvm/java-7-openjdk-amd64/jre/lib/amd64/jli/libjli.so
7ff237166000-7ff237167000 r--p 0000c000 08:01 16515965                   /usr/lib/jvm/java-7-openjdk-amd64/jre/lib/amd64/jli/libjli.so
7ff237167000-7ff237168000 rw-p 0000d000 08:01 16515965                   /usr/lib/jvm/java-7-openjdk-amd64/jre/lib/amd64/jli/libjli.so
7ff237168000-7ff23718b000 r-xp 00000000 08:01 4196959                    /lib/x86_64-linux-gnu/ld-2.19.so
7ff23718c000-7ff23718e000 r--s 00006000 08:01 16127441                   /usr/share/java/java-atk-wrapper.jar
7ff23718e000-7ff2371b0000 rw-p 00000000 00:00 0 
7ff2371b0000-7ff237266000 rw-p 00000000 00:00 0 
7ff237266000-7ff237269000 ---p 00000000 00:00 0 
7ff237269000-7ff23736d000 rw-p 00000000 00:00 0                          [stack:14190]
7ff23736d000-7ff23736f000 r--s 00012000 08:01 16387125                   /usr/lib/jvm/java-7-openjdk-amd64/jre/lib/ext/zipfs.jar
7ff23736f000-7ff237373000 r--s 00034000 08:01 16387124                   /usr/lib/jvm/java-7-openjdk-amd64/jre/lib/ext/sunjce_provider.jar
7ff237373000-7ff237376000 r--s 0000f000 08:01 16387122                   /usr/lib/jvm/java-7-openjdk-amd64/jre/lib/ext/icedtea-sound.jar
7ff237376000-7ff237379000 r--s 00086000 08:01 16387127                   /usr/lib/jvm/java-7-openjdk-amd64/jre/lib/ext/localedata.jar
7ff237379000-7ff23737d000 r--s 0003c000 08:01 16387123                   /usr/lib/jvm/java-7-openjdk-amd64/jre/lib/ext/sunpkcs11.jar
7ff23737d000-7ff23737e000 r--s 00002000 08:01 16387126                   /usr/lib/jvm/java-7-openjdk-amd64/jre/lib/ext/dnsns.jar
7ff23737e000-7ff237386000 rw-s 00000000 08:01 25041389                   /tmp/hsperfdata_vasanth/14182
7ff237386000-7ff237387000 rw-p 00000000 00:00 0 
7ff237387000-7ff237388000 ---p 00000000 00:00 0 
7ff237388000-7ff23738a000 rw-p 00000000 00:00 0 
7ff23738a000-7ff23738b000 r--p 00022000 08:01 4196959                    /lib/x86_64-linux-gnu/ld-2.19.so
7ff23738b000-7ff23738c000 rw-p 00023000 08:01 4196959                    /lib/x86_64-linux-gnu/ld-2.19.so
7ff23738c000-7ff23738d000 rw-p 00000000 00:00 0 
7fff9a5da000-7fff9a5fb000 rw-p 00000000 00:00 0                          [stack]
7fff9a5fe000-7fff9a600000 r-xp 00000000 00:00 0                          [vdso]
ffffffffff600000-ffffffffff601000 r-xp 00000000 00:00 0                  [vsyscall]

VM Arguments:
jvm_args: -Xmx1024M 
java_command: /home/vasanth/android-sdks/build-tools/21.1.2/lib/dx.jar --dex --output /home/vasanth/AndroidstudioProjects/RBCCPS_IoTStack/app/build/intermediates/dex/debug --input-list=/home/vasanth/AndroidstudioProjects/RBCCPS_IoTStack/app/build/intermediates/tmp/dex/debug/inputList.txt
Launcher Type: SUN_STANDARD

Environment Variables:
JAVA_HOME=/usr/lib/jvm/java-1.7.0-openjdk-amd64
CLASSPATH=./../lib/bootstrap.jar:./../lib/extensions.jar:./../lib/util.jar:./../lib/jdom.jar:./../lib/log4j.jar:./../lib/trove4j.jar:./../lib/jna.jar:/usr/lib/jvm/java-1.7.0-openjdk-amd64/lib/tools.jar
PATH=/usr/local/sbin:/usr/local/bin:/usr/sbin:/usr/bin:/sbin:/bin:/usr/games:/usr/local/games
LD_LIBRARY_PATH=.:
SHELL=/bin/bash
DISPLAY=:0

Signal Handlers:
SIGSEGV: [libjvm.so+0x94b4b0], sa_mask[0]=0x7ffbfeff, sa_flags=0x10000004
SIGBUS: [libjvm.so+0x94b4b0], sa_mask[0]=0x7ffbfeff, sa_flags=0x10000004
SIGFPE: [libjvm.so+0x7c3390], sa_mask[0]=0x7ffbfeff, sa_flags=0x10000004
SIGPIPE: [libjvm.so+0x7c3390], sa_mask[0]=0x7ffbfeff, sa_flags=0x10000004
SIGXFSZ: [libjvm.so+0x7c3390], sa_mask[0]=0x7ffbfeff, sa_flags=0x10000004
SIGILL: [libjvm.so+0x7c3390], sa_mask[0]=0x7ffbfeff, sa_flags=0x10000004
SIGUSR1: SIG_DFL, sa_mask[0]=0x00000000, sa_flags=0x00000000
SIGUSR2: [libjvm.so+0x7c3230], sa_mask[0]=0x00000004, sa_flags=0x10000004
SIGHUP: [libjvm.so+0x7c3410], sa_mask[0]=0x7ffbfeff, sa_flags=0x10000004
SIGINT: [libjvm.so+0x7c3410], sa_mask[0]=0x7ffbfeff, sa_flags=0x10000004
SIGTERM: [libjvm.so+0x7c3410], sa_mask[0]=0x7ffbfeff, sa_flags=0x10000004
SIGQUIT: [libjvm.so+0x7c3410], sa_mask[0]=0x7ffbfeff, sa_flags=0x10000004
SIGTRAP: SIG_DFL, sa_mask[0]=0x00000000, sa_flags=0x00000000


---------------  S Y S T E M  ---------------

OS:Ubuntu 14.04 (trusty)
uname:Linux 3.13.0-43-generic #72-Ubuntu SMP Mon Dec 8 19:35:06 UTC 2014 x86_64
libc:glibc 2.19 NPTL 2.19 
rlimit: STACK 8192k, CORE 0k, NPROC 93765, NOFILE 4096, AS infinity
load average:3.32 1.89 1.41

/proc/meminfo:
MemTotal:       12023656 kB
MemFree:         2823744 kB
Buffers:          526588 kB
Cached:          4873948 kB
SwapCached:            0 kB
Active:          4776228 kB
Inactive:        3660540 kB
Active(anon):    3038084 kB
Inactive(anon):   628084 kB
Active(file):    1738144 kB
Inactive(file):  3032456 kB
Unevictable:          48 kB
Mlocked:              48 kB
SwapTotal:       8100860 kB
SwapFree:        8100860 kB
Dirty:             25580 kB
Writeback:             0 kB
AnonPages:       3045080 kB
Mapped:           569652 kB
Shmem:            629940 kB
Slab:             586504 kB
SReclaimable:     541312 kB
SUnreclaim:        45192 kB
KernelStack:        5560 kB
PageTables:        44908 kB
NFS_Unstable:          0 kB
Bounce:                0 kB
WritebackTmp:          0 kB
CommitLimit:    14112688 kB
Committed_AS:    8772296 kB
VmallocTotal:   34359738367 kB
VmallocUsed:      380492 kB
VmallocChunk:   34359344976 kB
HardwareCorrupted:     0 kB
AnonHugePages:   1355776 kB
HugePages_Total:       0
HugePages_Free:        0
HugePages_Rsvd:        0
HugePages_Surp:        0
Hugepagesize:       2048 kB
DirectMap4k:      128100 kB
DirectMap2M:     9023488 kB
DirectMap1G:     3145728 kB


CPU:total 4 (2 cores per cpu, 2 threads per core) family 6 model 60 stepping 3, cmov, cx8, fxsr, mmx, sse, sse2, sse3, ssse3, sse4.1, sse4.2, popcnt, avx, avx2, aes, erms, ht, tsc, tscinvbit

/proc/cpuinfo:
processor	: 0
vendor_id	: GenuineIntel
cpu family	: 6
model		: 60
model name	: Intel(R) Core(TM) i5-4200M CPU @ 2.50GHz
stepping	: 3
microcode	: 0x17
cpu MHz		: 2501.000
cache size	: 3072 KB
physical id	: 0
siblings	: 4
core id		: 0
cpu cores	: 2
apicid		: 0
initial apicid	: 0
fpu		: yes
fpu_exception	: yes
cpuid level	: 13
wp		: yes
flags		: fpu vme de pse tsc msr pae mce cx8 apic sep mtrr pge mca cmov pat pse36 clflush dts acpi mmx fxsr sse sse2 ss ht tm pbe syscall nx pdpe1gb rdtscp lm constant_tsc arch_perfmon pebs bts rep_good nopl xtopology nonstop_tsc aperfmperf eagerfpu pni pclmulqdq dtes64 monitor ds_cpl vmx est tm2 ssse3 fma cx16 xtpr pdcm pcid sse4_1 sse4_2 movbe popcnt tsc_deadline_timer aes xsave avx f16c rdrand lahf_lm abm ida arat epb xsaveopt pln pts dtherm tpr_shadow vnmi flexpriority ept vpid fsgsbase tsc_adjust bmi1 avx2 smep bmi2 erms invpcid
bogomips	: 4988.34
clflush size	: 64
cache_alignment	: 64
address sizes	: 39 bits physical, 48 bits virtual
power management:

processor	: 1
vendor_id	: GenuineIntel
cpu family	: 6
model		: 60
model name	: Intel(R) Core(TM) i5-4200M CPU @ 2.50GHz
stepping	: 3
microcode	: 0x17
cpu MHz		: 2501.000
cache size	: 3072 KB
physical id	: 0
siblings	: 4
core id		: 0
cpu cores	: 2
apicid		: 1
initial apicid	: 1
fpu		: yes
fpu_exception	: yes
cpuid level	: 13
wp		: yes
flags		: fpu vme de pse tsc msr pae mce cx8 apic sep mtrr pge mca cmov pat pse36 clflush dts acpi mmx fxsr sse sse2 ss ht tm pbe syscall nx pdpe1gb rdtscp lm constant_tsc arch_perfmon pebs bts rep_good nopl xtopology nonstop_tsc aperfmperf eagerfpu pni pclmulqdq dtes64 monitor ds_cpl vmx est tm2 ssse3 fma cx16 xtpr pdcm pcid sse4_1 sse4_2 movbe popcnt tsc_deadline_timer aes xsave avx f16c rdrand lahf_lm abm ida arat epb xsaveopt pln pts dtherm tpr_shadow vnmi flexpriority ept vpid fsgsbase tsc_adjust bmi1 avx2 smep bmi2 erms invpcid
bogomips	: 4988.34
clflush size	: 64
cache_alignment	: 64
address sizes	: 39 bits physical, 48 bits virtual
power management:

processor	: 2
vendor_id	: GenuineIntel
cpu family	: 6
model		: 60
model name	: Intel(R) Core(TM) i5-4200M CPU @ 2.50GHz
stepping	: 3
microcode	: 0x17
cpu MHz		: 2501.000
cache size	: 3072 KB
physical id	: 0
siblings	: 4
core id		: 1
cpu cores	: 2
apicid		: 2
initial apicid	: 2
fpu		: yes
fpu_exception	: yes
cpuid level	: 13
wp		: yes
flags		: fpu vme de pse tsc msr pae mce cx8 apic sep mtrr pge mca cmov pat pse36 clflush dts acpi mmx fxsr sse sse2 ss ht tm pbe syscall nx pdpe1gb rdtscp lm constant_tsc arch_perfmon pebs bts rep_good nopl xtopology nonstop_tsc aperfmperf eagerfpu pni pclmulqdq dtes64 monitor ds_cpl vmx est tm2 ssse3 fma cx16 xtpr pdcm pcid sse4_1 sse4_2 movbe popcnt tsc_deadline_timer aes xsave avx f16c rdrand lahf_lm abm ida arat epb xsaveopt pln pts dtherm tpr_shadow vnmi flexpriority ept vpid fsgsbase tsc_adjust bmi1 avx2 smep bmi2 erms invpcid
bogomips	: 4988.34
clflush size	: 64
cache_alignment	: 64
address sizes	: 39 bits physical, 48 bits virtual
power management:

processor	: 3
vendor_id	: GenuineIntel
cpu family	: 6
model		: 60
model name	: Intel(R) Core(TM) i5-4200M CPU @ 2.50GHz
stepping	: 3
microcode	: 0x17
cpu MHz		: 2501.000
cache size	: 3072 KB
physical id	: 0
siblings	: 4
core id		: 1
cpu cores	: 2
apicid		: 3
initial apicid	: 3
fpu		: yes
fpu_exception	: yes
cpuid level	: 13
wp		: yes
flags		: fpu vme de pse tsc msr pae mce cx8 apic sep mtrr pge mca cmov pat pse36 clflush dts acpi mmx fxsr sse sse2 ss ht tm pbe syscall nx pdpe1gb rdtscp lm constant_tsc arch_perfmon pebs bts rep_good nopl xtopology nonstop_tsc aperfmperf eagerfpu pni pclmulqdq dtes64 monitor ds_cpl vmx est tm2 ssse3 fma cx16 xtpr pdcm pcid sse4_1 sse4_2 movbe popcnt tsc_deadline_timer aes xsave avx f16c rdrand lahf_lm abm ida arat epb xsaveopt pln pts dtherm tpr_shadow vnmi flexpriority ept vpid fsgsbase tsc_adjust bmi1 avx2 smep bmi2 erms invpcid
bogomips	: 4988.34
clflush size	: 64
cache_alignment	: 64
address sizes	: 39 bits physical, 48 bits virtual
power management:



Memory: 4k page, physical 12023656k(2823744k free), swap 8100860k(8100860k free)

vm_info: OpenJDK 64-Bit Server VM (24.75-b04) for linux-amd64 JRE (1.7.0_75-b13), built on Jan 27 2015 00:38:59 by "buildd" with gcc 4.8.2

time: Tue Mar 10 11:14:13 2015
elapsed time: 2 seconds

