#
# A fatal error has been detected by the Java Runtime Environment:
#
#  SIGSEGV (0xb) at pc=0x00007f4cae0a75a3, pid=16662, tid=139967150892800
#
# JRE version: OpenJDK Runtime Environment (7.0_75-b13) (build 1.7.0_75-b13)
# Java VM: OpenJDK 64-Bit Server VM (24.75-b04 mixed mode linux-amd64 compressed oops)
# Derivative: IcedTea 2.5.4
# Distribution: Ubuntu 14.04 LTS, package 7u75-2.5.4-1~trusty1
# Problematic frame:
# V  [libjvm.so+0x8305a3]  oopDesc* PSPromotionManager::copy_to_survivor_space<false>(oopDesc*)+0x253
#
# Failed to write core dump. Core dumps have been disabled. To enable core dumping, try "ulimit -c unlimited" before starting Java again
#
# If you would like to submit a bug report, please include
# instructions on how to reproduce the bug and visit:
#   http://icedtea.classpath.org/bugzilla
#

---------------  T H R E A D  ---------------

Current thread (0x00007f4ca8025800):  GCTaskThread [stack: 0x00007f4ca43f2000,0x00007f4ca44f3000] [id=16668]

siginfo:si_signo=SIGSEGV: si_errno=0, si_code=1 (SEGV_MAPERR), si_addr=0x000000000065005c

Registers:
RAX=0x0000000000000001, RBX=0x00000000f6cee40e, RCX=0x0000000000000000, RDX=0x0000000000650044
RSP=0x00007f4ca44f1c20, RBP=0x00007f4ca44f1c80, RSI=0x00007f4cae639420, RDI=0x00007f4ca8073bb0
R8 =0x00007f4ca8073c50, R9 =0x00000000eaa80000, R10=0x00000000f649d6b0, R11=0x000000000000003e
R12=0x00000000c0fd35c4, R13=0x0074006500670000, R14=0x00007f4ca8073bb0, R15=0x00007f4cae639420
RIP=0x00007f4cae0a75a3, EFLAGS=0x0000000000010206, CSGSFS=0x0000000000000033, ERR=0x0000000000000004
  TRAPNO=0x000000000000000e

Top of Stack: (sp=0x00007f4ca44f1c20)
0x00007f4ca44f1c20:   0000000000000080 00007f4ca801b590
0x00007f4ca44f1c30:   0000000000000080 00000000c0fd35e8
0x00007f4ca44f1c40:   00000000c0fd2c10 0000000000000400
0x00007f4ca44f1c50:   00007f4cae89e8a4 00007f4ca8073bb0
0x00007f4ca44f1c60:   00000000c0fd35c4 0000000000000000
0x00007f4ca44f1c70:   00007f4ca8073c20 00007f4cae639420
0x00007f4ca44f1c80:   00007f4ca44f1cf0 00007f4cae0a6d18
0x00007f4ca44f1c90:   00007f4ca8073bb0 00007f4ca8073c50
0x00007f4ca44f1ca0:   00007f4ca4bf7301 0000000000000240
0x00007f4ca44f1cb0:   00007f4ca44f1cf0 00007f4cade3009e
0x00007f4ca44f1cc0:   00007f4ca8026f28 00000000c0254a00
0x00007f4ca44f1cd0:   00007f4ca4bf72a5 00007f4ca801b5b0
0x00007f4ca44f1ce0:   00007f4ca4bf7301 00007f4ca4bf72a5
0x00007f4ca44f1cf0:   00007f4ca44f1d90 00007f4cadc2fbe4
0x00007f4ca44f1d00:   00007f4ca4bf7300 00007f4ca4bf7281
0x00007f4ca44f1d10:   0000000000000200 0000000000000080
0x00007f4ca44f1d20:   00000000c067f940 00007f4ca4bf7480
0x00007f4ca44f1d30:   00000000c0260008 00007f4ca4bf93fd
0x00007f4ca44f1d40:   00000000c0254a08 00007f4ca8073bb0
0x00007f4ca44f1d50:   00007f4ca4bf72a5 00007f4ca801b2e0
0x00007f4ca44f1d60:   0000000000000003 00007f4ca8027fb0
0x00007f4ca44f1d70:   00007f4ca8073bb0 00007f4cae22495c
0x00007f4ca44f1d80:   00007f4ca8025800 00007f4cae6553ea
0x00007f4ca44f1d90:   00007f4ca44f1dc0 00007f4cae0aa42b
0x00007f4ca44f1da0:   0000000000000004 00007f4c706af560
0x00007f4ca44f1db0:   0000000000000001 00007f4ca8027fb0
0x00007f4ca44f1dc0:   00007f4ca44f1ed0 00007f4caddbc042
0x00007f4ca44f1dd0:   00000000000003d8 00007f4ca8026588
0x00007f4ca44f1de0:   00007f4ca80261b0 00007f4ca44f1e60
0x00007f4ca44f1df0:   00007f4ca8026170 00007f4ca80261a0
0x00007f4ca44f1e00:   00007f4ca44f1e10 0000000000000000
0x00007f4ca44f1e10:   0000000000000000 00007f4ca8026f00 

Instructions: (pc=0x00007f4cae0a75a3)
0x00007f4cae0a7583:   48 c1 ea 03 83 e2 0f e9 3d fe ff ff 90 8b 56 08
0x00007f4cae0a7593:   48 8d 35 86 1e 59 00 8b 4e 08 48 d3 e2 48 03 16
0x00007f4cae0a75a3:   8b 4a 18 48 8d 7a 10 83 f9 00 0f 8f ed fd ff ff
0x00007f4cae0a75b3:   0f 85 cf 02 00 00 0f 1f 80 00 00 00 00 48 8b 42 

Register to memory mapping:

RAX=0x0000000000000001 is an unknown value
RBX=0x00000000f6cee40e is an unknown value
RCX=0x0000000000000000 is an unknown value
RDX=0x0000000000650044 is an unknown value
RSP=0x00007f4ca44f1c20 is an unknown value
RBP=0x00007f4ca44f1c80 is an unknown value
RSI=0x00007f4cae639420: <offset 0xdc2420> in /usr/lib/jvm/java-7-openjdk-amd64/jre/lib/amd64/server/libjvm.so at 0x00007f4cad877000
RDI=0x00007f4ca8073bb0 is an unknown value
R8 =0x00007f4ca8073c50 is an unknown value
R9 =0x00000000eaa80000 is an oop
java.lang.reflect.Method 
 - klass: 'java/lang/reflect/Method'
R10=0x00000000f649d6b0 is an oop
java.lang.ref.ReferenceQueue 
 - klass: 'java/lang/ref/ReferenceQueue'
R11=0x000000000000003e is an unknown value
R12=0x00000000c0fd35c4 is pointing into object: 0x00000000c0fd35a0
org.codehaus.groovy.reflection.CachedClass$4 
 - klass: 'org/codehaus/groovy/reflection/CachedClass$4'
R13=0x0074006500670000 is an unknown value
R14=0x00007f4ca8073bb0 is an unknown value
R15=0x00007f4cae639420: <offset 0xdc2420> in /usr/lib/jvm/java-7-openjdk-amd64/jre/lib/amd64/server/libjvm.so at 0x00007f4cad877000


Stack: [0x00007f4ca43f2000,0x00007f4ca44f3000],  sp=0x00007f4ca44f1c20,  free space=1023k
Native frames: (J=compiled Java code, j=interpreted, Vv=VM code, C=native code)
V  [libjvm.so+0x8305a3]  oopDesc* PSPromotionManager::copy_to_survivor_space<false>(oopDesc*)+0x253
V  [libjvm.so+0x82fd18]  PSPromotionManager::drain_stacks_depth(bool)+0x688
V  [libjvm.so+0x3b8be4]  CardTableExtension::scavenge_contents_parallel(ObjectStartArray*, MutableSpace*, HeapWord*, PSPromotionManager*, unsigned int, unsigned int)+0x934
V  [libjvm.so+0x83342b]  OldToYoungRootsTask::do_it(GCTaskManager*, unsigned int)+0x4b
V  [libjvm.so+0x545042]  GCTaskThread::run()+0x162
V  [libjvm.so+0x7c4a42]  java_start(Thread*)+0xf2


---------------  P R O C E S S  ---------------

Java Threads: ( => current thread )
  0x00007f4c5044d000 JavaThread "File lock request listener" [_thread_in_native, id=16687, stack(0x00007f4c67990000,0x00007f4c67a91000)]
  0x00007f4c50232800 JavaThread "process reaper" daemon [_thread_blocked, id=16686, stack(0x00007f4c8c32d000,0x00007f4c8c366000)]
  0x00007f4c50015800 JavaThread "Stdin handler" [_thread_blocked, id=16684, stack(0x00007f4c67afb000,0x00007f4c67bfc000)]
  0x00007f4c6000c000 JavaThread "Daemon worker" [_thread_blocked, id=16681, stack(0x00007f4c67bfc000,0x00007f4c67cfd000)]
  0x00007f4c6000b000 JavaThread "Cancel handler" [_thread_blocked, id=16680, stack(0x00007f4c67cfd000,0x00007f4c67dfe000)]
  0x00007f4c60007800 JavaThread "Handler for socket connection from /127.0.0.1:44755 to /127.0.0.1:55476" [_thread_in_native, id=16679, stack(0x00007f4c67dfe000,0x00007f4c67eff000)]
  0x00007f4c6c008000 JavaThread "Daemon" [_thread_blocked, id=16678, stack(0x00007f4c67eff000,0x00007f4c68000000)]
  0x00007f4ca8a08000 JavaThread "Incoming local TCP Connector on port 44755" [_thread_in_native, id=16677, stack(0x00007f4c8c01f000,0x00007f4c8c120000)]
  0x00007f4ca80ae800 JavaThread "Service Thread" daemon [_thread_blocked, id=16675, stack(0x00007f4c8dfa6000,0x00007f4c8e0a7000)]
  0x00007f4ca80ac000 JavaThread "C2 CompilerThread1" daemon [_thread_in_native, id=16674, stack(0x00007f4c8e0a7000,0x00007f4c8e1a8000)]
  0x00007f4ca80a9000 JavaThread "C2 CompilerThread0" daemon [_thread_in_native, id=16673, stack(0x00007f4c8e1a8000,0x00007f4c8e2a9000)]
  0x00007f4ca80a7000 JavaThread "Signal Dispatcher" daemon [_thread_blocked, id=16672, stack(0x00007f4c8e2a9000,0x00007f4c8e3aa000)]
  0x00007f4ca807c000 JavaThread "Finalizer" daemon [_thread_blocked, id=16671, stack(0x00007f4c8ea8c000,0x00007f4c8eb8d000)]
  0x00007f4ca807a000 JavaThread "Reference Handler" daemon [_thread_blocked, id=16670, stack(0x00007f4c8eb8d000,0x00007f4c8ec8e000)]
  0x00007f4ca800a800 JavaThread "main" [_thread_blocked, id=16664, stack(0x00007f4caf386000,0x00007f4caf487000)]

Other Threads:
  0x00007f4ca8076000 VMThread [stack: 0x00007f4c8ec8e000,0x00007f4c8ed8f000] [id=16669]
  0x00007f4ca80b9000 WatcherThread [stack: 0x00007f4c8dea5000,0x00007f4c8dfa6000] [id=16676]

=>0x00007f4ca8025800 (exited) GCTaskThread [stack: 0x00007f4ca43f2000,0x00007f4ca44f3000] [id=16668]

VM state:at safepoint (normal execution)

VM Mutex/Monitor currently owned by a thread:  ([mutex/lock_event])
[0x00007f4ca8006a50] Threads_lock - owner thread: 0x00007f4ca8076000
[0x00007f4ca8006f50] Heap_lock - owner thread: 0x00007f4c6000c000

Heap
 PSYoungGen      total 198144K, used 198116K [0x00000000eaa80000, 0x00000000f7380000, 0x0000000100000000)
  eden space 190464K, 100% used [0x00000000eaa80000,0x00000000f6480000,0x00000000f6480000)
  from space 7680K, 99% used [0x00000000f6c00000,0x00000000f73790e0,0x00000000f7380000)
  to   space 7680K, 99% used [0x00000000f6480000,0x00000000f6bfd010,0x00000000f6c00000)
 ParOldGen       total 124928K, used 25973K [0x00000000c0000000, 0x00000000c7a00000, 0x00000000eaa80000)
  object space 124928K, 20% used [0x00000000c0000000,0x00000000c195d698,0x00000000c7a00000)
 PSPermGen       total 35328K, used 34898K [0x0000000080000000, 0x0000000082280000, 0x00000000c0000000)
  object space 35328K, 98% used [0x0000000080000000,0x0000000082214b20,0x0000000082280000)

Card table byte_map: [0x00007f4ca49f6000,0x00007f4ca4df7000] byte_map_base: 0x00007f4ca45f6000

Polling page: 0x00007f4caf4a7000

Code Cache  [0x00007f4ca4df7000, 0x00007f4ca5117000, 0x00007f4ca7df7000)
 total_blobs=1129 nmethods=543 adapters=539 free_code_cache=46071Kb largest_free_block=47080128

Compilation events (10 events):
Event: 4.959 Thread 0x00007f4ca80ac000 nmethod 570 0x00007f4ca510a090 code [0x00007f4ca510a6c0, 0x00007f4ca510cfb0]
Event: 4.959 Thread 0x00007f4ca80ac000  571             java.util.ArrayList::<init> (44 bytes)
Event: 4.960 Thread 0x00007f4ca80ac000 nmethod 571 0x00007f4ca4e6e090 code [0x00007f4ca4e6e1e0, 0x00007f4ca4e6e318]
Event: 4.960 Thread 0x00007f4ca80ac000  572             java.util.ArrayList$Itr::<init> (6 bytes)
Event: 4.961 Thread 0x00007f4ca80ac000 nmethod 572 0x00007f4ca50a7510 code [0x00007f4ca50a7640, 0x00007f4ca50a76d8]
Event: 4.961 Thread 0x00007f4ca80ac000  573             java.util.ArrayList$Itr::<init> (26 bytes)
Event: 4.962 Thread 0x00007f4ca80ac000 nmethod 573 0x00007f4ca4eadf90 code [0x00007f4ca4eae0c0, 0x00007f4ca4eae158]
Event: 4.962 Thread 0x00007f4ca80ac000  575             java.util.LinkedList$ListItr::next (56 bytes)
Event: 4.963 Thread 0x00007f4ca80ac000 nmethod 575 0x00007f4ca4eadc50 code [0x00007f4ca4eadda0, 0x00007f4ca4eade98]
Event: 4.963 Thread 0x00007f4ca80ac000  576             java.lang.Class::privateGetPublicMethods (247 bytes)

GC Heap History (9 events):
Event: 0.802 GC heap before
{Heap before GC invocations=1 (full 0):
 PSYoungGen      total 55296K, used 47616K [0x00000000eaa80000, 0x00000000ee800000, 0x0000000100000000)
  eden space 47616K, 100% used [0x00000000eaa80000,0x00000000ed900000,0x00000000ed900000)
  from space 7680K, 0% used [0x00000000ee080000,0x00000000ee080000,0x00000000ee800000)
  to   space 7680K, 0% used [0x00000000ed900000,0x00000000ed900000,0x00000000ee080000)
 ParOldGen       total 124928K, used 0K [0x00000000c0000000, 0x00000000c7a00000, 0x00000000eaa80000)
  object space 124928K, 0% used [0x00000000c0000000,0x00000000c0000000,0x00000000c7a00000)
 PSPermGen       total 21504K, used 10226K [0x0000000080000000, 0x0000000081500000, 0x00000000c0000000)
  object space 21504K, 47% used [0x0000000080000000,0x00000000809fca80,0x0000000081500000)
Event: 0.812 GC heap after
Heap after GC invocations=1 (full 0):
 PSYoungGen      total 55296K, used 6619K [0x00000000eaa80000, 0x00000000f1680000, 0x0000000100000000)
  eden space 47616K, 0% used [0x00000000eaa80000,0x00000000eaa80000,0x00000000ed900000)
  from space 7680K, 86% used [0x00000000ed900000,0x00000000edf76e28,0x00000000ee080000)
  to   space 7680K, 0% used [0x00000000f0f00000,0x00000000f0f00000,0x00000000f1680000)
 ParOldGen       total 124928K, used 8K [0x00000000c0000000, 0x00000000c7a00000, 0x00000000eaa80000)
  object space 124928K, 0% used [0x00000000c0000000,0x00000000c0002000,0x00000000c7a00000)
 PSPermGen       total 21504K, used 10226K [0x0000000080000000, 0x0000000081500000, 0x00000000c0000000)
  object space 21504K, 47% used [0x0000000080000000,0x00000000809fca80,0x0000000081500000)
}
Event: 1.343 GC heap before
{Heap before GC invocations=2 (full 0):
 PSYoungGen      total 55296K, used 54235K [0x00000000eaa80000, 0x00000000f1680000, 0x0000000100000000)
  eden space 47616K, 100% used [0x00000000eaa80000,0x00000000ed900000,0x00000000ed900000)
  from space 7680K, 86% used [0x00000000ed900000,0x00000000edf76e28,0x00000000ee080000)
  to   space 7680K, 0% used [0x00000000f0f00000,0x00000000f0f00000,0x00000000f1680000)
 ParOldGen       total 124928K, used 8K [0x00000000c0000000, 0x00000000c7a00000, 0x00000000eaa80000)
  object space 124928K, 0% used [0x00000000c0000000,0x00000000c0002000,0x00000000c7a00000)
 PSPermGen       total 21504K, used 17940K [0x0000000080000000, 0x0000000081500000, 0x00000000c0000000)
  object space 21504K, 83% used [0x0000000080000000,0x0000000081185368,0x0000000081500000)
Event: 1.354 GC heap after
Heap after GC invocations=2 (full 0):
 PSYoungGen      total 102912K, used 7665K [0x00000000eaa80000, 0x00000000f1680000, 0x0000000100000000)
  eden space 95232K, 0% used [0x00000000eaa80000,0x00000000eaa80000,0x00000000f0780000)
  from space 7680K, 99% used [0x00000000f0f00000,0x00000000f167c740,0x00000000f1680000)
  to   space 7680K, 0% used [0x00000000f0780000,0x00000000f0780000,0x00000000f0f00000)
 ParOldGen       total 124928K, used 1508K [0x00000000c0000000, 0x00000000c7a00000, 0x00000000eaa80000)
  object space 124928K, 1% used [0x00000000c0000000,0x00000000c01792b8,0x00000000c7a00000)
 PSPermGen       total 21504K, used 17940K [0x0000000080000000, 0x0000000081500000, 0x00000000c0000000)
  object space 21504K, 83% used [0x0000000080000000,0x0000000081185368,0x0000000081500000)
}
Event: 1.911 GC heap before
{Heap before GC invocations=3 (full 0):
 PSYoungGen      total 102912K, used 102897K [0x00000000eaa80000, 0x00000000f1680000, 0x0000000100000000)
  eden space 95232K, 100% used [0x00000000eaa80000,0x00000000f0780000,0x00000000f0780000)
  from space 7680K, 99% used [0x00000000f0f00000,0x00000000f167c740,0x00000000f1680000)
  to   space 7680K, 0% used [0x00000000f0780000,0x00000000f0780000,0x00000000f0f00000)
 ParOldGen       total 124928K, used 1508K [0x00000000c0000000, 0x00000000c7a00000, 0x00000000eaa80000)
  object space 124928K, 1% used [0x00000000c0000000,0x00000000c01792b8,0x00000000c7a00000)
 PSPermGen       total 21504K, used 20808K [0x0000000080000000, 0x0000000081500000, 0x00000000c0000000)
  object space 21504K, 96% used [0x0000000080000000,0x00000000814523f8,0x0000000081500000)
Event: 1.920 GC heap after
Heap after GC invocations=3 (full 0):
 PSYoungGen      total 102912K, used 7654K [0x00000000eaa80000, 0x00000000f7380000, 0x0000000100000000)
  eden space 95232K, 0% used [0x00000000eaa80000,0x00000000eaa80000,0x00000000f0780000)
  from space 7680K, 99% used [0x00000000f0780000,0x00000000f0ef9ab0,0x00000000f0f00000)
  to   space 7680K, 0% used [0x00000000f6c00000,0x00000000f6c00000,0x00000000f7380000)
 ParOldGen       total 124928K, used 1897K [0x00000000c0000000, 0x00000000c7a00000, 0x00000000eaa80000)
  object space 124928K, 1% used [0x00000000c0000000,0x00000000c01da678,0x00000000c7a00000)
 PSPermGen       total 21504K, used 20808K [0x0000000080000000, 0x0000000081500000, 0x00000000c0000000)
  object space 21504K, 96% used [0x0000000080000000,0x00000000814523f8,0x0000000081500000)
}
Event: 2.536 GC heap before
{Heap before GC invocations=4 (full 0):
 PSYoungGen      total 102912K, used 102886K [0x00000000eaa80000, 0x00000000f7380000, 0x0000000100000000)
  eden space 95232K, 100% used [0x00000000eaa80000,0x00000000f0780000,0x00000000f0780000)
  from space 7680K, 99% used [0x00000000f0780000,0x00000000f0ef9ab0,0x00000000f0f00000)
  to   space 7680K, 0% used [0x00000000f6c00000,0x00000000f6c00000,0x00000000f7380000)
 ParOldGen       total 124928K, used 1897K [0x00000000c0000000, 0x00000000c7a00000, 0x00000000eaa80000)
  object space 124928K, 1% used [0x00000000c0000000,0x00000000c01da678,0x00000000c7a00000)
 PSPermGen       total 24576K, used 24128K [0x0000000080000000, 0x0000000081800000, 0x00000000c0000000)
  object space 24576K, 98% used [0x0000000080000000,0x0000000081790348,0x0000000081800000)
Event: 2.552 GC heap after
Heap after GC invocations=4 (full 0):
 PSYoungGen      total 198144K, used 7652K [0x00000000eaa80000, 0x00000000f7380000, 0x0000000100000000)
  eden space 190464K, 0% used [0x00000000eaa80000,0x00000000eaa80000,0x00000000f6480000)
  from space 7680K, 99% used [0x00000000f6c00000,0x00000000f73790e0,0x00000000f7380000)
  to   space 7680K, 0% used [0x00000000f6480000,0x00000000f6480000,0x00000000f6c00000)
 ParOldGen       total 124928K, used 6654K [0x00000000c0000000, 0x00000000c7a00000, 0x00000000eaa80000)
  object space 124928K, 5% used [0x00000000c0000000,0x00000000c067f940,0x00000000c7a00000)
 PSPermGen       total 24576K, used 24128K [0x0000000080000000, 0x0000000081800000, 0x00000000c0000000)
  object space 24576K, 98% used [0x0000000080000000,0x0000000081790348,0x0000000081800000)
}
Event: 5.303 GC heap before
{Heap before GC invocations=5 (full 0):
 PSYoungGen      total 198144K, used 198116K [0x00000000eaa80000, 0x00000000f7380000, 0x0000000100000000)
  eden space 190464K, 100% used [0x00000000eaa80000,0x00000000f6480000,0x00000000f6480000)
  from space 7680K, 99% used [0x00000000f6c00000,0x00000000f73790e0,0x00000000f7380000)
  to   space 7680K, 0% used [0x00000000f6480000,0x00000000f6480000,0x00000000f6c00000)
 ParOldGen       total 124928K, used 6654K [0x00000000c0000000, 0x00000000c7a00000, 0x00000000eaa80000)
  object space 124928K, 5% used [0x00000000c0000000,0x00000000c067f940,0x00000000c7a00000)
 PSPermGen       total 35328K, used 34898K [0x0000000080000000, 0x0000000082280000, 0x00000000c0000000)
  object space 35328K, 98% used [0x0000000080000000,0x0000000082214b20,0x0000000082280000)

Deoptimization events (10 events):
Event: 3.786 Thread 0x00007f4c6000c000 Uncommon trap: reason=unreached action=reinterpret pc=0x00007f4ca4ea1240 method=java.util.HashMap.put(Ljava/lang/Object;Ljava/lang/Object;)Ljava/lang/Object; @ 19
Event: 3.805 Thread 0x00007f4c6000c000 Uncommon trap: reason=predicate action=maybe_recompile pc=0x00007f4ca508e968 method=java.util.ComparableTimSort.binarySort([Ljava/lang/Object;III)V @ 37
Event: 4.390 Thread 0x00007f4c6000c000 Uncommon trap: reason=bimorphic action=maybe_recompile pc=0x00007f4ca50a9614 method=java.util.regex.Pattern$Curly.match(Ljava/util/regex/Matcher;ILjava/lang/CharSequence;)Z @ 19
Event: 4.390 Thread 0x00007f4c6000c000 Uncommon trap: reason=bimorphic action=maybe_recompile pc=0x00007f4ca50a9614 method=java.util.regex.Pattern$Curly.match(Ljava/util/regex/Matcher;ILjava/lang/CharSequence;)Z @ 19
Event: 4.390 Thread 0x00007f4c6000c000 Uncommon trap: reason=bimorphic action=maybe_recompile pc=0x00007f4ca50a9614 method=java.util.regex.Pattern$Curly.match(Ljava/util/regex/Matcher;ILjava/lang/CharSequence;)Z @ 19
Event: 4.390 Thread 0x00007f4c6000c000 Uncommon trap: reason=bimorphic action=maybe_recompile pc=0x00007f4ca5014874 method=java.util.regex.Pattern$Branch.match(Ljava/util/regex/Matcher;ILjava/lang/CharSequence;)Z @ 32
Event: 4.407 Thread 0x00007f4c6000c000 Uncommon trap: reason=class_check action=maybe_recompile pc=0x00007f4ca4ee15dc method=java.lang.Throwable.<init>(Ljava/lang/Throwable;)V @ 24
Event: 4.424 Thread 0x00007f4c6000c000 Uncommon trap: reason=class_check action=maybe_recompile pc=0x00007f4ca4ee15dc method=java.lang.Throwable.<init>(Ljava/lang/Throwable;)V @ 24
Event: 4.430 Thread 0x00007f4c6000c000 Uncommon trap: reason=class_check action=maybe_recompile pc=0x00007f4ca4ee15dc method=java.lang.Throwable.<init>(Ljava/lang/Throwable;)V @ 24
Event: 4.537 Thread 0x00007f4c6000c000 Uncommon trap: reason=unreached action=reinterpret pc=0x00007f4ca50cff74 method=groovy.lang.MetaClassImpl.populateMethods(Ljava/util/LinkedList;Lorg/codehaus/groovy/reflection/CachedClass;)V @ 150

Internal exceptions (10 events):
Event: 5.299 Thread 0x00007f4c6000c000 Threw 0x00000000f6441ff0 at /build/buildd/openjdk-7-7u75-2.5.4/build/openjdk/hotspot/src/share/vm/prims/jvm.cpp:1284
Event: 5.299 Thread 0x00007f4c6000c000 Threw 0x00000000f644abb0 at /build/buildd/openjdk-7-7u75-2.5.4/build/openjdk/hotspot/src/share/vm/prims/jvm.cpp:1284
Event: 5.300 Thread 0x00007f4c6000c000 Threw 0x00000000f644e638 at /build/buildd/openjdk-7-7u75-2.5.4/build/openjdk/hotspot/src/share/vm/prims/jvm.cpp:1284
Event: 5.301 Thread 0x00007f4c6000c000 Threw 0x00000000f6456a08 at /build/buildd/openjdk-7-7u75-2.5.4/build/openjdk/hotspot/src/share/vm/prims/jvm.cpp:1284
Event: 5.301 Thread 0x00007f4c6000c000 Threw 0x00000000f6457998 at /build/buildd/openjdk-7-7u75-2.5.4/build/openjdk/hotspot/src/share/vm/prims/jvm.cpp:1284
Event: 5.301 Thread 0x00007f4c6000c000 Threw 0x00000000f6460558 at /build/buildd/openjdk-7-7u75-2.5.4/build/openjdk/hotspot/src/share/vm/prims/jvm.cpp:1284
Event: 5.301 Thread 0x00007f4c6000c000 Threw 0x00000000f6463d58 at /build/buildd/openjdk-7-7u75-2.5.4/build/openjdk/hotspot/src/share/vm/prims/jvm.cpp:1284
Event: 5.302 Thread 0x00007f4c6000c000 Threw 0x00000000f646c4e0 at /build/buildd/openjdk-7-7u75-2.5.4/build/openjdk/hotspot/src/share/vm/prims/jvm.cpp:1284
Event: 5.302 Thread 0x00007f4c6000c000 Threw 0x00000000f646d470 at /build/buildd/openjdk-7-7u75-2.5.4/build/openjdk/hotspot/src/share/vm/prims/jvm.cpp:1284
Event: 5.302 Thread 0x00007f4c6000c000 Threw 0x00000000f6476030 at /build/buildd/openjdk-7-7u75-2.5.4/build/openjdk/hotspot/src/share/vm/prims/jvm.cpp:1284

Events (10 events):
Event: 5.299 loading class 0x00007f4c503e38a0 done
Event: 5.300 loading class 0x00007f4c507b17d0
Event: 5.300 loading class 0x00007f4c507b17d0 done
Event: 5.301 loading class 0x00007f4c503e39a0
Event: 5.301 loading class 0x00007f4c503e39a0 done
Event: 5.301 loading class 0x00007f4c507b1830
Event: 5.301 loading class 0x00007f4c507b1830 done
Event: 5.302 loading class 0x00007f4c503e3a50
Event: 5.302 loading class 0x00007f4c503e3a50 done
Event: 5.303 Executing VM operation: ParallelGCFailedAllocation


Dynamic libraries:
00400000-00401000 r-xp 00000000 08:01 16387174                           /usr/lib/jvm/java-7-openjdk-amd64/jre/bin/java
00600000-00601000 r--p 00000000 08:01 16387174                           /usr/lib/jvm/java-7-openjdk-amd64/jre/bin/java
00601000-00602000 rw-p 00001000 08:01 16387174                           /usr/lib/jvm/java-7-openjdk-amd64/jre/bin/java
02068000-02089000 rw-p 00000000 00:00 0                                  [heap]
80000000-82280000 rw-p 00000000 00:00 0 
82280000-c0000000 rw-p 00000000 00:00 0 
c0000000-c7a00000 rw-p 00000000 00:00 0 
c7a00000-eaa80000 rw-p 00000000 00:00 0 
eaa80000-f7380000 rw-p 00000000 00:00 0 
f7380000-100000000 rw-p 00000000 00:00 0 
7f4c48000000-7f4c48021000 rw-p 00000000 00:00 0 
7f4c48021000-7f4c4c000000 ---p 00000000 00:00 0 
7f4c4c000000-7f4c4c021000 rw-p 00000000 00:00 0 
7f4c4c021000-7f4c50000000 ---p 00000000 00:00 0 
7f4c50000000-7f4c50b87000 rw-p 00000000 00:00 0 
7f4c50b87000-7f4c54000000 ---p 00000000 00:00 0 
7f4c54000000-7f4c54021000 rw-p 00000000 00:00 0 
7f4c54021000-7f4c58000000 ---p 00000000 00:00 0 
7f4c58000000-7f4c58021000 rw-p 00000000 00:00 0 
7f4c58021000-7f4c5c000000 ---p 00000000 00:00 0 
7f4c5c000000-7f4c5c021000 rw-p 00000000 00:00 0 
7f4c5c021000-7f4c60000000 ---p 00000000 00:00 0 
7f4c60000000-7f4c60021000 rw-p 00000000 00:00 0 
7f4c60021000-7f4c64000000 ---p 00000000 00:00 0 
7f4c678b6000-7f4c678b7000 rw-p 00000000 00:00 0 
7f4c678b7000-7f4c678b9000 r--s 00004000 08:01 17826395                   /home/vasanth/android-studio/gradle/m2repository/org/ow2/asm/asm-tree/4.0/asm-tree-4.0.jar
7f4c678b9000-7f4c678bb000 r--s 0000a000 08:01 17826386                   /home/vasanth/android-studio/gradle/m2repository/org/ow2/asm/asm/4.0/asm-4.0.jar
7f4c678bb000-7f4c678c4000 r--s 000a7000 08:01 17826999                   /home/vasanth/android-studio/gradle/m2repository/com/android/tools/external/lombok/lombok-ast/0.2.2/lombok-ast-0.2.2.jar
7f4c678c4000-7f4c678c6000 r--s 0000d000 08:01 17827092                   /home/vasanth/android-studio/gradle/m2repository/commons-codec/commons-codec/1.4/commons-codec-1.4.jar
7f4c678c6000-7f4c678c8000 r--s 0000d000 08:01 17826928                   /home/vasanth/android-studio/gradle/m2repository/commons-logging/commons-logging/1.1.1/commons-logging-1.1.1.jar
7f4c678c8000-7f4c678cd000 r--s 00028000 08:01 17826679                   /home/vasanth/android-studio/gradle/m2repository/org/apache/httpcomponents/httpcore/4.1/httpcore-4.1.jar
7f4c678cd000-7f4c678ce000 r--s 00004000 08:01 17825887                   /home/vasanth/android-studio/gradle/m2repository/org/ow2/asm/asm-analysis/4.0/asm-analysis-4.0.jar
7f4c678ce000-7f4c678d1000 r--s 00029000 08:01 21102689                   /home/vasanth/.gradle/caches/modules-2/files-2.1/com.android.tools.lint/lint-api/24.0.1/dabee09e35f6947d639127efc5a17cba76901bd4/lint-api-24.0.1.jar
7f4c678d1000-7f4c678d2000 r--s 0000a000 08:01 17826965                   /home/vasanth/android-studio/gradle/m2repository/net/sf/kxml/kxml2/2.3.0/kxml2-2.3.0.jar
7f4c678d2000-7f4c678fd000 r--s 001f9000 08:01 17826976                   /home/vasanth/android-studio/gradle/m2repository/com/google/guava/guava/17.0/guava-17.0.jar
7f4c678fd000-7f4c678ff000 r--s 00005000 08:01 17826693                   /home/vasanth/android-studio/gradle/m2repository/org/apache/httpcomponents/httpmime/4.1/httpmime-4.1.jar
7f4c678ff000-7f4c67907000 r--s 0004e000 08:01 17826890                   /home/vasanth/android-studio/gradle/m2repository/org/apache/httpcomponents/httpclient/4.1.1/httpclient-4.1.1.jar
7f4c67907000-7f4c6790e000 r--s 00053000 08:01 17826904                   /home/vasanth/android-studio/gradle/m2repository/org/apache/commons/commons-compress/1.8.1/commons-compress-1.8.1.jar
7f4c6790e000-7f4c6790f000 r--s 00005000 08:01 21102687                   /home/vasanth/.gradle/caches/modules-2/files-2.1/com.android.tools/dvlib/24.0.1/88956eb2faa213e7ecba20d42ea814ad23ccb25a/dvlib-24.0.1.jar
7f4c6790f000-7f4c67912000 r--s 00011000 08:01 21102686                   /home/vasanth/.gradle/caches/modules-2/files-2.1/com.android.tools.layoutlib/layoutlib-api/24.0.1/99e81aa1d57c4a2764e3159ecaeb2c3d87e2adb1/layoutlib-api-24.0.1.jar
7f4c67912000-7f4c67922000 r--s 000d3000 08:01 17826951                   /home/vasanth/android-studio/gradle/m2repository/net/sf/proguard/proguard-base/5.1/proguard-base-5.1.jar
7f4c67922000-7f4c67931000 r--s 001a9000 08:01 17826921                   /home/vasanth/android-studio/gradle/m2repository/org/eclipse/jdt/core/compiler/ecj/4.2.2/ecj-4.2.2.jar
7f4c67931000-7f4c67936000 r--s 0008c000 08:01 21102685                   /home/vasanth/.gradle/caches/modules-2/files-2.1/com.android.tools.lint/lint-checks/24.0.1/5852425e83bbf45642eb4c105999f3873c85321a/lint-checks-24.0.1.jar
7f4c67936000-7f4c67969000 r--s 00203000 08:01 17826448                   /home/vasanth/android-studio/gradle/m2repository/org/bouncycastle/bcprov-jdk15on/1.48/bcprov-jdk15on-1.48.jar
7f4c67969000-7f4c67977000 r--s 00081000 08:01 17826672                   /home/vasanth/android-studio/gradle/m2repository/org/bouncycastle/bcpkix-jdk15on/1.48/bcpkix-jdk15on-1.48.jar
7f4c67977000-7f4c67979000 r--s 00002000 08:01 17826983                   /home/vasanth/android-studio/gradle/m2repository/com/squareup/javawriter/2.5.0/javawriter-2.5.0.jar
7f4c67979000-7f4c6797e000 r--s 00042000 08:01 21102684                   /home/vasanth/.gradle/caches/modules-2/files-2.1/com.android.tools.ddms/ddmlib/24.0.1/96e5bff5e7352c0d4252a34d00e9fe4e1b9a9a60/ddmlib-24.0.1.jar
7f4c6797e000-7f4c67981000 r--s 00029000 08:01 21102683                   /home/vasanth/.gradle/caches/modules-2/files-2.1/com.android.tools.build/manifest-merger/24.0.1/42055d1aaf4b93dbfebfaea3a4fc2f33f76360df/manifest-merger-24.0.1.jar
7f4c67981000-7f4c67986000 r--s 00047000 08:01 21102681                   /home/vasanth/.gradle/caches/modules-2/files-2.1/com.android.tools/sdk-common/24.0.1/78443e0d8bc5fd15ac02a4207752c990969ea32c/sdk-common-24.0.1.jar
7f4c67986000-7f4c67990000 r--s 000a8000 08:01 21102680                   /home/vasanth/.gradle/caches/modules-2/files-2.1/com.android.tools/sdklib/24.0.1/129cb79134719e5e271e9a5d02dda97e359767a7/sdklib-24.0.1.jar
7f4c67990000-7f4c67993000 ---p 00000000 00:00 0 
7f4c67993000-7f4c67a91000 rw-p 00000000 00:00 0                          [stack:16687]
7f4c67a91000-7f4c67afb000 r--s 0069e000 08:01 17959383                   /usr/lib/jvm/java-7-openjdk-amd64/lib/tools.jar
7f4c67afb000-7f4c67afe000 ---p 00000000 00:00 0 
7f4c67afe000-7f4c67bfc000 rw-p 00000000 00:00 0                          [stack:16684]
7f4c67bfc000-7f4c67bff000 ---p 00000000 00:00 0 
7f4c67bff000-7f4c67cfd000 rw-p 00000000 00:00 0                          [stack:16681]
7f4c67cfd000-7f4c67d00000 ---p 00000000 00:00 0 
7f4c67d00000-7f4c67dfe000 rw-p 00000000 00:00 0                          [stack:16680]
7f4c67dfe000-7f4c67e01000 ---p 00000000 00:00 0 
7f4c67e01000-7f4c67eff000 rw-p 00000000 00:00 0                          [stack:16679]
7f4c67eff000-7f4c67f02000 ---p 00000000 00:00 0 
7f4c67f02000-7f4c68000000 rw-p 00000000 00:00 0                          [stack:16678]
7f4c68000000-7f4c68021000 rw-p 00000000 00:00 0 
7f4c68021000-7f4c6c000000 ---p 00000000 00:00 0 
7f4c6c000000-7f4c6c02e000 rw-p 00000000 00:00 0 
7f4c6c02e000-7f4c70000000 ---p 00000000 00:00 0 
7f4c70000000-7f4c711a8000 rw-p 00000000 00:00 0 
7f4c711a8000-7f4c74000000 ---p 00000000 00:00 0 
7f4c74000000-7f4c74021000 rw-p 00000000 00:00 0 
7f4c74021000-7f4c78000000 ---p 00000000 00:00 0 
7f4c78000000-7f4c78021000 rw-p 00000000 00:00 0 
7f4c78021000-7f4c7c000000 ---p 00000000 00:00 0 
7f4c7c000000-7f4c7cbcc000 rw-p 00000000 00:00 0 
7f4c7cbcc000-7f4c80000000 ---p 00000000 00:00 0 
7f4c80000000-7f4c80021000 rw-p 00000000 00:00 0 
7f4c80021000-7f4c84000000 ---p 00000000 00:00 0 
7f4c84000000-7f4c84021000 rw-p 00000000 00:00 0 
7f4c84021000-7f4c88000000 ---p 00000000 00:00 0 
7f4c88000000-7f4c88021000 rw-p 00000000 00:00 0 
7f4c88021000-7f4c8c000000 ---p 00000000 00:00 0 
7f4c8c000000-7f4c8c002000 r--s 00014000 08:01 21102682                   /home/vasanth/.gradle/caches/modules-2/files-2.1/com.android.tools/common/24.0.1/96a3273bdb7dd2babc6b7469c43a6bedb87fb1bf/common-24.0.1.jar
7f4c8c002000-7f4c8c003000 r--s 00000000 08:01 21102679                   /home/vasanth/.gradle/caches/modules-2/files-2.1/com.android.tools.build/builder-test-api/1.0.1/ad1ed006cd1432f84d6018cae5b6c289f8b9a592/builder-test-api-1.0.1.jar
7f4c8c003000-7f4c8c005000 r--s 00003000 08:01 21102678                   /home/vasanth/.gradle/caches/modules-2/files-2.1/com.android.tools.build/builder-model/1.0.1/e48e9a3058bb3a9813248cc79bd64e0c211faa5/builder-model-1.0.1.jar
7f4c8c005000-7f4c8c006000 r--s 00002000 08:01 17826957                   /home/vasanth/android-studio/gradle/m2repository/net/sf/proguard/proguard-gradle/5.1/proguard-gradle-5.1.jar
7f4c8c006000-7f4c8c016000 r--s 00139000 08:01 21102675                   /home/vasanth/.gradle/caches/modules-2/files-2.1/com.android.tools.build/gradle/1.0.1/cd1ae9a4b885e8f07572d0f894f149533c082cc8/gradle-1.0.1.jar
7f4c8c016000-7f4c8c01f000 r--s 000b9000 08:01 16387121                   /usr/lib/jvm/java-7-openjdk-amd64/jre/lib/resources.jar
7f4c8c01f000-7f4c8c022000 ---p 00000000 00:00 0 
7f4c8c022000-7f4c8c120000 rw-p 00000000 00:00 0                          [stack:16677]
7f4c8c120000-7f4c8c124000 r-xp 00000000 08:01 25824103                   /tmp/native-platform5955274055161299277dir/libnative-platform.so
7f4c8c124000-7f4c8c323000 ---p 00004000 08:01 25824103                   /tmp/native-platform5955274055161299277dir/libnative-platform.so
7f4c8c323000-7f4c8c324000 rw-p 00003000 08:01 25824103                   /tmp/native-platform5955274055161299277dir/libnative-platform.so
7f4c8c324000-7f4c8c327000 r--s 00007000 08:01 17827114                   /home/vasanth/android-studio/gradle/gradle-2.2.1/lib/plugins/gradle-language-jvm-2.2.1.jar
7f4c8c327000-7f4c8c329000 r--s 00018000 08:01 21102677                   /home/vasanth/.gradle/caches/modules-2/files-2.1/com.android.tools.lint/lint/24.0.1/d014feecb7c9f4a4bba61b056ff9251c5279df24/lint-24.0.1.jar
7f4c8c329000-7f4c8c32d000 r--s 00031000 08:01 21102676                   /home/vasanth/.gradle/caches/modules-2/files-2.1/com.android.tools.build/builder/1.0.1/c8d3894bf14b2754a94b5091a4a4bd84ea0aa6fc/builder-1.0.1.jar
7f4c8c32d000-7f4c8c330000 ---p 00000000 00:00 0 
7f4c8c330000-7f4c8c366000 rw-p 00000000 00:00 0                          [stack:16686]
7f4c8c366000-7f4c8c367000 r--p 00000000 00:00 0 
7f4c8c367000-7f4c8c36e000 r--s 00000000 08:01 16147151                   /usr/lib/x86_64-linux-gnu/gconv/gconv-modules.cache
7f4c8c36e000-7f4c8c372000 r--s 0004d000 08:01 16387135                   /usr/lib/jvm/java-7-openjdk-amd64/jre/lib/jsse.jar
7f4c8c372000-7f4c8c374000 r--s 00002000 08:01 17827125                   /home/vasanth/android-studio/gradle/gradle-2.2.1/lib/plugins/gradle-cunit-2.2.1.jar
7f4c8c374000-7f4c8c379000 r--s 00036000 08:01 17827159                   /home/vasanth/android-studio/gradle/gradle-2.2.1/lib/plugins/gradle-ide-native-2.2.1.jar
7f4c8c379000-7f4c8c37e000 r--s 00013000 08:01 17827187                   /home/vasanth/android-studio/gradle/gradle-2.2.1/lib/plugins/gradle-language-native-2.2.1.jar
7f4c8c37e000-7f4c8c389000 r--s 0004d000 08:01 17827107                   /home/vasanth/android-studio/gradle/gradle-2.2.1/lib/plugins/gradle-platform-native-2.2.1.jar
7f4c8c389000-7f4c8c38b000 r--s 00008000 08:01 17827176                   /home/vasanth/android-studio/gradle/gradle-2.2.1/lib/plugins/gradle-language-groovy-2.2.1.jar
7f4c8c38b000-7f4c8c390000 r--s 00022000 08:01 17827096                   /home/vasanth/android-studio/gradle/gradle-2.2.1/lib/plugins/gradle-language-java-2.2.1.jar
7f4c8c390000-7f4c8c395000 r--s 00018000 08:01 17827165                   /home/vasanth/android-studio/gradle/gradle-2.2.1/lib/plugins/gradle-platform-base-2.2.1.jar
7f4c8c395000-7f4c8c3ad000 r--s 0013b000 08:01 17827143                   /home/vasanth/android-studio/gradle/gradle-2.2.1/lib/plugins/bndlib-2.1.0.jar
7f4c8c3ad000-7f4c8c3af000 r--s 00004000 08:01 17827160                   /home/vasanth/android-studio/gradle/gradle-2.2.1/lib/plugins/gradle-osgi-2.2.1.jar
7f4c8c3af000-7f4c8c3b0000 r--s 00001000 08:01 17827129                   /home/vasanth/android-studio/gradle/gradle-2.2.1/lib/plugins/gradle-plugin-development-2.2.1.jar
7f4c8c3b0000-7f4c8c3b3000 r--s 00009000 08:01 17827156                   /home/vasanth/android-studio/gradle/gradle-2.2.1/lib/plugins/gradle-platform-jvm-2.2.1.jar
7f4c8c3b3000-7f4c8c3b8000 r--s 00026000 08:01 17827128                   /home/vasanth/android-studio/gradle/gradle-2.2.1/lib/plugins/gradle-build-init-2.2.1.jar
7f4c8c3b8000-7f4c8c3bb000 r--s 0001d000 08:01 17827152                   /home/vasanth/android-studio/gradle/gradle-2.2.1/lib/plugins/gradle-jacoco-2.2.1.jar
7f4c8c3bb000-7f4c8c3be000 r--s 0000d000 08:01 17827154                   /home/vasanth/android-studio/gradle/gradle-2.2.1/lib/plugins/gradle-ivy-2.2.1.jar
7f4c8c3be000-7f4c8c3c0000 r--s 00002000 08:01 17827131                   /home/vasanth/android-studio/gradle/gradle-2.2.1/lib/plugins/gradle-publish-2.2.1.jar
7f4c8c3c0000-7f4c8c3c2000 r--s 00005000 08:01 17827097                   /home/vasanth/android-studio/gradle/gradle-2.2.1/lib/plugins/jatl-0.2.2.jar
7f4c8c3c2000-7f4c8c3c4000 r--s 0000f000 08:01 17827121                   /home/vasanth/android-studio/gradle/gradle-2.2.1/lib/plugins/gradle-reporting-2.2.1.jar
7f4c8c3c4000-7f4c8c3c9000 r--s 00034000 08:01 17827163                   /home/vasanth/android-studio/gradle/gradle-2.2.1/lib/plugins/gradle-diagnostics-2.2.1.jar
7f4c8c3c9000-7f4c8c3d0000 r--s 00090000 08:01 17827170                   /home/vasanth/android-studio/gradle/gradle-2.2.1/lib/plugins/gradle-build-comparison-2.2.1.jar
7f4c8c3d0000-7f4c8c3d7000 r--s 00035000 08:01 17827139                   /home/vasanth/android-studio/gradle/gradle-2.2.1/lib/plugins/simple-4.1.21.jar
7f4c8c3d7000-7f4c8c3e3000 r--s 00100000 08:01 17827198                   /home/vasanth/android-studio/gradle/gradle-2.2.1/lib/plugins/rhino-1.7R3.jar
7f4c8c3e3000-7f4c8c3e8000 r--s 0001f000 08:01 17827177                   /home/vasanth/android-studio/gradle/gradle-2.2.1/lib/plugins/gradle-javascript-2.2.1.jar
7f4c8c3e8000-7f4c8c3ea000 r--s 0000e000 08:01 17827126                   /home/vasanth/android-studio/gradle/gradle-2.2.1/lib/plugins/gradle-ear-2.2.1.jar
7f4c8c3ea000-7f4c8c3ee000 r--s 00025000 08:01 17827195                   /home/vasanth/android-studio/gradle/gradle-2.2.1/lib/plugins/bcpg-jdk15-1.46.jar
7f4c8c3ee000-7f4c8c3f1000 r--s 0001d000 08:01 17827197                   /home/vasanth/android-studio/gradle/gradle-2.2.1/lib/plugins/gradle-signing-2.2.1.jar
7f4c8c3f1000-7f4c8c3f2000 r--s 00002000 08:01 17827171                   /home/vasanth/android-studio/gradle/gradle-2.2.1/lib/plugins/sonar-batch-bootstrapper-2.9.jar
7f4c8c3f2000-7f4c8c3f5000 r--s 00018000 08:01 17827199                   /home/vasanth/android-studio/gradle/gradle-2.2.1/lib/plugins/gradle-sonar-2.2.1.jar
7f4c8c3f5000-7f4c8c3f8000 r--s 00017000 08:01 17827134                   /home/vasanth/android-studio/gradle/gradle-2.2.1/lib/plugins/gradle-scala-2.2.1.jar
7f4c8c3f8000-7f4c8c3fa000 r--s 0000e000 08:01 17827099                   /home/vasanth/android-studio/gradle/gradle-2.2.1/lib/plugins/gradle-announce-2.2.1.jar
7f4c8c3fa000-7f4c8c408000 r--s 000bc000 08:01 17827193                   /home/vasanth/android-studio/gradle/gradle-2.2.1/lib/plugins/gradle-ide-2.2.1.jar
7f4c8c408000-7f4c8c40a000 r--s 00000000 08:01 17827133                   /home/vasanth/android-studio/gradle/gradle-2.2.1/lib/plugins/plexus-component-annotations-1.5.2.jar
7f4c8c40a000-7f4c8c40d000 r--s 0000c000 08:01 17827110                   /home/vasanth/android-studio/gradle/gradle-2.2.1/lib/plugins/pmaven-groovy-0.8-20100325.jar
7f4c8c40d000-7f4c8c40e000 r--s 00004000 08:01 17827157                   /home/vasanth/android-studio/gradle/gradle-2.2.1/lib/plugins/pmaven-common-0.8-20100325.jar
7f4c8c40e000-7f4c8c412000 r--s 0001e000 08:01 17827112                   /home/vasanth/android-studio/gradle/gradle-2.2.1/lib/plugins/gradle-maven-2.2.1.jar
7f4c8c412000-7f4c8c417000 r--s 00068000 08:01 17827146                   /home/vasanth/android-studio/gradle/gradle-2.2.1/lib/plugins/antlr-2.7.7.jar
7f4c8c417000-7f4c8c418000 r--s 00002000 08:01 17827174                   /home/vasanth/android-studio/gradle/gradle-2.2.1/lib/plugins/ant-antlr-1.9.3.jar
7f4c8c418000-7f4c8c41a000 r--s 00004000 08:01 17827181                   /home/vasanth/android-studio/gradle/gradle-2.2.1/lib/plugins/gradle-antlr-2.2.1.jar
7f4c8c41a000-7f4c8c41d000 r--s 0001e000 08:01 17827141                   /home/vasanth/android-studio/gradle/gradle-2.2.1/lib/plugins/jsp-api-2.1-6.1.14.jar
7f4c8c41d000-7f4c8c440000 r--s 00344000 08:01 17827103                   /home/vasanth/android-studio/gradle/gradle-2.2.1/lib/plugins/core-3.1.1.jar
7f4c8c440000-7f4c8c441000 r--s 00006000 08:01 17827169                   /home/vasanth/android-studio/gradle/gradle-2.2.1/lib/plugins/jetty-naming-6.1.25.jar
7f4c8c441000-7f4c8c442000 r--s 00002000 08:01 17827150                   /home/vasanth/android-studio/gradle/gradle-2.2.1/lib/plugins/geronimo-annotation_1.0_spec-1.0.jar
7f4c8c442000-7f4c8c444000 r--s 00002000 08:01 17827132                   /home/vasanth/android-studio/gradle/gradle-2.2.1/lib/plugins/jetty-annotations-6.1.25.jar
7f4c8c444000-7f4c8c455000 r--s 000ea000 08:01 17827178                   /home/vasanth/android-studio/gradle/gradle-2.2.1/lib/plugins/jsp-2.1-6.1.14.jar
7f4c8c455000-7f4c8c457000 r--s 0000d000 08:01 17827113                   /home/vasanth/android-studio/gradle/gradle-2.2.1/lib/plugins/jetty-plus-6.1.25.jar
7f4c8c457000-7f4c8c459000 r--s 0001f000 08:01 17827138                   /home/vasanth/android-studio/gradle/gradle-2.2.1/lib/plugins/servlet-api-2.5-20081211.jar
7f4c8c459000-7f4c8c45d000 r--s 00028000 08:01 17827151                   /home/vasanth/android-studio/gradle/gradle-2.2.1/lib/plugins/jetty-util-6.1.25.jar
7f4c8c45d000-7f4c8c464000 r--s 0007d000 08:01 17827109                   /home/vasanth/android-studio/gradle/gradle-2.2.1/lib/plugins/jetty-6.1.25.jar
7f4c8c464000-7f4c8c466000 r--s 00009000 08:01 17827127                   /home/vasanth/android-studio/gradle/gradle-2.2.1/lib/plugins/gradle-jetty-2.2.1.jar
7f4c8c466000-7f4c8c46b000 r--s 00041000 08:01 17827188                   /home/vasanth/android-studio/gradle/gradle-2.2.1/lib/plugins/gradle-code-quality-2.2.1.jar
7f4c8c46b000-7f4c8c46d000 r--s 00009000 08:01 17827142                   /home/vasanth/android-studio/gradle/gradle-2.2.1/lib/plugins/hamcrest-core-1.3.jar
7f4c8c46d000-7f4c8c473000 r--s 00033000 08:01 17827149                   /home/vasanth/android-studio/gradle/gradle-2.2.1/lib/plugins/snakeyaml-1.6.jar
7f4c8c473000-7f4c8c475000 r--s 00006000 08:01 17827135                   /home/vasanth/android-studio/gradle/gradle-2.2.1/lib/plugins/jcommander-1.12.jar
7f4c8c475000-7f4c8c47a000 r--s 00040000 08:01 17827137                   /home/vasanth/android-studio/gradle/gradle-2.2.1/lib/plugins/bsh-2.0b4.jar
7f4c8c47a000-7f4c8c47c000 r--s 00009000 08:01 17827140                   /home/vasanth/android-studio/gradle/gradle-2.2.1/lib/plugins/commons-cli-1.2.jar
7f4c8c47c000-7f4c8c485000 r--s 00089000 08:01 17827095                   /home/vasanth/android-studio/gradle/gradle-2.2.1/lib/plugins/testng-6.3.1.jar
7f4c8c485000-7f4c8c48b000 r--s 00036000 08:01 17827183                   /home/vasanth/android-studio/gradle/gradle-2.2.1/lib/plugins/junit-4.11.jar
7f4c8c48b000-7f4c8c497000 r--s 00075000 08:01 17827173                   /home/vasanth/android-studio/gradle/gradle-2.2.1/lib/plugins/gradle-plugins-2.2.1.jar
7f4c8c497000-7f4c8c49a000 r--s 00011000 08:01 17827161                   /home/vasanth/android-studio/gradle/gradle-2.2.1/lib/plugins/gradle-plugin-use-2.2.1.jar
7f4c8c49a000-7f4c8c4b2000 r--s 00115000 08:01 17827196                   /home/vasanth/android-studio/gradle/gradle-2.2.1/lib/plugins/xercesImpl-2.9.1.jar
7f4c8c4b2000-7f4c8c4ba000 r--s 00028000 08:01 17827144                   /home/vasanth/android-studio/gradle/gradle-2.2.1/lib/plugins/xml-apis-1.3.04.jar
7f4c8c4ba000-7f4c8c4c0000 r--s 0005b000 08:01 17827111                   /home/vasanth/android-studio/gradle/gradle-2.2.1/lib/plugins/jcifs-1.3.17.jar
7f4c8c4c0000-7f4c8c4c6000 r--s 00031000 08:01 17827179                   /home/vasanth/android-studio/gradle/gradle-2.2.1/lib/plugins/httpcore-4.2.2.jar
7f4c8c4c6000-7f4c8c4cc000 r--s 00033000 08:01 17827098                   /home/vasanth/android-studio/gradle/gradle-2.2.1/lib/plugins/commons-codec-1.6.jar
7f4c8c4cc000-7f4c8c4cf000 r--s 0001c000 08:01 17827182                   /home/vasanth/android-studio/gradle/gradle-2.2.1/lib/plugins/nekohtml-1.9.14.jar
7f4c8c4cf000-7f4c8c4d8000 r--s 00060000 08:01 17827120                   /home/vasanth/android-studio/gradle/gradle-2.2.1/lib/plugins/httpclient-4.2.2.jar
7f4c8c4d8000-7f4c8c4da000 r--s 00007000 08:01 17827162                   /home/vasanth/android-studio/gradle/gradle-2.2.1/lib/plugins/gradle-resources-http-2.2.1.jar
7f4c8c4da000-7f4c8c502000 r--s 00194000 08:01 17827184                   /home/vasanth/android-studio/gradle/gradle-2.2.1/lib/plugins/bcprov-jdk15-1.46.jar
7f4c8c502000-7f4c8c506000 r--s 0001d000 08:01 17827117                   /home/vasanth/android-studio/gradle/gradle-2.2.1/lib/plugins/xbean-reflect-3.4.jar
7f4c8c506000-7f4c8c50b000 r--s 0002a000 08:01 17827192                   /home/vasanth/android-studio/gradle/gradle-2.2.1/lib/plugins/gson-2.2.4.jar
7f4c8c50b000-7f4c8c50f000 r--s 0003d000 08:01 17827108                   /home/vasanth/android-studio/gradle/gradle-2.2.1/lib/plugins/jsch-0.1.51.jar
7f4c8c50f000-7f4c8c528000 r--s 00129000 08:01 17827116                   /home/vasanth/android-studio/gradle/gradle-2.2.1/lib/plugins/maven-ant-tasks-2.1.3.jar
7f4c8c528000-7f4c8c537000 r--s 000d9000 08:01 17827189                   /home/vasanth/android-studio/gradle/gradle-2.2.1/lib/plugins/ivy-2.2.0.jar
7f4c8c537000-7f4c8c53b000 r--s 0001e000 08:01 17827158                   /home/vasanth/android-studio/gradle/gradle-2.2.1/lib/plugins/jarjar-aether-impl-1.13.1.jar
7f4c8c53b000-7f4c8c53e000 r--s 00027000 08:01 17827118                   /home/vasanth/android-studio/gradle/gradle-2.2.1/lib/plugins/jarjar-maven-model-3.0.4.jar
7f4c8c53e000-7f4c8c541000 r--s 0000b000 08:01 17827186                   /home/vasanth/android-studio/gradle/gradle-2.2.1/lib/plugins/jarjar-maven-artifact-3.0.4.jar
7f4c8c541000-7f4c8c545000 r--s 0001e000 08:01 17827115                   /home/vasanth/android-studio/gradle/gradle-2.2.1/lib/plugins/jarjar-aether-util-1.13.1.jar
7f4c8c545000-7f4c8c547000 r--s 00007000 08:01 17827122                   /home/vasanth/android-studio/gradle/gradle-2.2.1/lib/plugins/jarjar-wagon-http-shared4-2.4.jar
7f4c8c547000-7f4c8c554000 r--s 00083000 08:01 17827167                   /home/vasanth/android-studio/gradle/gradle-2.2.1/lib/plugins/jarjar-maven-core-3.0.4.jar
7f4c8c554000-7f4c8c556000 r--s 00003000 08:01 17827148                   /home/vasanth/android-studio/gradle/gradle-2.2.1/lib/plugins/jarjar-aether-spi-1.13.1.jar
7f4c8c556000-7f4c8c558000 r--s 00009000 08:01 17827104                   /home/vasanth/android-studio/gradle/gradle-2.2.1/lib/plugins/jarjar-maven-settings-builder-3.0.4.jar
7f4c8c558000-7f4c8c55c000 r--s 00014000 08:01 17827200                   /home/vasanth/android-studio/gradle/gradle-2.2.1/lib/plugins/jarjar-aether-api-1.13.1.jar
7f4c8c55c000-7f4c8c55d000 r--s 00002000 08:01 17827130                   /home/vasanth/android-studio/gradle/gradle-2.2.1/lib/plugins/jarjar-wagon-http-2.4.jar
7f4c8c55d000-7f4c8c564000 r--s 00042000 08:01 17827119                   /home/vasanth/android-studio/gradle/gradle-2.2.1/lib/plugins/jarjar-maven-compat-3.0.4.jar
7f4c8c564000-7f4c8c566000 r--s 00006000 08:01 17827164                   /home/vasanth/android-studio/gradle/gradle-2.2.1/lib/plugins/jarjar-aether-connector-wagon-1.13.1.jar
7f4c8c566000-7f4c8c568000 r--s 00000000 08:01 17827136                   /home/vasanth/android-studio/gradle/gradle-2.2.1/lib/plugins/jarjar-plexus-component-annotations-1.5.5.jar
7f4c8c568000-7f4c8c56a000 r--s 00006000 08:01 17827175                   /home/vasanth/android-studio/gradle/gradle-2.2.1/lib/plugins/jarjar-plexus-sec-dispatcher-1.3.jar
7f4c8c56a000-7f4c8c56f000 r--s 00022000 08:01 17827180                   /home/vasanth/android-studio/gradle/gradle-2.2.1/lib/plugins/jarjar-maven-model-builder-3.0.4.jar
7f4c8c56f000-7f4c8c571000 r--s 0000b000 08:01 17827145                   /home/vasanth/android-studio/gradle/gradle-2.2.1/lib/plugins/jarjar-maven-plugin-api-3.0.4.jar
7f4c8c571000-7f4c8c574000 r--s 0000a000 08:01 17827100                   /home/vasanth/android-studio/gradle/gradle-2.2.1/lib/plugins/jarjar-plexus-classworlds-2.4.jar
7f4c8c574000-7f4c8c578000 r--s 00035000 08:01 17827190                   /home/vasanth/android-studio/gradle/gradle-2.2.1/lib/plugins/jarjar-plexus-utils-2.0.6.jar
7f4c8c578000-7f4c8c57a000 r--s 0000e000 08:01 17827123                   /home/vasanth/android-studio/gradle/gradle-2.2.1/lib/plugins/jarjar-plexus-interpolation-1.14.jar
7f4c8c57a000-7f4c8c57c000 r--s 00002000 08:01 17827153                   /home/vasanth/android-studio/gradle/gradle-2.2.1/lib/plugins/jarjar-plexus-cipher-1.7.jar
7f4c8c57c000-7f4c8c57e000 r--s 0000c000 08:01 17827166                   /home/vasanth/android-studio/gradle/gradle-2.2.1/lib/plugins/jarjar-wagon-provider-api-2.4.jar
7f4c8c57e000-7f4c8c586000 r--s 00031000 08:01 17827124                   /home/vasanth/android-studio/gradle/gradle-2.2.1/lib/plugins/jarjar-plexus-container-default-1.5.5.jar
7f4c8c586000-7f4c8c596000 r-xp 00000000 08:01 16387145                   /usr/lib/jvm/java-7-openjdk-amd64/jre/lib/amd64/libnio.so
7f4c8c596000-7f4c8c796000 ---p 00010000 08:01 16387145                   /usr/lib/jvm/java-7-openjdk-amd64/jre/lib/amd64/libnio.so
7f4c8c796000-7f4c8c797000 r--p 00010000 08:01 16387145                   /usr/lib/jvm/java-7-openjdk-amd64/jre/lib/amd64/libnio.so
7f4c8c797000-7f4c8c798000 rw-p 00011000 08:01 16387145                   /usr/lib/jvm/java-7-openjdk-amd64/jre/lib/amd64/libnio.so
7f4c8c798000-7f4c8c7c9000 rw-p 00000000 00:00 0 
7f4c8c7c9000-7f4c8c806000 r-xp 00000000 08:01 4198346                    /lib/x86_64-linux-gnu/libpcre.so.3.13.1
7f4c8c806000-7f4c8ca05000 ---p 0003d000 08:01 4198346                    /lib/x86_64-linux-gnu/libpcre.so.3.13.1
7f4c8ca05000-7f4c8ca06000 r--p 0003c000 08:01 4198346                    /lib/x86_64-linux-gnu/libpcre.so.3.13.1
7f4c8ca06000-7f4c8ca07000 rw-p 0003d000 08:01 4198346                    /lib/x86_64-linux-gnu/libpcre.so.3.13.1
7f4c8ca07000-7f4c8ca0e000 r-xp 00000000 08:01 15736616                   /usr/lib/x86_64-linux-gnu/libffi.so.6.0.1
7f4c8ca0e000-7f4c8cc0d000 ---p 00007000 08:01 15736616                   /usr/lib/x86_64-linux-gnu/libffi.so.6.0.1
7f4c8cc0d000-7f4c8cc0e000 r--p 00006000 08:01 15736616                   /usr/lib/x86_64-linux-gnu/libffi.so.6.0.1
7f4c8cc0e000-7f4c8cc0f000 rw-p 00007000 08:01 15736616                   /usr/lib/x86_64-linux-gnu/libffi.so.6.0.1
7f4c8cc0f000-7f4c8cc26000 r-xp 00000000 08:01 4196930                    /lib/x86_64-linux-gnu/libresolv-2.19.so
7f4c8cc26000-7f4c8ce26000 ---p 00017000 08:01 4196930                    /lib/x86_64-linux-gnu/libresolv-2.19.so
7f4c8ce26000-7f4c8ce27000 r--p 00017000 08:01 4196930                    /lib/x86_64-linux-gnu/libresolv-2.19.so
7f4c8ce27000-7f4c8ce28000 rw-p 00018000 08:01 4196930                    /lib/x86_64-linux-gnu/libresolv-2.19.so
7f4c8ce28000-7f4c8ce2a000 rw-p 00000000 00:00 0 
7f4c8ce2a000-7f4c8ce4a000 r-xp 00000000 08:01 4198941                    /lib/x86_64-linux-gnu/libselinux.so.1
7f4c8ce4a000-7f4c8d049000 ---p 00020000 08:01 4198941                    /lib/x86_64-linux-gnu/libselinux.so.1
7f4c8d049000-7f4c8d04a000 r--p 0001f000 08:01 4198941                    /lib/x86_64-linux-gnu/libselinux.so.1
7f4c8d04a000-7f4c8d04b000 rw-p 00020000 08:01 4198941                    /lib/x86_64-linux-gnu/libselinux.so.1
7f4c8d04b000-7f4c8d04d000 rw-p 00000000 00:00 0 
7f4c8d04d000-7f4c8d050000 r-xp 00000000 08:01 15729004                   /usr/lib/x86_64-linux-gnu/libgmodule-2.0.so.0.4002.0
7f4c8d050000-7f4c8d24f000 ---p 00003000 08:01 15729004                   /usr/lib/x86_64-linux-gnu/libgmodule-2.0.so.0.4002.0
7f4c8d24f000-7f4c8d250000 r--p 00002000 08:01 15729004                   /usr/lib/x86_64-linux-gnu/libgmodule-2.0.so.0.4002.0
7f4c8d250000-7f4c8d251000 rw-p 00003000 08:01 15729004                   /usr/lib/x86_64-linux-gnu/libgmodule-2.0.so.0.4002.0
7f4c8d251000-7f4c8d357000 r-xp 00000000 08:01 4218194                    /lib/x86_64-linux-gnu/libglib-2.0.so.0.4002.0
7f4c8d357000-7f4c8d556000 ---p 00106000 08:01 4218194                    /lib/x86_64-linux-gnu/libglib-2.0.so.0.4002.0
7f4c8d556000-7f4c8d557000 r--p 00105000 08:01 4218194                    /lib/x86_64-linux-gnu/libglib-2.0.so.0.4002.0
7f4c8d557000-7f4c8d558000 rw-p 00106000 08:01 4218194                    /lib/x86_64-linux-gnu/libglib-2.0.so.0.4002.0
7f4c8d558000-7f4c8d559000 rw-p 00000000 00:00 0 
7f4c8d559000-7f4c8d5a8000 r-xp 00000000 08:01 15729022                   /usr/lib/x86_64-linux-gnu/libgobject-2.0.so.0.4002.0
7f4c8d5a8000-7f4c8d7a8000 ---p 0004f000 08:01 15729022                   /usr/lib/x86_64-linux-gnu/libgobject-2.0.so.0.4002.0
7f4c8d7a8000-7f4c8d7a9000 r--p 0004f000 08:01 15729022                   /usr/lib/x86_64-linux-gnu/libgobject-2.0.so.0.4002.0
7f4c8d7a9000-7f4c8d7aa000 rw-p 00050000 08:01 15729022                   /usr/lib/x86_64-linux-gnu/libgobject-2.0.so.0.4002.0
7f4c8d7aa000-7f4c8d916000 r-xp 00000000 08:01 15729026                   /usr/lib/x86_64-linux-gnu/libgio-2.0.so.0.4002.0
7f4c8d916000-7f4c8db15000 ---p 0016c000 08:01 15729026                   /usr/lib/x86_64-linux-gnu/libgio-2.0.so.0.4002.0
7f4c8db15000-7f4c8db19000 r--p 0016b000 08:01 15729026                   /usr/lib/x86_64-linux-gnu/libgio-2.0.so.0.4002.0
7f4c8db19000-7f4c8db1b000 rw-p 0016f000 08:01 15729026                   /usr/lib/x86_64-linux-gnu/libgio-2.0.so.0.4002.0
7f4c8db1b000-7f4c8db1d000 rw-p 00000000 00:00 0 
7f4c8db1d000-7f4c8db1f000 r--s 0000d000 08:01 17827172                   /home/vasanth/android-studio/gradle/gradle-2.2.1/lib/plugins/jarjar-maven-aether-provider-3.0.4.jar
7f4c8db1f000-7f4c8db20000 r--s 00007000 08:01 17827147                   /home/vasanth/android-studio/gradle/gradle-2.2.1/lib/plugins/jarjar-maven-repository-metadata-3.0.4.jar
7f4c8db20000-7f4c8db21000 r--s 0000b000 08:01 17827185                   /home/vasanth/android-studio/gradle/gradle-2.2.1/lib/plugins/jarjar-maven-settings-3.0.4.jar
7f4c8db21000-7f4c8db39000 r--s 000b5000 08:01 17827155                   /home/vasanth/android-studio/gradle/gradle-2.2.1/lib/plugins/gradle-dependency-management-2.2.1.jar
7f4c8db39000-7f4c8db50000 r-xp 00000000 08:01 16387149                   /usr/lib/jvm/java-7-openjdk-amd64/jre/lib/amd64/libnet.so
7f4c8db50000-7f4c8dd4f000 ---p 00017000 08:01 16387149                   /usr/lib/jvm/java-7-openjdk-amd64/jre/lib/amd64/libnet.so
7f4c8dd4f000-7f4c8dd50000 r--p 00016000 08:01 16387149                   /usr/lib/jvm/java-7-openjdk-amd64/jre/lib/amd64/libnet.so
7f4c8dd50000-7f4c8dd51000 rw-p 00017000 08:01 16387149                   /usr/lib/jvm/java-7-openjdk-amd64/jre/lib/amd64/libnet.so
7f4c8dd51000-7f4c8dd52000 r--s 00005000 08:01 17698492                   /home/vasanth/android-studio/gradle/gradle-2.2.1/lib/gradle-wrapper-2.2.1.jar
7f4c8dd52000-7f4c8dd5b000 r--s 0002c000 08:01 17698476                   /home/vasanth/android-studio/gradle/gradle-2.2.1/lib/gradle-tooling-api-2.2.1.jar
7f4c8dd5b000-7f4c8dd5d000 r--s 00002000 08:01 17698468                   /home/vasanth/android-studio/gradle/gradle-2.2.1/lib/gradle-open-api-2.2.1.jar
7f4c8dd5d000-7f4c8dd63000 r--s 00032000 08:01 17698487                   /home/vasanth/android-studio/gradle/gradle-2.2.1/lib/jaxen-1.1.jar
7f4c8dd63000-7f4c8dd68000 r--s 00048000 08:01 17698453                   /home/vasanth/android-studio/gradle/gradle-2.2.1/lib/dom4j-1.6.1.jar
7f4c8dd68000-7f4c8dd73000 r--s 00059000 08:01 17698477                   /home/vasanth/android-studio/gradle/gradle-2.2.1/lib/gradle-ui-2.2.1.jar
7f4c8dd73000-7f4c8dd75000 r--s 00006000 08:01 17698488                   /home/vasanth/android-studio/gradle/gradle-2.2.1/lib/gradle-resources-2.2.1.jar
7f4c8dd75000-7f4c8dd77000 r--s 00007000 08:01 17698479                   /home/vasanth/android-studio/gradle/gradle-2.2.1/lib/objenesis-1.2.jar
7f4c8dd77000-7f4c8dd79000 r--s 00000000 08:01 17698445                   /home/vasanth/android-studio/gradle/gradle-2.2.1/lib/minlog-1.2.jar
7f4c8dd79000-7f4c8dd7b000 r--s 0000f000 08:01 17698460                   /home/vasanth/android-studio/gradle/gradle-2.2.1/lib/reflectasm-1.07-shaded.jar
7f4c8dd7b000-7f4c8dd7f000 r--s 00026000 08:01 17698459                   /home/vasanth/android-studio/gradle/gradle-2.2.1/lib/kryo-2.20.jar
7f4c8dd7f000-7f4c8dd88000 r--s 00039000 08:01 17698451                   /home/vasanth/android-studio/gradle/gradle-2.2.1/lib/gradle-messaging-2.2.1.jar
7f4c8dd88000-7f4c8dd89000 r--s 00003000 08:01 17698485                   /home/vasanth/android-studio/gradle/gradle-2.2.1/lib/native-platform-freebsd-amd64-0.10.jar
7f4c8dd89000-7f4c8dd8a000 r--s 00003000 08:01 17698486                   /home/vasanth/android-studio/gradle/gradle-2.2.1/lib/native-platform-freebsd-i386-0.10.jar
7f4c8dd8a000-7f4c8dd8b000 r--s 00005000 08:01 17698443                   /home/vasanth/android-studio/gradle/gradle-2.2.1/lib/native-platform-windows-i386-0.10.jar
7f4c8dd8b000-7f4c8dd8c000 r--s 00005000 08:01 17698458                   /home/vasanth/android-studio/gradle/gradle-2.2.1/lib/native-platform-windows-amd64-0.10.jar
7f4c8dd8c000-7f4c8dd8d000 r--s 00003000 08:01 17698481                   /home/vasanth/android-studio/gradle/gradle-2.2.1/lib/native-platform-linux-i386-0.10.jar
7f4c8dd8d000-7f4c8dd8e000 r--s 00003000 08:01 17698472                   /home/vasanth/android-studio/gradle/gradle-2.2.1/lib/native-platform-linux-amd64-0.10.jar
7f4c8dd8e000-7f4c8dd8f000 r--s 00002000 08:01 17698482                   /home/vasanth/android-studio/gradle/gradle-2.2.1/lib/native-platform-osx-amd64-0.10.jar
7f4c8dd8f000-7f4c8dd90000 r--s 00002000 08:01 17698475                   /home/vasanth/android-studio/gradle/gradle-2.2.1/lib/native-platform-osx-i386-0.10.jar
7f4c8dd90000-7f4c8dd92000 r--s 00008000 08:01 17698442                   /home/vasanth/android-studio/gradle/gradle-2.2.1/lib/jansi-1.2.1.jar
7f4c8dd92000-7f4c8dd95000 r--s 0000d000 08:01 17698470                   /home/vasanth/android-studio/gradle/gradle-2.2.1/lib/native-platform-0.10.jar
7f4c8dd95000-7f4c8dd99000 r--s 000e4000 08:01 17698490                   /home/vasanth/android-studio/gradle/gradle-2.2.1/lib/jna-3.2.7.jar
7f4c8dd99000-7f4c8dd9b000 r--s 00008000 08:01 17698463                   /home/vasanth/android-studio/gradle/gradle-2.2.1/lib/gradle-native-2.2.1.jar
7f4c8dd9b000-7f4c8dd9d000 r--s 00005000 08:01 17698461                   /home/vasanth/android-studio/gradle/gradle-2.2.1/lib/gradle-cli-2.2.1.jar
7f4c8dd9d000-7f4c8dd9f000 r--s 00003000 08:01 17698462                   /home/vasanth/android-studio/gradle/gradle-2.2.1/lib/gradle-base-services-groovy-2.2.1.jar
7f4c8dd9f000-7f4c8dda1000 r--s 0000a000 08:01 17698474                   /home/vasanth/android-studio/gradle/gradle-2.2.1/lib/gradle-model-groovy-2.2.1.jar
7f4c8dda1000-7f4c8dda5000 r--s 0001b000 08:01 17698440                   /home/vasanth/android-studio/gradle/gradle-2.2.1/lib/gradle-model-core-2.2.1.jar
7f4c8dda5000-7f4c8dda7000 r--s 00003000 08:01 17698478                   /home/vasanth/android-studio/gradle/gradle-2.2.1/lib/jcl-over-slf4j-1.7.7.jar
7f4c8dda7000-7f4c8ddaa000 r--s 0001b000 08:01 17698466                   /home/vasanth/android-studio/gradle/gradle-2.2.1/lib/jarjar-1.3.jar
7f4c8ddaa000-7f4c8ddb4000 r--s 0005d000 08:01 17698449                   /home/vasanth/android-studio/gradle/gradle-2.2.1/lib/logback-core-1.0.13.jar
7f4c8ddb4000-7f4c8ddc2000 r--s 0007f000 08:01 17698450                   /home/vasanth/android-studio/gradle/gradle-2.2.1/lib/commons-collections-3.2.1.jar
7f4c8ddc2000-7f4c8de2d000 r--s 00685000 08:01 17698444                   /home/vasanth/android-studio/gradle/gradle-2.2.1/lib/groovy-all-2.3.6.jar
7f4c8de2d000-7f4c8de55000 r--s 001cf000 08:01 17698465                   /home/vasanth/android-studio/gradle/gradle-2.2.1/lib/guava-jdk5-17.0.jar
7f4c8de55000-7f4c8de74000 r--s 001cc000 08:01 17698491                   /home/vasanth/android-studio/gradle/gradle-2.2.1/lib/ant-1.9.3.jar
7f4c8de74000-7f4c8dea5000 r--s 00191000 08:01 17698439                   /home/vasanth/android-studio/gradle/gradle-2.2.1/lib/gradle-core-2.2.1.jar
7f4c8dea5000-7f4c8dea6000 ---p 00000000 00:00 0 
7f4c8dea6000-7f4c8dfa6000 rw-p 00000000 00:00 0                          [stack:16676]
7f4c8dfa6000-7f4c8dfa9000 ---p 00000000 00:00 0 
7f4c8dfa9000-7f4c8e0a7000 rw-p 00000000 00:00 0                          [stack:16675]
7f4c8e0a7000-7f4c8e0aa000 ---p 00000000 00:00 0 
7f4c8e0aa000-7f4c8e1a8000 rw-p 00000000 00:00 0                          [stack:16674]
7f4c8e1a8000-7f4c8e1ab000 ---p 00000000 00:00 0 
7f4c8e1ab000-7f4c8e2a9000 rw-p 00000000 00:00 0                          [stack:16673]
7f4c8e2a9000-7f4c8e2ac000 ---p 00000000 00:00 0 
7f4c8e2ac000-7f4c8e3aa000 rw-p 00000000 00:00 0                          [stack:16672]
7f4c8e3aa000-7f4c8ea8c000 r--p 00000000 08:01 15735379                   /usr/lib/locale/locale-archive
7f4c8ea8c000-7f4c8ea8f000 ---p 00000000 00:00 0 
7f4c8ea8f000-7f4c8eb8d000 rw-p 00000000 00:00 0                          [stack:16671]
7f4c8eb8d000-7f4c8eb90000 ---p 00000000 00:00 0 
7f4c8eb90000-7f4c8ec8e000 rw-p 00000000 00:00 0                          [stack:16670]
7f4c8ec8e000-7f4c8ec8f000 ---p 00000000 00:00 0 
7f4c8ec8f000-7f4c90000000 rw-p 00000000 00:00 0                          [stack:16669]
7f4c90000000-7f4c90021000 rw-p 00000000 00:00 0 
7f4c90021000-7f4c94000000 ---p 00000000 00:00 0 
7f4c94000000-7f4c98000000 rw-p 00000000 00:00 0 
7f4c98000000-7f4c98021000 rw-p 00000000 00:00 0 
7f4c98021000-7f4c9c000000 ---p 00000000 00:00 0 
7f4c9c000000-7f4c9c23f000 rw-p 00000000 00:00 0 
7f4c9c23f000-7f4ca0000000 ---p 00000000 00:00 0 
7f4ca0000000-7f4ca0021000 rw-p 00000000 00:00 0 
7f4ca0021000-7f4ca4000000 ---p 00000000 00:00 0 
7f4ca4000000-7f4ca4001000 r--s 00000000 08:01 17698447                   /home/vasanth/android-studio/gradle/gradle-2.2.1/lib/gradle-docs-2.2.1.jar
7f4ca4001000-7f4ca4002000 r--s 00005000 08:01 17698464                   /home/vasanth/android-studio/gradle/gradle-2.2.1/lib/log4j-over-slf4j-1.7.7.jar
7f4ca4002000-7f4ca4004000 r--s 00000000 08:01 17698480                   /home/vasanth/android-studio/gradle/gradle-2.2.1/lib/jul-to-slf4j-1.7.7.jar
7f4ca4004000-7f4ca416f000 rw-p 00000000 00:00 0 
7f4ca416f000-7f4ca4321000 r--s 01d23000 08:01 16387119                   /usr/lib/jvm/java-7-openjdk-amd64/jre/lib/rt.jar
7f4ca4321000-7f4ca43f2000 rw-p 00000000 00:00 0 
7f4ca43f2000-7f4ca43f3000 ---p 00000000 00:00 0 
7f4ca43f3000-7f4ca44f3000 rw-p 00000000 00:00 0                          [stack:16668]
7f4ca44f3000-7f4ca44f4000 ---p 00000000 00:00 0 
7f4ca44f4000-7f4ca45f4000 rw-p 00000000 00:00 0                          [stack:16667]
7f4ca45f4000-7f4ca45f5000 ---p 00000000 00:00 0 
7f4ca45f5000-7f4ca46f5000 rw-p 00000000 00:00 0                          [stack:16666]
7f4ca46f5000-7f4ca46f6000 ---p 00000000 00:00 0 
7f4ca46f6000-7f4ca4808000 rw-p 00000000 00:00 0                          [stack:16665]
7f4ca4808000-7f4ca49f6000 rw-p 00000000 00:00 0 
7f4ca49f6000-7f4ca4a08000 rw-p 00000000 00:00 0 
7f4ca4a08000-7f4ca4bf6000 rw-p 00000000 00:00 0 
7f4ca4bf6000-7f4ca4c33000 rw-p 00000000 00:00 0 
7f4ca4c33000-7f4ca4d4b000 rw-p 00000000 00:00 0 
7f4ca4d4b000-7f4ca4db0000 rw-p 00000000 00:00 0 
7f4ca4db0000-7f4ca4df6000 rw-p 00000000 00:00 0 
7f4ca4df6000-7f4ca4df7000 rw-p 00000000 00:00 0 
7f4ca4df7000-7f4ca5117000 rwxp 00000000 00:00 0 
7f4ca5117000-7f4ca7df7000 rw-p 00000000 00:00 0 
7f4ca7df7000-7f4ca7dff000 r-xp 00000000 08:01 16387171                   /usr/lib/jvm/java-7-openjdk-amd64/jre/lib/amd64/libzip.so
7f4ca7dff000-7f4ca7ffe000 ---p 00008000 08:01 16387171                   /usr/lib/jvm/java-7-openjdk-amd64/jre/lib/amd64/libzip.so
7f4ca7ffe000-7f4ca7fff000 r--p 00007000 08:01 16387171                   /usr/lib/jvm/java-7-openjdk-amd64/jre/lib/amd64/libzip.so
7f4ca7fff000-7f4ca8000000 rw-p 00008000 08:01 16387171                   /usr/lib/jvm/java-7-openjdk-amd64/jre/lib/amd64/libzip.so
7f4ca8000000-7f4ca8a2b000 rw-p 00000000 00:00 0 
7f4ca8a2b000-7f4cac000000 ---p 00000000 00:00 0 
7f4cac000000-7f4cac001000 r--s 00000000 08:01 17698457                   /home/vasanth/android-studio/gradle/gradle-2.2.1/lib/javax.inject-1.jar
7f4cac001000-7f4cac007000 r--s 0003b000 08:01 17698484                   /home/vasanth/android-studio/gradle/gradle-2.2.1/lib/logback-classic-1.0.13.jar
7f4cac007000-7f4cac00c000 r--s 00041000 08:01 17698454                   /home/vasanth/android-studio/gradle/gradle-2.2.1/lib/commons-lang-2.6.jar
7f4cac00c000-7f4cac0ba000 rw-p 00000000 00:00 0 
7f4cac0ba000-7f4cac1d3000 rw-p 00000000 00:00 0 
7f4cac1d3000-7f4cac1de000 r-xp 00000000 08:01 4196934                    /lib/x86_64-linux-gnu/libnss_files-2.19.so
7f4cac1de000-7f4cac3dd000 ---p 0000b000 08:01 4196934                    /lib/x86_64-linux-gnu/libnss_files-2.19.so
7f4cac3dd000-7f4cac3de000 r--p 0000a000 08:01 4196934                    /lib/x86_64-linux-gnu/libnss_files-2.19.so
7f4cac3de000-7f4cac3df000 rw-p 0000b000 08:01 4196934                    /lib/x86_64-linux-gnu/libnss_files-2.19.so
7f4cac3df000-7f4cac3ea000 r-xp 00000000 08:01 4196968                    /lib/x86_64-linux-gnu/libnss_nis-2.19.so
7f4cac3ea000-7f4cac5e9000 ---p 0000b000 08:01 4196968                    /lib/x86_64-linux-gnu/libnss_nis-2.19.so
7f4cac5e9000-7f4cac5ea000 r--p 0000a000 08:01 4196968                    /lib/x86_64-linux-gnu/libnss_nis-2.19.so
7f4cac5ea000-7f4cac5eb000 rw-p 0000b000 08:01 4196968                    /lib/x86_64-linux-gnu/libnss_nis-2.19.so
7f4cac5eb000-7f4cac602000 r-xp 00000000 08:01 4196957                    /lib/x86_64-linux-gnu/libnsl-2.19.so
7f4cac602000-7f4cac801000 ---p 00017000 08:01 4196957                    /lib/x86_64-linux-gnu/libnsl-2.19.so
7f4cac801000-7f4cac802000 r--p 00016000 08:01 4196957                    /lib/x86_64-linux-gnu/libnsl-2.19.so
7f4cac802000-7f4cac803000 rw-p 00017000 08:01 4196957                    /lib/x86_64-linux-gnu/libnsl-2.19.so
7f4cac803000-7f4cac805000 rw-p 00000000 00:00 0 
7f4cac805000-7f4cac80e000 r-xp 00000000 08:01 4196956                    /lib/x86_64-linux-gnu/libnss_compat-2.19.so
7f4cac80e000-7f4caca0d000 ---p 00009000 08:01 4196956                    /lib/x86_64-linux-gnu/libnss_compat-2.19.so
7f4caca0d000-7f4caca0e000 r--p 00008000 08:01 4196956                    /lib/x86_64-linux-gnu/libnss_compat-2.19.so
7f4caca0e000-7f4caca0f000 rw-p 00009000 08:01 4196956                    /lib/x86_64-linux-gnu/libnss_compat-2.19.so
7f4caca0f000-7f4caca3a000 r-xp 00000000 08:01 16387158                   /usr/lib/jvm/java-7-openjdk-amd64/jre/lib/amd64/libjava.so
7f4caca3a000-7f4cacc3a000 ---p 0002b000 08:01 16387158                   /usr/lib/jvm/java-7-openjdk-amd64/jre/lib/amd64/libjava.so
7f4cacc3a000-7f4cacc3b000 r--p 0002b000 08:01 16387158                   /usr/lib/jvm/java-7-openjdk-amd64/jre/lib/amd64/libjava.so
7f4cacc3b000-7f4cacc3d000 rw-p 0002c000 08:01 16387158                   /usr/lib/jvm/java-7-openjdk-amd64/jre/lib/amd64/libjava.so
7f4cacc3d000-7f4cacc4d000 r-xp 00000000 08:01 16387157                   /usr/lib/jvm/java-7-openjdk-amd64/jre/lib/amd64/libverify.so
7f4cacc4d000-7f4cace4c000 ---p 00010000 08:01 16387157                   /usr/lib/jvm/java-7-openjdk-amd64/jre/lib/amd64/libverify.so
7f4cace4c000-7f4cace4e000 r--p 0000f000 08:01 16387157                   /usr/lib/jvm/java-7-openjdk-amd64/jre/lib/amd64/libverify.so
7f4cace4e000-7f4cace4f000 rw-p 00011000 08:01 16387157                   /usr/lib/jvm/java-7-openjdk-amd64/jre/lib/amd64/libverify.so
7f4cace4f000-7f4cace56000 r-xp 00000000 08:01 4196965                    /lib/x86_64-linux-gnu/librt-2.19.so
7f4cace56000-7f4cad055000 ---p 00007000 08:01 4196965                    /lib/x86_64-linux-gnu/librt-2.19.so
7f4cad055000-7f4cad056000 r--p 00006000 08:01 4196965                    /lib/x86_64-linux-gnu/librt-2.19.so
7f4cad056000-7f4cad057000 rw-p 00007000 08:01 4196965                    /lib/x86_64-linux-gnu/librt-2.19.so
7f4cad057000-7f4cad06d000 r-xp 00000000 08:01 4194330                    /lib/x86_64-linux-gnu/libgcc_s.so.1
7f4cad06d000-7f4cad26c000 ---p 00016000 08:01 4194330                    /lib/x86_64-linux-gnu/libgcc_s.so.1
7f4cad26c000-7f4cad26d000 rw-p 00015000 08:01 4194330                    /lib/x86_64-linux-gnu/libgcc_s.so.1
7f4cad26d000-7f4cad372000 r-xp 00000000 08:01 4196933                    /lib/x86_64-linux-gnu/libm-2.19.so
7f4cad372000-7f4cad571000 ---p 00105000 08:01 4196933                    /lib/x86_64-linux-gnu/libm-2.19.so
7f4cad571000-7f4cad572000 r--p 00104000 08:01 4196933                    /lib/x86_64-linux-gnu/libm-2.19.so
7f4cad572000-7f4cad573000 rw-p 00105000 08:01 4196933                    /lib/x86_64-linux-gnu/libm-2.19.so
7f4cad573000-7f4cad659000 r-xp 00000000 08:01 15737244                   /usr/lib/x86_64-linux-gnu/libstdc++.so.6.0.19
7f4cad659000-7f4cad858000 ---p 000e6000 08:01 15737244                   /usr/lib/x86_64-linux-gnu/libstdc++.so.6.0.19
7f4cad858000-7f4cad860000 r--p 000e5000 08:01 15737244                   /usr/lib/x86_64-linux-gnu/libstdc++.so.6.0.19
7f4cad860000-7f4cad862000 rw-p 000ed000 08:01 15737244                   /usr/lib/x86_64-linux-gnu/libstdc++.so.6.0.19
7f4cad862000-7f4cad877000 rw-p 00000000 00:00 0 
7f4cad877000-7f4cae38f000 r-xp 00000000 08:01 16516415                   /usr/lib/jvm/java-7-openjdk-amd64/jre/lib/amd64/server/libjvm.so
7f4cae38f000-7f4cae58f000 ---p 00b18000 08:01 16516415                   /usr/lib/jvm/java-7-openjdk-amd64/jre/lib/amd64/server/libjvm.so
7f4cae58f000-7f4cae629000 r--p 00b18000 08:01 16516415                   /usr/lib/jvm/java-7-openjdk-amd64/jre/lib/amd64/server/libjvm.so
7f4cae629000-7f4cae64c000 rw-p 00bb2000 08:01 16516415                   /usr/lib/jvm/java-7-openjdk-amd64/jre/lib/amd64/server/libjvm.so
7f4cae64c000-7f4cae67a000 rw-p 00000000 00:00 0 
7f4cae67a000-7f4cae692000 r-xp 00000000 08:01 4198406                    /lib/x86_64-linux-gnu/libz.so.1.2.8
7f4cae692000-7f4cae891000 ---p 00018000 08:01 4198406                    /lib/x86_64-linux-gnu/libz.so.1.2.8
7f4cae891000-7f4cae892000 r--p 00017000 08:01 4198406                    /lib/x86_64-linux-gnu/libz.so.1.2.8
7f4cae892000-7f4cae893000 rw-p 00018000 08:01 4198406                    /lib/x86_64-linux-gnu/libz.so.1.2.8
7f4cae893000-7f4cae8ac000 r-xp 00000000 08:01 4196963                    /lib/x86_64-linux-gnu/libpthread-2.19.so
7f4cae8ac000-7f4caeaab000 ---p 00019000 08:01 4196963                    /lib/x86_64-linux-gnu/libpthread-2.19.so
7f4caeaab000-7f4caeaac000 r--p 00018000 08:01 4196963                    /lib/x86_64-linux-gnu/libpthread-2.19.so
7f4caeaac000-7f4caeaad000 rw-p 00019000 08:01 4196963                    /lib/x86_64-linux-gnu/libpthread-2.19.so
7f4caeaad000-7f4caeab1000 rw-p 00000000 00:00 0 
7f4caeab1000-7f4caeab4000 r-xp 00000000 08:01 4196950                    /lib/x86_64-linux-gnu/libdl-2.19.so
7f4caeab4000-7f4caecb3000 ---p 00003000 08:01 4196950                    /lib/x86_64-linux-gnu/libdl-2.19.so
7f4caecb3000-7f4caecb4000 r--p 00002000 08:01 4196950                    /lib/x86_64-linux-gnu/libdl-2.19.so
7f4caecb4000-7f4caecb5000 rw-p 00003000 08:01 4196950                    /lib/x86_64-linux-gnu/libdl-2.19.so
7f4caecb5000-7f4caee70000 r-xp 00000000 08:01 4196962                    /lib/x86_64-linux-gnu/libc-2.19.so
7f4caee70000-7f4caf06f000 ---p 001bb000 08:01 4196962                    /lib/x86_64-linux-gnu/libc-2.19.so
7f4caf06f000-7f4caf073000 r--p 001ba000 08:01 4196962                    /lib/x86_64-linux-gnu/libc-2.19.so
7f4caf073000-7f4caf075000 rw-p 001be000 08:01 4196962                    /lib/x86_64-linux-gnu/libc-2.19.so
7f4caf075000-7f4caf07a000 rw-p 00000000 00:00 0 
7f4caf07a000-7f4caf087000 r-xp 00000000 08:01 16515965                   /usr/lib/jvm/java-7-openjdk-amd64/jre/lib/amd64/jli/libjli.so
7f4caf087000-7f4caf286000 ---p 0000d000 08:01 16515965                   /usr/lib/jvm/java-7-openjdk-amd64/jre/lib/amd64/jli/libjli.so
7f4caf286000-7f4caf287000 r--p 0000c000 08:01 16515965                   /usr/lib/jvm/java-7-openjdk-amd64/jre/lib/amd64/jli/libjli.so
7f4caf287000-7f4caf288000 rw-p 0000d000 08:01 16515965                   /usr/lib/jvm/java-7-openjdk-amd64/jre/lib/amd64/jli/libjli.so
7f4caf288000-7f4caf2ab000 r-xp 00000000 08:01 4196959                    /lib/x86_64-linux-gnu/ld-2.19.so
7f4caf2ab000-7f4caf2ac000 r--s 00000000 08:01 17698441                   /home/vasanth/android-studio/gradle/gradle-2.2.1/lib/jcip-annotations-1.0.jar
7f4caf2ac000-7f4caf2af000 r--s 00018000 08:01 17698483                   /home/vasanth/android-studio/gradle/gradle-2.2.1/lib/commons-io-1.4.jar
7f4caf2af000-7f4caf2b4000 r--s 00036000 08:01 17698456                   /home/vasanth/android-studio/gradle/gradle-2.2.1/lib/asm-all-5.0.3.jar
7f4caf2b4000-7f4caf2b6000 r--s 00006000 08:01 17698455                   /home/vasanth/android-studio/gradle/gradle-2.2.1/lib/slf4j-api-1.7.7.jar
7f4caf2b6000-7f4caf2bc000 r--s 00026000 08:01 17698448                   /home/vasanth/android-studio/gradle/gradle-2.2.1/lib/gradle-base-services-2.2.1.jar
7f4caf2bc000-7f4caf2c4000 r--s 0003c000 08:01 17698489                   /home/vasanth/android-studio/gradle/gradle-2.2.1/lib/gradle-launcher-2.2.1.jar
7f4caf2c4000-7f4caf2c6000 r--s 00006000 08:01 16127441                   /usr/share/java/java-atk-wrapper.jar
7f4caf2c6000-7f4caf2d3000 rw-p 00000000 00:00 0 
7f4caf2d3000-7f4caf386000 rw-p 00000000 00:00 0 
7f4caf386000-7f4caf389000 ---p 00000000 00:00 0 
7f4caf389000-7f4caf48c000 rw-p 00000000 00:00 0                          [stack:16664]
7f4caf48c000-7f4caf48d000 r--s 00004000 08:01 17698446                   /home/vasanth/android-studio/gradle/gradle-2.2.1/lib/ant-launcher-1.9.3.jar
7f4caf48d000-7f4caf48f000 r--s 00012000 08:01 16387125                   /usr/lib/jvm/java-7-openjdk-amd64/jre/lib/ext/zipfs.jar
7f4caf48f000-7f4caf493000 r--s 00034000 08:01 16387124                   /usr/lib/jvm/java-7-openjdk-amd64/jre/lib/ext/sunjce_provider.jar
7f4caf493000-7f4caf496000 r--s 0000f000 08:01 16387122                   /usr/lib/jvm/java-7-openjdk-amd64/jre/lib/ext/icedtea-sound.jar
7f4caf496000-7f4caf499000 r--s 00086000 08:01 16387127                   /usr/lib/jvm/java-7-openjdk-amd64/jre/lib/ext/localedata.jar
7f4caf499000-7f4caf49d000 r--s 0003c000 08:01 16387123                   /usr/lib/jvm/java-7-openjdk-amd64/jre/lib/ext/sunpkcs11.jar
7f4caf49d000-7f4caf49e000 r--s 00002000 08:01 16387126                   /usr/lib/jvm/java-7-openjdk-amd64/jre/lib/ext/dnsns.jar
7f4caf49e000-7f4caf4a6000 rw-s 00000000 08:01 26876365                   /tmp/hsperfdata_vasanth/16662
7f4caf4a6000-7f4caf4a7000 rw-p 00000000 00:00 0 
7f4caf4a7000-7f4caf4a8000 ---p 00000000 00:00 0 
7f4caf4a8000-7f4caf4aa000 rw-p 00000000 00:00 0 
7f4caf4aa000-7f4caf4ab000 r--p 00022000 08:01 4196959                    /lib/x86_64-linux-gnu/ld-2.19.so
7f4caf4ab000-7f4caf4ac000 rw-p 00023000 08:01 4196959                    /lib/x86_64-linux-gnu/ld-2.19.so
7f4caf4ac000-7f4caf4ad000 rw-p 00000000 00:00 0 
7fffb9b67000-7fffb9b89000 rw-p 00000000 00:00 0                          [stack]
7fffb9bfe000-7fffb9c00000 r-xp 00000000 00:00 0                          [vdso]
ffffffffff600000-ffffffffff601000 r-xp 00000000 00:00 0                  [vsyscall]

VM Arguments:
jvm_args: -XX:MaxPermSize=256m -XX:+HeapDumpOnOutOfMemoryError -XX:MaxPermSize=1024m -Xmx1024m -Dfile.encoding=UTF-8 -Duser.country=IN -Duser.language=en -Duser.variant 
java_command: org.gradle.launcher.daemon.bootstrap.GradleDaemon 2.2.1 /home/vasanth/.gradle/daemon 10800000 31b37c89-a866-417a-9bce-93795d5ad659 -XX:MaxPermSize=256m -XX:+HeapDumpOnOutOfMemoryError -XX:MaxPermSize=1024m -Xmx1024m -Dfile.encoding=UTF-8 -Duser.country=IN -Duser.language=en -Duser.variant
Launcher Type: SUN_STANDARD

Environment Variables:
JAVA_HOME=/usr/lib/jvm/java-1.7.0-openjdk-amd64
CLASSPATH=./../lib/bootstrap.jar:./../lib/extensions.jar:./../lib/util.jar:./../lib/jdom.jar:./../lib/log4j.jar:./../lib/trove4j.jar:./../lib/jna.jar:/usr/lib/jvm/java-1.7.0-openjdk-amd64/lib/tools.jar
PATH=/usr/local/sbin:/usr/local/bin:/usr/sbin:/usr/bin:/sbin:/bin:/usr/games:/usr/local/games
LD_LIBRARY_PATH=.:
SHELL=/bin/bash
DISPLAY=:0

Signal Handlers:
SIGSEGV: [libjvm.so+0x94b4b0], sa_mask[0]=0x7ffbfeff, sa_flags=0x10000004
SIGBUS: [libjvm.so+0x94b4b0], sa_mask[0]=0x7ffbfeff, sa_flags=0x10000004
SIGFPE: [libjvm.so+0x7c3390], sa_mask[0]=0x7ffbfeff, sa_flags=0x10000004
SIGPIPE: [libjvm.so+0x7c3390], sa_mask[0]=0x7ffbfeff, sa_flags=0x10000004
SIGXFSZ: [libjvm.so+0x7c3390], sa_mask[0]=0x7ffbfeff, sa_flags=0x10000004
SIGILL: [libjvm.so+0x7c3390], sa_mask[0]=0x7ffbfeff, sa_flags=0x10000004
SIGUSR1: SIG_DFL, sa_mask[0]=0x00000000, sa_flags=0x00000000
SIGUSR2: [libjvm.so+0x7c3230], sa_mask[0]=0x00000004, sa_flags=0x10000004
SIGHUP: [libjvm.so+0x7c3410], sa_mask[0]=0x7ffbfeff, sa_flags=0x10000004
SIGINT: [libjvm.so+0x7c3410], sa_mask[0]=0x7ffbfeff, sa_flags=0x10000004
SIGTERM: [libjvm.so+0x7c3410], sa_mask[0]=0x7ffbfeff, sa_flags=0x10000004
SIGQUIT: [libjvm.so+0x7c3410], sa_mask[0]=0x7ffbfeff, sa_flags=0x10000004
SIGTRAP: SIG_DFL, sa_mask[0]=0x00000000, sa_flags=0x00000000


---------------  S Y S T E M  ---------------

OS:Ubuntu 14.04 (trusty)
uname:Linux 3.13.0-43-generic #72-Ubuntu SMP Mon Dec 8 19:35:06 UTC 2014 x86_64
libc:glibc 2.19 NPTL 2.19 
rlimit: STACK 8192k, CORE 0k, NPROC 93765, NOFILE 4096, AS infinity
load average:2.12 1.42 0.96

/proc/meminfo:
MemTotal:       12023656 kB
MemFree:         5908180 kB
Buffers:          520500 kB
Cached:          2427520 kB
SwapCached:            0 kB
Active:          3859944 kB
Inactive:        1572608 kB
Active(anon):    2491484 kB
Inactive(anon):   415008 kB
Active(file):    1368460 kB
Inactive(file):  1157600 kB
Unevictable:          48 kB
Mlocked:              48 kB
SwapTotal:       8100860 kB
SwapFree:        8100860 kB
Dirty:              4940 kB
Writeback:             0 kB
AnonPages:       2498976 kB
Mapped:           361288 kB
Shmem:            421964 kB
Slab:             513956 kB
SReclaimable:     470488 kB
SUnreclaim:        43468 kB
KernelStack:        5440 kB
PageTables:        40236 kB
NFS_Unstable:          0 kB
Bounce:                0 kB
WritebackTmp:          0 kB
CommitLimit:    14112688 kB
Committed_AS:    6997224 kB
VmallocTotal:   34359738367 kB
VmallocUsed:      374580 kB
VmallocChunk:   34359350360 kB
HardwareCorrupted:     0 kB
AnonHugePages:   1433600 kB
HugePages_Total:       0
HugePages_Free:        0
HugePages_Rsvd:        0
HugePages_Surp:        0
Hugepagesize:       2048 kB
DirectMap4k:       58468 kB
DirectMap2M:     1753088 kB
DirectMap1G:    10485760 kB


CPU:total 4 (2 cores per cpu, 2 threads per core) family 6 model 60 stepping 3, cmov, cx8, fxsr, mmx, sse, sse2, sse3, ssse3, sse4.1, sse4.2, popcnt, avx, avx2, aes, erms, ht, tsc, tscinvbit

/proc/cpuinfo:
processor	: 0
vendor_id	: GenuineIntel
cpu family	: 6
model		: 60
model name	: Intel(R) Core(TM) i5-4200M CPU @ 2.50GHz
stepping	: 3
microcode	: 0x17
cpu MHz		: 2501.000
cache size	: 3072 KB
physical id	: 0
siblings	: 4
core id		: 0
cpu cores	: 2
apicid		: 0
initial apicid	: 0
fpu		: yes
fpu_exception	: yes
cpuid level	: 13
wp		: yes
flags		: fpu vme de pse tsc msr pae mce cx8 apic sep mtrr pge mca cmov pat pse36 clflush dts acpi mmx fxsr sse sse2 ss ht tm pbe syscall nx pdpe1gb rdtscp lm constant_tsc arch_perfmon pebs bts rep_good nopl xtopology nonstop_tsc aperfmperf eagerfpu pni pclmulqdq dtes64 monitor ds_cpl vmx est tm2 ssse3 fma cx16 xtpr pdcm pcid sse4_1 sse4_2 movbe popcnt tsc_deadline_timer aes xsave avx f16c rdrand lahf_lm abm ida arat epb xsaveopt pln pts dtherm tpr_shadow vnmi flexpriority ept vpid fsgsbase tsc_adjust bmi1 avx2 smep bmi2 erms invpcid
bogomips	: 4988.65
clflush size	: 64
cache_alignment	: 64
address sizes	: 39 bits physical, 48 bits virtual
power management:

processor	: 1
vendor_id	: GenuineIntel
cpu family	: 6
model		: 60
model name	: Intel(R) Core(TM) i5-4200M CPU @ 2.50GHz
stepping	: 3
microcode	: 0x17
cpu MHz		: 2501.000
cache size	: 3072 KB
physical id	: 0
siblings	: 4
core id		: 0
cpu cores	: 2
apicid		: 1
initial apicid	: 1
fpu		: yes
fpu_exception	: yes
cpuid level	: 13
wp		: yes
flags		: fpu vme de pse tsc msr pae mce cx8 apic sep mtrr pge mca cmov pat pse36 clflush dts acpi mmx fxsr sse sse2 ss ht tm pbe syscall nx pdpe1gb rdtscp lm constant_tsc arch_perfmon pebs bts rep_good nopl xtopology nonstop_tsc aperfmperf eagerfpu pni pclmulqdq dtes64 monitor ds_cpl vmx est tm2 ssse3 fma cx16 xtpr pdcm pcid sse4_1 sse4_2 movbe popcnt tsc_deadline_timer aes xsave avx f16c rdrand lahf_lm abm ida arat epb xsaveopt pln pts dtherm tpr_shadow vnmi flexpriority ept vpid fsgsbase tsc_adjust bmi1 avx2 smep bmi2 erms invpcid
bogomips	: 4988.65
clflush size	: 64
cache_alignment	: 64
address sizes	: 39 bits physical, 48 bits virtual
power management:

processor	: 2
vendor_id	: GenuineIntel
cpu family	: 6
model		: 60
model name	: Intel(R) Core(TM) i5-4200M CPU @ 2.50GHz
stepping	: 3
microcode	: 0x17
cpu MHz		: 2501.000
cache size	: 3072 KB
physical id	: 0
siblings	: 4
core id		: 1
cpu cores	: 2
apicid		: 2
initial apicid	: 2
fpu		: yes
fpu_exception	: yes
cpuid level	: 13
wp		: yes
flags		: fpu vme de pse tsc msr pae mce cx8 apic sep mtrr pge mca cmov pat pse36 clflush dts acpi mmx fxsr sse sse2 ss ht tm pbe syscall nx pdpe1gb rdtscp lm constant_tsc arch_perfmon pebs bts rep_good nopl xtopology nonstop_tsc aperfmperf eagerfpu pni pclmulqdq dtes64 monitor ds_cpl vmx est tm2 ssse3 fma cx16 xtpr pdcm pcid sse4_1 sse4_2 movbe popcnt tsc_deadline_timer aes xsave avx f16c rdrand lahf_lm abm ida arat epb xsaveopt pln pts dtherm tpr_shadow vnmi flexpriority ept vpid fsgsbase tsc_adjust bmi1 avx2 smep bmi2 erms invpcid
bogomips	: 4988.65
clflush size	: 64
cache_alignment	: 64
address sizes	: 39 bits physical, 48 bits virtual
power management:

processor	: 3
vendor_id	: GenuineIntel
cpu family	: 6
model		: 60
model name	: Intel(R) Core(TM) i5-4200M CPU @ 2.50GHz
stepping	: 3
microcode	: 0x17
cpu MHz		: 2501.000
cache size	: 3072 KB
physical id	: 0
siblings	: 4
core id		: 1
cpu cores	: 2
apicid		: 3
initial apicid	: 3
fpu		: yes
fpu_exception	: yes
cpuid level	: 13
wp		: yes
flags		: fpu vme de pse tsc msr pae mce cx8 apic sep mtrr pge mca cmov pat pse36 clflush dts acpi mmx fxsr sse sse2 ss ht tm pbe syscall nx pdpe1gb rdtscp lm constant_tsc arch_perfmon pebs bts rep_good nopl xtopology nonstop_tsc aperfmperf eagerfpu pni pclmulqdq dtes64 monitor ds_cpl vmx est tm2 ssse3 fma cx16 xtpr pdcm pcid sse4_1 sse4_2 movbe popcnt tsc_deadline_timer aes xsave avx f16c rdrand lahf_lm abm ida arat epb xsaveopt pln pts dtherm tpr_shadow vnmi flexpriority ept vpid fsgsbase tsc_adjust bmi1 avx2 smep bmi2 erms invpcid
bogomips	: 4988.65
clflush size	: 64
cache_alignment	: 64
address sizes	: 39 bits physical, 48 bits virtual
power management:



Memory: 4k page, physical 12023656k(5908180k free), swap 8100860k(8100860k free)

vm_info: OpenJDK 64-Bit Server VM (24.75-b04) for linux-amd64 JRE (1.7.0_75-b13), built on Jan 27 2015 00:38:59 by "buildd" with gcc 4.8.2

time: Wed Mar 11 16:35:57 2015
elapsed time: 5 seconds

