#
# A fatal error has been detected by the Java Runtime Environment:
#
#  SIGSEGV (0xb) at pc=0x00007faec8c5e03f, pid=14900, tid=140388412737280
#
# JRE version: OpenJDK Runtime Environment (7.0_75-b13) (build 1.7.0_75-b13)
# Java VM: OpenJDK 64-Bit Server VM (24.75-b04 mixed mode linux-amd64 compressed oops)
# Derivative: IcedTea 2.5.4
# Distribution: Ubuntu 14.04 LTS, package 7u75-2.5.4-1~trusty1
# Problematic frame:
# J 22 C2 java.lang.String.compareTo(Ljava/lang/String;)I (78 bytes) @ 0x00007faec8c5e03f [0x00007faec8c5e020+0x1f]
#
# Failed to write core dump. Core dumps have been disabled. To enable core dumping, try "ulimit -c unlimited" before starting Java again
#
# If you would like to submit a bug report, please include
# instructions on how to reproduce the bug and visit:
#   http://icedtea.classpath.org/bugzilla
#

---------------  T H R E A D  ---------------

Current thread (0x00007fae8400c000):  JavaThread "Daemon worker" [_thread_in_Java, id=14920, stack(0x00007faeb968c000,0x00007faeb978d000)]

siginfo:si_signo=SIGSEGV: si_errno=0, si_code=1 (SEGV_MAPERR), si_addr=0x000000000073006d

Registers:
RAX=0x00000000b0007f98, RBX=0x00000000b0007f98, RCX=0x0000000000730061, RDX=0x00000000f6518c80
RSP=0x00007faeb9787630, RBP=0x00007faeb97876b8, RSI=0x00000000f6a487c8, RDI=0x00000000b295cc18
R8 =0x0000000000000009, R9 =0x00000000f6693930, R10=0x00007faed2430e00, R11=0x00007faec8c5e030
R12=0x0000000000000000, R13=0x00007faeb9787668, R14=0x00007faeb97876e0, R15=0x00007fae8400c000
RIP=0x00007faec8c5e03f, EFLAGS=0x0000000000010206, CSGSFS=0x0000000000000033, ERR=0x0000000000000004
  TRAPNO=0x000000000000000e

Top of Stack: (sp=0x00007faeb9787630)
0x00007faeb9787630:   00000000b2666b20 00000000b295fc58
0x00007faeb9787640:   00000000b2660028 0000000000000000
0x00007faeb9787650:   00007faeb97876b8 00007faec8bf11d4
0x00007faeb9787660:   00007faec8bf11d4 00000000f6518c80
0x00007faeb9787670:   00000000f6a487c8 00007faeb9787678
0x00007faeb9787680:   00000000b295c59c 00007faeb97876e0
0x00007faeb9787690:   00000000b295ce98 00000000b295e878
0x00007faeb97876a0:   00000000b295c5e0 00007faeb9787668
0x00007faeb97876b0:   00007faeb97876d8 00007faeb9787728
0x00007faeb97876c0:   00007faec8bf11d4 0000000000000000
0x00007faeb97876d0:   00000000f6693908 00000000eae134c8
0x00007faeb97876e0:   00000000f6a486d8 00007faeb97876e8
0x00007faeb97876f0:   00000000b295ca75 00007faeb9787740
0x00007faeb9787700:   00000000b295ce98 00000000b295e728
0x00007faeb9787710:   00000000b295ca98 00007faeb97876d8
0x00007faeb9787720:   00007faeb9787738 00007faeb9787788
0x00007faeb9787730:   00007faec8bf1882 00000000eae134c8
0x00007faeb9787740:   00000000f6a486d8 00007faeb9787748
0x00007faeb9787750:   00000000b014242c 00007faeb97877d8
0x00007faeb9787760:   00000000b0148800 0000000000000000
0x00007faeb9787770:   00000000b01424e0 00007faeb9787738
0x00007faeb9787780:   00007faeb97877c0 00007faeb9787820
0x00007faeb9787790:   00007faec8bf11d4 00000000fffffffb
0x00007faeb97877a0:   00000000f6a486d8 0000000000000c4e
0x00007faeb97877b0:   0000000000000c4f 0000000000000c4e
0x00007faeb97877c0:   00000000eae134c8 000000000000265c
0x00007faeb97877d0:   0000000000000000 00000000f66b0000
0x00007faeb97877e0:   00007faeb97877e0 00000000b014221d
0x00007faeb97877f0:   00007faeb9787838 00000000b0148800
0x00007faeb9787800:   0000000000000000 00000000b0142240
0x00007faeb9787810:   00007faeb97877c0 00007faeb9787830
0x00007faeb9787820:   00007faeb9787880 00007faec8bf11d4 

Instructions: (pc=0x00007faec8c5e03f)
0x00007faec8c5e01f:   00 44 8b 56 08 49 3b c2 0f 85 33 49 fc ff 66 66
0x00007faec8c5e02f:   90 89 84 24 00 c0 fe ff 55 48 83 ec 20 8b 4e 0c
0x00007faec8c5e03f:   8b 79 0c 44 8b 4a 0c 41 8b 51 0c 3b fa 8b ea 0f
0x00007faec8c5e04f:   4c ef 85 ed 0f 8e d8 00 00 00 85 ff 0f 86 e5 00 

Register to memory mapping:

RAX=0x00000000b0007f98 is an oop
{method} 
 - klass: {other class}
RBX=0x00000000b0007f98 is an oop
{method} 
 - klass: {other class}
RCX=0x0000000000730061 is an unknown value
RDX=0x00000000f6518c80 is an oop
java.lang.String 
 - klass: 'java/lang/String'
RSP=0x00007faeb9787630 is pointing into the stack for thread: 0x00007fae8400c000
RBP=0x00007faeb97876b8 is pointing into the stack for thread: 0x00007fae8400c000
RSI=0x00000000f6a487c8 is an unknown value
RDI=0x00000000b295cc18 is an oop
{instance class} 
 - klass: {other class}
R8 =0x0000000000000009 is an unknown value
R9 =0x00000000f6693930 is an oop
[C 
 - klass: {type array char}
 - length: 16
R10=0x00007faed2430e00: <offset 0xdf7e00> in /usr/lib/jvm/java-7-openjdk-amd64/jre/lib/amd64/server/libjvm.so at 0x00007faed1639000
R11=0x00007faec8c5e030 is at entry_point+16 in (nmethod*)0x00007faec8c5ded0
R12=0x0000000000000000 is an unknown value
R13=0x00007faeb9787668 is pointing into the stack for thread: 0x00007fae8400c000
R14=0x00007faeb97876e0 is pointing into the stack for thread: 0x00007fae8400c000
R15=0x00007fae8400c000 is a thread


Stack: [0x00007faeb968c000,0x00007faeb978d000],  sp=0x00007faeb9787630,  free space=1005k
Native frames: (J=compiled Java code, j=interpreted, Vv=VM code, C=native code)
J 22 C2 java.lang.String.compareTo(Ljava/lang/String;)I (78 bytes) @ 0x00007faec8c5e03f [0x00007faec8c5e020+0x1f]
j  com.sun.tools.javac.file.ZipFileIndex$Entry.compareTo(Lcom/sun/tools/javac/file/ZipFileIndex$Entry;)I+36
j  com.sun.tools.javac.file.ZipFileIndex$Entry.compareTo(Ljava/lang/Object;)I+5
j  java.util.Arrays.binarySearch0([Ljava/lang/Object;IILjava/lang/Object;)I+36
j  java.util.Arrays.binarySearch([Ljava/lang/Object;Ljava/lang/Object;)I+5
j  com.sun.tools.javac.file.ZipFileIndex$DirectoryEntry.initEntries()V+39
j  com.sun.tools.javac.file.ZipFileIndex$DirectoryEntry.getFiles()Lcom/sun/tools/javac/util/List;+8
j  com.sun.tools.javac.file.ZipFileIndex$DirectoryEntry.access$200(Lcom/sun/tools/javac/file/ZipFileIndex$DirectoryEntry;)Lcom/sun/tools/javac/util/List;+1
j  com.sun.tools.javac.file.ZipFileIndex.getFiles(Lcom/sun/tools/javac/file/RelativePath$RelativeDirectory;)Lcom/sun/tools/javac/util/List;+27
j  com.sun.tools.javac.file.ZipFileIndexArchive.getFiles(Lcom/sun/tools/javac/file/RelativePath$RelativeDirectory;)Lcom/sun/tools/javac/util/List;+5
j  com.sun.tools.javac.file.JavacFileManager.listArchive(Lcom/sun/tools/javac/file/JavacFileManager$Archive;Lcom/sun/tools/javac/file/RelativePath$RelativeDirectory;Ljava/util/Set;ZLcom/sun/tools/javac/util/ListBuffer;)V+2
j  com.sun.tools.javac.file.JavacFileManager.listContainer(Ljava/io/File;Lcom/sun/tools/javac/file/RelativePath$RelativeDirectory;Ljava/util/Set;ZLcom/sun/tools/javac/util/ListBuffer;)V+90
j  com.sun.tools.javac.file.JavacFileManager.list(Ljavax/tools/JavaFileManager$Location;Ljava/lang/String;Ljava/util/Set;Z)Ljava/lang/Iterable;+82
j  com.sun.tools.javac.jvm.ClassReader.fillIn(Lcom/sun/tools/javac/code/Symbol$PackageSymbol;)V+52
j  com.sun.tools.javac.jvm.ClassReader.complete(Lcom/sun/tools/javac/code/Symbol;)V+89
j  com.sun.tools.javac.code.Symbol.complete()V+19
j  com.sun.tools.javac.code.Symbol$PackageSymbol.flags()J+8
j  com.sun.tools.javac.comp.Attr.visitSelect(Lcom/sun/tools/javac/tree/JCTree$JCFieldAccess;)V+888
j  com.sun.tools.javac.tree.JCTree$JCFieldAccess.accept(Lcom/sun/tools/javac/tree/JCTree$Visitor;)V+2
j  com.sun.tools.javac.comp.Attr.attribTree(Lcom/sun/tools/javac/tree/JCTree;Lcom/sun/tools/javac/comp/Env;ILcom/sun/tools/javac/code/Type;Ljava/lang/String;)Lcom/sun/tools/javac/code/Type;+48
j  com.sun.tools.javac.comp.Attr.attribTree(Lcom/sun/tools/javac/tree/JCTree;Lcom/sun/tools/javac/comp/Env;ILcom/sun/tools/javac/code/Type;)Lcom/sun/tools/javac/code/Type;+8
j  com.sun.tools.javac.comp.MemberEnter.visitImport(Lcom/sun/tools/javac/tree/JCTree$JCImport;)V+52
j  com.sun.tools.javac.tree.JCTree$JCImport.accept(Lcom/sun/tools/javac/tree/JCTree$Visitor;)V+2
j  com.sun.tools.javac.comp.MemberEnter.memberEnter(Lcom/sun/tools/javac/tree/JCTree;Lcom/sun/tools/javac/comp/Env;)V+12
j  com.sun.tools.javac.comp.MemberEnter.memberEnter(Lcom/sun/tools/javac/util/List;Lcom/sun/tools/javac/comp/Env;)V+18
j  com.sun.tools.javac.comp.MemberEnter.visitTopLevel(Lcom/sun/tools/javac/tree/JCTree$JCCompilationUnit;)V+143
j  com.sun.tools.javac.tree.JCTree$JCCompilationUnit.accept(Lcom/sun/tools/javac/tree/JCTree$Visitor;)V+2
j  com.sun.tools.javac.comp.MemberEnter.memberEnter(Lcom/sun/tools/javac/tree/JCTree;Lcom/sun/tools/javac/comp/Env;)V+12
j  com.sun.tools.javac.comp.MemberEnter.complete(Lcom/sun/tools/javac/code/Symbol;)V+148
j  com.sun.tools.javac.code.Symbol.complete()V+19
j  com.sun.tools.javac.code.Symbol$ClassSymbol.complete()V+1
j  com.sun.tools.javac.code.Symbol$ClassSymbol.flags()J+8
j  com.sun.tools.javac.comp.Resolve.isAccessible(Lcom/sun/tools/javac/comp/Env;Lcom/sun/tools/javac/code/Symbol$TypeSymbol;Z)Z+4
j  com.sun.tools.javac.comp.Resolve.isAccessible(Lcom/sun/tools/javac/comp/Env;Lcom/sun/tools/javac/code/Symbol$TypeSymbol;)Z+4
j  com.sun.tools.javac.comp.Resolve.loadClass(Lcom/sun/tools/javac/comp/Env;Lcom/sun/tools/javac/util/Name;)Lcom/sun/tools/javac/code/Symbol;+12
j  com.sun.tools.javac.comp.Resolve.findGlobalType(Lcom/sun/tools/javac/comp/Env;Lcom/sun/tools/javac/code/Scope;Lcom/sun/tools/javac/util/Name;)Lcom/sun/tools/javac/code/Symbol;+31
j  com.sun.tools.javac.comp.Resolve.findType(Lcom/sun/tools/javac/comp/Env;Lcom/sun/tools/javac/util/Name;)Lcom/sun/tools/javac/code/Symbol;+393
j  com.sun.tools.javac.comp.Resolve.findIdent(Lcom/sun/tools/javac/comp/Env;Lcom/sun/tools/javac/util/Name;I)Lcom/sun/tools/javac/code/Symbol;+57
j  com.sun.tools.javac.comp.Resolve.resolveIdent(Lcom/sun/tools/javac/util/JCDiagnostic$DiagnosticPosition;Lcom/sun/tools/javac/comp/Env;Lcom/sun/tools/javac/util/Name;I)Lcom/sun/tools/javac/code/Symbol;+6
j  com.sun.tools.javac.comp.Attr.visitIdent(Lcom/sun/tools/javac/tree/JCTree$JCIdent;)V+137
j  com.sun.tools.javac.tree.JCTree$JCIdent.accept(Lcom/sun/tools/javac/tree/JCTree$Visitor;)V+2
j  com.sun.tools.javac.comp.Attr.attribTree(Lcom/sun/tools/javac/tree/JCTree;Lcom/sun/tools/javac/comp/Env;ILcom/sun/tools/javac/code/Type;Ljava/lang/String;)Lcom/sun/tools/javac/code/Type;+48
j  com.sun.tools.javac.comp.Attr.attribTree(Lcom/sun/tools/javac/tree/JCTree;Lcom/sun/tools/javac/comp/Env;ILcom/sun/tools/javac/code/Type;)Lcom/sun/tools/javac/code/Type;+8
j  com.sun.tools.javac.comp.Attr.attribType(Lcom/sun/tools/javac/tree/JCTree;Lcom/sun/tools/javac/comp/Env;Lcom/sun/tools/javac/code/Type;)Lcom/sun/tools/javac/code/Type;+5
j  com.sun.tools.javac.comp.Attr.attribType(Lcom/sun/tools/javac/tree/JCTree;Lcom/sun/tools/javac/comp/Env;)Lcom/sun/tools/javac/code/Type;+6
j  com.sun.tools.javac.comp.MemberEnter.visitVarDef(Lcom/sun/tools/javac/tree/JCTree$JCVariableDecl;)V+141
j  com.sun.tools.javac.tree.JCTree$JCVariableDecl.accept(Lcom/sun/tools/javac/tree/JCTree$Visitor;)V+2
j  com.sun.tools.javac.comp.MemberEnter.memberEnter(Lcom/sun/tools/javac/tree/JCTree;Lcom/sun/tools/javac/comp/Env;)V+12
j  com.sun.tools.javac.comp.MemberEnter.memberEnter(Lcom/sun/tools/javac/util/List;Lcom/sun/tools/javac/comp/Env;)V+18
j  com.sun.tools.javac.comp.MemberEnter.finishClass(Lcom/sun/tools/javac/tree/JCTree$JCClassDecl;Lcom/sun/tools/javac/comp/Env;)V+57
j  com.sun.tools.javac.comp.MemberEnter.finish(Lcom/sun/tools/javac/comp/Env;)V+26
j  com.sun.tools.javac.comp.MemberEnter.complete(Lcom/sun/tools/javac/code/Symbol;)V+1295
j  com.sun.tools.javac.code.Symbol.complete()V+19
j  com.sun.tools.javac.code.Symbol$ClassSymbol.complete()V+1
j  com.sun.tools.javac.comp.Enter.complete(Lcom/sun/tools/javac/util/List;Lcom/sun/tools/javac/code/Symbol$ClassSymbol;)V+88
j  com.sun.tools.javac.comp.Enter.main(Lcom/sun/tools/javac/util/List;)V+3
j  com.sun.tools.javac.main.JavaCompiler.enterTrees(Lcom/sun/tools/javac/util/List;)Lcom/sun/tools/javac/util/List;+63
j  com.sun.tools.javac.main.JavaCompiler.compile(Lcom/sun/tools/javac/util/List;Lcom/sun/tools/javac/util/List;Ljava/lang/Iterable;)V+145
j  com.sun.tools.javac.main.Main.compile([Ljava/lang/String;[Ljava/lang/String;Lcom/sun/tools/javac/util/Context;Lcom/sun/tools/javac/util/List;Ljava/lang/Iterable;)I+761
j  com.sun.tools.javac.api.JavacTaskImpl.call()Ljava/lang/Boolean;+59
j  org.gradle.api.internal.tasks.compile.JdkJavaCompiler.execute(Lorg/gradle/api/internal/tasks/compile/JavaCompileSpec;)Lorg/gradle/api/tasks/WorkResult;+17
j  org.gradle.api.internal.tasks.compile.JdkJavaCompiler.execute(Lorg/gradle/language/base/internal/compile/CompileSpec;)Lorg/gradle/api/tasks/WorkResult;+5
j  org.gradle.api.internal.tasks.compile.NormalizingJavaCompiler.delegateAndHandleErrors(Lorg/gradle/api/internal/tasks/compile/JavaCompileSpec;)Lorg/gradle/api/tasks/WorkResult;+5
j  org.gradle.api.internal.tasks.compile.NormalizingJavaCompiler.execute(Lorg/gradle/api/internal/tasks/compile/JavaCompileSpec;)Lorg/gradle/api/tasks/WorkResult;+27
j  org.gradle.api.internal.tasks.compile.NormalizingJavaCompiler.execute(Lorg/gradle/language/base/internal/compile/CompileSpec;)Lorg/gradle/api/tasks/WorkResult;+5
j  org.gradle.api.internal.tasks.compile.CleaningJavaCompilerSupport.execute(Lorg/gradle/api/internal/tasks/compile/JavaCompileSpec;)Lorg/gradle/api/tasks/WorkResult;+37
j  org.gradle.api.internal.tasks.compile.CleaningJavaCompilerSupport.execute(Lorg/gradle/language/base/internal/compile/CompileSpec;)Lorg/gradle/api/tasks/WorkResult;+5
j  org.gradle.api.tasks.compile.JavaCompile.performCompilation(Lorg/gradle/api/internal/tasks/compile/JavaCompileSpec;Lorg/gradle/language/base/internal/compile/Compiler;)V+2
j  org.gradle.api.tasks.compile.JavaCompile.compile()V+12
j  org.gradle.api.tasks.compile.JavaCompile.compile(Lorg/gradle/api/tasks/incremental/IncrementalTaskInputs;)V+11
v  ~StubRoutines::call_stub
V  [libjvm.so+0x5e7fc9]  JavaCalls::call_helper(JavaValue*, methodHandle*, JavaCallArguments*, Thread*)+0x339
V  [libjvm.so+0x5e7a68]  JavaCalls::call(JavaValue*, methodHandle, JavaCallArguments*, Thread*)+0x28
V  [libjvm.so+0x840025]  Reflection::invoke(instanceKlassHandle, methodHandle, Handle, bool, objArrayHandle, BasicType, objArrayHandle, bool, Thread*)+0x4f5
V  [libjvm.so+0x841178]  Reflection::invoke_method(oopDesc*, Handle, objArrayHandle, Thread*)+0x188
V  [libjvm.so+0x633c70]  JVM_InvokeMethod+0x180
j  sun.reflect.NativeMethodAccessorImpl.invoke0(Ljava/lang/reflect/Method;Ljava/lang/Object;[Ljava/lang/Object;)Ljava/lang/Object;+0
j  sun.reflect.NativeMethodAccessorImpl.invoke(Ljava/lang/Object;[Ljava/lang/Object;)Ljava/lang/Object;+87
j  sun.reflect.DelegatingMethodAccessorImpl.invoke(Ljava/lang/Object;[Ljava/lang/Object;)Ljava/lang/Object;+6
j  java.lang.reflect.Method.invoke(Ljava/lang/Object;[Ljava/lang/Object;)Ljava/lang/Object;+57
j  org.gradle.internal.reflect.JavaMethod.invoke(Ljava/lang/Object;[Ljava/lang/Object;)Ljava/lang/Object;+6
j  org.gradle.api.internal.project.taskfactory.AnnotationProcessingTaskFactory$IncrementalTaskAction.doExecute(Lorg/gradle/api/Task;Ljava/lang/String;)V+35
j  org.gradle.api.internal.project.taskfactory.AnnotationProcessingTaskFactory$StandardTaskAction.execute(Lorg/gradle/api/Task;)V+32
j  org.gradle.api.internal.project.taskfactory.AnnotationProcessingTaskFactory$IncrementalTaskAction.execute(Lorg/gradle/api/Task;)V+2
j  org.gradle.api.internal.project.taskfactory.AnnotationProcessingTaskFactory$StandardTaskAction.execute(Ljava/lang/Object;)V+5
j  org.gradle.api.internal.tasks.execution.ExecuteActionsTaskExecuter.executeAction(Lorg/gradle/api/internal/TaskInternal;Lorg/gradle/api/internal/tasks/ContextAwareTaskAction;Lorg/gradle/api/internal/tasks/TaskExecutionContext;)V+9
j  org.gradle.api.internal.tasks.execution.ExecuteActionsTaskExecuter.executeActions(Lorg/gradle/api/internal/TaskInternal;Lorg/gradle/api/internal/tasks/TaskStateInternal;Lorg/gradle/api/internal/tasks/TaskExecutionContext;)Lorg/gradle/api/GradleException;+79
j  org.gradle.api.internal.tasks.execution.ExecuteActionsTaskExecuter.execute(Lorg/gradle/api/internal/TaskInternal;Lorg/gradle/api/internal/tasks/TaskStateInternal;Lorg/gradle/api/internal/tasks/TaskExecutionContext;)V+19
j  org.gradle.api.internal.tasks.execution.PostExecutionAnalysisTaskExecuter.execute(Lorg/gradle/api/internal/TaskInternal;Lorg/gradle/api/internal/tasks/TaskStateInternal;Lorg/gradle/api/internal/tasks/TaskExecutionContext;)V+7
j  org.gradle.api.internal.tasks.execution.SkipUpToDateTaskExecuter.execute(Lorg/gradle/api/internal/TaskInternal;Lorg/gradle/api/internal/tasks/TaskStateInternal;Lorg/gradle/api/internal/tasks/TaskExecutionContext;)V+133
j  org.gradle.api.internal.tasks.execution.ValidatingTaskExecuter.execute(Lorg/gradle/api/internal/TaskInternal;Lorg/gradle/api/internal/tasks/TaskStateInternal;Lorg/gradle/api/internal/tasks/TaskExecutionContext;)V+215
j  org.gradle.api.internal.tasks.execution.SkipEmptySourceFilesTaskExecuter.execute(Lorg/gradle/api/internal/TaskInternal;Lorg/gradle/api/internal/tasks/TaskStateInternal;Lorg/gradle/api/internal/tasks/TaskExecutionContext;)V+56
j  org.gradle.api.internal.tasks.execution.SkipTaskWithNoActionsExecuter.execute(Lorg/gradle/api/internal/TaskInternal;Lorg/gradle/api/internal/tasks/TaskStateInternal;Lorg/gradle/api/internal/tasks/TaskExecutionContext;)V+110
j  org.gradle.api.internal.tasks.execution.SkipOnlyIfTaskExecuter.execute(Lorg/gradle/api/internal/TaskInternal;Lorg/gradle/api/internal/tasks/TaskStateInternal;Lorg/gradle/api/internal/tasks/TaskExecutionContext;)V+84
j  org.gradle.api.internal.tasks.execution.ExecuteAtMostOnceTaskExecuter.execute(Lorg/gradle/api/internal/TaskInternal;Lorg/gradle/api/internal/tasks/TaskStateInternal;Lorg/gradle/api/internal/tasks/TaskExecutionContext;)V+26
j  org.gradle.api.internal.AbstractTask.executeWithoutThrowingTaskFailure()V+16
j  org.gradle.execution.taskgraph.AbstractTaskPlanExecutor$TaskExecutorWorker.executeTask(Lorg/gradle/execution/taskgraph/TaskInfo;)V+38
j  org.gradle.execution.taskgraph.AbstractTaskPlanExecutor$TaskExecutorWorker.processTask(Lorg/gradle/execution/taskgraph/TaskInfo;)V+2
j  org.gradle.execution.taskgraph.AbstractTaskPlanExecutor$TaskExecutorWorker.run()V+56
j  org.gradle.execution.taskgraph.DefaultTaskPlanExecutor.process(Lorg/gradle/execution/taskgraph/TaskExecutionPlan;Lorg/gradle/api/execution/TaskExecutionListener;)V+6
...<more frames>...


---------------  P R O C E S S  ---------------

Java Threads: ( => current thread )
  0x00007fae80591000 JavaThread "File lock request listener" [_thread_in_native, id=14926, stack(0x00007faeb93e7000,0x00007faeb94e8000)]
  0x00007fae80235000 JavaThread "process reaper" daemon [_thread_blocked, id=14925, stack(0x00007faeb94e8000,0x00007faeb9521000)]
  0x00007fae8000d800 JavaThread "Stdin handler" [_thread_blocked, id=14923, stack(0x00007faeb958b000,0x00007faeb968c000)]
=>0x00007fae8400c000 JavaThread "Daemon worker" [_thread_in_Java, id=14920, stack(0x00007faeb968c000,0x00007faeb978d000)]
  0x00007fae8400b000 JavaThread "Cancel handler" [_thread_blocked, id=14919, stack(0x00007faeb978d000,0x00007faeb988e000)]
  0x00007fae84007800 JavaThread "Handler for socket connection from /127.0.0.1:40829 to /127.0.0.1:56432" [_thread_in_native, id=14918, stack(0x00007faeb988e000,0x00007faeb998f000)]
  0x00007fae9000a800 JavaThread "Daemon" [_thread_blocked, id=14917, stack(0x00007faeb998f000,0x00007faeb9a90000)]
  0x00007faecc9f6800 JavaThread "Incoming local TCP Connector on port 40829" [_thread_in_native, id=14916, stack(0x00007faeb9a90000,0x00007faeb9b91000)]
  0x00007faecc0ae800 JavaThread "Service Thread" daemon [_thread_blocked, id=14913, stack(0x00007faec00f7000,0x00007faec01f8000)]
  0x00007faecc0ac000 JavaThread "C2 CompilerThread1" daemon [_thread_in_native, id=14912, stack(0x00007faec01f8000,0x00007faec02f9000)]
  0x00007faecc0a9000 JavaThread "C2 CompilerThread0" daemon [_thread_in_native, id=14911, stack(0x00007faec02f9000,0x00007faec03fa000)]
  0x00007faecc0a7000 JavaThread "Signal Dispatcher" daemon [_thread_blocked, id=14910, stack(0x00007faec03fa000,0x00007faec04fb000)]
  0x00007faecc07c000 JavaThread "Finalizer" daemon [_thread_blocked, id=14909, stack(0x00007faec04fb000,0x00007faec05fc000)]
  0x00007faecc07a000 JavaThread "Reference Handler" daemon [_thread_blocked, id=14908, stack(0x00007faec05fc000,0x00007faec06fd000)]
  0x00007faecc00a800 JavaThread "main" [_thread_blocked, id=14902, stack(0x00007faed3148000,0x00007faed3249000)]

Other Threads:
  0x00007faecc076000 VMThread [stack: 0x00007faec06fd000,0x00007faec07fe000] [id=14907]
  0x00007faecc0b9000 WatcherThread [stack: 0x00007faebb81d000,0x00007faebb91e000] [id=14914]

VM state:not at safepoint (normal execution)

VM Mutex/Monitor currently owned by a thread: None

Heap
 PSYoungGen      total 203264K, used 24076K [0x00000000eaa80000, 0x0000000100000000, 0x0000000100000000)
  eden space 186368K, 3% used [0x00000000eaa80000,0x00000000eb184a00,0x00000000f6080000)
  from space 16896K, 99% used [0x00000000f6080000,0x00000000f70fe990,0x00000000f7100000)
  to   space 31232K, 0% used [0x00000000fe180000,0x00000000fe180000,0x0000000100000000)
 ParOldGen       total 124928K, used 33872K [0x00000000c0000000, 0x00000000c7a00000, 0x00000000eaa80000)
  object space 124928K, 27% used [0x00000000c0000000,0x00000000c2114368,0x00000000c7a00000)
 PSPermGen       total 42496K, used 42458K [0x00000000b0000000, 0x00000000b2980000, 0x00000000c0000000)
  object space 42496K, 99% used [0x00000000b0000000,0x00000000b2976938,0x00000000b2980000)

Card table byte_map: [0x00007faec896a000,0x00007faec8beb000] byte_map_base: 0x00007faec83ea000

Polling page: 0x00007faed3269000

Code Cache  [0x00007faec8beb000, 0x00007faec8f4b000, 0x00007faecbbeb000)
 total_blobs=1187 nmethods=579 adapters=561 free_code_cache=45839Kb largest_free_block=46848704

Compilation events (10 events):
Event: 7.425 Thread 0x00007faecc0a9000 nmethod 608 0x00007faec8f24790 code [0x00007faec8f24b00, 0x00007faec8f26388]
Event: 7.425 Thread 0x00007faecc0a9000  609             java.beans.Introspector::addMethod (196 bytes)
Event: 7.463 Thread 0x00007faecc0a9000 nmethod 609 0x00007faec8f27850 code [0x00007faec8f27b20, 0x00007faec8f28fd8]
Event: 7.463 Thread 0x00007faecc0a9000  610             java.util.TreeMap::parentOf (13 bytes)
Event: 7.463 Thread 0x00007faecc0a9000 nmethod 610 0x00007faec8efe010 code [0x00007faec8efe140, 0x00007faec8efe198]
Event: 7.463 Thread 0x00007faecc0a9000  611             org.codehaus.groovy.reflection.ClassInfo::getLocalClassInfoMap (37 bytes)
Event: 7.464 Thread 0x00007faecc0a9000 nmethod 611 0x00007faec8f02dd0 code [0x00007faec8f02f20, 0x00007faec8f02fb8]
Event: 7.464 Thread 0x00007faecc0a9000  612             java.beans.Introspector::getTargetEventInfo (1089 bytes)
Event: 7.708 Thread 0x00007faecc0a9000 nmethod 612 0x00007faec8f30010 code [0x00007faec8f30980, 0x00007faec8f34da0]
Event: 7.709 Thread 0x00007faecc0a9000  613   !         java.beans.Introspector::getTargetPropertyInfo (589 bytes)

GC Heap History (10 events):
Event: 1.883 GC heap before
{Heap before GC invocations=3 (full 0):
 PSYoungGen      total 55296K, used 55269K [0x00000000eaa80000, 0x00000000f1680000, 0x0000000100000000)
  eden space 47616K, 100% used [0x00000000eaa80000,0x00000000ed900000,0x00000000ed900000)
  from space 7680K, 99% used [0x00000000ee080000,0x00000000ee7f9658,0x00000000ee800000)
  to   space 7680K, 0% used [0x00000000ed900000,0x00000000ed900000,0x00000000ee080000)
 ParOldGen       total 124928K, used 1482K [0x00000000c0000000, 0x00000000c7a00000, 0x00000000eaa80000)
  object space 124928K, 1% used [0x00000000c0000000,0x00000000c0172bd8,0x00000000c7a00000)
 PSPermGen       total 21504K, used 20798K [0x00000000b0000000, 0x00000000b1500000, 0x00000000c0000000)
  object space 21504K, 96% used [0x00000000b0000000,0x00000000b144fae0,0x00000000b1500000)
Event: 1.891 GC heap after
Heap after GC invocations=3 (full 0):
 PSYoungGen      total 55296K, used 7667K [0x00000000eaa80000, 0x00000000f1680000, 0x0000000100000000)
  eden space 47616K, 0% used [0x00000000eaa80000,0x00000000eaa80000,0x00000000ed900000)
  from space 7680K, 99% used [0x00000000ed900000,0x00000000ee07cf20,0x00000000ee080000)
  to   space 7680K, 0% used [0x00000000f0f00000,0x00000000f0f00000,0x00000000f1680000)
 ParOldGen       total 124928K, used 1595K [0x00000000c0000000, 0x00000000c7a00000, 0x00000000eaa80000)
  object space 124928K, 1% used [0x00000000c0000000,0x00000000c018ecc8,0x00000000c7a00000)
 PSPermGen       total 21504K, used 20798K [0x00000000b0000000, 0x00000000b1500000, 0x00000000c0000000)
  object space 21504K, 96% used [0x00000000b0000000,0x00000000b144fae0,0x00000000b1500000)
}
Event: 2.023 GC heap before
{Heap before GC invocations=4 (full 0):
 PSYoungGen      total 55296K, used 55283K [0x00000000eaa80000, 0x00000000f1680000, 0x0000000100000000)
  eden space 47616K, 100% used [0x00000000eaa80000,0x00000000ed900000,0x00000000ed900000)
  from space 7680K, 99% used [0x00000000ed900000,0x00000000ee07cf20,0x00000000ee080000)
  to   space 7680K, 0% used [0x00000000f0f00000,0x00000000f0f00000,0x00000000f1680000)
 ParOldGen       total 124928K, used 1595K [0x00000000c0000000, 0x00000000c7a00000, 0x00000000eaa80000)
  object space 124928K, 1% used [0x00000000c0000000,0x00000000c018ecc8,0x00000000c7a00000)
 PSPermGen       total 21504K, used 20806K [0x00000000b0000000, 0x00000000b1500000, 0x00000000c0000000)
  object space 21504K, 96% used [0x00000000b0000000,0x00000000b14518d0,0x00000000b1500000)
Event: 2.033 GC heap after
Heap after GC invocations=4 (full 0):
 PSYoungGen      total 102912K, used 6148K [0x00000000eaa80000, 0x00000000f1680000, 0x0000000100000000)
  eden space 95232K, 0% used [0x00000000eaa80000,0x00000000eaa80000,0x00000000f0780000)
  from space 7680K, 80% used [0x00000000f0f00000,0x00000000f1501100,0x00000000f1680000)
  to   space 7680K, 0% used [0x00000000f0780000,0x00000000f0780000,0x00000000f0f00000)
 ParOldGen       total 124928K, used 1595K [0x00000000c0000000, 0x00000000c7a00000, 0x00000000eaa80000)
  object space 124928K, 1% used [0x00000000c0000000,0x00000000c018ecc8,0x00000000c7a00000)
 PSPermGen       total 21504K, used 20806K [0x00000000b0000000, 0x00000000b1500000, 0x00000000c0000000)
  object space 21504K, 96% used [0x00000000b0000000,0x00000000b14518d0,0x00000000b1500000)
}
Event: 2.709 GC heap before
{Heap before GC invocations=5 (full 0):
 PSYoungGen      total 102912K, used 101380K [0x00000000eaa80000, 0x00000000f1680000, 0x0000000100000000)
  eden space 95232K, 100% used [0x00000000eaa80000,0x00000000f0780000,0x00000000f0780000)
  from space 7680K, 80% used [0x00000000f0f00000,0x00000000f1501100,0x00000000f1680000)
  to   space 7680K, 0% used [0x00000000f0780000,0x00000000f0780000,0x00000000f0f00000)
 ParOldGen       total 124928K, used 1595K [0x00000000c0000000, 0x00000000c7a00000, 0x00000000eaa80000)
  object space 124928K, 1% used [0x00000000c0000000,0x00000000c018ecc8,0x00000000c7a00000)
 PSPermGen       total 24576K, used 24148K [0x00000000b0000000, 0x00000000b1800000, 0x00000000c0000000)
  object space 24576K, 98% used [0x00000000b0000000,0x00000000b1795090,0x00000000b1800000)
Event: 2.725 GC heap after
Heap after GC invocations=5 (full 0):
 PSYoungGen      total 102912K, used 7664K [0x00000000eaa80000, 0x00000000f7d80000, 0x0000000100000000)
  eden space 95232K, 0% used [0x00000000eaa80000,0x00000000eaa80000,0x00000000f0780000)
  from space 7680K, 99% used [0x00000000f0780000,0x00000000f0efc030,0x00000000f0f00000)
  to   space 12800K, 0% used [0x00000000f7100000,0x00000000f7100000,0x00000000f7d80000)
 ParOldGen       total 124928K, used 6377K [0x00000000c0000000, 0x00000000c7a00000, 0x00000000eaa80000)
  object space 124928K, 5% used [0x00000000c0000000,0x00000000c063a450,0x00000000c7a00000)
 PSPermGen       total 24576K, used 24148K [0x00000000b0000000, 0x00000000b1800000, 0x00000000c0000000)
  object space 24576K, 98% used [0x00000000b0000000,0x00000000b1795090,0x00000000b1800000)
}
Event: 3.972 GC heap before
{Heap before GC invocations=6 (full 0):
 PSYoungGen      total 102912K, used 102896K [0x00000000eaa80000, 0x00000000f7d80000, 0x0000000100000000)
  eden space 95232K, 100% used [0x00000000eaa80000,0x00000000f0780000,0x00000000f0780000)
  from space 7680K, 99% used [0x00000000f0780000,0x00000000f0efc030,0x00000000f0f00000)
  to   space 12800K, 0% used [0x00000000f7100000,0x00000000f7100000,0x00000000f7d80000)
 ParOldGen       total 124928K, used 6377K [0x00000000c0000000, 0x00000000c7a00000, 0x00000000eaa80000)
  object space 124928K, 5% used [0x00000000c0000000,0x00000000c063a450,0x00000000c7a00000)
 PSPermGen       total 31744K, used 31691K [0x00000000b0000000, 0x00000000b1f00000, 0x00000000c0000000)
  object space 31744K, 99% used [0x00000000b0000000,0x00000000b1ef2f20,0x00000000b1f00000)
Event: 3.994 GC heap after
Heap after GC invocations=6 (full 0):
 PSYoungGen      total 199168K, used 12782K [0x00000000eaa80000, 0x00000000f8580000, 0x0000000100000000)
  eden space 186368K, 0% used [0x00000000eaa80000,0x00000000eaa80000,0x00000000f6080000)
  from space 12800K, 99% used [0x00000000f7100000,0x00000000f7d7b800,0x00000000f7d80000)
  to   space 16896K, 0% used [0x00000000f6080000,0x00000000f6080000,0x00000000f7100000)
 ParOldGen       total 124928K, used 10741K [0x00000000c0000000, 0x00000000c7a00000, 0x00000000eaa80000)
  object space 124928K, 8% used [0x00000000c0000000,0x00000000c0a7d7c0,0x00000000c7a00000)
 PSPermGen       total 31744K, used 31691K [0x00000000b0000000, 0x00000000b1f00000, 0x00000000c0000000)
  object space 31744K, 99% used [0x00000000b0000000,0x00000000b1ef2f20,0x00000000b1f00000)
}
Event: 7.911 GC heap before
{Heap before GC invocations=7 (full 0):
 PSYoungGen      total 199168K, used 199150K [0x00000000eaa80000, 0x00000000f8580000, 0x0000000100000000)
  eden space 186368K, 100% used [0x00000000eaa80000,0x00000000f6080000,0x00000000f6080000)
  from space 12800K, 99% used [0x00000000f7100000,0x00000000f7d7b800,0x00000000f7d80000)
  to   space 16896K, 0% used [0x00000000f6080000,0x00000000f6080000,0x00000000f7100000)
 ParOldGen       total 124928K, used 10741K [0x00000000c0000000, 0x00000000c7a00000, 0x00000000eaa80000)
  object space 124928K, 8% used [0x00000000c0000000,0x00000000c0a7d7c0,0x00000000c7a00000)
 PSPermGen       total 42496K, used 42376K [0x00000000b0000000, 0x00000000b2980000, 0x00000000c0000000)
  object space 42496K, 99% used [0x00000000b0000000,0x00000000b29622f0,0x00000000b2980000)
Event: 7.959 GC heap after
Heap after GC invocations=7 (full 0):
 PSYoungGen      total 203264K, used 16890K [0x00000000eaa80000, 0x0000000100000000, 0x0000000100000000)
  eden space 186368K, 0% used [0x00000000eaa80000,0x00000000eaa80000,0x00000000f6080000)
  from space 16896K, 99% used [0x00000000f6080000,0x00000000f70fe990,0x00000000f7100000)
  to   space 31232K, 0% used [0x00000000fe180000,0x00000000fe180000,0x0000000100000000)
 ParOldGen       total 124928K, used 33872K [0x00000000c0000000, 0x00000000c7a00000, 0x00000000eaa80000)
  object space 124928K, 27% used [0x00000000c0000000,0x00000000c2114368,0x00000000c7a00000)
 PSPermGen       total 42496K, used 42376K [0x00000000b0000000, 0x00000000b2980000, 0x00000000c0000000)
  object space 42496K, 99% used [0x00000000b0000000,0x00000000b29622f0,0x00000000b2980000)
}

Deoptimization events (10 events):
Event: 6.643 Thread 0x00007fae8400c000 Uncommon trap: reason=bimorphic action=maybe_recompile pc=0x00007faec8e3918c method=com.sun.org.apache.xerces.internal.impl.XMLDocumentFragmentScannerImpl.scanDocument(Z)Z @ 103
Event: 6.643 Thread 0x00007fae8400c000 Uncommon trap: reason=bimorphic action=maybe_recompile pc=0x00007faec8e93f9c method=com.sun.org.apache.xerces.internal.impl.XMLDocumentFragmentScannerImpl.scanEndElement()I @ 140
Event: 6.672 Thread 0x00007fae8400c000 Uncommon trap: reason=bimorphic action=maybe_recompile pc=0x00007faec8e3918c method=com.sun.org.apache.xerces.internal.impl.XMLDocumentFragmentScannerImpl.scanDocument(Z)Z @ 103
Event: 7.291 Thread 0x00007fae8400c000 Uncommon trap: reason=class_check action=maybe_recompile pc=0x00007faec8cba038 method=java.util.regex.Matcher.search(I)Z @ 86
Event: 7.291 Thread 0x00007fae8400c000 Uncommon trap: reason=class_check action=maybe_recompile pc=0x00007faec8cba038 method=java.util.regex.Matcher.search(I)Z @ 86
Event: 7.830 Thread 0x00007fae8400c000 Uncommon trap: reason=array_check action=maybe_recompile pc=0x00007faec8eda710 method=java.util.ComparableTimSort.binarySort([Ljava/lang/Object;III)V @ 215
Event: 7.830 Thread 0x00007fae8400c000 Uncommon trap: reason=array_check action=maybe_recompile pc=0x00007faec8eda710 method=java.util.ComparableTimSort.binarySort([Ljava/lang/Object;III)V @ 215
Event: 7.830 Thread 0x00007fae8400c000 Uncommon trap: reason=array_check action=maybe_recompile pc=0x00007faec8eda89c method=java.util.ComparableTimSort.binarySort([Ljava/lang/Object;III)V @ 183
Event: 7.830 Thread 0x00007fae8400c000 Uncommon trap: reason=array_check action=maybe_recompile pc=0x00007faec8eda7d4 method=java.util.ComparableTimSort.binarySort([Ljava/lang/Object;III)V @ 193
Event: 7.830 Thread 0x00007fae8400c000 Uncommon trap: reason=array_check action=maybe_recompile pc=0x00007faec8eda7d4 method=java.util.ComparableTimSort.binarySort([Ljava/lang/Object;III)V @ 193

Internal exceptions (10 events):
Event: 7.005 Thread 0x00007fae8400c000 Threw 0x00000000f4be4c30 at /build/buildd/openjdk-7-7u75-2.5.4/build/openjdk/hotspot/src/share/vm/prims/jvm.cpp:1284
Event: 7.005 Thread 0x00007fae8400c000 Threw 0x00000000f4be5710 at /build/buildd/openjdk-7-7u75-2.5.4/build/openjdk/hotspot/src/share/vm/prims/jvm.cpp:1284
Event: 7.076 Thread 0x00007fae8400c000 Threw 0x00000000f4cfc200 at /build/buildd/openjdk-7-7u75-2.5.4/build/openjdk/hotspot/src/share/vm/prims/jvm.cpp:1284
Event: 7.076 Thread 0x00007fae8400c000 Threw 0x00000000f4cfccc8 at /build/buildd/openjdk-7-7u75-2.5.4/build/openjdk/hotspot/src/share/vm/prims/jvm.cpp:1284
Event: 7.076 Thread 0x00007fae8400c000 Threw 0x00000000f4d00fb0 at /build/buildd/openjdk-7-7u75-2.5.4/build/openjdk/hotspot/src/share/vm/prims/jvm.cpp:1284
Event: 7.076 Thread 0x00007fae8400c000 Threw 0x00000000f4d01b40 at /build/buildd/openjdk-7-7u75-2.5.4/build/openjdk/hotspot/src/share/vm/prims/jvm.cpp:1284
Event: 7.076 Thread 0x00007fae8400c000 Threw 0x00000000f4d07fa8 at /build/buildd/openjdk-7-7u75-2.5.4/build/openjdk/hotspot/src/share/vm/prims/jvm.cpp:1284
Event: 7.078 Thread 0x00007fae8400c000 Threw 0x00000000f4d1c0a8 at /build/buildd/openjdk-7-7u75-2.5.4/build/openjdk/hotspot/src/share/vm/classfile/systemDictionary.cpp:185
Event: 7.112 Thread 0x00007fae8400c000 Threw 0x00000000f4ec2030 at /build/buildd/openjdk-7-7u75-2.5.4/build/openjdk/hotspot/src/share/vm/prims/jvm.cpp:1284
Event: 7.112 Thread 0x00007fae8400c000 Threw 0x00000000f4ec46e0 at /build/buildd/openjdk-7-7u75-2.5.4/build/openjdk/hotspot/src/share/vm/prims/jvm.cpp:1284

Events (10 events):
Event: 7.983 loading class 0x00007fae80d7e970
Event: 7.983 loading class 0x00007fae80d7e970 done
Event: 7.987 loading class 0x00007fae80db00a0
Event: 7.987 loading class 0x00007fae80db00a0 done
Event: 7.989 loading class 0x00007fae80cd6360
Event: 7.989 loading class 0x00007fae80cd6360 done
Event: 8.028 loading class 0x00007fae80db3490
Event: 8.028 loading class 0x00007fae80db3490 done
Event: 8.048 loading class 0x00007fae80cf8b40
Event: 8.048 loading class 0x00007fae80cf8b40 done


Dynamic libraries:
00400000-00401000 r-xp 00000000 08:01 16387174                           /usr/lib/jvm/java-7-openjdk-amd64/jre/bin/java
00600000-00601000 r--p 00000000 08:01 16387174                           /usr/lib/jvm/java-7-openjdk-amd64/jre/bin/java
00601000-00602000 rw-p 00001000 08:01 16387174                           /usr/lib/jvm/java-7-openjdk-amd64/jre/bin/java
02051000-02072000 rw-p 00000000 00:00 0                                  [heap]
b0000000-b2980000 rw-p 00000000 00:00 0 
b2980000-c0000000 rw-p 00000000 00:00 0 
c0000000-c7a00000 rw-p 00000000 00:00 0 
c7a00000-eaa80000 rw-p 00000000 00:00 0 
eaa80000-100000000 rw-p 00000000 00:00 0 
7fae6c000000-7fae6c021000 rw-p 00000000 00:00 0 
7fae6c021000-7fae70000000 ---p 00000000 00:00 0 
7fae74000000-7fae74021000 rw-p 00000000 00:00 0 
7fae74021000-7fae78000000 ---p 00000000 00:00 0 
7fae78000000-7fae78021000 rw-p 00000000 00:00 0 
7fae78021000-7fae7c000000 ---p 00000000 00:00 0 
7fae7c000000-7fae7c021000 rw-p 00000000 00:00 0 
7fae7c021000-7fae80000000 ---p 00000000 00:00 0 
7fae80000000-7fae8106d000 rw-p 00000000 00:00 0 
7fae8106d000-7fae84000000 ---p 00000000 00:00 0 
7fae84000000-7fae84021000 rw-p 00000000 00:00 0 
7fae84021000-7fae88000000 ---p 00000000 00:00 0 
7fae88000000-7fae88021000 rw-p 00000000 00:00 0 
7fae88021000-7fae8c000000 ---p 00000000 00:00 0 
7fae8c000000-7fae8c021000 rw-p 00000000 00:00 0 
7fae8c021000-7fae90000000 ---p 00000000 00:00 0 
7fae90000000-7fae9002e000 rw-p 00000000 00:00 0 
7fae9002e000-7fae94000000 ---p 00000000 00:00 0 
7fae94000000-7fae952d3000 rw-p 00000000 00:00 0 
7fae952d3000-7fae98000000 ---p 00000000 00:00 0 
7fae98000000-7fae98021000 rw-p 00000000 00:00 0 
7fae98021000-7fae9c000000 ---p 00000000 00:00 0 
7fae9c000000-7fae9c021000 rw-p 00000000 00:00 0 
7fae9c021000-7faea0000000 ---p 00000000 00:00 0 
7faea0000000-7faea172e000 rw-p 00000000 00:00 0 
7faea172e000-7faea4000000 ---p 00000000 00:00 0 
7faea4000000-7faea4021000 rw-p 00000000 00:00 0 
7faea4021000-7faea8000000 ---p 00000000 00:00 0 
7faea8000000-7faea8021000 rw-p 00000000 00:00 0 
7faea8021000-7faeac000000 ---p 00000000 00:00 0 
7faeac000000-7faeac021000 rw-p 00000000 00:00 0 
7faeac021000-7faeb0000000 ---p 00000000 00:00 0 
7faeb0000000-7faeb0091000 rw-p 00000000 00:00 0 
7faeb0091000-7faeb4000000 ---p 00000000 00:00 0 
7faeb4000000-7faeb4021000 rw-p 00000000 00:00 0 
7faeb4021000-7faeb8000000 ---p 00000000 00:00 0 
7faeb9307000-7faeb9308000 rw-p 00000000 00:00 0 
7faeb9308000-7faeb930a000 r--s 00004000 08:01 17826395                   /home/vasanth/android-studio/gradle/m2repository/org/ow2/asm/asm-tree/4.0/asm-tree-4.0.jar
7faeb930a000-7faeb930c000 r--s 0000a000 08:01 17826386                   /home/vasanth/android-studio/gradle/m2repository/org/ow2/asm/asm/4.0/asm-4.0.jar
7faeb930c000-7faeb9315000 r--s 000a7000 08:01 17826999                   /home/vasanth/android-studio/gradle/m2repository/com/android/tools/external/lombok/lombok-ast/0.2.2/lombok-ast-0.2.2.jar
7faeb9315000-7faeb9317000 r--s 0000d000 08:01 17827092                   /home/vasanth/android-studio/gradle/m2repository/commons-codec/commons-codec/1.4/commons-codec-1.4.jar
7faeb9317000-7faeb9319000 r--s 0000d000 08:01 17826928                   /home/vasanth/android-studio/gradle/m2repository/commons-logging/commons-logging/1.1.1/commons-logging-1.1.1.jar
7faeb9319000-7faeb931e000 r--s 00028000 08:01 17826679                   /home/vasanth/android-studio/gradle/m2repository/org/apache/httpcomponents/httpcore/4.1/httpcore-4.1.jar
7faeb931e000-7faeb931f000 r--s 00004000 08:01 17825887                   /home/vasanth/android-studio/gradle/m2repository/org/ow2/asm/asm-analysis/4.0/asm-analysis-4.0.jar
7faeb931f000-7faeb9322000 r--s 00029000 08:01 21102689                   /home/vasanth/.gradle/caches/modules-2/files-2.1/com.android.tools.lint/lint-api/24.0.1/dabee09e35f6947d639127efc5a17cba76901bd4/lint-api-24.0.1.jar
7faeb9322000-7faeb9323000 r--s 0000a000 08:01 17826965                   /home/vasanth/android-studio/gradle/m2repository/net/sf/kxml/kxml2/2.3.0/kxml2-2.3.0.jar
7faeb9323000-7faeb934e000 r--s 001f9000 08:01 17826976                   /home/vasanth/android-studio/gradle/m2repository/com/google/guava/guava/17.0/guava-17.0.jar
7faeb934e000-7faeb9350000 r--s 00005000 08:01 17826693                   /home/vasanth/android-studio/gradle/m2repository/org/apache/httpcomponents/httpmime/4.1/httpmime-4.1.jar
7faeb9350000-7faeb9358000 r--s 0004e000 08:01 17826890                   /home/vasanth/android-studio/gradle/m2repository/org/apache/httpcomponents/httpclient/4.1.1/httpclient-4.1.1.jar
7faeb9358000-7faeb935f000 r--s 00053000 08:01 17826904                   /home/vasanth/android-studio/gradle/m2repository/org/apache/commons/commons-compress/1.8.1/commons-compress-1.8.1.jar
7faeb935f000-7faeb9360000 r--s 00005000 08:01 21102687                   /home/vasanth/.gradle/caches/modules-2/files-2.1/com.android.tools/dvlib/24.0.1/88956eb2faa213e7ecba20d42ea814ad23ccb25a/dvlib-24.0.1.jar
7faeb9360000-7faeb9363000 r--s 00011000 08:01 21102686                   /home/vasanth/.gradle/caches/modules-2/files-2.1/com.android.tools.layoutlib/layoutlib-api/24.0.1/99e81aa1d57c4a2764e3159ecaeb2c3d87e2adb1/layoutlib-api-24.0.1.jar
7faeb9363000-7faeb9373000 r--s 000d3000 08:01 17826951                   /home/vasanth/android-studio/gradle/m2repository/net/sf/proguard/proguard-base/5.1/proguard-base-5.1.jar
7faeb9373000-7faeb9382000 r--s 001a9000 08:01 17826921                   /home/vasanth/android-studio/gradle/m2repository/org/eclipse/jdt/core/compiler/ecj/4.2.2/ecj-4.2.2.jar
7faeb9382000-7faeb9387000 r--s 0008c000 08:01 21102685                   /home/vasanth/.gradle/caches/modules-2/files-2.1/com.android.tools.lint/lint-checks/24.0.1/5852425e83bbf45642eb4c105999f3873c85321a/lint-checks-24.0.1.jar
7faeb9387000-7faeb93ba000 r--s 00203000 08:01 17826448                   /home/vasanth/android-studio/gradle/m2repository/org/bouncycastle/bcprov-jdk15on/1.48/bcprov-jdk15on-1.48.jar
7faeb93ba000-7faeb93c8000 r--s 00081000 08:01 17826672                   /home/vasanth/android-studio/gradle/m2repository/org/bouncycastle/bcpkix-jdk15on/1.48/bcpkix-jdk15on-1.48.jar
7faeb93c8000-7faeb93ca000 r--s 00002000 08:01 17826983                   /home/vasanth/android-studio/gradle/m2repository/com/squareup/javawriter/2.5.0/javawriter-2.5.0.jar
7faeb93ca000-7faeb93cf000 r--s 00042000 08:01 21102684                   /home/vasanth/.gradle/caches/modules-2/files-2.1/com.android.tools.ddms/ddmlib/24.0.1/96e5bff5e7352c0d4252a34d00e9fe4e1b9a9a60/ddmlib-24.0.1.jar
7faeb93cf000-7faeb93d2000 r--s 00029000 08:01 21102683                   /home/vasanth/.gradle/caches/modules-2/files-2.1/com.android.tools.build/manifest-merger/24.0.1/42055d1aaf4b93dbfebfaea3a4fc2f33f76360df/manifest-merger-24.0.1.jar
7faeb93d2000-7faeb93d4000 r--s 00014000 08:01 21102682                   /home/vasanth/.gradle/caches/modules-2/files-2.1/com.android.tools/common/24.0.1/96a3273bdb7dd2babc6b7469c43a6bedb87fb1bf/common-24.0.1.jar
7faeb93d4000-7faeb93d9000 r--s 00047000 08:01 21102681                   /home/vasanth/.gradle/caches/modules-2/files-2.1/com.android.tools/sdk-common/24.0.1/78443e0d8bc5fd15ac02a4207752c990969ea32c/sdk-common-24.0.1.jar
7faeb93d9000-7faeb93e3000 r--s 000a8000 08:01 21102680                   /home/vasanth/.gradle/caches/modules-2/files-2.1/com.android.tools/sdklib/24.0.1/129cb79134719e5e271e9a5d02dda97e359767a7/sdklib-24.0.1.jar
7faeb93e3000-7faeb93e4000 r--s 00000000 08:01 21102679                   /home/vasanth/.gradle/caches/modules-2/files-2.1/com.android.tools.build/builder-test-api/1.0.1/ad1ed006cd1432f84d6018cae5b6c289f8b9a592/builder-test-api-1.0.1.jar
7faeb93e4000-7faeb93e6000 r--s 00003000 08:01 21102678                   /home/vasanth/.gradle/caches/modules-2/files-2.1/com.android.tools.build/builder-model/1.0.1/e48e9a3058bb3a9813248cc79bd64e0c211faa5/builder-model-1.0.1.jar
7faeb93e6000-7faeb93e7000 r--s 00002000 08:01 17826957                   /home/vasanth/android-studio/gradle/m2repository/net/sf/proguard/proguard-gradle/5.1/proguard-gradle-5.1.jar
7faeb93e7000-7faeb93ea000 ---p 00000000 00:00 0 
7faeb93ea000-7faeb94e8000 rw-p 00000000 00:00 0                          [stack:14926]
7faeb94e8000-7faeb94eb000 ---p 00000000 00:00 0 
7faeb94eb000-7faeb9521000 rw-p 00000000 00:00 0                          [stack:14925]
7faeb9521000-7faeb958b000 r--s 0069e000 08:01 17959383                   /usr/lib/jvm/java-7-openjdk-amd64/lib/tools.jar
7faeb958b000-7faeb958e000 ---p 00000000 00:00 0 
7faeb958e000-7faeb968c000 rw-p 00000000 00:00 0                          [stack:14923]
7faeb968c000-7faeb968f000 ---p 00000000 00:00 0 
7faeb968f000-7faeb978d000 rw-p 00000000 00:00 0                          [stack:14920]
7faeb978d000-7faeb9790000 ---p 00000000 00:00 0 
7faeb9790000-7faeb988e000 rw-p 00000000 00:00 0                          [stack:14919]
7faeb988e000-7faeb9891000 ---p 00000000 00:00 0 
7faeb9891000-7faeb998f000 rw-p 00000000 00:00 0                          [stack:14918]
7faeb998f000-7faeb9992000 ---p 00000000 00:00 0 
7faeb9992000-7faeb9a90000 rw-p 00000000 00:00 0                          [stack:14917]
7faeb9a90000-7faeb9a93000 ---p 00000000 00:00 0 
7faeb9a93000-7faeb9b91000 rw-p 00000000 00:00 0                          [stack:14916]
7faeb9b91000-7faeb9b95000 r-xp 00000000 08:01 28839678                   /tmp/native-platform2140821471082938807dir/libnative-platform.so
7faeb9b95000-7faeb9d94000 ---p 00004000 08:01 28839678                   /tmp/native-platform2140821471082938807dir/libnative-platform.so
7faeb9d94000-7faeb9d95000 rw-p 00003000 08:01 28839678                   /tmp/native-platform2140821471082938807dir/libnative-platform.so
7faeb9d95000-7faeb9d9a000 r--s 00034000 08:01 17827163                   /home/vasanth/android-studio/gradle/gradle-2.2.1/lib/plugins/gradle-diagnostics-2.2.1.jar
7faeb9d9a000-7faeb9d9c000 r--s 00018000 08:01 21102677                   /home/vasanth/.gradle/caches/modules-2/files-2.1/com.android.tools.lint/lint/24.0.1/d014feecb7c9f4a4bba61b056ff9251c5279df24/lint-24.0.1.jar
7faeb9d9c000-7faeb9da0000 r--s 00031000 08:01 21102676                   /home/vasanth/.gradle/caches/modules-2/files-2.1/com.android.tools.build/builder/1.0.1/c8d3894bf14b2754a94b5091a4a4bd84ea0aa6fc/builder-1.0.1.jar
7faeb9da0000-7faeb9db0000 r--s 00139000 08:01 21102675                   /home/vasanth/.gradle/caches/modules-2/files-2.1/com.android.tools.build/gradle/1.0.1/cd1ae9a4b885e8f07572d0f894f149533c082cc8/gradle-1.0.1.jar
7faeb9db0000-7faeb9db9000 r--s 000b9000 08:01 16387121                   /usr/lib/jvm/java-7-openjdk-amd64/jre/lib/resources.jar
7faeb9db9000-7faeb9dba000 r--p 00000000 00:00 0 
7faeb9dba000-7faeb9dc1000 r--s 00000000 08:01 16147151                   /usr/lib/x86_64-linux-gnu/gconv/gconv-modules.cache
7faeb9dc1000-7faeb9dc5000 r--s 0004d000 08:01 16387135                   /usr/lib/jvm/java-7-openjdk-amd64/jre/lib/jsse.jar
7faeb9dc5000-7faeb9dc6000 r--s 00001000 08:01 17827129                   /home/vasanth/android-studio/gradle/gradle-2.2.1/lib/plugins/gradle-plugin-development-2.2.1.jar
7faeb9dc6000-7faeb9dc8000 r--s 00002000 08:01 17827125                   /home/vasanth/android-studio/gradle/gradle-2.2.1/lib/plugins/gradle-cunit-2.2.1.jar
7faeb9dc8000-7faeb9dcd000 r--s 00036000 08:01 17827159                   /home/vasanth/android-studio/gradle/gradle-2.2.1/lib/plugins/gradle-ide-native-2.2.1.jar
7faeb9dcd000-7faeb9dd2000 r--s 00013000 08:01 17827187                   /home/vasanth/android-studio/gradle/gradle-2.2.1/lib/plugins/gradle-language-native-2.2.1.jar
7faeb9dd2000-7faeb9ddd000 r--s 0004d000 08:01 17827107                   /home/vasanth/android-studio/gradle/gradle-2.2.1/lib/plugins/gradle-platform-native-2.2.1.jar
7faeb9ddd000-7faeb9ddf000 r--s 00008000 08:01 17827176                   /home/vasanth/android-studio/gradle/gradle-2.2.1/lib/plugins/gradle-language-groovy-2.2.1.jar
7faeb9ddf000-7faeb9de4000 r--s 00022000 08:01 17827096                   /home/vasanth/android-studio/gradle/gradle-2.2.1/lib/plugins/gradle-language-java-2.2.1.jar
7faeb9de4000-7faeb9de7000 r--s 00007000 08:01 17827114                   /home/vasanth/android-studio/gradle/gradle-2.2.1/lib/plugins/gradle-language-jvm-2.2.1.jar
7faeb9de7000-7faeb9dea000 r--s 00009000 08:01 17827156                   /home/vasanth/android-studio/gradle/gradle-2.2.1/lib/plugins/gradle-platform-jvm-2.2.1.jar
7faeb9dea000-7faeb9def000 r--s 00018000 08:01 17827165                   /home/vasanth/android-studio/gradle/gradle-2.2.1/lib/plugins/gradle-platform-base-2.2.1.jar
7faeb9def000-7faeb9df4000 r--s 00026000 08:01 17827128                   /home/vasanth/android-studio/gradle/gradle-2.2.1/lib/plugins/gradle-build-init-2.2.1.jar
7faeb9df4000-7faeb9df7000 r--s 0001d000 08:01 17827152                   /home/vasanth/android-studio/gradle/gradle-2.2.1/lib/plugins/gradle-jacoco-2.2.1.jar
7faeb9df7000-7faeb9dfa000 r--s 0000d000 08:01 17827154                   /home/vasanth/android-studio/gradle/gradle-2.2.1/lib/plugins/gradle-ivy-2.2.1.jar
7faeb9dfa000-7faeb9dfc000 r--s 00002000 08:01 17827131                   /home/vasanth/android-studio/gradle/gradle-2.2.1/lib/plugins/gradle-publish-2.2.1.jar
7faeb9dfc000-7faeb9dfe000 r--s 00005000 08:01 17827097                   /home/vasanth/android-studio/gradle/gradle-2.2.1/lib/plugins/jatl-0.2.2.jar
7faeb9dfe000-7faeb9e00000 r--s 00004000 08:01 17827160                   /home/vasanth/android-studio/gradle/gradle-2.2.1/lib/plugins/gradle-osgi-2.2.1.jar
7faeb9e00000-7faeb9e02000 r--s 0000f000 08:01 17827121                   /home/vasanth/android-studio/gradle/gradle-2.2.1/lib/plugins/gradle-reporting-2.2.1.jar
7faeb9e02000-7faeb9e09000 r--s 00090000 08:01 17827170                   /home/vasanth/android-studio/gradle/gradle-2.2.1/lib/plugins/gradle-build-comparison-2.2.1.jar
7faeb9e09000-7faeb9e10000 r--s 00035000 08:01 17827139                   /home/vasanth/android-studio/gradle/gradle-2.2.1/lib/plugins/simple-4.1.21.jar
7faeb9e10000-7faeb9e1c000 r--s 00100000 08:01 17827198                   /home/vasanth/android-studio/gradle/gradle-2.2.1/lib/plugins/rhino-1.7R3.jar
7faeb9e1c000-7faeb9e21000 r--s 0001f000 08:01 17827177                   /home/vasanth/android-studio/gradle/gradle-2.2.1/lib/plugins/gradle-javascript-2.2.1.jar
7faeb9e21000-7faeb9e23000 r--s 0000e000 08:01 17827126                   /home/vasanth/android-studio/gradle/gradle-2.2.1/lib/plugins/gradle-ear-2.2.1.jar
7faeb9e23000-7faeb9e27000 r--s 00025000 08:01 17827195                   /home/vasanth/android-studio/gradle/gradle-2.2.1/lib/plugins/bcpg-jdk15-1.46.jar
7faeb9e27000-7faeb9e2a000 r--s 0001d000 08:01 17827197                   /home/vasanth/android-studio/gradle/gradle-2.2.1/lib/plugins/gradle-signing-2.2.1.jar
7faeb9e2a000-7faeb9e2b000 r--s 00002000 08:01 17827171                   /home/vasanth/android-studio/gradle/gradle-2.2.1/lib/plugins/sonar-batch-bootstrapper-2.9.jar
7faeb9e2b000-7faeb9e2e000 r--s 00018000 08:01 17827199                   /home/vasanth/android-studio/gradle/gradle-2.2.1/lib/plugins/gradle-sonar-2.2.1.jar
7faeb9e2e000-7faeb9e31000 r--s 00017000 08:01 17827134                   /home/vasanth/android-studio/gradle/gradle-2.2.1/lib/plugins/gradle-scala-2.2.1.jar
7faeb9e31000-7faeb9e33000 r--s 0000e000 08:01 17827099                   /home/vasanth/android-studio/gradle/gradle-2.2.1/lib/plugins/gradle-announce-2.2.1.jar
7faeb9e33000-7faeb9e41000 r--s 000bc000 08:01 17827193                   /home/vasanth/android-studio/gradle/gradle-2.2.1/lib/plugins/gradle-ide-2.2.1.jar
7faeb9e41000-7faeb9e43000 r--s 00000000 08:01 17827133                   /home/vasanth/android-studio/gradle/gradle-2.2.1/lib/plugins/plexus-component-annotations-1.5.2.jar
7faeb9e43000-7faeb9e46000 r--s 0000c000 08:01 17827110                   /home/vasanth/android-studio/gradle/gradle-2.2.1/lib/plugins/pmaven-groovy-0.8-20100325.jar
7faeb9e46000-7faeb9e47000 r--s 00004000 08:01 17827157                   /home/vasanth/android-studio/gradle/gradle-2.2.1/lib/plugins/pmaven-common-0.8-20100325.jar
7faeb9e47000-7faeb9e4b000 r--s 0001e000 08:01 17827112                   /home/vasanth/android-studio/gradle/gradle-2.2.1/lib/plugins/gradle-maven-2.2.1.jar
7faeb9e4b000-7faeb9e63000 r--s 0013b000 08:01 17827143                   /home/vasanth/android-studio/gradle/gradle-2.2.1/lib/plugins/bndlib-2.1.0.jar
7faeb9e63000-7faeb9e68000 r--s 00068000 08:01 17827146                   /home/vasanth/android-studio/gradle/gradle-2.2.1/lib/plugins/antlr-2.7.7.jar
7faeb9e68000-7faeb9e69000 r--s 00002000 08:01 17827174                   /home/vasanth/android-studio/gradle/gradle-2.2.1/lib/plugins/ant-antlr-1.9.3.jar
7faeb9e69000-7faeb9e6b000 r--s 00004000 08:01 17827181                   /home/vasanth/android-studio/gradle/gradle-2.2.1/lib/plugins/gradle-antlr-2.2.1.jar
7faeb9e6b000-7faeb9e6e000 r--s 0001e000 08:01 17827141                   /home/vasanth/android-studio/gradle/gradle-2.2.1/lib/plugins/jsp-api-2.1-6.1.14.jar
7faeb9e6e000-7faeb9e91000 r--s 00344000 08:01 17827103                   /home/vasanth/android-studio/gradle/gradle-2.2.1/lib/plugins/core-3.1.1.jar
7faeb9e91000-7faeb9e92000 r--s 00006000 08:01 17827169                   /home/vasanth/android-studio/gradle/gradle-2.2.1/lib/plugins/jetty-naming-6.1.25.jar
7faeb9e92000-7faeb9e93000 r--s 00002000 08:01 17827150                   /home/vasanth/android-studio/gradle/gradle-2.2.1/lib/plugins/geronimo-annotation_1.0_spec-1.0.jar
7faeb9e93000-7faeb9e95000 r--s 00002000 08:01 17827132                   /home/vasanth/android-studio/gradle/gradle-2.2.1/lib/plugins/jetty-annotations-6.1.25.jar
7faeb9e95000-7faeb9ea6000 r--s 000ea000 08:01 17827178                   /home/vasanth/android-studio/gradle/gradle-2.2.1/lib/plugins/jsp-2.1-6.1.14.jar
7faeb9ea6000-7faeb9ea8000 r--s 0000d000 08:01 17827113                   /home/vasanth/android-studio/gradle/gradle-2.2.1/lib/plugins/jetty-plus-6.1.25.jar
7faeb9ea8000-7faeb9eaa000 r--s 0001f000 08:01 17827138                   /home/vasanth/android-studio/gradle/gradle-2.2.1/lib/plugins/servlet-api-2.5-20081211.jar
7faeb9eaa000-7faeb9eae000 r--s 00028000 08:01 17827151                   /home/vasanth/android-studio/gradle/gradle-2.2.1/lib/plugins/jetty-util-6.1.25.jar
7faeb9eae000-7faeb9eb5000 r--s 0007d000 08:01 17827109                   /home/vasanth/android-studio/gradle/gradle-2.2.1/lib/plugins/jetty-6.1.25.jar
7faeb9eb5000-7faeb9eb7000 r--s 00009000 08:01 17827127                   /home/vasanth/android-studio/gradle/gradle-2.2.1/lib/plugins/gradle-jetty-2.2.1.jar
7faeb9eb7000-7faeb9ebc000 r--s 00041000 08:01 17827188                   /home/vasanth/android-studio/gradle/gradle-2.2.1/lib/plugins/gradle-code-quality-2.2.1.jar
7faeb9ebc000-7faeb9ebe000 r--s 00009000 08:01 17827142                   /home/vasanth/android-studio/gradle/gradle-2.2.1/lib/plugins/hamcrest-core-1.3.jar
7faeb9ebe000-7faeb9ec4000 r--s 00033000 08:01 17827149                   /home/vasanth/android-studio/gradle/gradle-2.2.1/lib/plugins/snakeyaml-1.6.jar
7faeb9ec4000-7faeb9ec6000 r--s 00006000 08:01 17827135                   /home/vasanth/android-studio/gradle/gradle-2.2.1/lib/plugins/jcommander-1.12.jar
7faeb9ec6000-7faeb9ecb000 r--s 00040000 08:01 17827137                   /home/vasanth/android-studio/gradle/gradle-2.2.1/lib/plugins/bsh-2.0b4.jar
7faeb9ecb000-7faeb9ecd000 r--s 00009000 08:01 17827140                   /home/vasanth/android-studio/gradle/gradle-2.2.1/lib/plugins/commons-cli-1.2.jar
7faeb9ecd000-7faeb9ed6000 r--s 00089000 08:01 17827095                   /home/vasanth/android-studio/gradle/gradle-2.2.1/lib/plugins/testng-6.3.1.jar
7faeb9ed6000-7faeb9edc000 r--s 00036000 08:01 17827183                   /home/vasanth/android-studio/gradle/gradle-2.2.1/lib/plugins/junit-4.11.jar
7faeb9edc000-7faeb9ee8000 r--s 00075000 08:01 17827173                   /home/vasanth/android-studio/gradle/gradle-2.2.1/lib/plugins/gradle-plugins-2.2.1.jar
7faeb9ee8000-7faeb9eeb000 r--s 00011000 08:01 17827161                   /home/vasanth/android-studio/gradle/gradle-2.2.1/lib/plugins/gradle-plugin-use-2.2.1.jar
7faeb9eeb000-7faeb9f03000 r--s 00115000 08:01 17827196                   /home/vasanth/android-studio/gradle/gradle-2.2.1/lib/plugins/xercesImpl-2.9.1.jar
7faeb9f03000-7faeb9f0b000 r--s 00028000 08:01 17827144                   /home/vasanth/android-studio/gradle/gradle-2.2.1/lib/plugins/xml-apis-1.3.04.jar
7faeb9f0b000-7faeb9f11000 r--s 0005b000 08:01 17827111                   /home/vasanth/android-studio/gradle/gradle-2.2.1/lib/plugins/jcifs-1.3.17.jar
7faeb9f11000-7faeb9f17000 r--s 00031000 08:01 17827179                   /home/vasanth/android-studio/gradle/gradle-2.2.1/lib/plugins/httpcore-4.2.2.jar
7faeb9f17000-7faeb9f1d000 r--s 00033000 08:01 17827098                   /home/vasanth/android-studio/gradle/gradle-2.2.1/lib/plugins/commons-codec-1.6.jar
7faeb9f1d000-7faeb9f20000 r--s 0001c000 08:01 17827182                   /home/vasanth/android-studio/gradle/gradle-2.2.1/lib/plugins/nekohtml-1.9.14.jar
7faeb9f20000-7faeb9f29000 r--s 00060000 08:01 17827120                   /home/vasanth/android-studio/gradle/gradle-2.2.1/lib/plugins/httpclient-4.2.2.jar
7faeb9f29000-7faeb9f2b000 r--s 00007000 08:01 17827162                   /home/vasanth/android-studio/gradle/gradle-2.2.1/lib/plugins/gradle-resources-http-2.2.1.jar
7faeb9f2b000-7faeb9f53000 r--s 00194000 08:01 17827184                   /home/vasanth/android-studio/gradle/gradle-2.2.1/lib/plugins/bcprov-jdk15-1.46.jar
7faeb9f53000-7faeb9f57000 r--s 0001d000 08:01 17827117                   /home/vasanth/android-studio/gradle/gradle-2.2.1/lib/plugins/xbean-reflect-3.4.jar
7faeb9f57000-7faeb9f5c000 r--s 0002a000 08:01 17827192                   /home/vasanth/android-studio/gradle/gradle-2.2.1/lib/plugins/gson-2.2.4.jar
7faeb9f5c000-7faeb9f60000 r--s 0003d000 08:01 17827108                   /home/vasanth/android-studio/gradle/gradle-2.2.1/lib/plugins/jsch-0.1.51.jar
7faeb9f60000-7faeb9f79000 r--s 00129000 08:01 17827116                   /home/vasanth/android-studio/gradle/gradle-2.2.1/lib/plugins/maven-ant-tasks-2.1.3.jar
7faeb9f79000-7faeb9f88000 r--s 000d9000 08:01 17827189                   /home/vasanth/android-studio/gradle/gradle-2.2.1/lib/plugins/ivy-2.2.0.jar
7faeb9f88000-7faeb9f8c000 r--s 0001e000 08:01 17827158                   /home/vasanth/android-studio/gradle/gradle-2.2.1/lib/plugins/jarjar-aether-impl-1.13.1.jar
7faeb9f8c000-7faeb9f8f000 r--s 00027000 08:01 17827118                   /home/vasanth/android-studio/gradle/gradle-2.2.1/lib/plugins/jarjar-maven-model-3.0.4.jar
7faeb9f8f000-7faeb9f92000 r--s 0000b000 08:01 17827186                   /home/vasanth/android-studio/gradle/gradle-2.2.1/lib/plugins/jarjar-maven-artifact-3.0.4.jar
7faeb9f92000-7faeb9f96000 r--s 0001e000 08:01 17827115                   /home/vasanth/android-studio/gradle/gradle-2.2.1/lib/plugins/jarjar-aether-util-1.13.1.jar
7faeb9f96000-7faeb9f98000 r--s 00007000 08:01 17827122                   /home/vasanth/android-studio/gradle/gradle-2.2.1/lib/plugins/jarjar-wagon-http-shared4-2.4.jar
7faeb9f98000-7faeb9fa5000 r--s 00083000 08:01 17827167                   /home/vasanth/android-studio/gradle/gradle-2.2.1/lib/plugins/jarjar-maven-core-3.0.4.jar
7faeb9fa5000-7faeb9fa7000 r--s 00003000 08:01 17827148                   /home/vasanth/android-studio/gradle/gradle-2.2.1/lib/plugins/jarjar-aether-spi-1.13.1.jar
7faeb9fa7000-7faeb9fa9000 r--s 00009000 08:01 17827104                   /home/vasanth/android-studio/gradle/gradle-2.2.1/lib/plugins/jarjar-maven-settings-builder-3.0.4.jar
7faeb9fa9000-7faeb9fad000 r--s 00014000 08:01 17827200                   /home/vasanth/android-studio/gradle/gradle-2.2.1/lib/plugins/jarjar-aether-api-1.13.1.jar
7faeb9fad000-7faeb9fae000 r--s 00002000 08:01 17827130                   /home/vasanth/android-studio/gradle/gradle-2.2.1/lib/plugins/jarjar-wagon-http-2.4.jar
7faeb9fae000-7faeb9fb5000 r--s 00042000 08:01 17827119                   /home/vasanth/android-studio/gradle/gradle-2.2.1/lib/plugins/jarjar-maven-compat-3.0.4.jar
7faeb9fb5000-7faeb9fb7000 r--s 00006000 08:01 17827164                   /home/vasanth/android-studio/gradle/gradle-2.2.1/lib/plugins/jarjar-aether-connector-wagon-1.13.1.jar
7faeb9fb7000-7faeb9fb9000 r--s 00000000 08:01 17827136                   /home/vasanth/android-studio/gradle/gradle-2.2.1/lib/plugins/jarjar-plexus-component-annotations-1.5.5.jar
7faeb9fb9000-7faeb9fbb000 r--s 00006000 08:01 17827175                   /home/vasanth/android-studio/gradle/gradle-2.2.1/lib/plugins/jarjar-plexus-sec-dispatcher-1.3.jar
7faeb9fbb000-7faeb9fc0000 r--s 00022000 08:01 17827180                   /home/vasanth/android-studio/gradle/gradle-2.2.1/lib/plugins/jarjar-maven-model-builder-3.0.4.jar
7faeb9fc0000-7faeb9fc2000 r--s 0000b000 08:01 17827145                   /home/vasanth/android-studio/gradle/gradle-2.2.1/lib/plugins/jarjar-maven-plugin-api-3.0.4.jar
7faeb9fc2000-7faeb9fc5000 r--s 0000a000 08:01 17827100                   /home/vasanth/android-studio/gradle/gradle-2.2.1/lib/plugins/jarjar-plexus-classworlds-2.4.jar
7faeb9fc5000-7faeb9fc9000 r--s 00035000 08:01 17827190                   /home/vasanth/android-studio/gradle/gradle-2.2.1/lib/plugins/jarjar-plexus-utils-2.0.6.jar
7faeb9fc9000-7faeb9fcb000 r--s 0000e000 08:01 17827123                   /home/vasanth/android-studio/gradle/gradle-2.2.1/lib/plugins/jarjar-plexus-interpolation-1.14.jar
7faeb9fcb000-7faeb9fcd000 r--s 00002000 08:01 17827153                   /home/vasanth/android-studio/gradle/gradle-2.2.1/lib/plugins/jarjar-plexus-cipher-1.7.jar
7faeb9fcd000-7faeb9fcf000 r--s 0000c000 08:01 17827166                   /home/vasanth/android-studio/gradle/gradle-2.2.1/lib/plugins/jarjar-wagon-provider-api-2.4.jar
7faeb9fcf000-7faeb9fd7000 r--s 00031000 08:01 17827124                   /home/vasanth/android-studio/gradle/gradle-2.2.1/lib/plugins/jarjar-plexus-container-default-1.5.5.jar
7faeb9fd7000-7faeb9fe7000 r-xp 00000000 08:01 16387145                   /usr/lib/jvm/java-7-openjdk-amd64/jre/lib/amd64/libnio.so
7faeb9fe7000-7faeba1e7000 ---p 00010000 08:01 16387145                   /usr/lib/jvm/java-7-openjdk-amd64/jre/lib/amd64/libnio.so
7faeba1e7000-7faeba1e8000 r--p 00010000 08:01 16387145                   /usr/lib/jvm/java-7-openjdk-amd64/jre/lib/amd64/libnio.so
7faeba1e8000-7faeba1e9000 rw-p 00011000 08:01 16387145                   /usr/lib/jvm/java-7-openjdk-amd64/jre/lib/amd64/libnio.so
7faeba1e9000-7faeba21a000 rw-p 00000000 00:00 0 
7faeba21a000-7faeba257000 r-xp 00000000 08:01 4198346                    /lib/x86_64-linux-gnu/libpcre.so.3.13.1
7faeba257000-7faeba456000 ---p 0003d000 08:01 4198346                    /lib/x86_64-linux-gnu/libpcre.so.3.13.1
7faeba456000-7faeba457000 r--p 0003c000 08:01 4198346                    /lib/x86_64-linux-gnu/libpcre.so.3.13.1
7faeba457000-7faeba458000 rw-p 0003d000 08:01 4198346                    /lib/x86_64-linux-gnu/libpcre.so.3.13.1
7faeba458000-7faeba45f000 r-xp 00000000 08:01 15736616                   /usr/lib/x86_64-linux-gnu/libffi.so.6.0.1
7faeba45f000-7faeba65e000 ---p 00007000 08:01 15736616                   /usr/lib/x86_64-linux-gnu/libffi.so.6.0.1
7faeba65e000-7faeba65f000 r--p 00006000 08:01 15736616                   /usr/lib/x86_64-linux-gnu/libffi.so.6.0.1
7faeba65f000-7faeba660000 rw-p 00007000 08:01 15736616                   /usr/lib/x86_64-linux-gnu/libffi.so.6.0.1
7faeba660000-7faeba677000 r-xp 00000000 08:01 4196930                    /lib/x86_64-linux-gnu/libresolv-2.19.so
7faeba677000-7faeba877000 ---p 00017000 08:01 4196930                    /lib/x86_64-linux-gnu/libresolv-2.19.so
7faeba877000-7faeba878000 r--p 00017000 08:01 4196930                    /lib/x86_64-linux-gnu/libresolv-2.19.so
7faeba878000-7faeba879000 rw-p 00018000 08:01 4196930                    /lib/x86_64-linux-gnu/libresolv-2.19.so
7faeba879000-7faeba87b000 rw-p 00000000 00:00 0 
7faeba87b000-7faeba89b000 r-xp 00000000 08:01 4198941                    /lib/x86_64-linux-gnu/libselinux.so.1
7faeba89b000-7faebaa9a000 ---p 00020000 08:01 4198941                    /lib/x86_64-linux-gnu/libselinux.so.1
7faebaa9a000-7faebaa9b000 r--p 0001f000 08:01 4198941                    /lib/x86_64-linux-gnu/libselinux.so.1
7faebaa9b000-7faebaa9c000 rw-p 00020000 08:01 4198941                    /lib/x86_64-linux-gnu/libselinux.so.1
7faebaa9c000-7faebaa9e000 rw-p 00000000 00:00 0 
7faebaa9e000-7faebaaa1000 r-xp 00000000 08:01 15729004                   /usr/lib/x86_64-linux-gnu/libgmodule-2.0.so.0.4002.0
7faebaaa1000-7faebaca0000 ---p 00003000 08:01 15729004                   /usr/lib/x86_64-linux-gnu/libgmodule-2.0.so.0.4002.0
7faebaca0000-7faebaca1000 r--p 00002000 08:01 15729004                   /usr/lib/x86_64-linux-gnu/libgmodule-2.0.so.0.4002.0
7faebaca1000-7faebaca2000 rw-p 00003000 08:01 15729004                   /usr/lib/x86_64-linux-gnu/libgmodule-2.0.so.0.4002.0
7faebaca2000-7faebada8000 r-xp 00000000 08:01 4218194                    /lib/x86_64-linux-gnu/libglib-2.0.so.0.4002.0
7faebada8000-7faebafa7000 ---p 00106000 08:01 4218194                    /lib/x86_64-linux-gnu/libglib-2.0.so.0.4002.0
7faebafa7000-7faebafa8000 r--p 00105000 08:01 4218194                    /lib/x86_64-linux-gnu/libglib-2.0.so.0.4002.0
7faebafa8000-7faebafa9000 rw-p 00106000 08:01 4218194                    /lib/x86_64-linux-gnu/libglib-2.0.so.0.4002.0
7faebafa9000-7faebafaa000 rw-p 00000000 00:00 0 
7faebafaa000-7faebaff9000 r-xp 00000000 08:01 15729022                   /usr/lib/x86_64-linux-gnu/libgobject-2.0.so.0.4002.0
7faebaff9000-7faebb1f9000 ---p 0004f000 08:01 15729022                   /usr/lib/x86_64-linux-gnu/libgobject-2.0.so.0.4002.0
7faebb1f9000-7faebb1fa000 r--p 0004f000 08:01 15729022                   /usr/lib/x86_64-linux-gnu/libgobject-2.0.so.0.4002.0
7faebb1fa000-7faebb1fb000 rw-p 00050000 08:01 15729022                   /usr/lib/x86_64-linux-gnu/libgobject-2.0.so.0.4002.0
7faebb1fb000-7faebb367000 r-xp 00000000 08:01 15729026                   /usr/lib/x86_64-linux-gnu/libgio-2.0.so.0.4002.0
7faebb367000-7faebb566000 ---p 0016c000 08:01 15729026                   /usr/lib/x86_64-linux-gnu/libgio-2.0.so.0.4002.0
7faebb566000-7faebb56a000 r--p 0016b000 08:01 15729026                   /usr/lib/x86_64-linux-gnu/libgio-2.0.so.0.4002.0
7faebb56a000-7faebb56c000 rw-p 0016f000 08:01 15729026                   /usr/lib/x86_64-linux-gnu/libgio-2.0.so.0.4002.0
7faebb56c000-7faebb56e000 rw-p 00000000 00:00 0 
7faebb56e000-7faebb570000 r--s 0000d000 08:01 17827172                   /home/vasanth/android-studio/gradle/gradle-2.2.1/lib/plugins/jarjar-maven-aether-provider-3.0.4.jar
7faebb570000-7faebb571000 r--s 00007000 08:01 17827147                   /home/vasanth/android-studio/gradle/gradle-2.2.1/lib/plugins/jarjar-maven-repository-metadata-3.0.4.jar
7faebb571000-7faebb572000 r--s 0000b000 08:01 17827185                   /home/vasanth/android-studio/gradle/gradle-2.2.1/lib/plugins/jarjar-maven-settings-3.0.4.jar
7faebb572000-7faebb58a000 r--s 000b5000 08:01 17827155                   /home/vasanth/android-studio/gradle/gradle-2.2.1/lib/plugins/gradle-dependency-management-2.2.1.jar
7faebb58a000-7faebb5a1000 r-xp 00000000 08:01 16387149                   /usr/lib/jvm/java-7-openjdk-amd64/jre/lib/amd64/libnet.so
7faebb5a1000-7faebb7a0000 ---p 00017000 08:01 16387149                   /usr/lib/jvm/java-7-openjdk-amd64/jre/lib/amd64/libnet.so
7faebb7a0000-7faebb7a1000 r--p 00016000 08:01 16387149                   /usr/lib/jvm/java-7-openjdk-amd64/jre/lib/amd64/libnet.so
7faebb7a1000-7faebb7a2000 rw-p 00017000 08:01 16387149                   /usr/lib/jvm/java-7-openjdk-amd64/jre/lib/amd64/libnet.so
7faebb7a2000-7faebb7a3000 r--s 00005000 08:01 17698492                   /home/vasanth/android-studio/gradle/gradle-2.2.1/lib/gradle-wrapper-2.2.1.jar
7faebb7a3000-7faebb7ac000 r--s 0002c000 08:01 17698476                   /home/vasanth/android-studio/gradle/gradle-2.2.1/lib/gradle-tooling-api-2.2.1.jar
7faebb7ac000-7faebb7ae000 r--s 00002000 08:01 17698468                   /home/vasanth/android-studio/gradle/gradle-2.2.1/lib/gradle-open-api-2.2.1.jar
7faebb7ae000-7faebb7b4000 r--s 00032000 08:01 17698487                   /home/vasanth/android-studio/gradle/gradle-2.2.1/lib/jaxen-1.1.jar
7faebb7b4000-7faebb7b9000 r--s 00048000 08:01 17698453                   /home/vasanth/android-studio/gradle/gradle-2.2.1/lib/dom4j-1.6.1.jar
7faebb7b9000-7faebb7c4000 r--s 00059000 08:01 17698477                   /home/vasanth/android-studio/gradle/gradle-2.2.1/lib/gradle-ui-2.2.1.jar
7faebb7c4000-7faebb7c6000 r--s 00006000 08:01 17698488                   /home/vasanth/android-studio/gradle/gradle-2.2.1/lib/gradle-resources-2.2.1.jar
7faebb7c6000-7faebb7c8000 r--s 00007000 08:01 17698479                   /home/vasanth/android-studio/gradle/gradle-2.2.1/lib/objenesis-1.2.jar
7faebb7c8000-7faebb7ca000 r--s 00000000 08:01 17698445                   /home/vasanth/android-studio/gradle/gradle-2.2.1/lib/minlog-1.2.jar
7faebb7ca000-7faebb7cc000 r--s 0000f000 08:01 17698460                   /home/vasanth/android-studio/gradle/gradle-2.2.1/lib/reflectasm-1.07-shaded.jar
7faebb7cc000-7faebb7d0000 r--s 00026000 08:01 17698459                   /home/vasanth/android-studio/gradle/gradle-2.2.1/lib/kryo-2.20.jar
7faebb7d0000-7faebb7d9000 r--s 00039000 08:01 17698451                   /home/vasanth/android-studio/gradle/gradle-2.2.1/lib/gradle-messaging-2.2.1.jar
7faebb7d9000-7faebb7da000 r--s 00003000 08:01 17698485                   /home/vasanth/android-studio/gradle/gradle-2.2.1/lib/native-platform-freebsd-amd64-0.10.jar
7faebb7da000-7faebb7db000 r--s 00003000 08:01 17698486                   /home/vasanth/android-studio/gradle/gradle-2.2.1/lib/native-platform-freebsd-i386-0.10.jar
7faebb7db000-7faebb7dc000 r--s 00005000 08:01 17698443                   /home/vasanth/android-studio/gradle/gradle-2.2.1/lib/native-platform-windows-i386-0.10.jar
7faebb7dc000-7faebb7dd000 r--s 00005000 08:01 17698458                   /home/vasanth/android-studio/gradle/gradle-2.2.1/lib/native-platform-windows-amd64-0.10.jar
7faebb7dd000-7faebb7de000 r--s 00003000 08:01 17698481                   /home/vasanth/android-studio/gradle/gradle-2.2.1/lib/native-platform-linux-i386-0.10.jar
7faebb7de000-7faebb7df000 r--s 00003000 08:01 17698472                   /home/vasanth/android-studio/gradle/gradle-2.2.1/lib/native-platform-linux-amd64-0.10.jar
7faebb7df000-7faebb7e0000 r--s 00002000 08:01 17698482                   /home/vasanth/android-studio/gradle/gradle-2.2.1/lib/native-platform-osx-amd64-0.10.jar
7faebb7e0000-7faebb7e1000 r--s 00002000 08:01 17698475                   /home/vasanth/android-studio/gradle/gradle-2.2.1/lib/native-platform-osx-i386-0.10.jar
7faebb7e1000-7faebb7e3000 r--s 00008000 08:01 17698442                   /home/vasanth/android-studio/gradle/gradle-2.2.1/lib/jansi-1.2.1.jar
7faebb7e3000-7faebb7e6000 r--s 0000d000 08:01 17698470                   /home/vasanth/android-studio/gradle/gradle-2.2.1/lib/native-platform-0.10.jar
7faebb7e6000-7faebb7ea000 r--s 000e4000 08:01 17698490                   /home/vasanth/android-studio/gradle/gradle-2.2.1/lib/jna-3.2.7.jar
7faebb7ea000-7faebb7ec000 r--s 00008000 08:01 17698463                   /home/vasanth/android-studio/gradle/gradle-2.2.1/lib/gradle-native-2.2.1.jar
7faebb7ec000-7faebb7ee000 r--s 00005000 08:01 17698461                   /home/vasanth/android-studio/gradle/gradle-2.2.1/lib/gradle-cli-2.2.1.jar
7faebb7ee000-7faebb7f0000 r--s 00003000 08:01 17698462                   /home/vasanth/android-studio/gradle/gradle-2.2.1/lib/gradle-base-services-groovy-2.2.1.jar
7faebb7f0000-7faebb7f2000 r--s 0000a000 08:01 17698474                   /home/vasanth/android-studio/gradle/gradle-2.2.1/lib/gradle-model-groovy-2.2.1.jar
7faebb7f2000-7faebb7f6000 r--s 0001b000 08:01 17698440                   /home/vasanth/android-studio/gradle/gradle-2.2.1/lib/gradle-model-core-2.2.1.jar
7faebb7f6000-7faebb7f7000 r--s 00000000 08:01 17698447                   /home/vasanth/android-studio/gradle/gradle-2.2.1/lib/gradle-docs-2.2.1.jar
7faebb7f7000-7faebb7f9000 r--s 00003000 08:01 17698478                   /home/vasanth/android-studio/gradle/gradle-2.2.1/lib/jcl-over-slf4j-1.7.7.jar
7faebb7f9000-7faebb7fa000 r--s 00005000 08:01 17698464                   /home/vasanth/android-studio/gradle/gradle-2.2.1/lib/log4j-over-slf4j-1.7.7.jar
7faebb7fa000-7faebb7fd000 r--s 0001b000 08:01 17698466                   /home/vasanth/android-studio/gradle/gradle-2.2.1/lib/jarjar-1.3.jar
7faebb7fd000-7faebb7ff000 r--s 00000000 08:01 17698480                   /home/vasanth/android-studio/gradle/gradle-2.2.1/lib/jul-to-slf4j-1.7.7.jar
7faebb7ff000-7faebb805000 r--s 0003b000 08:01 17698484                   /home/vasanth/android-studio/gradle/gradle-2.2.1/lib/logback-classic-1.0.13.jar
7faebb805000-7faebb80f000 r--s 0005d000 08:01 17698449                   /home/vasanth/android-studio/gradle/gradle-2.2.1/lib/logback-core-1.0.13.jar
7faebb80f000-7faebb81d000 r--s 0007f000 08:01 17698450                   /home/vasanth/android-studio/gradle/gradle-2.2.1/lib/commons-collections-3.2.1.jar
7faebb81d000-7faebb81e000 ---p 00000000 00:00 0 
7faebb81e000-7faebb91e000 rw-p 00000000 00:00 0                          [stack:14914]
7faebb91e000-7faebc000000 r--p 00000000 08:01 15735379                   /usr/lib/locale/locale-archive
7faebc000000-7faebc02c000 rw-p 00000000 00:00 0 
7faebc02c000-7faec0000000 ---p 00000000 00:00 0 
7faec0000000-7faec0001000 r--s 00000000 08:01 17698457                   /home/vasanth/android-studio/gradle/gradle-2.2.1/lib/javax.inject-1.jar
7faec0001000-7faec0006000 r--s 00041000 08:01 17698454                   /home/vasanth/android-studio/gradle/gradle-2.2.1/lib/commons-lang-2.6.jar
7faec0006000-7faec0009000 r--s 00018000 08:01 17698483                   /home/vasanth/android-studio/gradle/gradle-2.2.1/lib/commons-io-1.4.jar
7faec0009000-7faec000e000 r--s 00036000 08:01 17698456                   /home/vasanth/android-studio/gradle/gradle-2.2.1/lib/asm-all-5.0.3.jar
7faec000e000-7faec0079000 r--s 00685000 08:01 17698444                   /home/vasanth/android-studio/gradle/gradle-2.2.1/lib/groovy-all-2.3.6.jar
7faec0079000-7faec00a1000 r--s 001cf000 08:01 17698465                   /home/vasanth/android-studio/gradle/gradle-2.2.1/lib/guava-jdk5-17.0.jar
7faec00a1000-7faec00c0000 r--s 001cc000 08:01 17698491                   /home/vasanth/android-studio/gradle/gradle-2.2.1/lib/ant-1.9.3.jar
7faec00c0000-7faec00c6000 r--s 00026000 08:01 17698448                   /home/vasanth/android-studio/gradle/gradle-2.2.1/lib/gradle-base-services-2.2.1.jar
7faec00c6000-7faec00f7000 r--s 00191000 08:01 17698439                   /home/vasanth/android-studio/gradle/gradle-2.2.1/lib/gradle-core-2.2.1.jar
7faec00f7000-7faec00fa000 ---p 00000000 00:00 0 
7faec00fa000-7faec01f8000 rw-p 00000000 00:00 0                          [stack:14913]
7faec01f8000-7faec01fb000 ---p 00000000 00:00 0 
7faec01fb000-7faec02f9000 rw-p 00000000 00:00 0                          [stack:14912]
7faec02f9000-7faec02fc000 ---p 00000000 00:00 0 
7faec02fc000-7faec03fa000 rw-p 00000000 00:00 0                          [stack:14911]
7faec03fa000-7faec03fd000 ---p 00000000 00:00 0 
7faec03fd000-7faec04fb000 rw-p 00000000 00:00 0                          [stack:14910]
7faec04fb000-7faec04fe000 ---p 00000000 00:00 0 
7faec04fe000-7faec05fc000 rw-p 00000000 00:00 0                          [stack:14909]
7faec05fc000-7faec05ff000 ---p 00000000 00:00 0 
7faec05ff000-7faec06fd000 rw-p 00000000 00:00 0                          [stack:14908]
7faec06fd000-7faec06fe000 ---p 00000000 00:00 0 
7faec06fe000-7faec164e000 rw-p 00000000 00:00 0                          [stack:14907]
7faec164e000-7faec1800000 r--s 01d23000 08:01 16387119                   /usr/lib/jvm/java-7-openjdk-amd64/jre/lib/rt.jar
7faec1800000-7faec4000000 rw-p 00000000 00:00 0 
7faec4000000-7faec4021000 rw-p 00000000 00:00 0 
7faec4021000-7faec8000000 ---p 00000000 00:00 0 
7faec8000000-7faec8001000 r--s 00000000 08:01 17698441                   /home/vasanth/android-studio/gradle/gradle-2.2.1/lib/jcip-annotations-1.0.jar
7faec8001000-7faec8009000 r--s 0003c000 08:01 17698489                   /home/vasanth/android-studio/gradle/gradle-2.2.1/lib/gradle-launcher-2.2.1.jar
7faec8009000-7faec84e6000 rw-p 00000000 00:00 0 
7faec84e6000-7faec84e7000 ---p 00000000 00:00 0 
7faec84e7000-7faec85e7000 rw-p 00000000 00:00 0                          [stack:14906]
7faec85e7000-7faec85e8000 ---p 00000000 00:00 0 
7faec85e8000-7faec86e8000 rw-p 00000000 00:00 0                          [stack:14905]
7faec86e8000-7faec86e9000 ---p 00000000 00:00 0 
7faec86e9000-7faec87e9000 rw-p 00000000 00:00 0                          [stack:14904]
7faec87e9000-7faec87ea000 ---p 00000000 00:00 0 
7faec87ea000-7faec88ff000 rw-p 00000000 00:00 0                          [stack:14903]
7faec88ff000-7faec896a000 rw-p 00000000 00:00 0 
7faec896a000-7faec897f000 rw-p 00000000 00:00 0 
7faec897f000-7faec89ea000 rw-p 00000000 00:00 0 
7faec89ea000-7faec8a27000 rw-p 00000000 00:00 0 
7faec8a27000-7faec8b3f000 rw-p 00000000 00:00 0 
7faec8b3f000-7faec8bea000 rw-p 00000000 00:00 0 
7faec8bea000-7faec8beb000 rw-p 00000000 00:00 0 
7faec8beb000-7faec8f4b000 rwxp 00000000 00:00 0 
7faec8f4b000-7faecbbeb000 rw-p 00000000 00:00 0 
7faecbbeb000-7faecbbf3000 r-xp 00000000 08:01 16387171                   /usr/lib/jvm/java-7-openjdk-amd64/jre/lib/amd64/libzip.so
7faecbbf3000-7faecbdf2000 ---p 00008000 08:01 16387171                   /usr/lib/jvm/java-7-openjdk-amd64/jre/lib/amd64/libzip.so
7faecbdf2000-7faecbdf3000 r--p 00007000 08:01 16387171                   /usr/lib/jvm/java-7-openjdk-amd64/jre/lib/amd64/libzip.so
7faecbdf3000-7faecbdf4000 rw-p 00008000 08:01 16387171                   /usr/lib/jvm/java-7-openjdk-amd64/jre/lib/amd64/libzip.so
7faecbdf4000-7faecbdff000 r-xp 00000000 08:01 4196934                    /lib/x86_64-linux-gnu/libnss_files-2.19.so
7faecbdff000-7faecbffe000 ---p 0000b000 08:01 4196934                    /lib/x86_64-linux-gnu/libnss_files-2.19.so
7faecbffe000-7faecbfff000 r--p 0000a000 08:01 4196934                    /lib/x86_64-linux-gnu/libnss_files-2.19.so
7faecbfff000-7faecc000000 rw-p 0000b000 08:01 4196934                    /lib/x86_64-linux-gnu/libnss_files-2.19.so
7faecc000000-7faecca23000 rw-p 00000000 00:00 0 
7faecca23000-7faed0000000 ---p 00000000 00:00 0 
7faed0000000-7faed0002000 r--s 00006000 08:01 17698455                   /home/vasanth/android-studio/gradle/gradle-2.2.1/lib/slf4j-api-1.7.7.jar
7faed0002000-7faed0088000 rw-p 00000000 00:00 0 
7faed0088000-7faed01a1000 rw-p 00000000 00:00 0 
7faed01a1000-7faed01ac000 r-xp 00000000 08:01 4196968                    /lib/x86_64-linux-gnu/libnss_nis-2.19.so
7faed01ac000-7faed03ab000 ---p 0000b000 08:01 4196968                    /lib/x86_64-linux-gnu/libnss_nis-2.19.so
7faed03ab000-7faed03ac000 r--p 0000a000 08:01 4196968                    /lib/x86_64-linux-gnu/libnss_nis-2.19.so
7faed03ac000-7faed03ad000 rw-p 0000b000 08:01 4196968                    /lib/x86_64-linux-gnu/libnss_nis-2.19.so
7faed03ad000-7faed03c4000 r-xp 00000000 08:01 4196957                    /lib/x86_64-linux-gnu/libnsl-2.19.so
7faed03c4000-7faed05c3000 ---p 00017000 08:01 4196957                    /lib/x86_64-linux-gnu/libnsl-2.19.so
7faed05c3000-7faed05c4000 r--p 00016000 08:01 4196957                    /lib/x86_64-linux-gnu/libnsl-2.19.so
7faed05c4000-7faed05c5000 rw-p 00017000 08:01 4196957                    /lib/x86_64-linux-gnu/libnsl-2.19.so
7faed05c5000-7faed05c7000 rw-p 00000000 00:00 0 
7faed05c7000-7faed05d0000 r-xp 00000000 08:01 4196956                    /lib/x86_64-linux-gnu/libnss_compat-2.19.so
7faed05d0000-7faed07cf000 ---p 00009000 08:01 4196956                    /lib/x86_64-linux-gnu/libnss_compat-2.19.so
7faed07cf000-7faed07d0000 r--p 00008000 08:01 4196956                    /lib/x86_64-linux-gnu/libnss_compat-2.19.so
7faed07d0000-7faed07d1000 rw-p 00009000 08:01 4196956                    /lib/x86_64-linux-gnu/libnss_compat-2.19.so
7faed07d1000-7faed07fc000 r-xp 00000000 08:01 16387158                   /usr/lib/jvm/java-7-openjdk-amd64/jre/lib/amd64/libjava.so
7faed07fc000-7faed09fc000 ---p 0002b000 08:01 16387158                   /usr/lib/jvm/java-7-openjdk-amd64/jre/lib/amd64/libjava.so
7faed09fc000-7faed09fd000 r--p 0002b000 08:01 16387158                   /usr/lib/jvm/java-7-openjdk-amd64/jre/lib/amd64/libjava.so
7faed09fd000-7faed09ff000 rw-p 0002c000 08:01 16387158                   /usr/lib/jvm/java-7-openjdk-amd64/jre/lib/amd64/libjava.so
7faed09ff000-7faed0a0f000 r-xp 00000000 08:01 16387157                   /usr/lib/jvm/java-7-openjdk-amd64/jre/lib/amd64/libverify.so
7faed0a0f000-7faed0c0e000 ---p 00010000 08:01 16387157                   /usr/lib/jvm/java-7-openjdk-amd64/jre/lib/amd64/libverify.so
7faed0c0e000-7faed0c10000 r--p 0000f000 08:01 16387157                   /usr/lib/jvm/java-7-openjdk-amd64/jre/lib/amd64/libverify.so
7faed0c10000-7faed0c11000 rw-p 00011000 08:01 16387157                   /usr/lib/jvm/java-7-openjdk-amd64/jre/lib/amd64/libverify.so
7faed0c11000-7faed0c18000 r-xp 00000000 08:01 4196965                    /lib/x86_64-linux-gnu/librt-2.19.so
7faed0c18000-7faed0e17000 ---p 00007000 08:01 4196965                    /lib/x86_64-linux-gnu/librt-2.19.so
7faed0e17000-7faed0e18000 r--p 00006000 08:01 4196965                    /lib/x86_64-linux-gnu/librt-2.19.so
7faed0e18000-7faed0e19000 rw-p 00007000 08:01 4196965                    /lib/x86_64-linux-gnu/librt-2.19.so
7faed0e19000-7faed0e2f000 r-xp 00000000 08:01 4194330                    /lib/x86_64-linux-gnu/libgcc_s.so.1
7faed0e2f000-7faed102e000 ---p 00016000 08:01 4194330                    /lib/x86_64-linux-gnu/libgcc_s.so.1
7faed102e000-7faed102f000 rw-p 00015000 08:01 4194330                    /lib/x86_64-linux-gnu/libgcc_s.so.1
7faed102f000-7faed1134000 r-xp 00000000 08:01 4196933                    /lib/x86_64-linux-gnu/libm-2.19.so
7faed1134000-7faed1333000 ---p 00105000 08:01 4196933                    /lib/x86_64-linux-gnu/libm-2.19.so
7faed1333000-7faed1334000 r--p 00104000 08:01 4196933                    /lib/x86_64-linux-gnu/libm-2.19.so
7faed1334000-7faed1335000 rw-p 00105000 08:01 4196933                    /lib/x86_64-linux-gnu/libm-2.19.so
7faed1335000-7faed141b000 r-xp 00000000 08:01 15737244                   /usr/lib/x86_64-linux-gnu/libstdc++.so.6.0.19
7faed141b000-7faed161a000 ---p 000e6000 08:01 15737244                   /usr/lib/x86_64-linux-gnu/libstdc++.so.6.0.19
7faed161a000-7faed1622000 r--p 000e5000 08:01 15737244                   /usr/lib/x86_64-linux-gnu/libstdc++.so.6.0.19
7faed1622000-7faed1624000 rw-p 000ed000 08:01 15737244                   /usr/lib/x86_64-linux-gnu/libstdc++.so.6.0.19
7faed1624000-7faed1639000 rw-p 00000000 00:00 0 
7faed1639000-7faed2151000 r-xp 00000000 08:01 16516415                   /usr/lib/jvm/java-7-openjdk-amd64/jre/lib/amd64/server/libjvm.so
7faed2151000-7faed2351000 ---p 00b18000 08:01 16516415                   /usr/lib/jvm/java-7-openjdk-amd64/jre/lib/amd64/server/libjvm.so
7faed2351000-7faed23eb000 r--p 00b18000 08:01 16516415                   /usr/lib/jvm/java-7-openjdk-amd64/jre/lib/amd64/server/libjvm.so
7faed23eb000-7faed240e000 rw-p 00bb2000 08:01 16516415                   /usr/lib/jvm/java-7-openjdk-amd64/jre/lib/amd64/server/libjvm.so
7faed240e000-7faed243c000 rw-p 00000000 00:00 0 
7faed243c000-7faed2454000 r-xp 00000000 08:01 4198406                    /lib/x86_64-linux-gnu/libz.so.1.2.8
7faed2454000-7faed2653000 ---p 00018000 08:01 4198406                    /lib/x86_64-linux-gnu/libz.so.1.2.8
7faed2653000-7faed2654000 r--p 00017000 08:01 4198406                    /lib/x86_64-linux-gnu/libz.so.1.2.8
7faed2654000-7faed2655000 rw-p 00018000 08:01 4198406                    /lib/x86_64-linux-gnu/libz.so.1.2.8
7faed2655000-7faed266e000 r-xp 00000000 08:01 4196963                    /lib/x86_64-linux-gnu/libpthread-2.19.so
7faed266e000-7faed286d000 ---p 00019000 08:01 4196963                    /lib/x86_64-linux-gnu/libpthread-2.19.so
7faed286d000-7faed286e000 r--p 00018000 08:01 4196963                    /lib/x86_64-linux-gnu/libpthread-2.19.so
7faed286e000-7faed286f000 rw-p 00019000 08:01 4196963                    /lib/x86_64-linux-gnu/libpthread-2.19.so
7faed286f000-7faed2873000 rw-p 00000000 00:00 0 
7faed2873000-7faed2876000 r-xp 00000000 08:01 4196950                    /lib/x86_64-linux-gnu/libdl-2.19.so
7faed2876000-7faed2a75000 ---p 00003000 08:01 4196950                    /lib/x86_64-linux-gnu/libdl-2.19.so
7faed2a75000-7faed2a76000 r--p 00002000 08:01 4196950                    /lib/x86_64-linux-gnu/libdl-2.19.so
7faed2a76000-7faed2a77000 rw-p 00003000 08:01 4196950                    /lib/x86_64-linux-gnu/libdl-2.19.so
7faed2a77000-7faed2c32000 r-xp 00000000 08:01 4196962                    /lib/x86_64-linux-gnu/libc-2.19.so
7faed2c32000-7faed2e31000 ---p 001bb000 08:01 4196962                    /lib/x86_64-linux-gnu/libc-2.19.so
7faed2e31000-7faed2e35000 r--p 001ba000 08:01 4196962                    /lib/x86_64-linux-gnu/libc-2.19.so
7faed2e35000-7faed2e37000 rw-p 001be000 08:01 4196962                    /lib/x86_64-linux-gnu/libc-2.19.so
7faed2e37000-7faed2e3c000 rw-p 00000000 00:00 0 
7faed2e3c000-7faed2e49000 r-xp 00000000 08:01 16515965                   /usr/lib/jvm/java-7-openjdk-amd64/jre/lib/amd64/jli/libjli.so
7faed2e49000-7faed3048000 ---p 0000d000 08:01 16515965                   /usr/lib/jvm/java-7-openjdk-amd64/jre/lib/amd64/jli/libjli.so
7faed3048000-7faed3049000 r--p 0000c000 08:01 16515965                   /usr/lib/jvm/java-7-openjdk-amd64/jre/lib/amd64/jli/libjli.so
7faed3049000-7faed304a000 rw-p 0000d000 08:01 16515965                   /usr/lib/jvm/java-7-openjdk-amd64/jre/lib/amd64/jli/libjli.so
7faed304a000-7faed306d000 r-xp 00000000 08:01 4196959                    /lib/x86_64-linux-gnu/ld-2.19.so
7faed306d000-7faed306f000 r--s 00006000 08:01 16127441                   /usr/share/java/java-atk-wrapper.jar
7faed306f000-7faed3096000 rw-p 00000000 00:00 0 
7faed3096000-7faed3148000 rw-p 00000000 00:00 0 
7faed3148000-7faed314b000 ---p 00000000 00:00 0 
7faed314b000-7faed324e000 rw-p 00000000 00:00 0                          [stack:14902]
7faed324e000-7faed324f000 r--s 00004000 08:01 17698446                   /home/vasanth/android-studio/gradle/gradle-2.2.1/lib/ant-launcher-1.9.3.jar
7faed324f000-7faed3251000 r--s 00012000 08:01 16387125                   /usr/lib/jvm/java-7-openjdk-amd64/jre/lib/ext/zipfs.jar
7faed3251000-7faed3255000 r--s 00034000 08:01 16387124                   /usr/lib/jvm/java-7-openjdk-amd64/jre/lib/ext/sunjce_provider.jar
7faed3255000-7faed3258000 r--s 0000f000 08:01 16387122                   /usr/lib/jvm/java-7-openjdk-amd64/jre/lib/ext/icedtea-sound.jar
7faed3258000-7faed325b000 r--s 00086000 08:01 16387127                   /usr/lib/jvm/java-7-openjdk-amd64/jre/lib/ext/localedata.jar
7faed325b000-7faed325f000 r--s 0003c000 08:01 16387123                   /usr/lib/jvm/java-7-openjdk-amd64/jre/lib/ext/sunpkcs11.jar
7faed325f000-7faed3260000 r--s 00002000 08:01 16387126                   /usr/lib/jvm/java-7-openjdk-amd64/jre/lib/ext/dnsns.jar
7faed3260000-7faed3268000 rw-s 00000000 08:01 25041236                   /tmp/hsperfdata_vasanth/14900
7faed3268000-7faed3269000 rw-p 00000000 00:00 0 
7faed3269000-7faed326a000 r--p 00000000 00:00 0 
7faed326a000-7faed326c000 rw-p 00000000 00:00 0 
7faed326c000-7faed326d000 r--p 00022000 08:01 4196959                    /lib/x86_64-linux-gnu/ld-2.19.so
7faed326d000-7faed326e000 rw-p 00023000 08:01 4196959                    /lib/x86_64-linux-gnu/ld-2.19.so
7faed326e000-7faed326f000 rw-p 00000000 00:00 0 
7fffbea7d000-7fffbea9f000 rw-p 00000000 00:00 0                          [stack]
7fffbebb9000-7fffbebbb000 r-xp 00000000 00:00 0                          [vdso]
ffffffffff600000-ffffffffff601000 r-xp 00000000 00:00 0                  [vsyscall]

VM Arguments:
jvm_args: -XX:MaxPermSize=256m -XX:+HeapDumpOnOutOfMemoryError -Xmx1024m -Dfile.encoding=UTF-8 -Duser.country=IN -Duser.language=en -Duser.variant 
java_command: org.gradle.launcher.daemon.bootstrap.GradleDaemon 2.2.1 /home/vasanth/.gradle/daemon 10800000 d5e1469e-c631-4a34-a116-40cc4278b791 -XX:MaxPermSize=256m -XX:+HeapDumpOnOutOfMemoryError -Xmx1024m -Dfile.encoding=UTF-8 -Duser.country=IN -Duser.language=en -Duser.variant
Launcher Type: SUN_STANDARD

Environment Variables:
JAVA_HOME=/usr/lib/jvm/java-1.7.0-openjdk-amd64
CLASSPATH=./../lib/bootstrap.jar:./../lib/extensions.jar:./../lib/util.jar:./../lib/jdom.jar:./../lib/log4j.jar:./../lib/trove4j.jar:./../lib/jna.jar:/usr/lib/jvm/java-1.7.0-openjdk-amd64/lib/tools.jar
PATH=/usr/local/sbin:/usr/local/bin:/usr/sbin:/usr/bin:/sbin:/bin:/usr/games:/usr/local/games
LD_LIBRARY_PATH=.:
SHELL=/bin/bash
DISPLAY=:0

Signal Handlers:
SIGSEGV: [libjvm.so+0x94b4b0], sa_mask[0]=0x7ffbfeff, sa_flags=0x10000004
SIGBUS: [libjvm.so+0x94b4b0], sa_mask[0]=0x7ffbfeff, sa_flags=0x10000004
SIGFPE: [libjvm.so+0x7c3390], sa_mask[0]=0x7ffbfeff, sa_flags=0x10000004
SIGPIPE: [libjvm.so+0x7c3390], sa_mask[0]=0x7ffbfeff, sa_flags=0x10000004
SIGXFSZ: [libjvm.so+0x7c3390], sa_mask[0]=0x7ffbfeff, sa_flags=0x10000004
SIGILL: [libjvm.so+0x7c3390], sa_mask[0]=0x7ffbfeff, sa_flags=0x10000004
SIGUSR1: SIG_DFL, sa_mask[0]=0x00000000, sa_flags=0x00000000
SIGUSR2: [libjvm.so+0x7c3230], sa_mask[0]=0x00000004, sa_flags=0x10000004
SIGHUP: [libjvm.so+0x7c3410], sa_mask[0]=0x7ffbfeff, sa_flags=0x10000004
SIGINT: [libjvm.so+0x7c3410], sa_mask[0]=0x7ffbfeff, sa_flags=0x10000004
SIGTERM: [libjvm.so+0x7c3410], sa_mask[0]=0x7ffbfeff, sa_flags=0x10000004
SIGQUIT: [libjvm.so+0x7c3410], sa_mask[0]=0x7ffbfeff, sa_flags=0x10000004
SIGTRAP: SIG_DFL, sa_mask[0]=0x00000000, sa_flags=0x00000000


---------------  S Y S T E M  ---------------

OS:Ubuntu 14.04 (trusty)
uname:Linux 3.13.0-43-generic #72-Ubuntu SMP Mon Dec 8 19:35:06 UTC 2014 x86_64
libc:glibc 2.19 NPTL 2.19 
rlimit: STACK 8192k, CORE 0k, NPROC 93765, NOFILE 4096, AS infinity
load average:0.58 0.56 0.77

/proc/meminfo:
MemTotal:       12023656 kB
MemFree:         3267452 kB
Buffers:          527932 kB
Cached:          4792316 kB
SwapCached:            0 kB
Active:          4505268 kB
Inactive:        3487292 kB
Active(anon):    2673944 kB
Inactive(anon):   605632 kB
Active(file):    1831324 kB
Inactive(file):  2881660 kB
Unevictable:          48 kB
Mlocked:              48 kB
SwapTotal:       8100860 kB
SwapFree:        8100860 kB
Dirty:             29460 kB
Writeback:             0 kB
AnonPages:       2684656 kB
Mapped:           510060 kB
Shmem:            607268 kB
Slab:             585096 kB
SReclaimable:     539944 kB
SUnreclaim:        45152 kB
KernelStack:        5384 kB
PageTables:        43676 kB
NFS_Unstable:          0 kB
Bounce:                0 kB
WritebackTmp:          0 kB
CommitLimit:    14112688 kB
Committed_AS:    8226852 kB
VmallocTotal:   34359738367 kB
VmallocUsed:      380492 kB
VmallocChunk:   34359344976 kB
HardwareCorrupted:     0 kB
AnonHugePages:    907264 kB
HugePages_Total:       0
HugePages_Free:        0
HugePages_Rsvd:        0
HugePages_Surp:        0
Hugepagesize:       2048 kB
DirectMap4k:      128100 kB
DirectMap2M:     9023488 kB
DirectMap1G:     3145728 kB


CPU:total 4 (2 cores per cpu, 2 threads per core) family 6 model 60 stepping 3, cmov, cx8, fxsr, mmx, sse, sse2, sse3, ssse3, sse4.1, sse4.2, popcnt, avx, avx2, aes, erms, ht, tsc, tscinvbit

/proc/cpuinfo:
processor	: 0
vendor_id	: GenuineIntel
cpu family	: 6
model		: 60
model name	: Intel(R) Core(TM) i5-4200M CPU @ 2.50GHz
stepping	: 3
microcode	: 0x17
cpu MHz		: 2501.000
cache size	: 3072 KB
physical id	: 0
siblings	: 4
core id		: 0
cpu cores	: 2
apicid		: 0
initial apicid	: 0
fpu		: yes
fpu_exception	: yes
cpuid level	: 13
wp		: yes
flags		: fpu vme de pse tsc msr pae mce cx8 apic sep mtrr pge mca cmov pat pse36 clflush dts acpi mmx fxsr sse sse2 ss ht tm pbe syscall nx pdpe1gb rdtscp lm constant_tsc arch_perfmon pebs bts rep_good nopl xtopology nonstop_tsc aperfmperf eagerfpu pni pclmulqdq dtes64 monitor ds_cpl vmx est tm2 ssse3 fma cx16 xtpr pdcm pcid sse4_1 sse4_2 movbe popcnt tsc_deadline_timer aes xsave avx f16c rdrand lahf_lm abm ida arat epb xsaveopt pln pts dtherm tpr_shadow vnmi flexpriority ept vpid fsgsbase tsc_adjust bmi1 avx2 smep bmi2 erms invpcid
bogomips	: 4988.34
clflush size	: 64
cache_alignment	: 64
address sizes	: 39 bits physical, 48 bits virtual
power management:

processor	: 1
vendor_id	: GenuineIntel
cpu family	: 6
model		: 60
model name	: Intel(R) Core(TM) i5-4200M CPU @ 2.50GHz
stepping	: 3
microcode	: 0x17
cpu MHz		: 2501.000
cache size	: 3072 KB
physical id	: 0
siblings	: 4
core id		: 0
cpu cores	: 2
apicid		: 1
initial apicid	: 1
fpu		: yes
fpu_exception	: yes
cpuid level	: 13
wp		: yes
flags		: fpu vme de pse tsc msr pae mce cx8 apic sep mtrr pge mca cmov pat pse36 clflush dts acpi mmx fxsr sse sse2 ss ht tm pbe syscall nx pdpe1gb rdtscp lm constant_tsc arch_perfmon pebs bts rep_good nopl xtopology nonstop_tsc aperfmperf eagerfpu pni pclmulqdq dtes64 monitor ds_cpl vmx est tm2 ssse3 fma cx16 xtpr pdcm pcid sse4_1 sse4_2 movbe popcnt tsc_deadline_timer aes xsave avx f16c rdrand lahf_lm abm ida arat epb xsaveopt pln pts dtherm tpr_shadow vnmi flexpriority ept vpid fsgsbase tsc_adjust bmi1 avx2 smep bmi2 erms invpcid
bogomips	: 4988.34
clflush size	: 64
cache_alignment	: 64
address sizes	: 39 bits physical, 48 bits virtual
power management:

processor	: 2
vendor_id	: GenuineIntel
cpu family	: 6
model		: 60
model name	: Intel(R) Core(TM) i5-4200M CPU @ 2.50GHz
stepping	: 3
microcode	: 0x17
cpu MHz		: 2501.000
cache size	: 3072 KB
physical id	: 0
siblings	: 4
core id		: 1
cpu cores	: 2
apicid		: 2
initial apicid	: 2
fpu		: yes
fpu_exception	: yes
cpuid level	: 13
wp		: yes
flags		: fpu vme de pse tsc msr pae mce cx8 apic sep mtrr pge mca cmov pat pse36 clflush dts acpi mmx fxsr sse sse2 ss ht tm pbe syscall nx pdpe1gb rdtscp lm constant_tsc arch_perfmon pebs bts rep_good nopl xtopology nonstop_tsc aperfmperf eagerfpu pni pclmulqdq dtes64 monitor ds_cpl vmx est tm2 ssse3 fma cx16 xtpr pdcm pcid sse4_1 sse4_2 movbe popcnt tsc_deadline_timer aes xsave avx f16c rdrand lahf_lm abm ida arat epb xsaveopt pln pts dtherm tpr_shadow vnmi flexpriority ept vpid fsgsbase tsc_adjust bmi1 avx2 smep bmi2 erms invpcid
bogomips	: 4988.34
clflush size	: 64
cache_alignment	: 64
address sizes	: 39 bits physical, 48 bits virtual
power management:

processor	: 3
vendor_id	: GenuineIntel
cpu family	: 6
model		: 60
model name	: Intel(R) Core(TM) i5-4200M CPU @ 2.50GHz
stepping	: 3
microcode	: 0x17
cpu MHz		: 800.000
cache size	: 3072 KB
physical id	: 0
siblings	: 4
core id		: 1
cpu cores	: 2
apicid		: 3
initial apicid	: 3
fpu		: yes
fpu_exception	: yes
cpuid level	: 13
wp		: yes
flags		: fpu vme de pse tsc msr pae mce cx8 apic sep mtrr pge mca cmov pat pse36 clflush dts acpi mmx fxsr sse sse2 ss ht tm pbe syscall nx pdpe1gb rdtscp lm constant_tsc arch_perfmon pebs bts rep_good nopl xtopology nonstop_tsc aperfmperf eagerfpu pni pclmulqdq dtes64 monitor ds_cpl vmx est tm2 ssse3 fma cx16 xtpr pdcm pcid sse4_1 sse4_2 movbe popcnt tsc_deadline_timer aes xsave avx f16c rdrand lahf_lm abm ida arat epb xsaveopt pln pts dtherm tpr_shadow vnmi flexpriority ept vpid fsgsbase tsc_adjust bmi1 avx2 smep bmi2 erms invpcid
bogomips	: 4988.34
clflush size	: 64
cache_alignment	: 64
address sizes	: 39 bits physical, 48 bits virtual
power management:



Memory: 4k page, physical 12023656k(3267452k free), swap 8100860k(8100860k free)

vm_info: OpenJDK 64-Bit Server VM (24.75-b04) for linux-amd64 JRE (1.7.0_75-b13), built on Jan 27 2015 00:38:59 by "buildd" with gcc 4.8.2

time: Tue Mar 10 11:38:18 2015
elapsed time: 8 seconds

