#
# A fatal error has been detected by the Java Runtime Environment:
#
#  SIGSEGV (0xb) at pc=0x00007fd005cd85a3, pid=15482, tid=140531270760192
#
# JRE version: OpenJDK Runtime Environment (7.0_75-b13) (build 1.7.0_75-b13)
# Java VM: OpenJDK 64-Bit Server VM (24.75-b04 mixed mode linux-amd64 compressed oops)
# Derivative: IcedTea 2.5.4
# Distribution: Ubuntu 14.04 LTS, package 7u75-2.5.4-1~trusty1
# Problematic frame:
# V  [libjvm.so+0x8305a3]  oopDesc* PSPromotionManager::copy_to_survivor_space<false>(oopDesc*)+0x253
#
# Failed to write core dump. Core dumps have been disabled. To enable core dumping, try "ulimit -c unlimited" before starting Java again
#
# If you would like to submit a bug report, please include
# instructions on how to reproduce the bug and visit:
#   http://icedtea.classpath.org/bugzilla
#

---------------  T H R E A D  ---------------

Current thread (0x00007fd000020000):  GCTaskThread [stack: 0x00007fcffc693000,0x00007fcffc794000] [id=15485]

siginfo:si_signo=SIGSEGV: si_errno=0, si_code=1 (SEGV_MAPERR), si_addr=0x000000000066008c

Registers:
RAX=0x0000000000000001, RBX=0x00000000ebe49118, RCX=0x0000000000000000, RDX=0x0000000000660074
RSP=0x00007fcffc792c40, RBP=0x00007fcffc792ca0, RSI=0x00007fd00626a420, RDI=0x00007fd000073650
R8 =0x0000000000000000, R9 =0x00000000eaa80000, R10=0x00000000f6dd79f8, R11=0x000000000000003b
R12=0x00000000f7049884, R13=0x0061006c00700065, R14=0x00007fd000073650, R15=0x00007fd00626a420
RIP=0x00007fd005cd85a3, EFLAGS=0x0000000000010206, CSGSFS=0x0000000000000033, ERR=0x0000000000000004
  TRAPNO=0x000000000000000e

Top of Stack: (sp=0x00007fcffc792c40)
0x00007fcffc792c40:   00007fd000073650 0000000000000006
0x00007fcffc792c50:   00007fd000073658 00000000f704b5e0
0x00007fcffc792c60:   00000000f7044010 0000000000001000
0x00007fcffc792c70:   00007fd0000736c0 00007fd000073650
0x00007fcffc792c80:   00000000f7049884 0000000000000000
0x00007fcffc792c90:   00007fd0000736c0 00007fd00626a420
0x00007fcffc792ca0:   00007fcffc792d10 00007fd005cd7d18
0x00007fcffc792cb0:   0000000000000000 00007fd0000736f0
0x00007fcffc792cc0:   00007fcffc792ce0 00007fd005cdb17d
0x00007fcffc792cd0:   00007fcffc9ea281 00007fcffc792d30
0x00007fcffc792ce0:   00007fcffc792d10 00007fd000073650
0x00007fcffc792cf0:   00007fd000028050 00007fd005e5592b
0x00007fcffc792d00:   00007fd000020000 00007fd0062863ea
0x00007fcffc792d10:   00007fcffc792dc0 00007fd005cdb4fa
0x00007fcffc792d20:   00000000c01cf868 00007fcffc9eb000
0x00007fcffc792d30:   00007fd0062541f0 00007fcffc9eae00
0x00007fcffc792d40:   0000000000000000 00007fd000073650
0x00007fcffc792d50:   00007fd006254250 00007fd000020000
0x00007fcffc792d60:   0000000000000000 00007fd000073650
0x00007fcffc792d70:   00007fcffc792d90 00007fd005c37f1b
0x00007fcffc792d80:   00007fd00001fad0 00007fd00001fad0
0x00007fcffc792d90:   00007fcffc792dc0 0000000000000001
0x00007fcffc792da0:   00007fd000028050 00007fd005e5592b
0x00007fcffc792db0:   00007fd000020000 00007fd0062863ea
0x00007fcffc792dc0:   00007fcffc792ed0 00007fd0059ed042
0x00007fcffc792dd0:   00000000000003d8 00007fd000020c58
0x00007fcffc792de0:   00007fd000020880 00007fcffc792e60
0x00007fcffc792df0:   00007fd000020840 00007fd000020870
0x00007fcffc792e00:   00007fcffc792e10 0000000000000000
0x00007fcffc792e10:   0000000000000000 00007fd000021600
0x00007fcffc792e20:   00007fd000020000 00007fd000020c60
0x00007fcffc792e30:   00007fd000020ca0 00007fd000020cb0 

Instructions: (pc=0x00007fd005cd85a3)
0x00007fd005cd8583:   48 c1 ea 03 83 e2 0f e9 3d fe ff ff 90 8b 56 08
0x00007fd005cd8593:   48 8d 35 86 1e 59 00 8b 4e 08 48 d3 e2 48 03 16
0x00007fd005cd85a3:   8b 4a 18 48 8d 7a 10 83 f9 00 0f 8f ed fd ff ff
0x00007fd005cd85b3:   0f 85 cf 02 00 00 0f 1f 80 00 00 00 00 48 8b 42 

Register to memory mapping:

RAX=0x0000000000000001 is an unknown value
RBX=0x00000000ebe49118 is an unknown value
RCX=0x0000000000000000 is an unknown value
RDX=0x0000000000660074 is an unknown value
RSP=0x00007fcffc792c40 is an unknown value
RBP=0x00007fcffc792ca0 is an unknown value
RSI=0x00007fd00626a420: <offset 0xdc2420> in /usr/lib/jvm/java-7-openjdk-amd64/jre/lib/amd64/server/libjvm.so at 0x00007fd0054a8000
RDI=0x00007fd000073650 is an unknown value
R8 =0x0000000000000000 is an unknown value
R9 =0x00000000eaa80000 is an oop
[B 
 - klass: {type array byte}
 - length: 85
R10=0x00000000f6dd79f8 is an oop
java.lang.String 
 - klass: 'java/lang/String'
R11=0x000000000000003b is an unknown value
R12=0x00000000f7049884 is an unknown value
R13=0x0061006c00700065 is an unknown value
R14=0x00007fd000073650 is an unknown value
R15=0x00007fd00626a420: <offset 0xdc2420> in /usr/lib/jvm/java-7-openjdk-amd64/jre/lib/amd64/server/libjvm.so at 0x00007fd0054a8000


Stack: [0x00007fcffc693000,0x00007fcffc794000],  sp=0x00007fcffc792c40,  free space=1023k
Native frames: (J=compiled Java code, j=interpreted, Vv=VM code, C=native code)
V  [libjvm.so+0x8305a3]  oopDesc* PSPromotionManager::copy_to_survivor_space<false>(oopDesc*)+0x253
V  [libjvm.so+0x82fd18]  PSPromotionManager::drain_stacks_depth(bool)+0x688
V  [libjvm.so+0x8334fa]  ScavengeRootsTask::do_it(GCTaskManager*, unsigned int)+0xba
V  [libjvm.so+0x545042]  GCTaskThread::run()+0x162
V  [libjvm.so+0x7c4a42]  java_start(Thread*)+0xf2


---------------  P R O C E S S  ---------------

Java Threads: ( => current thread )
  0x00007fcfac231800 JavaThread "process reaper" daemon [_thread_blocked, id=15506, stack(0x00007fcfdd376000,0x00007fcfdd3af000)]
  0x00007fcfac00d000 JavaThread "Stdin handler" [_thread_blocked, id=15504, stack(0x00007fcfdd41a000,0x00007fcfdd51b000)]
  0x00007fcfc000c000 JavaThread "Daemon worker" [_thread_blocked, id=15501, stack(0x00007fcfdd522000,0x00007fcfdd623000)]
  0x00007fcfc000b000 JavaThread "Cancel handler" [_thread_blocked, id=15500, stack(0x00007fcfdd623000,0x00007fcfdd724000)]
  0x00007fcfc0007800 JavaThread "Handler for socket connection from /127.0.0.1:35574 to /127.0.0.1:44572" [_thread_in_native, id=15499, stack(0x00007fcfdd724000,0x00007fcfdd825000)]
  0x00007fcfbc004800 JavaThread "Daemon" [_thread_blocked, id=15498, stack(0x00007fcfdd825000,0x00007fcfdd926000)]
  0x00007fd0009fc800 JavaThread "Incoming local TCP Connector on port 35574" [_thread_in_native, id=15497, stack(0x00007fcfdd926000,0x00007fcfdda27000)]
  0x00007fd0000ae800 JavaThread "Service Thread" daemon [_thread_blocked, id=15495, stack(0x00007fcfdf81d000,0x00007fcfdf91e000)]
  0x00007fd0000ac000 JavaThread "C2 CompilerThread1" daemon [_thread_blocked, id=15494, stack(0x00007fcff404b000,0x00007fcff414c000)]
  0x00007fd0000a9000 JavaThread "C2 CompilerThread0" daemon [_thread_blocked, id=15493, stack(0x00007fcff414c000,0x00007fcff424d000)]
  0x00007fd0000a7000 JavaThread "Signal Dispatcher" daemon [_thread_blocked, id=15492, stack(0x00007fcff424d000,0x00007fcff434e000)]
  0x00007fd00007c000 JavaThread "Finalizer" daemon [_thread_blocked, id=15491, stack(0x00007fcff434e000,0x00007fcff444f000)]
  0x00007fd00007a000 JavaThread "Reference Handler" daemon [_thread_blocked, id=15490, stack(0x00007fcff444f000,0x00007fcff4550000)]
  0x00007fd00000a800 JavaThread "main" [_thread_blocked, id=15484, stack(0x00007fd006fb7000,0x00007fd0070b8000)]

Other Threads:
  0x00007fd000076000 VMThread [stack: 0x00007fcff4550000,0x00007fcff4651000] [id=15489]
  0x00007fd0000b9000 WatcherThread [stack: 0x00007fcfdf71c000,0x00007fcfdf81d000] [id=15496]

=>0x00007fd000020000 (exited) GCTaskThread [stack: 0x00007fcffc693000,0x00007fcffc794000] [id=15485]

VM state:at safepoint (normal execution)

VM Mutex/Monitor currently owned by a thread:  ([mutex/lock_event])
[0x00007fd000006a00] Threads_lock - owner thread: 0x00007fd000076000
[0x00007fd000006f00] Heap_lock - owner thread: 0x00007fcfc000c000

Heap
 PSYoungGen      total 102912K, used 102886K [0x00000000eaa80000, 0x00000000f7380000, 0x0000000100000000)
  eden space 95232K, 100% used [0x00000000eaa80000,0x00000000f0780000,0x00000000f0780000)
  from space 7680K, 99% used [0x00000000f0780000,0x00000000f0ef99c8,0x00000000f0f00000)
  to   space 7680K, 99% used [0x00000000f6c00000,0x00000000f7378020,0x00000000f7380000)
 ParOldGen       total 124928K, used 2411K [0x00000000c0000000, 0x00000000c7a00000, 0x00000000eaa80000)
  object space 124928K, 1% used [0x00000000c0000000,0x00000000c026a960,0x00000000c7a00000)
 PSPermGen       total 24576K, used 24124K [0x00000000b0000000, 0x00000000b1800000, 0x00000000c0000000)
  object space 24576K, 98% used [0x00000000b0000000,0x00000000b178f330,0x00000000b1800000)

Card table byte_map: [0x00007fcffc96a000,0x00007fcffcbeb000] byte_map_base: 0x00007fcffc3ea000

Polling page: 0x00007fd0070d8000

Code Cache  [0x00007fcffcbeb000, 0x00007fcffce5b000, 0x00007fcfffbeb000)
 total_blobs=899 nmethods=345 adapters=507 free_code_cache=47040Kb largest_free_block=48128960

Compilation events (10 events):
Event: 2.751 Thread 0x00007fd0000ac000  350             java.util.HashMap::containsKey (14 bytes)
Event: 2.754 Thread 0x00007fd0000ac000 nmethod 350 0x00007fcffcdf0610 code [0x00007fcffcdf0780, 0x00007fcffcdf0988]
Event: 2.761 Thread 0x00007fd0000a9000  351             java.lang.Class$MethodArray::addIfNotPresent (47 bytes)
Event: 2.766 Thread 0x00007fd0000ac000  352             java.lang.Class$MethodArray::length (5 bytes)
Event: 2.767 Thread 0x00007fd0000ac000 nmethod 352 0x00007fcffcdf01d0 code [0x00007fcffcdf0300, 0x00007fcffcdf0358]
Event: 2.767 Thread 0x00007fd0000a9000 nmethod 351 0x00007fcffcde68d0 code [0x00007fcffcde6a40, 0x00007fcffcde6e38]
Event: 2.768 Thread 0x00007fd0000ac000  353             java.lang.Object::equals (11 bytes)
Event: 2.768 Thread 0x00007fd0000ac000 nmethod 353 0x00007fcffcde66d0 code [0x00007fcffcde6800, 0x00007fcffcde6858]
Event: 2.769 Thread 0x00007fd0000a9000  354             java.lang.Class$MethodArray::get (7 bytes)
Event: 2.769 Thread 0x00007fd0000a9000 nmethod 354 0x00007fcffcdf2290 code [0x00007fcffcdf23e0, 0x00007fcffcdf2478]

GC Heap History (7 events):
Event: 0.792 GC heap before
{Heap before GC invocations=1 (full 0):
 PSYoungGen      total 55296K, used 47616K [0x00000000eaa80000, 0x00000000ee800000, 0x0000000100000000)
  eden space 47616K, 100% used [0x00000000eaa80000,0x00000000ed900000,0x00000000ed900000)
  from space 7680K, 0% used [0x00000000ee080000,0x00000000ee080000,0x00000000ee800000)
  to   space 7680K, 0% used [0x00000000ed900000,0x00000000ed900000,0x00000000ee080000)
 ParOldGen       total 124928K, used 0K [0x00000000c0000000, 0x00000000c7a00000, 0x00000000eaa80000)
  object space 124928K, 0% used [0x00000000c0000000,0x00000000c0000000,0x00000000c7a00000)
 PSPermGen       total 21504K, used 10226K [0x00000000b0000000, 0x00000000b1500000, 0x00000000c0000000)
  object space 21504K, 47% used [0x00000000b0000000,0x00000000b09fca80,0x00000000b1500000)
Event: 0.802 GC heap after
Heap after GC invocations=1 (full 0):
 PSYoungGen      total 55296K, used 6580K [0x00000000eaa80000, 0x00000000f1680000, 0x0000000100000000)
  eden space 47616K, 0% used [0x00000000eaa80000,0x00000000eaa80000,0x00000000ed900000)
  from space 7680K, 85% used [0x00000000ed900000,0x00000000edf6d080,0x00000000ee080000)
  to   space 7680K, 0% used [0x00000000f0f00000,0x00000000f0f00000,0x00000000f1680000)
 ParOldGen       total 124928K, used 8K [0x00000000c0000000, 0x00000000c7a00000, 0x00000000eaa80000)
  object space 124928K, 0% used [0x00000000c0000000,0x00000000c0002000,0x00000000c7a00000)
 PSPermGen       total 21504K, used 10226K [0x00000000b0000000, 0x00000000b1500000, 0x00000000c0000000)
  object space 21504K, 47% used [0x00000000b0000000,0x00000000b09fca80,0x00000000b1500000)
}
Event: 1.565 GC heap before
{Heap before GC invocations=2 (full 0):
 PSYoungGen      total 55296K, used 54196K [0x00000000eaa80000, 0x00000000f1680000, 0x0000000100000000)
  eden space 47616K, 100% used [0x00000000eaa80000,0x00000000ed900000,0x00000000ed900000)
  from space 7680K, 85% used [0x00000000ed900000,0x00000000edf6d080,0x00000000ee080000)
  to   space 7680K, 0% used [0x00000000f0f00000,0x00000000f0f00000,0x00000000f1680000)
 ParOldGen       total 124928K, used 8K [0x00000000c0000000, 0x00000000c7a00000, 0x00000000eaa80000)
  object space 124928K, 0% used [0x00000000c0000000,0x00000000c0002000,0x00000000c7a00000)
 PSPermGen       total 21504K, used 17948K [0x00000000b0000000, 0x00000000b1500000, 0x00000000c0000000)
  object space 21504K, 83% used [0x00000000b0000000,0x00000000b11870a0,0x00000000b1500000)
Event: 1.579 GC heap after
Heap after GC invocations=2 (full 0):
 PSYoungGen      total 102912K, used 7674K [0x00000000eaa80000, 0x00000000f1680000, 0x0000000100000000)
  eden space 95232K, 0% used [0x00000000eaa80000,0x00000000eaa80000,0x00000000f0780000)
  from space 7680K, 99% used [0x00000000f0f00000,0x00000000f167ea40,0x00000000f1680000)
  to   space 7680K, 0% used [0x00000000f0780000,0x00000000f0780000,0x00000000f0f00000)
 ParOldGen       total 124928K, used 1482K [0x00000000c0000000, 0x00000000c7a00000, 0x00000000eaa80000)
  object space 124928K, 1% used [0x00000000c0000000,0x00000000c0172a10,0x00000000c7a00000)
 PSPermGen       total 21504K, used 17948K [0x00000000b0000000, 0x00000000b1500000, 0x00000000c0000000)
  object space 21504K, 83% used [0x00000000b0000000,0x00000000b11870a0,0x00000000b1500000)
}
Event: 2.192 GC heap before
{Heap before GC invocations=3 (full 0):
 PSYoungGen      total 102912K, used 102906K [0x00000000eaa80000, 0x00000000f1680000, 0x0000000100000000)
  eden space 95232K, 100% used [0x00000000eaa80000,0x00000000f0780000,0x00000000f0780000)
  from space 7680K, 99% used [0x00000000f0f00000,0x00000000f167ea40,0x00000000f1680000)
  to   space 7680K, 0% used [0x00000000f0780000,0x00000000f0780000,0x00000000f0f00000)
 ParOldGen       total 124928K, used 1482K [0x00000000c0000000, 0x00000000c7a00000, 0x00000000eaa80000)
  object space 124928K, 1% used [0x00000000c0000000,0x00000000c0172a10,0x00000000c7a00000)
 PSPermGen       total 21504K, used 20804K [0x00000000b0000000, 0x00000000b1500000, 0x00000000c0000000)
  object space 21504K, 96% used [0x00000000b0000000,0x00000000b14512e8,0x00000000b1500000)
Event: 2.203 GC heap after
Heap after GC invocations=3 (full 0):
 PSYoungGen      total 102912K, used 7654K [0x00000000eaa80000, 0x00000000f7380000, 0x0000000100000000)
  eden space 95232K, 0% used [0x00000000eaa80000,0x00000000eaa80000,0x00000000f0780000)
  from space 7680K, 99% used [0x00000000f0780000,0x00000000f0ef99c8,0x00000000f0f00000)
  to   space 7680K, 0% used [0x00000000f6c00000,0x00000000f6c00000,0x00000000f7380000)
 ParOldGen       total 124928K, used 1854K [0x00000000c0000000, 0x00000000c7a00000, 0x00000000eaa80000)
  object space 124928K, 1% used [0x00000000c0000000,0x00000000c01cf868,0x00000000c7a00000)
 PSPermGen       total 21504K, used 20804K [0x00000000b0000000, 0x00000000b1500000, 0x00000000c0000000)
  object space 21504K, 96% used [0x00000000b0000000,0x00000000b14512e8,0x00000000b1500000)
}
Event: 2.784 GC heap before
{Heap before GC invocations=4 (full 0):
 PSYoungGen      total 102912K, used 102886K [0x00000000eaa80000, 0x00000000f7380000, 0x0000000100000000)
  eden space 95232K, 100% used [0x00000000eaa80000,0x00000000f0780000,0x00000000f0780000)
  from space 7680K, 99% used [0x00000000f0780000,0x00000000f0ef99c8,0x00000000f0f00000)
  to   space 7680K, 0% used [0x00000000f6c00000,0x00000000f6c00000,0x00000000f7380000)
 ParOldGen       total 124928K, used 1854K [0x00000000c0000000, 0x00000000c7a00000, 0x00000000eaa80000)
  object space 124928K, 1% used [0x00000000c0000000,0x00000000c01cf868,0x00000000c7a00000)
 PSPermGen       total 24576K, used 24124K [0x00000000b0000000, 0x00000000b1800000, 0x00000000c0000000)
  object space 24576K, 98% used [0x00000000b0000000,0x00000000b178f330,0x00000000b1800000)

Deoptimization events (10 events):
Event: 2.428 Thread 0x00007fcfc000c000 Uncommon trap: reason=class_check action=maybe_recompile pc=0x00007fcffcc6d9f4 method=sun.misc.URLClassPath.getResource(Ljava/lang/String;Z)Lsun/misc/Resource; @ 53
Event: 2.436 Thread 0x00007fcfc000c000 Uncommon trap: reason=class_check action=maybe_recompile pc=0x00007fcffcca5298 method=sun.misc.URLClassPath.getLoader(I)Lsun/misc/URLClassPath$Loader; @ 150
Event: 2.436 Thread 0x00007fcfc000c000 Uncommon trap: reason=class_check action=maybe_recompile pc=0x00007fcffcca5298 method=sun.misc.URLClassPath.getLoader(I)Lsun/misc/URLClassPath$Loader; @ 150
Event: 2.439 Thread 0x00007fcfc000c000 Uncommon trap: reason=class_check action=maybe_recompile pc=0x00007fcffcca5298 method=sun.misc.URLClassPath.getLoader(I)Lsun/misc/URLClassPath$Loader; @ 150
Event: 2.542 Thread 0x00007fcfc000c000 Uncommon trap: reason=bimorphic action=maybe_recompile pc=0x00007fcffccd8064 method=java.util.HashMap.<init>(IF)V @ 115
Event: 2.677 Thread 0x00007fcfc000c000 Uncommon trap: reason=class_check action=maybe_recompile pc=0x00007fcffcdef214 method=org.codehaus.groovy.runtime.metaclass.MetaMethodIndex.addMethodToList(Ljava/lang/Object;Lgroovy/lang/MetaMethod;)Ljava/lang/Object; @ 218
Event: 2.691 Thread 0x00007fcfc000c000 Uncommon trap: reason=null_check action=make_not_entrant pc=0x00007fcffcdf36cc method=groovy.lang.MetaClassImpl.createMetaBeanProperty(Lorg/codehaus/groovy/util/SingleKeyHashMap;Ljava/lang/String;ZLgroovy/lang/MetaMethod;)V @ 5
Event: 2.760 Thread 0x00007fcfc000c000 Uncommon trap: reason=unreached action=reinterpret pc=0x00007fcffcc68cb0 method=java.lang.Class$MethodArray.addIfNotPresent(Ljava/lang/reflect/Method;)V @ 19
Event: 2.761 Thread 0x00007fcfc000c000 Uncommon trap: reason=unreached action=reinterpret pc=0x00007fcffcc5f098 method=java.lang.Class$MethodArray.addIfNotPresent(Ljava/lang/reflect/Method;)V @ 19
Event: 2.764 Thread 0x00007fcfc000c000 Uncommon trap: reason=class_check action=maybe_recompile pc=0x00007fcffcdef214 method=org.codehaus.groovy.runtime.metaclass.MetaMethodIndex.addMethodToList(Ljava/lang/Object;Lgroovy/lang/MetaMethod;)Ljava/lang/Object; @ 218

Internal exceptions (10 events):
Event: 2.781 Thread 0x00007fcfc000c000 Threw 0x00000000f0749e50 at /build/buildd/openjdk-7-7u75-2.5.4/build/openjdk/hotspot/src/share/vm/prims/jvm.cpp:1284
Event: 2.781 Thread 0x00007fcfc000c000 Threw 0x00000000f074a948 at /build/buildd/openjdk-7-7u75-2.5.4/build/openjdk/hotspot/src/share/vm/prims/jvm.cpp:1284
Event: 2.781 Thread 0x00007fcfc000c000 Threw 0x00000000f07502c0 at /build/buildd/openjdk-7-7u75-2.5.4/build/openjdk/hotspot/src/share/vm/prims/jvm.cpp:1284
Event: 2.781 Thread 0x00007fcfc000c000 Threw 0x00000000f0750680 at /build/buildd/openjdk-7-7u75-2.5.4/build/openjdk/hotspot/src/share/vm/classfile/systemDictionary.cpp:185
Event: 2.782 Thread 0x00007fcfc000c000 Threw 0x00000000f0761440 at /build/buildd/openjdk-7-7u75-2.5.4/build/openjdk/hotspot/src/share/vm/prims/jvm.cpp:1284
Event: 2.782 Thread 0x00007fcfc000c000 Threw 0x00000000f0763a98 at /build/buildd/openjdk-7-7u75-2.5.4/build/openjdk/hotspot/src/share/vm/prims/jvm.cpp:1284
Event: 2.782 Thread 0x00007fcfc000c000 Threw 0x00000000f0764cc8 at /build/buildd/openjdk-7-7u75-2.5.4/build/openjdk/hotspot/src/share/vm/prims/jvm.cpp:1284
Event: 2.782 Thread 0x00007fcfc000c000 Threw 0x00000000f0765658 at /build/buildd/openjdk-7-7u75-2.5.4/build/openjdk/hotspot/src/share/vm/prims/jvm.cpp:1284
Event: 2.782 Thread 0x00007fcfc000c000 Threw 0x00000000f0769dd8 at /build/buildd/openjdk-7-7u75-2.5.4/build/openjdk/hotspot/src/share/vm/prims/jvm.cpp:1284
Event: 2.782 Thread 0x00007fcfc000c000 Threw 0x00000000f076a180 at /build/buildd/openjdk-7-7u75-2.5.4/build/openjdk/hotspot/src/share/vm/classfile/systemDictionary.cpp:185

Events (10 events):
Event: 2.781 loading class 0x00007fcfac45f5a0 done
Event: 2.781 loading class 0x00007fcfac45f5a0
Event: 2.781 loading class 0x00007fcfac45f5a0 done
Event: 2.782 loading class 0x00007fcfac468580
Event: 2.782 loading class 0x00007fcfac468580 done
Event: 2.782 loading class 0x00007fcfac468580
Event: 2.782 loading class 0x00007fcfac468580 done
Event: 2.782 loading class 0x00007fcfac468580
Event: 2.782 loading class 0x00007fcfac468580 done
Event: 2.784 Executing VM operation: ParallelGCFailedAllocation


Dynamic libraries:
00400000-00401000 r-xp 00000000 08:01 16387174                           /usr/lib/jvm/java-7-openjdk-amd64/jre/bin/java
00600000-00601000 r--p 00000000 08:01 16387174                           /usr/lib/jvm/java-7-openjdk-amd64/jre/bin/java
00601000-00602000 rw-p 00001000 08:01 16387174                           /usr/lib/jvm/java-7-openjdk-amd64/jre/bin/java
01159000-0117a000 rw-p 00000000 00:00 0                                  [heap]
b0000000-b1800000 rw-p 00000000 00:00 0 
b1800000-c0000000 rw-p 00000000 00:00 0 
c0000000-c7a00000 rw-p 00000000 00:00 0 
c7a00000-eaa80000 rw-p 00000000 00:00 0 
eaa80000-f7380000 rw-p 00000000 00:00 0 
f7380000-100000000 rw-p 00000000 00:00 0 
7fcfa4000000-7fcfa4021000 rw-p 00000000 00:00 0 
7fcfa4021000-7fcfa8000000 ---p 00000000 00:00 0 
7fcfac000000-7fcfac537000 rw-p 00000000 00:00 0 
7fcfac537000-7fcfb0000000 ---p 00000000 00:00 0 
7fcfb0000000-7fcfb0021000 rw-p 00000000 00:00 0 
7fcfb0021000-7fcfb4000000 ---p 00000000 00:00 0 
7fcfb4000000-7fcfb4021000 rw-p 00000000 00:00 0 
7fcfb4021000-7fcfb8000000 ---p 00000000 00:00 0 
7fcfb8000000-7fcfb8021000 rw-p 00000000 00:00 0 
7fcfb8021000-7fcfbc000000 ---p 00000000 00:00 0 
7fcfbc000000-7fcfbc02e000 rw-p 00000000 00:00 0 
7fcfbc02e000-7fcfc0000000 ---p 00000000 00:00 0 
7fcfc0000000-7fcfc0021000 rw-p 00000000 00:00 0 
7fcfc0021000-7fcfc4000000 ---p 00000000 00:00 0 
7fcfc4000000-7fcfc4021000 rw-p 00000000 00:00 0 
7fcfc4021000-7fcfc8000000 ---p 00000000 00:00 0 
7fcfc8000000-7fcfc8021000 rw-p 00000000 00:00 0 
7fcfc8021000-7fcfcc000000 ---p 00000000 00:00 0 
7fcfcc000000-7fcfcc5dd000 rw-p 00000000 00:00 0 
7fcfcc5dd000-7fcfd0000000 ---p 00000000 00:00 0 
7fcfd0000000-7fcfd08fd000 rw-p 00000000 00:00 0 
7fcfd08fd000-7fcfd4000000 ---p 00000000 00:00 0 
7fcfd4000000-7fcfd4021000 rw-p 00000000 00:00 0 
7fcfd4021000-7fcfd8000000 ---p 00000000 00:00 0 
7fcfd8000000-7fcfd8021000 rw-p 00000000 00:00 0 
7fcfd8021000-7fcfdc000000 ---p 00000000 00:00 0 
7fcfdd375000-7fcfdd376000 rw-p 00000000 00:00 0 
7fcfdd376000-7fcfdd379000 ---p 00000000 00:00 0 
7fcfdd379000-7fcfdd3af000 rw-p 00000000 00:00 0                          [stack:15506]
7fcfdd3af000-7fcfdd3b0000 r--p 00000000 00:00 0 
7fcfdd3b0000-7fcfdd41a000 r--s 0069e000 08:01 17959383                   /usr/lib/jvm/java-7-openjdk-amd64/lib/tools.jar
7fcfdd41a000-7fcfdd41d000 ---p 00000000 00:00 0 
7fcfdd41d000-7fcfdd51b000 rw-p 00000000 00:00 0                          [stack:15504]
7fcfdd51b000-7fcfdd522000 r--s 00000000 08:01 16147151                   /usr/lib/x86_64-linux-gnu/gconv/gconv-modules.cache
7fcfdd522000-7fcfdd525000 ---p 00000000 00:00 0 
7fcfdd525000-7fcfdd623000 rw-p 00000000 00:00 0                          [stack:15501]
7fcfdd623000-7fcfdd626000 ---p 00000000 00:00 0 
7fcfdd626000-7fcfdd724000 rw-p 00000000 00:00 0                          [stack:15500]
7fcfdd724000-7fcfdd727000 ---p 00000000 00:00 0 
7fcfdd727000-7fcfdd825000 rw-p 00000000 00:00 0                          [stack:15499]
7fcfdd825000-7fcfdd828000 ---p 00000000 00:00 0 
7fcfdd828000-7fcfdd926000 rw-p 00000000 00:00 0                          [stack:15498]
7fcfdd926000-7fcfdd929000 ---p 00000000 00:00 0 
7fcfdd929000-7fcfdda27000 rw-p 00000000 00:00 0                          [stack:15497]
7fcfdda27000-7fcfdda2b000 r-xp 00000000 08:01 28839732                   /tmp/native-platform320142515393869518dir/libnative-platform.so
7fcfdda2b000-7fcfddc2a000 ---p 00004000 08:01 28839732                   /tmp/native-platform320142515393869518dir/libnative-platform.so
7fcfddc2a000-7fcfddc2b000 rw-p 00003000 08:01 28839732                   /tmp/native-platform320142515393869518dir/libnative-platform.so
7fcfddc2b000-7fcfddc2f000 r--s 0004d000 08:01 16387135                   /usr/lib/jvm/java-7-openjdk-amd64/jre/lib/jsse.jar
7fcfddc2f000-7fcfddc30000 r--s 00001000 08:01 17827129                   /home/vasanth/android-studio/gradle/gradle-2.2.1/lib/plugins/gradle-plugin-development-2.2.1.jar
7fcfddc30000-7fcfddc32000 r--s 00002000 08:01 17827125                   /home/vasanth/android-studio/gradle/gradle-2.2.1/lib/plugins/gradle-cunit-2.2.1.jar
7fcfddc32000-7fcfddc37000 r--s 00036000 08:01 17827159                   /home/vasanth/android-studio/gradle/gradle-2.2.1/lib/plugins/gradle-ide-native-2.2.1.jar
7fcfddc37000-7fcfddc3c000 r--s 00013000 08:01 17827187                   /home/vasanth/android-studio/gradle/gradle-2.2.1/lib/plugins/gradle-language-native-2.2.1.jar
7fcfddc3c000-7fcfddc47000 r--s 0004d000 08:01 17827107                   /home/vasanth/android-studio/gradle/gradle-2.2.1/lib/plugins/gradle-platform-native-2.2.1.jar
7fcfddc47000-7fcfddc49000 r--s 00008000 08:01 17827176                   /home/vasanth/android-studio/gradle/gradle-2.2.1/lib/plugins/gradle-language-groovy-2.2.1.jar
7fcfddc49000-7fcfddc4e000 r--s 00022000 08:01 17827096                   /home/vasanth/android-studio/gradle/gradle-2.2.1/lib/plugins/gradle-language-java-2.2.1.jar
7fcfddc4e000-7fcfddc51000 r--s 00007000 08:01 17827114                   /home/vasanth/android-studio/gradle/gradle-2.2.1/lib/plugins/gradle-language-jvm-2.2.1.jar
7fcfddc51000-7fcfddc55000 r--s 0001e000 08:01 17827112                   /home/vasanth/android-studio/gradle/gradle-2.2.1/lib/plugins/gradle-maven-2.2.1.jar
7fcfddc55000-7fcfddc6d000 r--s 0013b000 08:01 17827143                   /home/vasanth/android-studio/gradle/gradle-2.2.1/lib/plugins/bndlib-2.1.0.jar
7fcfddc6d000-7fcfddc6f000 r--s 00004000 08:01 17827160                   /home/vasanth/android-studio/gradle/gradle-2.2.1/lib/plugins/gradle-osgi-2.2.1.jar
7fcfddc6f000-7fcfddc72000 r--s 00009000 08:01 17827156                   /home/vasanth/android-studio/gradle/gradle-2.2.1/lib/plugins/gradle-platform-jvm-2.2.1.jar
7fcfddc72000-7fcfddc77000 r--s 00018000 08:01 17827165                   /home/vasanth/android-studio/gradle/gradle-2.2.1/lib/plugins/gradle-platform-base-2.2.1.jar
7fcfddc77000-7fcfddc7c000 r--s 00026000 08:01 17827128                   /home/vasanth/android-studio/gradle/gradle-2.2.1/lib/plugins/gradle-build-init-2.2.1.jar
7fcfddc7c000-7fcfddc7f000 r--s 0001d000 08:01 17827152                   /home/vasanth/android-studio/gradle/gradle-2.2.1/lib/plugins/gradle-jacoco-2.2.1.jar
7fcfddc7f000-7fcfddc82000 r--s 0000d000 08:01 17827154                   /home/vasanth/android-studio/gradle/gradle-2.2.1/lib/plugins/gradle-ivy-2.2.1.jar
7fcfddc82000-7fcfddc84000 r--s 00002000 08:01 17827131                   /home/vasanth/android-studio/gradle/gradle-2.2.1/lib/plugins/gradle-publish-2.2.1.jar
7fcfddc84000-7fcfddc86000 r--s 00005000 08:01 17827097                   /home/vasanth/android-studio/gradle/gradle-2.2.1/lib/plugins/jatl-0.2.2.jar
7fcfddc86000-7fcfddc88000 r--s 0000f000 08:01 17827121                   /home/vasanth/android-studio/gradle/gradle-2.2.1/lib/plugins/gradle-reporting-2.2.1.jar
7fcfddc88000-7fcfddc8d000 r--s 00034000 08:01 17827163                   /home/vasanth/android-studio/gradle/gradle-2.2.1/lib/plugins/gradle-diagnostics-2.2.1.jar
7fcfddc8d000-7fcfddc94000 r--s 00090000 08:01 17827170                   /home/vasanth/android-studio/gradle/gradle-2.2.1/lib/plugins/gradle-build-comparison-2.2.1.jar
7fcfddc94000-7fcfddc9b000 r--s 00035000 08:01 17827139                   /home/vasanth/android-studio/gradle/gradle-2.2.1/lib/plugins/simple-4.1.21.jar
7fcfddc9b000-7fcfddca7000 r--s 00100000 08:01 17827198                   /home/vasanth/android-studio/gradle/gradle-2.2.1/lib/plugins/rhino-1.7R3.jar
7fcfddca7000-7fcfddcac000 r--s 0001f000 08:01 17827177                   /home/vasanth/android-studio/gradle/gradle-2.2.1/lib/plugins/gradle-javascript-2.2.1.jar
7fcfddcac000-7fcfddcae000 r--s 0000e000 08:01 17827126                   /home/vasanth/android-studio/gradle/gradle-2.2.1/lib/plugins/gradle-ear-2.2.1.jar
7fcfddcae000-7fcfddcb2000 r--s 00025000 08:01 17827195                   /home/vasanth/android-studio/gradle/gradle-2.2.1/lib/plugins/bcpg-jdk15-1.46.jar
7fcfddcb2000-7fcfddcb5000 r--s 0001d000 08:01 17827197                   /home/vasanth/android-studio/gradle/gradle-2.2.1/lib/plugins/gradle-signing-2.2.1.jar
7fcfddcb5000-7fcfddcb6000 r--s 00002000 08:01 17827171                   /home/vasanth/android-studio/gradle/gradle-2.2.1/lib/plugins/sonar-batch-bootstrapper-2.9.jar
7fcfddcb6000-7fcfddcb9000 r--s 00018000 08:01 17827199                   /home/vasanth/android-studio/gradle/gradle-2.2.1/lib/plugins/gradle-sonar-2.2.1.jar
7fcfddcb9000-7fcfddcbc000 r--s 00017000 08:01 17827134                   /home/vasanth/android-studio/gradle/gradle-2.2.1/lib/plugins/gradle-scala-2.2.1.jar
7fcfddcbc000-7fcfddcbe000 r--s 0000e000 08:01 17827099                   /home/vasanth/android-studio/gradle/gradle-2.2.1/lib/plugins/gradle-announce-2.2.1.jar
7fcfddcbe000-7fcfddccc000 r--s 000bc000 08:01 17827193                   /home/vasanth/android-studio/gradle/gradle-2.2.1/lib/plugins/gradle-ide-2.2.1.jar
7fcfddccc000-7fcfddcce000 r--s 00000000 08:01 17827133                   /home/vasanth/android-studio/gradle/gradle-2.2.1/lib/plugins/plexus-component-annotations-1.5.2.jar
7fcfddcce000-7fcfddcd1000 r--s 0000c000 08:01 17827110                   /home/vasanth/android-studio/gradle/gradle-2.2.1/lib/plugins/pmaven-groovy-0.8-20100325.jar
7fcfddcd1000-7fcfddcd2000 r--s 00004000 08:01 17827157                   /home/vasanth/android-studio/gradle/gradle-2.2.1/lib/plugins/pmaven-common-0.8-20100325.jar
7fcfddcd2000-7fcfddcd7000 r--s 00068000 08:01 17827146                   /home/vasanth/android-studio/gradle/gradle-2.2.1/lib/plugins/antlr-2.7.7.jar
7fcfddcd7000-7fcfddcd8000 r--s 00002000 08:01 17827174                   /home/vasanth/android-studio/gradle/gradle-2.2.1/lib/plugins/ant-antlr-1.9.3.jar
7fcfddcd8000-7fcfddcda000 r--s 00004000 08:01 17827181                   /home/vasanth/android-studio/gradle/gradle-2.2.1/lib/plugins/gradle-antlr-2.2.1.jar
7fcfddcda000-7fcfddcdd000 r--s 0001e000 08:01 17827141                   /home/vasanth/android-studio/gradle/gradle-2.2.1/lib/plugins/jsp-api-2.1-6.1.14.jar
7fcfddcdd000-7fcfddd00000 r--s 00344000 08:01 17827103                   /home/vasanth/android-studio/gradle/gradle-2.2.1/lib/plugins/core-3.1.1.jar
7fcfddd00000-7fcfddd01000 r--s 00006000 08:01 17827169                   /home/vasanth/android-studio/gradle/gradle-2.2.1/lib/plugins/jetty-naming-6.1.25.jar
7fcfddd01000-7fcfddd02000 r--s 00002000 08:01 17827150                   /home/vasanth/android-studio/gradle/gradle-2.2.1/lib/plugins/geronimo-annotation_1.0_spec-1.0.jar
7fcfddd02000-7fcfddd04000 r--s 00002000 08:01 17827132                   /home/vasanth/android-studio/gradle/gradle-2.2.1/lib/plugins/jetty-annotations-6.1.25.jar
7fcfddd04000-7fcfddd15000 r--s 000ea000 08:01 17827178                   /home/vasanth/android-studio/gradle/gradle-2.2.1/lib/plugins/jsp-2.1-6.1.14.jar
7fcfddd15000-7fcfddd17000 r--s 0000d000 08:01 17827113                   /home/vasanth/android-studio/gradle/gradle-2.2.1/lib/plugins/jetty-plus-6.1.25.jar
7fcfddd17000-7fcfddd19000 r--s 0001f000 08:01 17827138                   /home/vasanth/android-studio/gradle/gradle-2.2.1/lib/plugins/servlet-api-2.5-20081211.jar
7fcfddd19000-7fcfddd1d000 r--s 00028000 08:01 17827151                   /home/vasanth/android-studio/gradle/gradle-2.2.1/lib/plugins/jetty-util-6.1.25.jar
7fcfddd1d000-7fcfddd24000 r--s 0007d000 08:01 17827109                   /home/vasanth/android-studio/gradle/gradle-2.2.1/lib/plugins/jetty-6.1.25.jar
7fcfddd24000-7fcfddd26000 r--s 00009000 08:01 17827127                   /home/vasanth/android-studio/gradle/gradle-2.2.1/lib/plugins/gradle-jetty-2.2.1.jar
7fcfddd26000-7fcfddd2b000 r--s 00041000 08:01 17827188                   /home/vasanth/android-studio/gradle/gradle-2.2.1/lib/plugins/gradle-code-quality-2.2.1.jar
7fcfddd2b000-7fcfddd2d000 r--s 00009000 08:01 17827142                   /home/vasanth/android-studio/gradle/gradle-2.2.1/lib/plugins/hamcrest-core-1.3.jar
7fcfddd2d000-7fcfddd33000 r--s 00033000 08:01 17827149                   /home/vasanth/android-studio/gradle/gradle-2.2.1/lib/plugins/snakeyaml-1.6.jar
7fcfddd33000-7fcfddd35000 r--s 00006000 08:01 17827135                   /home/vasanth/android-studio/gradle/gradle-2.2.1/lib/plugins/jcommander-1.12.jar
7fcfddd35000-7fcfddd3a000 r--s 00040000 08:01 17827137                   /home/vasanth/android-studio/gradle/gradle-2.2.1/lib/plugins/bsh-2.0b4.jar
7fcfddd3a000-7fcfddd3c000 r--s 00009000 08:01 17827140                   /home/vasanth/android-studio/gradle/gradle-2.2.1/lib/plugins/commons-cli-1.2.jar
7fcfddd3c000-7fcfddd45000 r--s 00089000 08:01 17827095                   /home/vasanth/android-studio/gradle/gradle-2.2.1/lib/plugins/testng-6.3.1.jar
7fcfddd45000-7fcfddd4b000 r--s 00036000 08:01 17827183                   /home/vasanth/android-studio/gradle/gradle-2.2.1/lib/plugins/junit-4.11.jar
7fcfddd4b000-7fcfddd57000 r--s 00075000 08:01 17827173                   /home/vasanth/android-studio/gradle/gradle-2.2.1/lib/plugins/gradle-plugins-2.2.1.jar
7fcfddd57000-7fcfddd5a000 r--s 00011000 08:01 17827161                   /home/vasanth/android-studio/gradle/gradle-2.2.1/lib/plugins/gradle-plugin-use-2.2.1.jar
7fcfddd5a000-7fcfddd72000 r--s 00115000 08:01 17827196                   /home/vasanth/android-studio/gradle/gradle-2.2.1/lib/plugins/xercesImpl-2.9.1.jar
7fcfddd72000-7fcfddd7a000 r--s 00028000 08:01 17827144                   /home/vasanth/android-studio/gradle/gradle-2.2.1/lib/plugins/xml-apis-1.3.04.jar
7fcfddd7a000-7fcfddd80000 r--s 0005b000 08:01 17827111                   /home/vasanth/android-studio/gradle/gradle-2.2.1/lib/plugins/jcifs-1.3.17.jar
7fcfddd80000-7fcfddd86000 r--s 00031000 08:01 17827179                   /home/vasanth/android-studio/gradle/gradle-2.2.1/lib/plugins/httpcore-4.2.2.jar
7fcfddd86000-7fcfddd8c000 r--s 00033000 08:01 17827098                   /home/vasanth/android-studio/gradle/gradle-2.2.1/lib/plugins/commons-codec-1.6.jar
7fcfddd8c000-7fcfddd8f000 r--s 0001c000 08:01 17827182                   /home/vasanth/android-studio/gradle/gradle-2.2.1/lib/plugins/nekohtml-1.9.14.jar
7fcfddd8f000-7fcfddd98000 r--s 00060000 08:01 17827120                   /home/vasanth/android-studio/gradle/gradle-2.2.1/lib/plugins/httpclient-4.2.2.jar
7fcfddd98000-7fcfddd9a000 r--s 00007000 08:01 17827162                   /home/vasanth/android-studio/gradle/gradle-2.2.1/lib/plugins/gradle-resources-http-2.2.1.jar
7fcfddd9a000-7fcfdddc2000 r--s 00194000 08:01 17827184                   /home/vasanth/android-studio/gradle/gradle-2.2.1/lib/plugins/bcprov-jdk15-1.46.jar
7fcfdddc2000-7fcfdddc6000 r--s 0001d000 08:01 17827117                   /home/vasanth/android-studio/gradle/gradle-2.2.1/lib/plugins/xbean-reflect-3.4.jar
7fcfdddc6000-7fcfdddcb000 r--s 0002a000 08:01 17827192                   /home/vasanth/android-studio/gradle/gradle-2.2.1/lib/plugins/gson-2.2.4.jar
7fcfdddcb000-7fcfdddcf000 r--s 0003d000 08:01 17827108                   /home/vasanth/android-studio/gradle/gradle-2.2.1/lib/plugins/jsch-0.1.51.jar
7fcfdddcf000-7fcfddde8000 r--s 00129000 08:01 17827116                   /home/vasanth/android-studio/gradle/gradle-2.2.1/lib/plugins/maven-ant-tasks-2.1.3.jar
7fcfddde8000-7fcfdddf7000 r--s 000d9000 08:01 17827189                   /home/vasanth/android-studio/gradle/gradle-2.2.1/lib/plugins/ivy-2.2.0.jar
7fcfdddf7000-7fcfdddfb000 r--s 0001e000 08:01 17827158                   /home/vasanth/android-studio/gradle/gradle-2.2.1/lib/plugins/jarjar-aether-impl-1.13.1.jar
7fcfdddfb000-7fcfdddfe000 r--s 00027000 08:01 17827118                   /home/vasanth/android-studio/gradle/gradle-2.2.1/lib/plugins/jarjar-maven-model-3.0.4.jar
7fcfdddfe000-7fcfdde01000 r--s 0000b000 08:01 17827186                   /home/vasanth/android-studio/gradle/gradle-2.2.1/lib/plugins/jarjar-maven-artifact-3.0.4.jar
7fcfdde01000-7fcfdde05000 r--s 0001e000 08:01 17827115                   /home/vasanth/android-studio/gradle/gradle-2.2.1/lib/plugins/jarjar-aether-util-1.13.1.jar
7fcfdde05000-7fcfdde07000 r--s 00007000 08:01 17827122                   /home/vasanth/android-studio/gradle/gradle-2.2.1/lib/plugins/jarjar-wagon-http-shared4-2.4.jar
7fcfdde07000-7fcfdde14000 r--s 00083000 08:01 17827167                   /home/vasanth/android-studio/gradle/gradle-2.2.1/lib/plugins/jarjar-maven-core-3.0.4.jar
7fcfdde14000-7fcfdde16000 r--s 00003000 08:01 17827148                   /home/vasanth/android-studio/gradle/gradle-2.2.1/lib/plugins/jarjar-aether-spi-1.13.1.jar
7fcfdde16000-7fcfdde18000 r--s 00009000 08:01 17827104                   /home/vasanth/android-studio/gradle/gradle-2.2.1/lib/plugins/jarjar-maven-settings-builder-3.0.4.jar
7fcfdde18000-7fcfdde1c000 r--s 00014000 08:01 17827200                   /home/vasanth/android-studio/gradle/gradle-2.2.1/lib/plugins/jarjar-aether-api-1.13.1.jar
7fcfdde1c000-7fcfdde1d000 r--s 00002000 08:01 17827130                   /home/vasanth/android-studio/gradle/gradle-2.2.1/lib/plugins/jarjar-wagon-http-2.4.jar
7fcfdde1d000-7fcfdde24000 r--s 00042000 08:01 17827119                   /home/vasanth/android-studio/gradle/gradle-2.2.1/lib/plugins/jarjar-maven-compat-3.0.4.jar
7fcfdde24000-7fcfdde26000 r--s 00006000 08:01 17827164                   /home/vasanth/android-studio/gradle/gradle-2.2.1/lib/plugins/jarjar-aether-connector-wagon-1.13.1.jar
7fcfdde26000-7fcfdde28000 r--s 00000000 08:01 17827136                   /home/vasanth/android-studio/gradle/gradle-2.2.1/lib/plugins/jarjar-plexus-component-annotations-1.5.5.jar
7fcfdde28000-7fcfdde2a000 r--s 00006000 08:01 17827175                   /home/vasanth/android-studio/gradle/gradle-2.2.1/lib/plugins/jarjar-plexus-sec-dispatcher-1.3.jar
7fcfdde2a000-7fcfdde2f000 r--s 00022000 08:01 17827180                   /home/vasanth/android-studio/gradle/gradle-2.2.1/lib/plugins/jarjar-maven-model-builder-3.0.4.jar
7fcfdde2f000-7fcfdde31000 r--s 0000b000 08:01 17827145                   /home/vasanth/android-studio/gradle/gradle-2.2.1/lib/plugins/jarjar-maven-plugin-api-3.0.4.jar
7fcfdde31000-7fcfdde34000 r--s 0000a000 08:01 17827100                   /home/vasanth/android-studio/gradle/gradle-2.2.1/lib/plugins/jarjar-plexus-classworlds-2.4.jar
7fcfdde34000-7fcfdde38000 r--s 00035000 08:01 17827190                   /home/vasanth/android-studio/gradle/gradle-2.2.1/lib/plugins/jarjar-plexus-utils-2.0.6.jar
7fcfdde38000-7fcfdde3a000 r--s 0000e000 08:01 17827123                   /home/vasanth/android-studio/gradle/gradle-2.2.1/lib/plugins/jarjar-plexus-interpolation-1.14.jar
7fcfdde3a000-7fcfdde3c000 r--s 00002000 08:01 17827153                   /home/vasanth/android-studio/gradle/gradle-2.2.1/lib/plugins/jarjar-plexus-cipher-1.7.jar
7fcfdde3c000-7fcfdde3e000 r--s 0000c000 08:01 17827166                   /home/vasanth/android-studio/gradle/gradle-2.2.1/lib/plugins/jarjar-wagon-provider-api-2.4.jar
7fcfdde3e000-7fcfdde46000 r--s 00031000 08:01 17827124                   /home/vasanth/android-studio/gradle/gradle-2.2.1/lib/plugins/jarjar-plexus-container-default-1.5.5.jar
7fcfdde46000-7fcfdde56000 r-xp 00000000 08:01 16387145                   /usr/lib/jvm/java-7-openjdk-amd64/jre/lib/amd64/libnio.so
7fcfdde56000-7fcfde056000 ---p 00010000 08:01 16387145                   /usr/lib/jvm/java-7-openjdk-amd64/jre/lib/amd64/libnio.so
7fcfde056000-7fcfde057000 r--p 00010000 08:01 16387145                   /usr/lib/jvm/java-7-openjdk-amd64/jre/lib/amd64/libnio.so
7fcfde057000-7fcfde058000 rw-p 00011000 08:01 16387145                   /usr/lib/jvm/java-7-openjdk-amd64/jre/lib/amd64/libnio.so
7fcfde058000-7fcfde089000 rw-p 00000000 00:00 0 
7fcfde089000-7fcfde0c6000 r-xp 00000000 08:01 4198346                    /lib/x86_64-linux-gnu/libpcre.so.3.13.1
7fcfde0c6000-7fcfde2c5000 ---p 0003d000 08:01 4198346                    /lib/x86_64-linux-gnu/libpcre.so.3.13.1
7fcfde2c5000-7fcfde2c6000 r--p 0003c000 08:01 4198346                    /lib/x86_64-linux-gnu/libpcre.so.3.13.1
7fcfde2c6000-7fcfde2c7000 rw-p 0003d000 08:01 4198346                    /lib/x86_64-linux-gnu/libpcre.so.3.13.1
7fcfde2c7000-7fcfde2ce000 r-xp 00000000 08:01 15736616                   /usr/lib/x86_64-linux-gnu/libffi.so.6.0.1
7fcfde2ce000-7fcfde4cd000 ---p 00007000 08:01 15736616                   /usr/lib/x86_64-linux-gnu/libffi.so.6.0.1
7fcfde4cd000-7fcfde4ce000 r--p 00006000 08:01 15736616                   /usr/lib/x86_64-linux-gnu/libffi.so.6.0.1
7fcfde4ce000-7fcfde4cf000 rw-p 00007000 08:01 15736616                   /usr/lib/x86_64-linux-gnu/libffi.so.6.0.1
7fcfde4cf000-7fcfde4e6000 r-xp 00000000 08:01 4196930                    /lib/x86_64-linux-gnu/libresolv-2.19.so
7fcfde4e6000-7fcfde6e6000 ---p 00017000 08:01 4196930                    /lib/x86_64-linux-gnu/libresolv-2.19.so
7fcfde6e6000-7fcfde6e7000 r--p 00017000 08:01 4196930                    /lib/x86_64-linux-gnu/libresolv-2.19.so
7fcfde6e7000-7fcfde6e8000 rw-p 00018000 08:01 4196930                    /lib/x86_64-linux-gnu/libresolv-2.19.so
7fcfde6e8000-7fcfde6ea000 rw-p 00000000 00:00 0 
7fcfde6ea000-7fcfde70a000 r-xp 00000000 08:01 4198941                    /lib/x86_64-linux-gnu/libselinux.so.1
7fcfde70a000-7fcfde909000 ---p 00020000 08:01 4198941                    /lib/x86_64-linux-gnu/libselinux.so.1
7fcfde909000-7fcfde90a000 r--p 0001f000 08:01 4198941                    /lib/x86_64-linux-gnu/libselinux.so.1
7fcfde90a000-7fcfde90b000 rw-p 00020000 08:01 4198941                    /lib/x86_64-linux-gnu/libselinux.so.1
7fcfde90b000-7fcfde90d000 rw-p 00000000 00:00 0 
7fcfde90d000-7fcfde910000 r-xp 00000000 08:01 15729004                   /usr/lib/x86_64-linux-gnu/libgmodule-2.0.so.0.4002.0
7fcfde910000-7fcfdeb0f000 ---p 00003000 08:01 15729004                   /usr/lib/x86_64-linux-gnu/libgmodule-2.0.so.0.4002.0
7fcfdeb0f000-7fcfdeb10000 r--p 00002000 08:01 15729004                   /usr/lib/x86_64-linux-gnu/libgmodule-2.0.so.0.4002.0
7fcfdeb10000-7fcfdeb11000 rw-p 00003000 08:01 15729004                   /usr/lib/x86_64-linux-gnu/libgmodule-2.0.so.0.4002.0
7fcfdeb11000-7fcfdec17000 r-xp 00000000 08:01 4218194                    /lib/x86_64-linux-gnu/libglib-2.0.so.0.4002.0
7fcfdec17000-7fcfdee16000 ---p 00106000 08:01 4218194                    /lib/x86_64-linux-gnu/libglib-2.0.so.0.4002.0
7fcfdee16000-7fcfdee17000 r--p 00105000 08:01 4218194                    /lib/x86_64-linux-gnu/libglib-2.0.so.0.4002.0
7fcfdee17000-7fcfdee18000 rw-p 00106000 08:01 4218194                    /lib/x86_64-linux-gnu/libglib-2.0.so.0.4002.0
7fcfdee18000-7fcfdee19000 rw-p 00000000 00:00 0 
7fcfdee19000-7fcfdee68000 r-xp 00000000 08:01 15729022                   /usr/lib/x86_64-linux-gnu/libgobject-2.0.so.0.4002.0
7fcfdee68000-7fcfdf068000 ---p 0004f000 08:01 15729022                   /usr/lib/x86_64-linux-gnu/libgobject-2.0.so.0.4002.0
7fcfdf068000-7fcfdf069000 r--p 0004f000 08:01 15729022                   /usr/lib/x86_64-linux-gnu/libgobject-2.0.so.0.4002.0
7fcfdf069000-7fcfdf06a000 rw-p 00050000 08:01 15729022                   /usr/lib/x86_64-linux-gnu/libgobject-2.0.so.0.4002.0
7fcfdf06a000-7fcfdf1d6000 r-xp 00000000 08:01 15729026                   /usr/lib/x86_64-linux-gnu/libgio-2.0.so.0.4002.0
7fcfdf1d6000-7fcfdf3d5000 ---p 0016c000 08:01 15729026                   /usr/lib/x86_64-linux-gnu/libgio-2.0.so.0.4002.0
7fcfdf3d5000-7fcfdf3d9000 r--p 0016b000 08:01 15729026                   /usr/lib/x86_64-linux-gnu/libgio-2.0.so.0.4002.0
7fcfdf3d9000-7fcfdf3db000 rw-p 0016f000 08:01 15729026                   /usr/lib/x86_64-linux-gnu/libgio-2.0.so.0.4002.0
7fcfdf3db000-7fcfdf3dd000 rw-p 00000000 00:00 0 
7fcfdf3dd000-7fcfdf3df000 r--s 0000d000 08:01 17827172                   /home/vasanth/android-studio/gradle/gradle-2.2.1/lib/plugins/jarjar-maven-aether-provider-3.0.4.jar
7fcfdf3df000-7fcfdf3e0000 r--s 00007000 08:01 17827147                   /home/vasanth/android-studio/gradle/gradle-2.2.1/lib/plugins/jarjar-maven-repository-metadata-3.0.4.jar
7fcfdf3e0000-7fcfdf3e1000 r--s 0000b000 08:01 17827185                   /home/vasanth/android-studio/gradle/gradle-2.2.1/lib/plugins/jarjar-maven-settings-3.0.4.jar
7fcfdf3e1000-7fcfdf3f9000 r--s 000b5000 08:01 17827155                   /home/vasanth/android-studio/gradle/gradle-2.2.1/lib/plugins/gradle-dependency-management-2.2.1.jar
7fcfdf3f9000-7fcfdf410000 r-xp 00000000 08:01 16387149                   /usr/lib/jvm/java-7-openjdk-amd64/jre/lib/amd64/libnet.so
7fcfdf410000-7fcfdf60f000 ---p 00017000 08:01 16387149                   /usr/lib/jvm/java-7-openjdk-amd64/jre/lib/amd64/libnet.so
7fcfdf60f000-7fcfdf610000 r--p 00016000 08:01 16387149                   /usr/lib/jvm/java-7-openjdk-amd64/jre/lib/amd64/libnet.so
7fcfdf610000-7fcfdf611000 rw-p 00017000 08:01 16387149                   /usr/lib/jvm/java-7-openjdk-amd64/jre/lib/amd64/libnet.so
7fcfdf611000-7fcfdf612000 r--s 00005000 08:01 17698492                   /home/vasanth/android-studio/gradle/gradle-2.2.1/lib/gradle-wrapper-2.2.1.jar
7fcfdf612000-7fcfdf61b000 r--s 0002c000 08:01 17698476                   /home/vasanth/android-studio/gradle/gradle-2.2.1/lib/gradle-tooling-api-2.2.1.jar
7fcfdf61b000-7fcfdf61d000 r--s 00002000 08:01 17698468                   /home/vasanth/android-studio/gradle/gradle-2.2.1/lib/gradle-open-api-2.2.1.jar
7fcfdf61d000-7fcfdf623000 r--s 00032000 08:01 17698487                   /home/vasanth/android-studio/gradle/gradle-2.2.1/lib/jaxen-1.1.jar
7fcfdf623000-7fcfdf628000 r--s 00048000 08:01 17698453                   /home/vasanth/android-studio/gradle/gradle-2.2.1/lib/dom4j-1.6.1.jar
7fcfdf628000-7fcfdf633000 r--s 00059000 08:01 17698477                   /home/vasanth/android-studio/gradle/gradle-2.2.1/lib/gradle-ui-2.2.1.jar
7fcfdf633000-7fcfdf635000 r--s 00006000 08:01 17698488                   /home/vasanth/android-studio/gradle/gradle-2.2.1/lib/gradle-resources-2.2.1.jar
7fcfdf635000-7fcfdf637000 r--s 00007000 08:01 17698479                   /home/vasanth/android-studio/gradle/gradle-2.2.1/lib/objenesis-1.2.jar
7fcfdf637000-7fcfdf639000 r--s 00000000 08:01 17698445                   /home/vasanth/android-studio/gradle/gradle-2.2.1/lib/minlog-1.2.jar
7fcfdf639000-7fcfdf63b000 r--s 0000f000 08:01 17698460                   /home/vasanth/android-studio/gradle/gradle-2.2.1/lib/reflectasm-1.07-shaded.jar
7fcfdf63b000-7fcfdf63f000 r--s 00026000 08:01 17698459                   /home/vasanth/android-studio/gradle/gradle-2.2.1/lib/kryo-2.20.jar
7fcfdf63f000-7fcfdf648000 r--s 00039000 08:01 17698451                   /home/vasanth/android-studio/gradle/gradle-2.2.1/lib/gradle-messaging-2.2.1.jar
7fcfdf648000-7fcfdf649000 r--s 00003000 08:01 17698485                   /home/vasanth/android-studio/gradle/gradle-2.2.1/lib/native-platform-freebsd-amd64-0.10.jar
7fcfdf649000-7fcfdf64a000 r--s 00003000 08:01 17698486                   /home/vasanth/android-studio/gradle/gradle-2.2.1/lib/native-platform-freebsd-i386-0.10.jar
7fcfdf64a000-7fcfdf64b000 r--s 00005000 08:01 17698443                   /home/vasanth/android-studio/gradle/gradle-2.2.1/lib/native-platform-windows-i386-0.10.jar
7fcfdf64b000-7fcfdf64c000 r--s 00005000 08:01 17698458                   /home/vasanth/android-studio/gradle/gradle-2.2.1/lib/native-platform-windows-amd64-0.10.jar
7fcfdf64c000-7fcfdf64d000 r--s 00003000 08:01 17698481                   /home/vasanth/android-studio/gradle/gradle-2.2.1/lib/native-platform-linux-i386-0.10.jar
7fcfdf64d000-7fcfdf64e000 r--s 00003000 08:01 17698472                   /home/vasanth/android-studio/gradle/gradle-2.2.1/lib/native-platform-linux-amd64-0.10.jar
7fcfdf64e000-7fcfdf64f000 r--s 00002000 08:01 17698482                   /home/vasanth/android-studio/gradle/gradle-2.2.1/lib/native-platform-osx-amd64-0.10.jar
7fcfdf64f000-7fcfdf650000 r--s 00002000 08:01 17698475                   /home/vasanth/android-studio/gradle/gradle-2.2.1/lib/native-platform-osx-i386-0.10.jar
7fcfdf650000-7fcfdf652000 r--s 00008000 08:01 17698442                   /home/vasanth/android-studio/gradle/gradle-2.2.1/lib/jansi-1.2.1.jar
7fcfdf652000-7fcfdf655000 r--s 0000d000 08:01 17698470                   /home/vasanth/android-studio/gradle/gradle-2.2.1/lib/native-platform-0.10.jar
7fcfdf655000-7fcfdf659000 r--s 000e4000 08:01 17698490                   /home/vasanth/android-studio/gradle/gradle-2.2.1/lib/jna-3.2.7.jar
7fcfdf659000-7fcfdf65b000 r--s 00008000 08:01 17698463                   /home/vasanth/android-studio/gradle/gradle-2.2.1/lib/gradle-native-2.2.1.jar
7fcfdf65b000-7fcfdf65d000 r--s 00005000 08:01 17698461                   /home/vasanth/android-studio/gradle/gradle-2.2.1/lib/gradle-cli-2.2.1.jar
7fcfdf65d000-7fcfdf65f000 r--s 00003000 08:01 17698462                   /home/vasanth/android-studio/gradle/gradle-2.2.1/lib/gradle-base-services-groovy-2.2.1.jar
7fcfdf65f000-7fcfdf661000 r--s 0000a000 08:01 17698474                   /home/vasanth/android-studio/gradle/gradle-2.2.1/lib/gradle-model-groovy-2.2.1.jar
7fcfdf661000-7fcfdf665000 r--s 0001b000 08:01 17698440                   /home/vasanth/android-studio/gradle/gradle-2.2.1/lib/gradle-model-core-2.2.1.jar
7fcfdf665000-7fcfdf666000 r--s 00000000 08:01 17698447                   /home/vasanth/android-studio/gradle/gradle-2.2.1/lib/gradle-docs-2.2.1.jar
7fcfdf666000-7fcfdf668000 r--s 00003000 08:01 17698478                   /home/vasanth/android-studio/gradle/gradle-2.2.1/lib/jcl-over-slf4j-1.7.7.jar
7fcfdf668000-7fcfdf669000 r--s 00005000 08:01 17698464                   /home/vasanth/android-studio/gradle/gradle-2.2.1/lib/log4j-over-slf4j-1.7.7.jar
7fcfdf669000-7fcfdf66a000 r--s 00000000 08:01 17698457                   /home/vasanth/android-studio/gradle/gradle-2.2.1/lib/javax.inject-1.jar
7fcfdf66a000-7fcfdf6d5000 r--s 00685000 08:01 17698444                   /home/vasanth/android-studio/gradle/gradle-2.2.1/lib/groovy-all-2.3.6.jar
7fcfdf6d5000-7fcfdf6fd000 r--s 001cf000 08:01 17698465                   /home/vasanth/android-studio/gradle/gradle-2.2.1/lib/guava-jdk5-17.0.jar
7fcfdf6fd000-7fcfdf71c000 r--s 001cc000 08:01 17698491                   /home/vasanth/android-studio/gradle/gradle-2.2.1/lib/ant-1.9.3.jar
7fcfdf71c000-7fcfdf71d000 ---p 00000000 00:00 0 
7fcfdf71d000-7fcfdf81d000 rw-p 00000000 00:00 0                          [stack:15496]
7fcfdf81d000-7fcfdf820000 ---p 00000000 00:00 0 
7fcfdf820000-7fcfdf91e000 rw-p 00000000 00:00 0                          [stack:15495]
7fcfdf91e000-7fcfe0000000 r--p 00000000 08:01 15735379                   /usr/lib/locale/locale-archive
7fcfe0000000-7fcfe0021000 rw-p 00000000 00:00 0 
7fcfe0021000-7fcfe4000000 ---p 00000000 00:00 0 
7fcfe4000000-7fcfe4021000 rw-p 00000000 00:00 0 
7fcfe4021000-7fcfe8000000 ---p 00000000 00:00 0 
7fcfe8000000-7fcfe824a000 rw-p 00000000 00:00 0 
7fcfe824a000-7fcfec000000 ---p 00000000 00:00 0 
7fcfec000000-7fcfec021000 rw-p 00000000 00:00 0 
7fcfec021000-7fcff0000000 ---p 00000000 00:00 0 
7fcff0000000-7fcff0021000 rw-p 00000000 00:00 0 
7fcff0021000-7fcff4000000 ---p 00000000 00:00 0 
7fcff4000000-7fcff4003000 r--s 0001b000 08:01 17698466                   /home/vasanth/android-studio/gradle/gradle-2.2.1/lib/jarjar-1.3.jar
7fcff4003000-7fcff4005000 r--s 00000000 08:01 17698480                   /home/vasanth/android-studio/gradle/gradle-2.2.1/lib/jul-to-slf4j-1.7.7.jar
7fcff4005000-7fcff400b000 r--s 0003b000 08:01 17698484                   /home/vasanth/android-studio/gradle/gradle-2.2.1/lib/logback-classic-1.0.13.jar
7fcff400b000-7fcff4015000 r--s 0005d000 08:01 17698449                   /home/vasanth/android-studio/gradle/gradle-2.2.1/lib/logback-core-1.0.13.jar
7fcff4015000-7fcff401a000 r--s 00041000 08:01 17698454                   /home/vasanth/android-studio/gradle/gradle-2.2.1/lib/commons-lang-2.6.jar
7fcff401a000-7fcff404b000 r--s 00191000 08:01 17698439                   /home/vasanth/android-studio/gradle/gradle-2.2.1/lib/gradle-core-2.2.1.jar
7fcff404b000-7fcff404e000 ---p 00000000 00:00 0 
7fcff404e000-7fcff414c000 rw-p 00000000 00:00 0                          [stack:15494]
7fcff414c000-7fcff414f000 ---p 00000000 00:00 0 
7fcff414f000-7fcff424d000 rw-p 00000000 00:00 0                          [stack:15493]
7fcff424d000-7fcff4250000 ---p 00000000 00:00 0 
7fcff4250000-7fcff434e000 rw-p 00000000 00:00 0                          [stack:15492]
7fcff434e000-7fcff4351000 ---p 00000000 00:00 0 
7fcff4351000-7fcff444f000 rw-p 00000000 00:00 0                          [stack:15491]
7fcff444f000-7fcff4452000 ---p 00000000 00:00 0 
7fcff4452000-7fcff4550000 rw-p 00000000 00:00 0                          [stack:15490]
7fcff4550000-7fcff4551000 ---p 00000000 00:00 0 
7fcff4551000-7fcff564e000 rw-p 00000000 00:00 0                          [stack:15489]
7fcff564e000-7fcff5800000 r--s 01d23000 08:01 16387119                   /usr/lib/jvm/java-7-openjdk-amd64/jre/lib/rt.jar
7fcff5800000-7fcff8000000 rw-p 00000000 00:00 0 
7fcff8000000-7fcff8021000 rw-p 00000000 00:00 0 
7fcff8021000-7fcffc000000 ---p 00000000 00:00 0 
7fcffc000000-7fcffc001000 r--s 00000000 08:01 17698441                   /home/vasanth/android-studio/gradle/gradle-2.2.1/lib/jcip-annotations-1.0.jar
7fcffc001000-7fcffc004000 r--s 00018000 08:01 17698483                   /home/vasanth/android-studio/gradle/gradle-2.2.1/lib/commons-io-1.4.jar
7fcffc004000-7fcffc012000 r--s 0007f000 08:01 17698450                   /home/vasanth/android-studio/gradle/gradle-2.2.1/lib/commons-collections-3.2.1.jar
7fcffc012000-7fcffc017000 r--s 00036000 08:01 17698456                   /home/vasanth/android-studio/gradle/gradle-2.2.1/lib/asm-all-5.0.3.jar
7fcffc017000-7fcffc390000 rw-p 00000000 00:00 0 
7fcffc390000-7fcffc391000 ---p 00000000 00:00 0 
7fcffc391000-7fcffc491000 rw-p 00000000 00:00 0                          [stack:15488]
7fcffc491000-7fcffc492000 ---p 00000000 00:00 0 
7fcffc492000-7fcffc592000 rw-p 00000000 00:00 0                          [stack:15487]
7fcffc592000-7fcffc593000 ---p 00000000 00:00 0 
7fcffc593000-7fcffc693000 rw-p 00000000 00:00 0                          [stack:15486]
7fcffc693000-7fcffc694000 ---p 00000000 00:00 0 
7fcffc694000-7fcffc7a0000 rw-p 00000000 00:00 0                          [stack:15485]
7fcffc7a0000-7fcffc814000 rw-p 00000000 00:00 0 
7fcffc814000-7fcffc851000 rw-p 00000000 00:00 0 
7fcffc851000-7fcffc96a000 rw-p 00000000 00:00 0 
7fcffc96a000-7fcffc976000 rw-p 00000000 00:00 0 
7fcffc976000-7fcffc9ea000 rw-p 00000000 00:00 0 
7fcffc9ea000-7fcffca27000 rw-p 00000000 00:00 0 
7fcffca27000-7fcffcb3f000 rw-p 00000000 00:00 0 
7fcffcb3f000-7fcffcba4000 rw-p 00000000 00:00 0 
7fcffcba4000-7fcffcbea000 rw-p 00000000 00:00 0 
7fcffcbea000-7fcffcbeb000 rw-p 00000000 00:00 0 
7fcffcbeb000-7fcffce5b000 rwxp 00000000 00:00 0 
7fcffce5b000-7fcfffbeb000 rw-p 00000000 00:00 0 
7fcfffbeb000-7fcfffbf3000 r-xp 00000000 08:01 16387171                   /usr/lib/jvm/java-7-openjdk-amd64/jre/lib/amd64/libzip.so
7fcfffbf3000-7fcfffdf2000 ---p 00008000 08:01 16387171                   /usr/lib/jvm/java-7-openjdk-amd64/jre/lib/amd64/libzip.so
7fcfffdf2000-7fcfffdf3000 r--p 00007000 08:01 16387171                   /usr/lib/jvm/java-7-openjdk-amd64/jre/lib/amd64/libzip.so
7fcfffdf3000-7fcfffdf4000 rw-p 00008000 08:01 16387171                   /usr/lib/jvm/java-7-openjdk-amd64/jre/lib/amd64/libzip.so
7fcfffdf4000-7fcfffdff000 r-xp 00000000 08:01 4196934                    /lib/x86_64-linux-gnu/libnss_files-2.19.so
7fcfffdff000-7fcfffffe000 ---p 0000b000 08:01 4196934                    /lib/x86_64-linux-gnu/libnss_files-2.19.so
7fcfffffe000-7fcffffff000 r--p 0000a000 08:01 4196934                    /lib/x86_64-linux-gnu/libnss_files-2.19.so
7fcffffff000-7fd000000000 rw-p 0000b000 08:01 4196934                    /lib/x86_64-linux-gnu/libnss_files-2.19.so
7fd000000000-7fd000a23000 rw-p 00000000 00:00 0 
7fd000a23000-7fd004000000 ---p 00000000 00:00 0 
7fd004000000-7fd004002000 r--s 00006000 08:01 17698455                   /home/vasanth/android-studio/gradle/gradle-2.2.1/lib/slf4j-api-1.7.7.jar
7fd004002000-7fd004008000 r--s 00026000 08:01 17698448                   /home/vasanth/android-studio/gradle/gradle-2.2.1/lib/gradle-base-services-2.2.1.jar
7fd004008000-7fd004010000 r--s 0003c000 08:01 17698489                   /home/vasanth/android-studio/gradle/gradle-2.2.1/lib/gradle-launcher-2.2.1.jar
7fd004010000-7fd00401b000 r-xp 00000000 08:01 4196968                    /lib/x86_64-linux-gnu/libnss_nis-2.19.so
7fd00401b000-7fd00421a000 ---p 0000b000 08:01 4196968                    /lib/x86_64-linux-gnu/libnss_nis-2.19.so
7fd00421a000-7fd00421b000 r--p 0000a000 08:01 4196968                    /lib/x86_64-linux-gnu/libnss_nis-2.19.so
7fd00421b000-7fd00421c000 rw-p 0000b000 08:01 4196968                    /lib/x86_64-linux-gnu/libnss_nis-2.19.so
7fd00421c000-7fd004233000 r-xp 00000000 08:01 4196957                    /lib/x86_64-linux-gnu/libnsl-2.19.so
7fd004233000-7fd004432000 ---p 00017000 08:01 4196957                    /lib/x86_64-linux-gnu/libnsl-2.19.so
7fd004432000-7fd004433000 r--p 00016000 08:01 4196957                    /lib/x86_64-linux-gnu/libnsl-2.19.so
7fd004433000-7fd004434000 rw-p 00017000 08:01 4196957                    /lib/x86_64-linux-gnu/libnsl-2.19.so
7fd004434000-7fd004436000 rw-p 00000000 00:00 0 
7fd004436000-7fd00443f000 r-xp 00000000 08:01 4196956                    /lib/x86_64-linux-gnu/libnss_compat-2.19.so
7fd00443f000-7fd00463e000 ---p 00009000 08:01 4196956                    /lib/x86_64-linux-gnu/libnss_compat-2.19.so
7fd00463e000-7fd00463f000 r--p 00008000 08:01 4196956                    /lib/x86_64-linux-gnu/libnss_compat-2.19.so
7fd00463f000-7fd004640000 rw-p 00009000 08:01 4196956                    /lib/x86_64-linux-gnu/libnss_compat-2.19.so
7fd004640000-7fd00466b000 r-xp 00000000 08:01 16387158                   /usr/lib/jvm/java-7-openjdk-amd64/jre/lib/amd64/libjava.so
7fd00466b000-7fd00486b000 ---p 0002b000 08:01 16387158                   /usr/lib/jvm/java-7-openjdk-amd64/jre/lib/amd64/libjava.so
7fd00486b000-7fd00486c000 r--p 0002b000 08:01 16387158                   /usr/lib/jvm/java-7-openjdk-amd64/jre/lib/amd64/libjava.so
7fd00486c000-7fd00486e000 rw-p 0002c000 08:01 16387158                   /usr/lib/jvm/java-7-openjdk-amd64/jre/lib/amd64/libjava.so
7fd00486e000-7fd00487e000 r-xp 00000000 08:01 16387157                   /usr/lib/jvm/java-7-openjdk-amd64/jre/lib/amd64/libverify.so
7fd00487e000-7fd004a7d000 ---p 00010000 08:01 16387157                   /usr/lib/jvm/java-7-openjdk-amd64/jre/lib/amd64/libverify.so
7fd004a7d000-7fd004a7f000 r--p 0000f000 08:01 16387157                   /usr/lib/jvm/java-7-openjdk-amd64/jre/lib/amd64/libverify.so
7fd004a7f000-7fd004a80000 rw-p 00011000 08:01 16387157                   /usr/lib/jvm/java-7-openjdk-amd64/jre/lib/amd64/libverify.so
7fd004a80000-7fd004a87000 r-xp 00000000 08:01 4196965                    /lib/x86_64-linux-gnu/librt-2.19.so
7fd004a87000-7fd004c86000 ---p 00007000 08:01 4196965                    /lib/x86_64-linux-gnu/librt-2.19.so
7fd004c86000-7fd004c87000 r--p 00006000 08:01 4196965                    /lib/x86_64-linux-gnu/librt-2.19.so
7fd004c87000-7fd004c88000 rw-p 00007000 08:01 4196965                    /lib/x86_64-linux-gnu/librt-2.19.so
7fd004c88000-7fd004c9e000 r-xp 00000000 08:01 4194330                    /lib/x86_64-linux-gnu/libgcc_s.so.1
7fd004c9e000-7fd004e9d000 ---p 00016000 08:01 4194330                    /lib/x86_64-linux-gnu/libgcc_s.so.1
7fd004e9d000-7fd004e9e000 rw-p 00015000 08:01 4194330                    /lib/x86_64-linux-gnu/libgcc_s.so.1
7fd004e9e000-7fd004fa3000 r-xp 00000000 08:01 4196933                    /lib/x86_64-linux-gnu/libm-2.19.so
7fd004fa3000-7fd0051a2000 ---p 00105000 08:01 4196933                    /lib/x86_64-linux-gnu/libm-2.19.so
7fd0051a2000-7fd0051a3000 r--p 00104000 08:01 4196933                    /lib/x86_64-linux-gnu/libm-2.19.so
7fd0051a3000-7fd0051a4000 rw-p 00105000 08:01 4196933                    /lib/x86_64-linux-gnu/libm-2.19.so
7fd0051a4000-7fd00528a000 r-xp 00000000 08:01 15737244                   /usr/lib/x86_64-linux-gnu/libstdc++.so.6.0.19
7fd00528a000-7fd005489000 ---p 000e6000 08:01 15737244                   /usr/lib/x86_64-linux-gnu/libstdc++.so.6.0.19
7fd005489000-7fd005491000 r--p 000e5000 08:01 15737244                   /usr/lib/x86_64-linux-gnu/libstdc++.so.6.0.19
7fd005491000-7fd005493000 rw-p 000ed000 08:01 15737244                   /usr/lib/x86_64-linux-gnu/libstdc++.so.6.0.19
7fd005493000-7fd0054a8000 rw-p 00000000 00:00 0 
7fd0054a8000-7fd005fc0000 r-xp 00000000 08:01 16516415                   /usr/lib/jvm/java-7-openjdk-amd64/jre/lib/amd64/server/libjvm.so
7fd005fc0000-7fd0061c0000 ---p 00b18000 08:01 16516415                   /usr/lib/jvm/java-7-openjdk-amd64/jre/lib/amd64/server/libjvm.so
7fd0061c0000-7fd00625a000 r--p 00b18000 08:01 16516415                   /usr/lib/jvm/java-7-openjdk-amd64/jre/lib/amd64/server/libjvm.so
7fd00625a000-7fd00627d000 rw-p 00bb2000 08:01 16516415                   /usr/lib/jvm/java-7-openjdk-amd64/jre/lib/amd64/server/libjvm.so
7fd00627d000-7fd0062ab000 rw-p 00000000 00:00 0 
7fd0062ab000-7fd0062c3000 r-xp 00000000 08:01 4198406                    /lib/x86_64-linux-gnu/libz.so.1.2.8
7fd0062c3000-7fd0064c2000 ---p 00018000 08:01 4198406                    /lib/x86_64-linux-gnu/libz.so.1.2.8
7fd0064c2000-7fd0064c3000 r--p 00017000 08:01 4198406                    /lib/x86_64-linux-gnu/libz.so.1.2.8
7fd0064c3000-7fd0064c4000 rw-p 00018000 08:01 4198406                    /lib/x86_64-linux-gnu/libz.so.1.2.8
7fd0064c4000-7fd0064dd000 r-xp 00000000 08:01 4196963                    /lib/x86_64-linux-gnu/libpthread-2.19.so
7fd0064dd000-7fd0066dc000 ---p 00019000 08:01 4196963                    /lib/x86_64-linux-gnu/libpthread-2.19.so
7fd0066dc000-7fd0066dd000 r--p 00018000 08:01 4196963                    /lib/x86_64-linux-gnu/libpthread-2.19.so
7fd0066dd000-7fd0066de000 rw-p 00019000 08:01 4196963                    /lib/x86_64-linux-gnu/libpthread-2.19.so
7fd0066de000-7fd0066e2000 rw-p 00000000 00:00 0 
7fd0066e2000-7fd0066e5000 r-xp 00000000 08:01 4196950                    /lib/x86_64-linux-gnu/libdl-2.19.so
7fd0066e5000-7fd0068e4000 ---p 00003000 08:01 4196950                    /lib/x86_64-linux-gnu/libdl-2.19.so
7fd0068e4000-7fd0068e5000 r--p 00002000 08:01 4196950                    /lib/x86_64-linux-gnu/libdl-2.19.so
7fd0068e5000-7fd0068e6000 rw-p 00003000 08:01 4196950                    /lib/x86_64-linux-gnu/libdl-2.19.so
7fd0068e6000-7fd006aa1000 r-xp 00000000 08:01 4196962                    /lib/x86_64-linux-gnu/libc-2.19.so
7fd006aa1000-7fd006ca0000 ---p 001bb000 08:01 4196962                    /lib/x86_64-linux-gnu/libc-2.19.so
7fd006ca0000-7fd006ca4000 r--p 001ba000 08:01 4196962                    /lib/x86_64-linux-gnu/libc-2.19.so
7fd006ca4000-7fd006ca6000 rw-p 001be000 08:01 4196962                    /lib/x86_64-linux-gnu/libc-2.19.so
7fd006ca6000-7fd006cab000 rw-p 00000000 00:00 0 
7fd006cab000-7fd006cb8000 r-xp 00000000 08:01 16515965                   /usr/lib/jvm/java-7-openjdk-amd64/jre/lib/amd64/jli/libjli.so
7fd006cb8000-7fd006eb7000 ---p 0000d000 08:01 16515965                   /usr/lib/jvm/java-7-openjdk-amd64/jre/lib/amd64/jli/libjli.so
7fd006eb7000-7fd006eb8000 r--p 0000c000 08:01 16515965                   /usr/lib/jvm/java-7-openjdk-amd64/jre/lib/amd64/jli/libjli.so
7fd006eb8000-7fd006eb9000 rw-p 0000d000 08:01 16515965                   /usr/lib/jvm/java-7-openjdk-amd64/jre/lib/amd64/jli/libjli.so
7fd006eb9000-7fd006edc000 r-xp 00000000 08:01 4196959                    /lib/x86_64-linux-gnu/ld-2.19.so
7fd006edc000-7fd006ede000 r--s 00006000 08:01 16127441                   /usr/share/java/java-atk-wrapper.jar
7fd006ede000-7fd006f01000 rw-p 00000000 00:00 0 
7fd006f01000-7fd006fb7000 rw-p 00000000 00:00 0 
7fd006fb7000-7fd006fba000 ---p 00000000 00:00 0 
7fd006fba000-7fd0070bd000 rw-p 00000000 00:00 0                          [stack:15484]
7fd0070bd000-7fd0070be000 r--s 00004000 08:01 17698446                   /home/vasanth/android-studio/gradle/gradle-2.2.1/lib/ant-launcher-1.9.3.jar
7fd0070be000-7fd0070c0000 r--s 00012000 08:01 16387125                   /usr/lib/jvm/java-7-openjdk-amd64/jre/lib/ext/zipfs.jar
7fd0070c0000-7fd0070c4000 r--s 00034000 08:01 16387124                   /usr/lib/jvm/java-7-openjdk-amd64/jre/lib/ext/sunjce_provider.jar
7fd0070c4000-7fd0070c7000 r--s 0000f000 08:01 16387122                   /usr/lib/jvm/java-7-openjdk-amd64/jre/lib/ext/icedtea-sound.jar
7fd0070c7000-7fd0070ca000 r--s 00086000 08:01 16387127                   /usr/lib/jvm/java-7-openjdk-amd64/jre/lib/ext/localedata.jar
7fd0070ca000-7fd0070ce000 r--s 0003c000 08:01 16387123                   /usr/lib/jvm/java-7-openjdk-amd64/jre/lib/ext/sunpkcs11.jar
7fd0070ce000-7fd0070cf000 r--s 00002000 08:01 16387126                   /usr/lib/jvm/java-7-openjdk-amd64/jre/lib/ext/dnsns.jar
7fd0070cf000-7fd0070d7000 rw-s 00000000 08:01 25041236                   /tmp/hsperfdata_vasanth/15482
7fd0070d7000-7fd0070d8000 rw-p 00000000 00:00 0 
7fd0070d8000-7fd0070d9000 ---p 00000000 00:00 0 
7fd0070d9000-7fd0070db000 rw-p 00000000 00:00 0 
7fd0070db000-7fd0070dc000 r--p 00022000 08:01 4196959                    /lib/x86_64-linux-gnu/ld-2.19.so
7fd0070dc000-7fd0070dd000 rw-p 00023000 08:01 4196959                    /lib/x86_64-linux-gnu/ld-2.19.so
7fd0070dd000-7fd0070de000 rw-p 00000000 00:00 0 
7fff2508e000-7fff250b0000 rw-p 00000000 00:00 0                          [stack]
7fff251fe000-7fff25200000 r-xp 00000000 00:00 0                          [vdso]
ffffffffff600000-ffffffffff601000 r-xp 00000000 00:00 0                  [vsyscall]

VM Arguments:
jvm_args: -XX:MaxPermSize=256m -XX:+HeapDumpOnOutOfMemoryError -Xmx1024m -Dfile.encoding=UTF-8 -Duser.country=IN -Duser.language=en -Duser.variant 
java_command: org.gradle.launcher.daemon.bootstrap.GradleDaemon 2.2.1 /home/vasanth/.gradle/daemon 10800000 2800f9ed-4597-4e77-8987-4c4a43c48b29 -XX:MaxPermSize=256m -XX:+HeapDumpOnOutOfMemoryError -Xmx1024m -Dfile.encoding=UTF-8 -Duser.country=IN -Duser.language=en -Duser.variant
Launcher Type: SUN_STANDARD

Environment Variables:
JAVA_HOME=/usr/lib/jvm/java-1.7.0-openjdk-amd64
CLASSPATH=./../lib/bootstrap.jar:./../lib/extensions.jar:./../lib/util.jar:./../lib/jdom.jar:./../lib/log4j.jar:./../lib/trove4j.jar:./../lib/jna.jar:/usr/lib/jvm/java-1.7.0-openjdk-amd64/lib/tools.jar
PATH=/usr/local/sbin:/usr/local/bin:/usr/sbin:/usr/bin:/sbin:/bin:/usr/games:/usr/local/games
LD_LIBRARY_PATH=.:
SHELL=/bin/bash
DISPLAY=:0

Signal Handlers:
SIGSEGV: [libjvm.so+0x94b4b0], sa_mask[0]=0x7ffbfeff, sa_flags=0x10000004
SIGBUS: [libjvm.so+0x94b4b0], sa_mask[0]=0x7ffbfeff, sa_flags=0x10000004
SIGFPE: [libjvm.so+0x7c3390], sa_mask[0]=0x7ffbfeff, sa_flags=0x10000004
SIGPIPE: [libjvm.so+0x7c3390], sa_mask[0]=0x7ffbfeff, sa_flags=0x10000004
SIGXFSZ: [libjvm.so+0x7c3390], sa_mask[0]=0x7ffbfeff, sa_flags=0x10000004
SIGILL: [libjvm.so+0x7c3390], sa_mask[0]=0x7ffbfeff, sa_flags=0x10000004
SIGUSR1: SIG_DFL, sa_mask[0]=0x00000000, sa_flags=0x00000000
SIGUSR2: [libjvm.so+0x7c3230], sa_mask[0]=0x00000004, sa_flags=0x10000004
SIGHUP: [libjvm.so+0x7c3410], sa_mask[0]=0x7ffbfeff, sa_flags=0x10000004
SIGINT: [libjvm.so+0x7c3410], sa_mask[0]=0x7ffbfeff, sa_flags=0x10000004
SIGTERM: [libjvm.so+0x7c3410], sa_mask[0]=0x7ffbfeff, sa_flags=0x10000004
SIGQUIT: [libjvm.so+0x7c3410], sa_mask[0]=0x7ffbfeff, sa_flags=0x10000004
SIGTRAP: SIG_DFL, sa_mask[0]=0x00000000, sa_flags=0x00000000


---------------  S Y S T E M  ---------------

OS:Ubuntu 14.04 (trusty)
uname:Linux 3.13.0-43-generic #72-Ubuntu SMP Mon Dec 8 19:35:06 UTC 2014 x86_64
libc:glibc 2.19 NPTL 2.19 
rlimit: STACK 8192k, CORE 0k, NPROC 93765, NOFILE 4096, AS infinity
load average:0.45 0.59 0.72

/proc/meminfo:
MemTotal:       12023656 kB
MemFree:         3371264 kB
Buffers:          528392 kB
Cached:          4795648 kB
SwapCached:            0 kB
Active:          4409248 kB
Inactive:        3485740 kB
Active(anon):    2572640 kB
Inactive(anon):   605616 kB
Active(file):    1836608 kB
Inactive(file):  2880124 kB
Unevictable:          48 kB
Mlocked:              48 kB
SwapTotal:       8100860 kB
SwapFree:        8100860 kB
Dirty:                 0 kB
Writeback:             0 kB
AnonPages:       2573108 kB
Mapped:           491304 kB
Shmem:            607312 kB
Slab:             585324 kB
SReclaimable:     539552 kB
SUnreclaim:        45772 kB
KernelStack:        5712 kB
PageTables:        46624 kB
NFS_Unstable:          0 kB
Bounce:                0 kB
WritebackTmp:          0 kB
CommitLimit:    14112688 kB
Committed_AS:    8652364 kB
VmallocTotal:   34359738367 kB
VmallocUsed:      380492 kB
VmallocChunk:   34359344976 kB
HardwareCorrupted:     0 kB
AnonHugePages:    802816 kB
HugePages_Total:       0
HugePages_Free:        0
HugePages_Rsvd:        0
HugePages_Surp:        0
Hugepagesize:       2048 kB
DirectMap4k:      128100 kB
DirectMap2M:     9023488 kB
DirectMap1G:     3145728 kB


CPU:total 4 (2 cores per cpu, 2 threads per core) family 6 model 60 stepping 3, cmov, cx8, fxsr, mmx, sse, sse2, sse3, ssse3, sse4.1, sse4.2, popcnt, avx, avx2, aes, erms, ht, tsc, tscinvbit

/proc/cpuinfo:
processor	: 0
vendor_id	: GenuineIntel
cpu family	: 6
model		: 60
model name	: Intel(R) Core(TM) i5-4200M CPU @ 2.50GHz
stepping	: 3
microcode	: 0x17
cpu MHz		: 2501.000
cache size	: 3072 KB
physical id	: 0
siblings	: 4
core id		: 0
cpu cores	: 2
apicid		: 0
initial apicid	: 0
fpu		: yes
fpu_exception	: yes
cpuid level	: 13
wp		: yes
flags		: fpu vme de pse tsc msr pae mce cx8 apic sep mtrr pge mca cmov pat pse36 clflush dts acpi mmx fxsr sse sse2 ss ht tm pbe syscall nx pdpe1gb rdtscp lm constant_tsc arch_perfmon pebs bts rep_good nopl xtopology nonstop_tsc aperfmperf eagerfpu pni pclmulqdq dtes64 monitor ds_cpl vmx est tm2 ssse3 fma cx16 xtpr pdcm pcid sse4_1 sse4_2 movbe popcnt tsc_deadline_timer aes xsave avx f16c rdrand lahf_lm abm ida arat epb xsaveopt pln pts dtherm tpr_shadow vnmi flexpriority ept vpid fsgsbase tsc_adjust bmi1 avx2 smep bmi2 erms invpcid
bogomips	: 4988.34
clflush size	: 64
cache_alignment	: 64
address sizes	: 39 bits physical, 48 bits virtual
power management:

processor	: 1
vendor_id	: GenuineIntel
cpu family	: 6
model		: 60
model name	: Intel(R) Core(TM) i5-4200M CPU @ 2.50GHz
stepping	: 3
microcode	: 0x17
cpu MHz		: 2501.000
cache size	: 3072 KB
physical id	: 0
siblings	: 4
core id		: 0
cpu cores	: 2
apicid		: 1
initial apicid	: 1
fpu		: yes
fpu_exception	: yes
cpuid level	: 13
wp		: yes
flags		: fpu vme de pse tsc msr pae mce cx8 apic sep mtrr pge mca cmov pat pse36 clflush dts acpi mmx fxsr sse sse2 ss ht tm pbe syscall nx pdpe1gb rdtscp lm constant_tsc arch_perfmon pebs bts rep_good nopl xtopology nonstop_tsc aperfmperf eagerfpu pni pclmulqdq dtes64 monitor ds_cpl vmx est tm2 ssse3 fma cx16 xtpr pdcm pcid sse4_1 sse4_2 movbe popcnt tsc_deadline_timer aes xsave avx f16c rdrand lahf_lm abm ida arat epb xsaveopt pln pts dtherm tpr_shadow vnmi flexpriority ept vpid fsgsbase tsc_adjust bmi1 avx2 smep bmi2 erms invpcid
bogomips	: 4988.34
clflush size	: 64
cache_alignment	: 64
address sizes	: 39 bits physical, 48 bits virtual
power management:

processor	: 2
vendor_id	: GenuineIntel
cpu family	: 6
model		: 60
model name	: Intel(R) Core(TM) i5-4200M CPU @ 2.50GHz
stepping	: 3
microcode	: 0x17
cpu MHz		: 2501.000
cache size	: 3072 KB
physical id	: 0
siblings	: 4
core id		: 1
cpu cores	: 2
apicid		: 2
initial apicid	: 2
fpu		: yes
fpu_exception	: yes
cpuid level	: 13
wp		: yes
flags		: fpu vme de pse tsc msr pae mce cx8 apic sep mtrr pge mca cmov pat pse36 clflush dts acpi mmx fxsr sse sse2 ss ht tm pbe syscall nx pdpe1gb rdtscp lm constant_tsc arch_perfmon pebs bts rep_good nopl xtopology nonstop_tsc aperfmperf eagerfpu pni pclmulqdq dtes64 monitor ds_cpl vmx est tm2 ssse3 fma cx16 xtpr pdcm pcid sse4_1 sse4_2 movbe popcnt tsc_deadline_timer aes xsave avx f16c rdrand lahf_lm abm ida arat epb xsaveopt pln pts dtherm tpr_shadow vnmi flexpriority ept vpid fsgsbase tsc_adjust bmi1 avx2 smep bmi2 erms invpcid
bogomips	: 4988.34
clflush size	: 64
cache_alignment	: 64
address sizes	: 39 bits physical, 48 bits virtual
power management:

processor	: 3
vendor_id	: GenuineIntel
cpu family	: 6
model		: 60
model name	: Intel(R) Core(TM) i5-4200M CPU @ 2.50GHz
stepping	: 3
microcode	: 0x17
cpu MHz		: 2501.000
cache size	: 3072 KB
physical id	: 0
siblings	: 4
core id		: 1
cpu cores	: 2
apicid		: 3
initial apicid	: 3
fpu		: yes
fpu_exception	: yes
cpuid level	: 13
wp		: yes
flags		: fpu vme de pse tsc msr pae mce cx8 apic sep mtrr pge mca cmov pat pse36 clflush dts acpi mmx fxsr sse sse2 ss ht tm pbe syscall nx pdpe1gb rdtscp lm constant_tsc arch_perfmon pebs bts rep_good nopl xtopology nonstop_tsc aperfmperf eagerfpu pni pclmulqdq dtes64 monitor ds_cpl vmx est tm2 ssse3 fma cx16 xtpr pdcm pcid sse4_1 sse4_2 movbe popcnt tsc_deadline_timer aes xsave avx f16c rdrand lahf_lm abm ida arat epb xsaveopt pln pts dtherm tpr_shadow vnmi flexpriority ept vpid fsgsbase tsc_adjust bmi1 avx2 smep bmi2 erms invpcid
bogomips	: 4988.34
clflush size	: 64
cache_alignment	: 64
address sizes	: 39 bits physical, 48 bits virtual
power management:



Memory: 4k page, physical 12023656k(3371264k free), swap 8100860k(8100860k free)

vm_info: OpenJDK 64-Bit Server VM (24.75-b04) for linux-amd64 JRE (1.7.0_75-b13), built on Jan 27 2015 00:38:59 by "buildd" with gcc 4.8.2

time: Tue Mar 10 11:48:00 2015
elapsed time: 2 seconds

