#
# A fatal error has been detected by the Java Runtime Environment:
#
#  SIGSEGV (0xb) at pc=0x00007f0ae929c955, pid=15668, tid=139684688926464
#
# JRE version: OpenJDK Runtime Environment (7.0_75-b13) (build 1.7.0_75-b13)
# Java VM: OpenJDK 64-Bit Server VM (24.75-b04 mixed mode linux-amd64 compressed oops)
# Derivative: IcedTea 2.5.4
# Distribution: Ubuntu 14.04 LTS, package 7u75-2.5.4-1~trusty1
# Problematic frame:
# V  [libjvm.so+0x3b8955]  CardTableExtension::scavenge_contents_parallel(ObjectStartArray*, MutableSpace*, HeapWord*, PSPromotionManager*, unsigned int, unsigned int)+0x6a5
#
# Failed to write core dump. Core dumps have been disabled. To enable core dumping, try "ulimit -c unlimited" before starting Java again
#
# If you would like to submit a bug report, please include
# instructions on how to reproduce the bug and visit:
#   http://icedtea.classpath.org/bugzilla
#

---------------  T H R E A D  ---------------

Current thread (0x00007f0ae4020000):  GCTaskThread [stack: 0x00007f0ae0339000,0x00007f0ae043a000] [id=15671]

siginfo:si_signo=SIGSEGV: si_errno=0, si_code=1 (SEGV_MAPERR), si_addr=0x0000000000000019

Registers:
RAX=0x0000000000000001, RBX=0x00000000f0c48400, RCX=0x0000000000000000, RDX=0x0000000000000001
RSP=0x00007f0ae0438d00, RBP=0x00007f0ae0438d90, RSI=0x00007f0ae9ca6420, RDI=0x0000000000000017
R8 =0x00000000f10398e0, R9 =0x00000000faa80000, R10=0x00000000fe58fb58, R11=0x0000000000000038
R12=0x00000000f0c48390, R13=0x00007f0ae401b5b0, R14=0x00007f0ae0540282, R15=0x0000000000000240
RIP=0x00007f0ae929c955, EFLAGS=0x0000000000010202, CSGSFS=0x0000000000000033, ERR=0x0000000000000004
  TRAPNO=0x000000000000000e

Top of Stack: (sp=0x00007f0ae0438d00)
0x00007f0ae0438d00:   00007f0ae0540281 00007f0ae0540201
0x00007f0ae0438d10:   0000000000000200 0000000000000000
0x00007f0ae0438d20:   00000000f1013c38 00007f0ae0540400
0x00007f0ae0438d30:   00000000f0c50320 00007f0ae054209f
0x00007f0ae0438d40:   00000000f0c405f0 00007f0ae40736a0
0x00007f0ae0438d50:   00007f0ae0540242 00007f0ae401b2e0
0x00007f0ae0438d60:   0000000000000000 00007f0ae4027f70
0x00007f0ae0438d70:   00007f0ae40736a0 00007f0ae989195c
0x00007f0ae0438d80:   00007f0ae4020000 00007f0ae9cc23ea
0x00007f0ae0438d90:   00007f0ae0438dc0 00007f0ae971742b
0x00007f0ae0438da0:   00007f0a00000004 00007f0ae401fc70
0x00007f0ae0438db0:   0000000000000001 00007f0ae4027f70
0x00007f0ae0438dc0:   00007f0ae0438ed0 00007f0ae9429042
0x00007f0ae0438dd0:   00000000000003d8 00007f0ae4020ca8
0x00007f0ae0438de0:   00007f0ae40208d0 00007f0ae0438e60
0x00007f0ae0438df0:   00007f0ae4020890 00007f0ae40208c0
0x00007f0ae0438e00:   00007f0ae0438e10 0000000000000000
0x00007f0ae0438e10:   0000000000000000 00007f0ae4021600
0x00007f0ae0438e20:   00007f0ae4020000 00007f0ae4020cb0
0x00007f0ae0438e30:   00007f0ae4020cf0 00007f0ae4020d00
0x00007f0ae0438e40:   00007f0ae40210d8 00000000000003d8
0x00007f0ae0438e50:   00007f0ae40210e0 00007f0ae4021a50
0x00007f0ae0438e60:   00007f0ae4020000 00007f0ae4020cb0
0x00007f0ae0438e70:   00007f0ae4020cf0 00007f0ae4020d00
0x00007f0ae0438e80:   00007f0ae40210d8 00000000000003d8
0x00007f0ae0438e90:   00007f0ae0438e20 00007f0ae04399c0
0x00007f0ae0438ea0:   00007f0ae0438ed0 00007f0ae4021a50
0x00007f0ae0438eb0:   00007f0ae4021960 00007f0ae4020000
0x00007f0ae0438ec0:   00007f0ae04399c0 00007f0ae0439700
0x00007f0ae0438ed0:   00007f0ae0438f10 00007f0ae96a8a42
0x00007f0ae0438ee0:   0000000000000000 00007f0ae0439700
0x00007f0ae0438ef0:   0000000000000000 0000000000000000 

Instructions: (pc=0x00007f0ae929c955)
0x00007f0ae929c935:   e9 7d 00 00 00 66 0f 1f 44 00 00 48 8d 35 d9 9a
0x00007f0ae929c945:   a0 00 41 8b 44 24 08 8b 4e 08 48 d3 e0 48 03 06
0x00007f0ae929c955:   81 78 18 ff ff ff bf 77 1f 48 8d 78 10 48 8b 40
0x00007f0ae929c965:   10 4c 89 e2 48 8b 75 b8 ff 90 d8 00 00 00 48 8d 

Register to memory mapping:

RAX=0x0000000000000001 is an unknown value
RBX=0x00000000f0c48400 is pointing into object: 0x00000000f0c483e8
java.lang.ref.Finalizer 
 - klass: 'java/lang/ref/Finalizer'
RCX=0x0000000000000000 is an unknown value
RDX=0x0000000000000001 is an unknown value
RSP=0x00007f0ae0438d00 is an unknown value
RBP=0x00007f0ae0438d90 is an unknown value
RSI=0x00007f0ae9ca6420: <offset 0xdc2420> in /usr/lib/jvm/java-7-openjdk-amd64/jre/lib/amd64/server/libjvm.so at 0x00007f0ae8ee4000
RDI=0x0000000000000017 is an unknown value
R8 =0x00000000f10398e0 is an oop
java.lang.Class 
 - klass: 'java/lang/Class'
R9 =0x00000000faa80000 is an oop
java.lang.String 
 - klass: 'java/lang/String'
R10=0x00000000fe58fb58 is an oop
java.lang.String 
 - klass: 'java/lang/String'
R11=0x0000000000000038 is an unknown value
R12=0x00000000f0c48390 is pointing into object: 0x00000000f0c48370
java.lang.ref.Finalizer 
 - klass: 'java/lang/ref/Finalizer'
R13=0x00007f0ae401b5b0 is an unknown value
R14=0x00007f0ae0540282 is an unknown value
R15=0x0000000000000240 is an unknown value


Stack: [0x00007f0ae0339000,0x00007f0ae043a000],  sp=0x00007f0ae0438d00,  free space=1023k
Native frames: (J=compiled Java code, j=interpreted, Vv=VM code, C=native code)
V  [libjvm.so+0x3b8955]  CardTableExtension::scavenge_contents_parallel(ObjectStartArray*, MutableSpace*, HeapWord*, PSPromotionManager*, unsigned int, unsigned int)+0x6a5
V  [libjvm.so+0x83342b]  OldToYoungRootsTask::do_it(GCTaskManager*, unsigned int)+0x4b
V  [libjvm.so+0x545042]  GCTaskThread::run()+0x162
V  [libjvm.so+0x7c4a42]  java_start(Thread*)+0xf2


---------------  P R O C E S S  ---------------

Java Threads: ( => current thread )
  0x00007f0a98476800 JavaThread "File lock request listener" [_thread_in_native, id=15693, stack(0x00007f0aaa89a000,0x00007f0aaa99b000)]
  0x00007f0a98231800 JavaThread "process reaper" daemon [_thread_blocked, id=15692, stack(0x00007f0aaa99b000,0x00007f0aaa9d4000)]
  0x00007f0a98012800 JavaThread "Stdin handler" [_thread_blocked, id=15690, stack(0x00007f0aaaa3e000,0x00007f0aaab3f000)]
  0x00007f0a9c00c000 JavaThread "Daemon worker" [_thread_blocked, id=15687, stack(0x00007f0aaab3f000,0x00007f0aaac40000)]
  0x00007f0a9c00b000 JavaThread "Cancel handler" [_thread_blocked, id=15686, stack(0x00007f0aaac40000,0x00007f0aaad41000)]
  0x00007f0a9c007800 JavaThread "Handler for socket connection from /127.0.0.1:53948 to /127.0.0.1:52365" [_thread_in_native, id=15685, stack(0x00007f0aaad41000,0x00007f0aaae42000)]
  0x00007f0aa400a800 JavaThread "Daemon" [_thread_blocked, id=15684, stack(0x00007f0aaae42000,0x00007f0aaaf43000)]
  0x00007f0ae4a2e800 JavaThread "Incoming local TCP Connector on port 53948" [_thread_in_native, id=15683, stack(0x00007f0aaaf43000,0x00007f0aab044000)]
  0x00007f0ae40ae800 JavaThread "Service Thread" daemon [_thread_blocked, id=15681, stack(0x00007f0ad8eb8000,0x00007f0ad8fb9000)]
  0x00007f0ae40ac000 JavaThread "C2 CompilerThread1" daemon [_thread_in_native, id=15680, stack(0x00007f0ad8fb9000,0x00007f0ad90ba000)]
  0x00007f0ae40a9000 JavaThread "C2 CompilerThread0" daemon [_thread_in_native, id=15679, stack(0x00007f0ad90ba000,0x00007f0ad91bb000)]
  0x00007f0ae40a7000 JavaThread "Signal Dispatcher" daemon [_thread_blocked, id=15678, stack(0x00007f0ad91bb000,0x00007f0ad92bc000)]
  0x00007f0ae407c000 JavaThread "Finalizer" daemon [_thread_blocked, id=15677, stack(0x00007f0ad999e000,0x00007f0ad9a9f000)]
  0x00007f0ae407a000 JavaThread "Reference Handler" daemon [_thread_blocked, id=15676, stack(0x00007f0ad9a9f000,0x00007f0ad9ba0000)]
  0x00007f0ae400a800 JavaThread "main" [_thread_blocked, id=15670, stack(0x00007f0aea9f3000,0x00007f0aeaaf4000)]

Other Threads:
  0x00007f0ae4076000 VMThread [stack: 0x00007f0ad9ba0000,0x00007f0ad9ca1000] [id=15675]
  0x00007f0ae40b9000 WatcherThread [stack: 0x00007f0ad8db7000,0x00007f0ad8eb8000] [id=15682]

=>0x00007f0ae4020000 (exited) GCTaskThread [stack: 0x00007f0ae0339000,0x00007f0ae043a000] [id=15671]

VM state:at safepoint (normal execution)

VM Mutex/Monitor currently owned by a thread:  ([mutex/lock_event])
[0x00007f0ae4006a50] Threads_lock - owner thread: 0x00007f0ae4076000
[0x00007f0ae4006f50] Heap_lock - owner thread: 0x00007f0a9c00c000

Heap
 PSYoungGen      total 61440K, used 61428K [0x00000000faa80000, 0x0000000100000000, 0x0000000100000000)
  eden space 53760K, 100% used [0x00000000faa80000,0x00000000fdf00000,0x00000000fdf00000)
  from space 7680K, 99% used [0x00000000ff880000,0x00000000ffffd030,0x0000000100000000)
  to   space 16896K, 70% used [0x00000000fdf00000,0x00000000feab2040,0x00000000fef80000)
 ParOldGen       total 124928K, used 18584K [0x00000000f0000000, 0x00000000f7a00000, 0x00000000faa80000)
  object space 124928K, 14% used [0x00000000f0000000,0x00000000f1226268,0x00000000f7a00000)
 PSPermGen       total 33792K, used 33698K [0x00000000e0000000, 0x00000000e2100000, 0x00000000f0000000)
  object space 33792K, 99% used [0x00000000e0000000,0x00000000e20e8948,0x00000000e2100000)

Card table byte_map: [0x00007f0ae04ba000,0x00007f0ae05bb000] byte_map_base: 0x00007f0adfdba000

Polling page: 0x00007f0aeab14000

Code Cache  [0x00007f0ae05bb000, 0x00007f0ae08db000, 0x00007f0ae35bb000)
 total_blobs=1127 nmethods=541 adapters=539 free_code_cache=46117Kb largest_free_block=47117888

Compilation events (10 events):
Event: 4.658 Thread 0x00007f0ae40ac000 nmethod 572 0x00007f0ae08c1a90 code [0x00007f0ae08c2380, 0x00007f0ae08c6080]
Event: 4.658 Thread 0x00007f0ae40ac000  573             groovy.lang.MetaMethod::isStatic (16 bytes)
Event: 4.659 Thread 0x00007f0ae40ac000 nmethod 573 0x00007f0ae06391d0 code [0x00007f0ae0639320, 0x00007f0ae06393b8]
Event: 4.659 Thread 0x00007f0ae40ac000  574             org.codehaus.groovy.runtime.metaclass.MetaMethodIndex::copyNonPrivateMethods (149 bytes)
Event: 4.664 Thread 0x00007f0ae40ac000 nmethod 574 0x00007f0ae0673250 code [0x00007f0ae0673400, 0x00007f0ae0673730]
Event: 4.665 Thread 0x00007f0ae40ac000  575             java.util.ArrayList::<init> (44 bytes)
Event: 4.666 Thread 0x00007f0ae40ac000 nmethod 575 0x00007f0ae087da10 code [0x00007f0ae087db60, 0x00007f0ae087dc98]
Event: 4.666 Thread 0x00007f0ae40ac000  577             java.util.LinkedList$ListItr::next (56 bytes)
Event: 4.667 Thread 0x00007f0ae40ac000 nmethod 577 0x00007f0ae087d6d0 code [0x00007f0ae087d820, 0x00007f0ae087d918]
Event: 4.667 Thread 0x00007f0ae40ac000  578             java.lang.Class::privateGetPublicMethods (247 bytes)

GC Heap History (10 events):
Event: 1.332 GC heap after
Heap after GC invocations=2 (full 0):
 PSYoungGen      total 79872K, used 7667K [0x00000000faa80000, 0x0000000100000000, 0x0000000100000000)
  eden space 72192K, 0% used [0x00000000faa80000,0x00000000faa80000,0x00000000ff100000)
  from space 7680K, 99% used [0x00000000ff880000,0x00000000ffffccc8,0x0000000100000000)
  to   space 7680K, 0% used [0x00000000ff100000,0x00000000ff100000,0x00000000ff880000)
 ParOldGen       total 124928K, used 1497K [0x00000000f0000000, 0x00000000f7a00000, 0x00000000faa80000)
  object space 124928K, 1% used [0x00000000f0000000,0x00000000f0176588,0x00000000f7a00000)
 PSPermGen       total 21504K, used 17937K [0x00000000e0000000, 0x00000000e1500000, 0x00000000f0000000)
  object space 21504K, 83% used [0x00000000e0000000,0x00000000e1184648,0x00000000e1500000)
}
Event: 1.863 GC heap before
{Heap before GC invocations=3 (full 0):
 PSYoungGen      total 79872K, used 79859K [0x00000000faa80000, 0x0000000100000000, 0x0000000100000000)
  eden space 72192K, 100% used [0x00000000faa80000,0x00000000ff100000,0x00000000ff100000)
  from space 7680K, 99% used [0x00000000ff880000,0x00000000ffffccc8,0x0000000100000000)
  to   space 7680K, 0% used [0x00000000ff100000,0x00000000ff100000,0x00000000ff880000)
 ParOldGen       total 124928K, used 1497K [0x00000000f0000000, 0x00000000f7a00000, 0x00000000faa80000)
  object space 124928K, 1% used [0x00000000f0000000,0x00000000f0176588,0x00000000f7a00000)
 PSPermGen       total 21504K, used 20802K [0x00000000e0000000, 0x00000000e1500000, 0x00000000f0000000)
  object space 21504K, 96% used [0x00000000e0000000,0x00000000e1450a78,0x00000000e1500000)
Event: 1.873 GC heap after
Heap after GC invocations=3 (full 0):
 PSYoungGen      total 79872K, used 7660K [0x00000000faa80000, 0x0000000100000000, 0x0000000100000000)
  eden space 72192K, 0% used [0x00000000faa80000,0x00000000faa80000,0x00000000ff100000)
  from space 7680K, 99% used [0x00000000ff100000,0x00000000ff87b038,0x00000000ff880000)
  to   space 7680K, 0% used [0x00000000ff880000,0x00000000ff880000,0x0000000100000000)
 ParOldGen       total 124928K, used 1740K [0x00000000f0000000, 0x00000000f7a00000, 0x00000000faa80000)
  object space 124928K, 1% used [0x00000000f0000000,0x00000000f01b3168,0x00000000f7a00000)
 PSPermGen       total 21504K, used 20802K [0x00000000e0000000, 0x00000000e1500000, 0x00000000f0000000)
  object space 21504K, 96% used [0x00000000e0000000,0x00000000e1450a78,0x00000000e1500000)
}
Event: 2.047 GC heap before
{Heap before GC invocations=4 (full 0):
 PSYoungGen      total 79872K, used 79852K [0x00000000faa80000, 0x0000000100000000, 0x0000000100000000)
  eden space 72192K, 100% used [0x00000000faa80000,0x00000000ff100000,0x00000000ff100000)
  from space 7680K, 99% used [0x00000000ff100000,0x00000000ff87b038,0x00000000ff880000)
  to   space 7680K, 0% used [0x00000000ff880000,0x00000000ff880000,0x0000000100000000)
 ParOldGen       total 124928K, used 1740K [0x00000000f0000000, 0x00000000f7a00000, 0x00000000faa80000)
  object space 124928K, 1% used [0x00000000f0000000,0x00000000f01b3168,0x00000000f7a00000)
 PSPermGen       total 21504K, used 20809K [0x00000000e0000000, 0x00000000e1500000, 0x00000000f0000000)
  object space 21504K, 96% used [0x00000000e0000000,0x00000000e14526e0,0x00000000e1500000)
Event: 2.056 GC heap after
Heap after GC invocations=4 (full 0):
 PSYoungGen      total 79872K, used 6340K [0x00000000faa80000, 0x0000000100000000, 0x0000000100000000)
  eden space 72192K, 0% used [0x00000000faa80000,0x00000000faa80000,0x00000000ff100000)
  from space 7680K, 82% used [0x00000000ff880000,0x00000000ffeb1320,0x0000000100000000)
  to   space 7680K, 0% used [0x00000000ff100000,0x00000000ff100000,0x00000000ff880000)
 ParOldGen       total 124928K, used 1748K [0x00000000f0000000, 0x00000000f7a00000, 0x00000000faa80000)
  object space 124928K, 1% used [0x00000000f0000000,0x00000000f01b5168,0x00000000f7a00000)
 PSPermGen       total 21504K, used 20809K [0x00000000e0000000, 0x00000000e1500000, 0x00000000f0000000)
  object space 21504K, 96% used [0x00000000e0000000,0x00000000e14526e0,0x00000000e1500000)
}
Event: 2.864 GC heap before
{Heap before GC invocations=5 (full 0):
 PSYoungGen      total 79872K, used 78532K [0x00000000faa80000, 0x0000000100000000, 0x0000000100000000)
  eden space 72192K, 100% used [0x00000000faa80000,0x00000000ff100000,0x00000000ff100000)
  from space 7680K, 82% used [0x00000000ff880000,0x00000000ffeb1320,0x0000000100000000)
  to   space 7680K, 0% used [0x00000000ff100000,0x00000000ff100000,0x00000000ff880000)
 ParOldGen       total 124928K, used 1748K [0x00000000f0000000, 0x00000000f7a00000, 0x00000000faa80000)
  object space 124928K, 1% used [0x00000000f0000000,0x00000000f01b5168,0x00000000f7a00000)
 PSPermGen       total 27648K, used 27341K [0x00000000e0000000, 0x00000000e1b00000, 0x00000000f0000000)
  object space 27648K, 98% used [0x00000000e0000000,0x00000000e1ab35e8,0x00000000e1b00000)
Event: 2.881 GC heap after
Heap after GC invocations=5 (full 0):
 PSYoungGen      total 79872K, used 7676K [0x00000000faa80000, 0x0000000100000000, 0x0000000100000000)
  eden space 72192K, 0% used [0x00000000faa80000,0x00000000faa80000,0x00000000ff100000)
  from space 7680K, 99% used [0x00000000ff100000,0x00000000ff87f0f0,0x00000000ff880000)
  to   space 7680K, 0% used [0x00000000ff880000,0x00000000ff880000,0x0000000100000000)
 ParOldGen       total 124928K, used 9116K [0x00000000f0000000, 0x00000000f7a00000, 0x00000000faa80000)
  object space 124928K, 7% used [0x00000000f0000000,0x00000000f08e73a8,0x00000000f7a00000)
 PSPermGen       total 27648K, used 27341K [0x00000000e0000000, 0x00000000e1b00000, 0x00000000f0000000)
  object space 27648K, 98% used [0x00000000e0000000,0x00000000e1ab35e8,0x00000000e1b00000)
}
Event: 3.975 GC heap before
{Heap before GC invocations=6 (full 0):
 PSYoungGen      total 79872K, used 79868K [0x00000000faa80000, 0x0000000100000000, 0x0000000100000000)
  eden space 72192K, 100% used [0x00000000faa80000,0x00000000ff100000,0x00000000ff100000)
  from space 7680K, 99% used [0x00000000ff100000,0x00000000ff87f0f0,0x00000000ff880000)
  to   space 7680K, 0% used [0x00000000ff880000,0x00000000ff880000,0x0000000100000000)
 ParOldGen       total 124928K, used 9116K [0x00000000f0000000, 0x00000000f7a00000, 0x00000000faa80000)
  object space 124928K, 7% used [0x00000000f0000000,0x00000000f08e73a8,0x00000000f7a00000)
 PSPermGen       total 31744K, used 31721K [0x00000000e0000000, 0x00000000e1f00000, 0x00000000f0000000)
  object space 31744K, 99% used [0x00000000e0000000,0x00000000e1efa738,0x00000000e1f00000)
Event: 3.991 GC heap after
Heap after GC invocations=6 (full 0):
 PSYoungGen      total 61440K, used 7668K [0x00000000faa80000, 0x0000000100000000, 0x0000000100000000)
  eden space 53760K, 0% used [0x00000000faa80000,0x00000000faa80000,0x00000000fdf00000)
  from space 7680K, 99% used [0x00000000ff880000,0x00000000ffffd030,0x0000000100000000)
  to   space 16896K, 0% used [0x00000000fdf00000,0x00000000fdf00000,0x00000000fef80000)
 ParOldGen       total 124928K, used 16463K [0x00000000f0000000, 0x00000000f7a00000, 0x00000000faa80000)
  object space 124928K, 13% used [0x00000000f0000000,0x00000000f1013c38,0x00000000f7a00000)
 PSPermGen       total 31744K, used 31721K [0x00000000e0000000, 0x00000000e1f00000, 0x00000000f0000000)
  object space 31744K, 99% used [0x00000000e0000000,0x00000000e1efa738,0x00000000e1f00000)
}
Event: 4.814 GC heap before
{Heap before GC invocations=7 (full 0):
 PSYoungGen      total 61440K, used 61428K [0x00000000faa80000, 0x0000000100000000, 0x0000000100000000)
  eden space 53760K, 100% used [0x00000000faa80000,0x00000000fdf00000,0x00000000fdf00000)
  from space 7680K, 99% used [0x00000000ff880000,0x00000000ffffd030,0x0000000100000000)
  to   space 16896K, 0% used [0x00000000fdf00000,0x00000000fdf00000,0x00000000fef80000)
 ParOldGen       total 124928K, used 16463K [0x00000000f0000000, 0x00000000f7a00000, 0x00000000faa80000)
  object space 124928K, 13% used [0x00000000f0000000,0x00000000f1013c38,0x00000000f7a00000)
 PSPermGen       total 33792K, used 33698K [0x00000000e0000000, 0x00000000e2100000, 0x00000000f0000000)
  object space 33792K, 99% used [0x00000000e0000000,0x00000000e20e8948,0x00000000e2100000)

Deoptimization events (10 events):
Event: 3.830 Thread 0x00007f0a9c00c000 Uncommon trap: reason=predicate action=maybe_recompile pc=0x00007f0ae085ba28 method=java.util.ComparableTimSort.binarySort([Ljava/lang/Object;III)V @ 37
Event: 3.846 Thread 0x00007f0a9c00c000 Uncommon trap: reason=unreached action=reinterpret pc=0x00007f0ae0662878 method=java.util.HashMap.put(Ljava/lang/Object;Ljava/lang/Object;)Ljava/lang/Object; @ 19
Event: 4.467 Thread 0x00007f0a9c00c000 Uncommon trap: reason=bimorphic action=maybe_recompile pc=0x00007f0ae087f514 method=java.util.regex.Pattern$Curly.match(Ljava/util/regex/Matcher;ILjava/lang/CharSequence;)Z @ 19
Event: 4.467 Thread 0x00007f0a9c00c000 Uncommon trap: reason=bimorphic action=maybe_recompile pc=0x00007f0ae087f514 method=java.util.regex.Pattern$Curly.match(Ljava/util/regex/Matcher;ILjava/lang/CharSequence;)Z @ 19
Event: 4.467 Thread 0x00007f0a9c00c000 Uncommon trap: reason=bimorphic action=maybe_recompile pc=0x00007f0ae087f514 method=java.util.regex.Pattern$Curly.match(Ljava/util/regex/Matcher;ILjava/lang/CharSequence;)Z @ 19
Event: 4.467 Thread 0x00007f0a9c00c000 Uncommon trap: reason=bimorphic action=maybe_recompile pc=0x00007f0ae07e2f74 method=java.util.regex.Pattern$Branch.match(Ljava/util/regex/Matcher;ILjava/lang/CharSequence;)Z @ 32
Event: 4.483 Thread 0x00007f0a9c00c000 Uncommon trap: reason=class_check action=maybe_recompile pc=0x00007f0ae06a7bdc method=java.lang.Throwable.<init>(Ljava/lang/Throwable;)V @ 24
Event: 4.497 Thread 0x00007f0a9c00c000 Uncommon trap: reason=class_check action=maybe_recompile pc=0x00007f0ae06a7bdc method=java.lang.Throwable.<init>(Ljava/lang/Throwable;)V @ 24
Event: 4.502 Thread 0x00007f0a9c00c000 Uncommon trap: reason=class_check action=maybe_recompile pc=0x00007f0ae06a7bdc method=java.lang.Throwable.<init>(Ljava/lang/Throwable;)V @ 24
Event: 4.609 Thread 0x00007f0a9c00c000 Uncommon trap: reason=unreached action=reinterpret pc=0x00007f0ae089eb34 method=groovy.lang.MetaClassImpl.populateMethods(Ljava/util/LinkedList;Lorg/codehaus/groovy/reflection/CachedClass;)V @ 150

Internal exceptions (10 events):
Event: 4.801 Thread 0x00007f0a9c00c000 Threw 0x00000000fde585c8 at /build/buildd/openjdk-7-7u75-2.5.4/build/openjdk/hotspot/src/share/vm/prims/jvm.cpp:1284
Event: 4.801 Thread 0x00007f0a9c00c000 Threw 0x00000000fde59328 at /build/buildd/openjdk-7-7u75-2.5.4/build/openjdk/hotspot/src/share/vm/prims/jvm.cpp:1284
Event: 4.803 Thread 0x00007f0a9c00c000 Threw 0x00000000fde5e8d8 at /build/buildd/openjdk-7-7u75-2.5.4/build/openjdk/hotspot/src/share/vm/prims/jvm.cpp:1284
Event: 4.810 Thread 0x00007f0a9c00c000 Threw 0x00000000fdea4370 at /build/buildd/openjdk-7-7u75-2.5.4/build/openjdk/hotspot/src/share/vm/prims/jvm.cpp:1284
Event: 4.810 Thread 0x00007f0a9c00c000 Threw 0x00000000fdea55b8 at /build/buildd/openjdk-7-7u75-2.5.4/build/openjdk/hotspot/src/share/vm/prims/jvm.cpp:1284
Event: 4.811 Thread 0x00007f0a9c00c000 Threw 0x00000000fdeaf180 at /build/buildd/openjdk-7-7u75-2.5.4/build/openjdk/hotspot/src/share/vm/prims/jvm.cpp:1284
Event: 4.813 Thread 0x00007f0a9c00c000 Threw 0x00000000fdeee848 at /build/buildd/openjdk-7-7u75-2.5.4/build/openjdk/hotspot/src/share/vm/prims/jvm.cpp:1284
Event: 4.813 Thread 0x00007f0a9c00c000 Threw 0x00000000fdef4d78 at /build/buildd/openjdk-7-7u75-2.5.4/build/openjdk/hotspot/src/share/vm/prims/jvm.cpp:1284
Event: 4.813 Thread 0x00007f0a9c00c000 Threw 0x00000000fdef6fd8 at /build/buildd/openjdk-7-7u75-2.5.4/build/openjdk/hotspot/src/share/vm/prims/jvm.cpp:1284
Event: 4.813 Thread 0x00007f0a9c00c000 Threw 0x00000000fdef8068 at /build/buildd/openjdk-7-7u75-2.5.4/build/openjdk/hotspot/src/share/vm/prims/jvm.cpp:1284

Events (10 events):
Event: 4.801 loading class 0x00007f0a982fcdd0 done
Event: 4.803 loading class 0x00007f0a987592f0
Event: 4.803 loading class 0x00007f0a987592f0 done
Event: 4.810 loading class 0x00007f0a98abf6d0
Event: 4.810 loading class 0x00007f0a98abf6d0 done
Event: 4.813 loading class 0x00007f0a98abf660
Event: 4.813 loading class 0x00007f0a98abf660 done
Event: 4.813 loading class 0x00007f0a98abf660
Event: 4.813 loading class 0x00007f0a98abf660 done
Event: 4.813 Executing VM operation: ParallelGCFailedAllocation


Dynamic libraries:
00400000-00401000 r-xp 00000000 08:01 16387174                           /usr/lib/jvm/java-7-openjdk-amd64/jre/bin/java
00600000-00601000 r--p 00000000 08:01 16387174                           /usr/lib/jvm/java-7-openjdk-amd64/jre/bin/java
00601000-00602000 rw-p 00001000 08:01 16387174                           /usr/lib/jvm/java-7-openjdk-amd64/jre/bin/java
0078d000-007ae000 rw-p 00000000 00:00 0                                  [heap]
e0000000-e2100000 rw-p 00000000 00:00 0 
e2100000-f0000000 rw-p 00000000 00:00 0 
f0000000-f7a00000 rw-p 00000000 00:00 0 
f7a00000-faa80000 rw-p 00000000 00:00 0 
faa80000-100000000 rw-p 00000000 00:00 0 
7f0a84000000-7f0a84021000 rw-p 00000000 00:00 0 
7f0a84021000-7f0a88000000 ---p 00000000 00:00 0 
7f0a8c000000-7f0a8c021000 rw-p 00000000 00:00 0 
7f0a8c021000-7f0a90000000 ---p 00000000 00:00 0 
7f0a90000000-7f0a90021000 rw-p 00000000 00:00 0 
7f0a90021000-7f0a94000000 ---p 00000000 00:00 0 
7f0a94000000-7f0a94021000 rw-p 00000000 00:00 0 
7f0a94021000-7f0a98000000 ---p 00000000 00:00 0 
7f0a98000000-7f0a98ad6000 rw-p 00000000 00:00 0 
7f0a98ad6000-7f0a9c000000 ---p 00000000 00:00 0 
7f0a9c000000-7f0a9c021000 rw-p 00000000 00:00 0 
7f0a9c021000-7f0aa0000000 ---p 00000000 00:00 0 
7f0aa0000000-7f0aa0021000 rw-p 00000000 00:00 0 
7f0aa0021000-7f0aa4000000 ---p 00000000 00:00 0 
7f0aa4000000-7f0aa402e000 rw-p 00000000 00:00 0 
7f0aa402e000-7f0aa8000000 ---p 00000000 00:00 0 
7f0aaa7c1000-7f0aaa7c2000 rw-p 00000000 00:00 0 
7f0aaa7c2000-7f0aaa7c4000 r--s 00004000 08:01 17826395                   /home/vasanth/android-studio/gradle/m2repository/org/ow2/asm/asm-tree/4.0/asm-tree-4.0.jar
7f0aaa7c4000-7f0aaa7c6000 r--s 0000a000 08:01 17826386                   /home/vasanth/android-studio/gradle/m2repository/org/ow2/asm/asm/4.0/asm-4.0.jar
7f0aaa7c6000-7f0aaa7cf000 r--s 000a7000 08:01 17826999                   /home/vasanth/android-studio/gradle/m2repository/com/android/tools/external/lombok/lombok-ast/0.2.2/lombok-ast-0.2.2.jar
7f0aaa7cf000-7f0aaa7d1000 r--s 0000d000 08:01 17827092                   /home/vasanth/android-studio/gradle/m2repository/commons-codec/commons-codec/1.4/commons-codec-1.4.jar
7f0aaa7d1000-7f0aaa7d3000 r--s 0000d000 08:01 17826928                   /home/vasanth/android-studio/gradle/m2repository/commons-logging/commons-logging/1.1.1/commons-logging-1.1.1.jar
7f0aaa7d3000-7f0aaa7d8000 r--s 00028000 08:01 17826679                   /home/vasanth/android-studio/gradle/m2repository/org/apache/httpcomponents/httpcore/4.1/httpcore-4.1.jar
7f0aaa7d8000-7f0aaa7d9000 r--s 00004000 08:01 17825887                   /home/vasanth/android-studio/gradle/m2repository/org/ow2/asm/asm-analysis/4.0/asm-analysis-4.0.jar
7f0aaa7d9000-7f0aaa7dc000 r--s 00029000 08:01 21102689                   /home/vasanth/.gradle/caches/modules-2/files-2.1/com.android.tools.lint/lint-api/24.0.1/dabee09e35f6947d639127efc5a17cba76901bd4/lint-api-24.0.1.jar
7f0aaa7dc000-7f0aaa7dd000 r--s 0000a000 08:01 17826965                   /home/vasanth/android-studio/gradle/m2repository/net/sf/kxml/kxml2/2.3.0/kxml2-2.3.0.jar
7f0aaa7dd000-7f0aaa808000 r--s 001f9000 08:01 17826976                   /home/vasanth/android-studio/gradle/m2repository/com/google/guava/guava/17.0/guava-17.0.jar
7f0aaa808000-7f0aaa80a000 r--s 00005000 08:01 17826693                   /home/vasanth/android-studio/gradle/m2repository/org/apache/httpcomponents/httpmime/4.1/httpmime-4.1.jar
7f0aaa80a000-7f0aaa812000 r--s 0004e000 08:01 17826890                   /home/vasanth/android-studio/gradle/m2repository/org/apache/httpcomponents/httpclient/4.1.1/httpclient-4.1.1.jar
7f0aaa812000-7f0aaa819000 r--s 00053000 08:01 17826904                   /home/vasanth/android-studio/gradle/m2repository/org/apache/commons/commons-compress/1.8.1/commons-compress-1.8.1.jar
7f0aaa819000-7f0aaa81c000 r--s 00011000 08:01 21102686                   /home/vasanth/.gradle/caches/modules-2/files-2.1/com.android.tools.layoutlib/layoutlib-api/24.0.1/99e81aa1d57c4a2764e3159ecaeb2c3d87e2adb1/layoutlib-api-24.0.1.jar
7f0aaa81c000-7f0aaa82c000 r--s 000d3000 08:01 17826951                   /home/vasanth/android-studio/gradle/m2repository/net/sf/proguard/proguard-base/5.1/proguard-base-5.1.jar
7f0aaa82c000-7f0aaa83b000 r--s 001a9000 08:01 17826921                   /home/vasanth/android-studio/gradle/m2repository/org/eclipse/jdt/core/compiler/ecj/4.2.2/ecj-4.2.2.jar
7f0aaa83b000-7f0aaa840000 r--s 0008c000 08:01 21102685                   /home/vasanth/.gradle/caches/modules-2/files-2.1/com.android.tools.lint/lint-checks/24.0.1/5852425e83bbf45642eb4c105999f3873c85321a/lint-checks-24.0.1.jar
7f0aaa840000-7f0aaa873000 r--s 00203000 08:01 17826448                   /home/vasanth/android-studio/gradle/m2repository/org/bouncycastle/bcprov-jdk15on/1.48/bcprov-jdk15on-1.48.jar
7f0aaa873000-7f0aaa881000 r--s 00081000 08:01 17826672                   /home/vasanth/android-studio/gradle/m2repository/org/bouncycastle/bcpkix-jdk15on/1.48/bcpkix-jdk15on-1.48.jar
7f0aaa881000-7f0aaa883000 r--s 00002000 08:01 17826983                   /home/vasanth/android-studio/gradle/m2repository/com/squareup/javawriter/2.5.0/javawriter-2.5.0.jar
7f0aaa883000-7f0aaa888000 r--s 00042000 08:01 21102684                   /home/vasanth/.gradle/caches/modules-2/files-2.1/com.android.tools.ddms/ddmlib/24.0.1/96e5bff5e7352c0d4252a34d00e9fe4e1b9a9a60/ddmlib-24.0.1.jar
7f0aaa888000-7f0aaa88b000 r--s 00029000 08:01 21102683                   /home/vasanth/.gradle/caches/modules-2/files-2.1/com.android.tools.build/manifest-merger/24.0.1/42055d1aaf4b93dbfebfaea3a4fc2f33f76360df/manifest-merger-24.0.1.jar
7f0aaa88b000-7f0aaa890000 r--s 00047000 08:01 21102681                   /home/vasanth/.gradle/caches/modules-2/files-2.1/com.android.tools/sdk-common/24.0.1/78443e0d8bc5fd15ac02a4207752c990969ea32c/sdk-common-24.0.1.jar
7f0aaa890000-7f0aaa89a000 r--s 000a8000 08:01 21102680                   /home/vasanth/.gradle/caches/modules-2/files-2.1/com.android.tools/sdklib/24.0.1/129cb79134719e5e271e9a5d02dda97e359767a7/sdklib-24.0.1.jar
7f0aaa89a000-7f0aaa89d000 ---p 00000000 00:00 0 
7f0aaa89d000-7f0aaa99b000 rw-p 00000000 00:00 0                          [stack:15693]
7f0aaa99b000-7f0aaa99e000 ---p 00000000 00:00 0 
7f0aaa99e000-7f0aaa9d4000 rw-p 00000000 00:00 0                          [stack:15692]
7f0aaa9d4000-7f0aaaa3e000 r--s 0069e000 08:01 17959383                   /usr/lib/jvm/java-7-openjdk-amd64/lib/tools.jar
7f0aaaa3e000-7f0aaaa41000 ---p 00000000 00:00 0 
7f0aaaa41000-7f0aaab3f000 rw-p 00000000 00:00 0                          [stack:15690]
7f0aaab3f000-7f0aaab42000 ---p 00000000 00:00 0 
7f0aaab42000-7f0aaac40000 rw-p 00000000 00:00 0                          [stack:15687]
7f0aaac40000-7f0aaac43000 ---p 00000000 00:00 0 
7f0aaac43000-7f0aaad41000 rw-p 00000000 00:00 0                          [stack:15686]
7f0aaad41000-7f0aaad44000 ---p 00000000 00:00 0 
7f0aaad44000-7f0aaae42000 rw-p 00000000 00:00 0                          [stack:15685]
7f0aaae42000-7f0aaae45000 ---p 00000000 00:00 0 
7f0aaae45000-7f0aaaf43000 rw-p 00000000 00:00 0                          [stack:15684]
7f0aaaf43000-7f0aaaf46000 ---p 00000000 00:00 0 
7f0aaaf46000-7f0aab044000 rw-p 00000000 00:00 0                          [stack:15683]
7f0aab044000-7f0aab048000 r-xp 00000000 08:01 28839750                   /tmp/native-platform4040037407164636128dir/libnative-platform.so
7f0aab048000-7f0aab247000 ---p 00004000 08:01 28839750                   /tmp/native-platform4040037407164636128dir/libnative-platform.so
7f0aab247000-7f0aab248000 rw-p 00003000 08:01 28839750                   /tmp/native-platform4040037407164636128dir/libnative-platform.so
7f0aab248000-7f0aab24a000 r--s 00002000 08:01 17827131                   /home/vasanth/android-studio/gradle/gradle-2.2.1/lib/plugins/gradle-publish-2.2.1.jar
7f0aab24a000-7f0aab24b000 r--s 00005000 08:01 21102687                   /home/vasanth/.gradle/caches/modules-2/files-2.1/com.android.tools/dvlib/24.0.1/88956eb2faa213e7ecba20d42ea814ad23ccb25a/dvlib-24.0.1.jar
7f0aab24b000-7f0aab24d000 r--s 00014000 08:01 21102682                   /home/vasanth/.gradle/caches/modules-2/files-2.1/com.android.tools/common/24.0.1/96a3273bdb7dd2babc6b7469c43a6bedb87fb1bf/common-24.0.1.jar
7f0aab24d000-7f0aab24e000 r--s 00000000 08:01 21102679                   /home/vasanth/.gradle/caches/modules-2/files-2.1/com.android.tools.build/builder-test-api/1.0.1/ad1ed006cd1432f84d6018cae5b6c289f8b9a592/builder-test-api-1.0.1.jar
7f0aab24e000-7f0aab250000 r--s 00003000 08:01 21102678                   /home/vasanth/.gradle/caches/modules-2/files-2.1/com.android.tools.build/builder-model/1.0.1/e48e9a3058bb3a9813248cc79bd64e0c211faa5/builder-model-1.0.1.jar
7f0aab250000-7f0aab251000 r--s 00002000 08:01 17826957                   /home/vasanth/android-studio/gradle/m2repository/net/sf/proguard/proguard-gradle/5.1/proguard-gradle-5.1.jar
7f0aab251000-7f0aab253000 r--s 00018000 08:01 21102677                   /home/vasanth/.gradle/caches/modules-2/files-2.1/com.android.tools.lint/lint/24.0.1/d014feecb7c9f4a4bba61b056ff9251c5279df24/lint-24.0.1.jar
7f0aab253000-7f0aab257000 r--s 00031000 08:01 21102676                   /home/vasanth/.gradle/caches/modules-2/files-2.1/com.android.tools.build/builder/1.0.1/c8d3894bf14b2754a94b5091a4a4bd84ea0aa6fc/builder-1.0.1.jar
7f0aab257000-7f0aab267000 r--s 00139000 08:01 21102675                   /home/vasanth/.gradle/caches/modules-2/files-2.1/com.android.tools.build/gradle/1.0.1/cd1ae9a4b885e8f07572d0f894f149533c082cc8/gradle-1.0.1.jar
7f0aab267000-7f0aab270000 r--s 000b9000 08:01 16387121                   /usr/lib/jvm/java-7-openjdk-amd64/jre/lib/resources.jar
7f0aab270000-7f0aab271000 r--p 00000000 00:00 0 
7f0aab271000-7f0aab278000 r--s 00000000 08:01 16147151                   /usr/lib/x86_64-linux-gnu/gconv/gconv-modules.cache
7f0aab278000-7f0aab27c000 r--s 0004d000 08:01 16387135                   /usr/lib/jvm/java-7-openjdk-amd64/jre/lib/jsse.jar
7f0aab27c000-7f0aab27e000 r--s 00002000 08:01 17827125                   /home/vasanth/android-studio/gradle/gradle-2.2.1/lib/plugins/gradle-cunit-2.2.1.jar
7f0aab27e000-7f0aab283000 r--s 00036000 08:01 17827159                   /home/vasanth/android-studio/gradle/gradle-2.2.1/lib/plugins/gradle-ide-native-2.2.1.jar
7f0aab283000-7f0aab288000 r--s 00013000 08:01 17827187                   /home/vasanth/android-studio/gradle/gradle-2.2.1/lib/plugins/gradle-language-native-2.2.1.jar
7f0aab288000-7f0aab293000 r--s 0004d000 08:01 17827107                   /home/vasanth/android-studio/gradle/gradle-2.2.1/lib/plugins/gradle-platform-native-2.2.1.jar
7f0aab293000-7f0aab295000 r--s 00008000 08:01 17827176                   /home/vasanth/android-studio/gradle/gradle-2.2.1/lib/plugins/gradle-language-groovy-2.2.1.jar
7f0aab295000-7f0aab29a000 r--s 00022000 08:01 17827096                   /home/vasanth/android-studio/gradle/gradle-2.2.1/lib/plugins/gradle-language-java-2.2.1.jar
7f0aab29a000-7f0aab29d000 r--s 00007000 08:01 17827114                   /home/vasanth/android-studio/gradle/gradle-2.2.1/lib/plugins/gradle-language-jvm-2.2.1.jar
7f0aab29d000-7f0aab2a0000 r--s 00009000 08:01 17827156                   /home/vasanth/android-studio/gradle/gradle-2.2.1/lib/plugins/gradle-platform-jvm-2.2.1.jar
7f0aab2a0000-7f0aab2a5000 r--s 00018000 08:01 17827165                   /home/vasanth/android-studio/gradle/gradle-2.2.1/lib/plugins/gradle-platform-base-2.2.1.jar
7f0aab2a5000-7f0aab2aa000 r--s 00026000 08:01 17827128                   /home/vasanth/android-studio/gradle/gradle-2.2.1/lib/plugins/gradle-build-init-2.2.1.jar
7f0aab2aa000-7f0aab2ad000 r--s 0001d000 08:01 17827152                   /home/vasanth/android-studio/gradle/gradle-2.2.1/lib/plugins/gradle-jacoco-2.2.1.jar
7f0aab2ad000-7f0aab2b0000 r--s 0000d000 08:01 17827154                   /home/vasanth/android-studio/gradle/gradle-2.2.1/lib/plugins/gradle-ivy-2.2.1.jar
7f0aab2b0000-7f0aab2b2000 r--s 00005000 08:01 17827097                   /home/vasanth/android-studio/gradle/gradle-2.2.1/lib/plugins/jatl-0.2.2.jar
7f0aab2b2000-7f0aab2b7000 r--s 00034000 08:01 17827163                   /home/vasanth/android-studio/gradle/gradle-2.2.1/lib/plugins/gradle-diagnostics-2.2.1.jar
7f0aab2b7000-7f0aab2be000 r--s 00090000 08:01 17827170                   /home/vasanth/android-studio/gradle/gradle-2.2.1/lib/plugins/gradle-build-comparison-2.2.1.jar
7f0aab2be000-7f0aab2c5000 r--s 00035000 08:01 17827139                   /home/vasanth/android-studio/gradle/gradle-2.2.1/lib/plugins/simple-4.1.21.jar
7f0aab2c5000-7f0aab2e8000 r--s 00344000 08:01 17827103                   /home/vasanth/android-studio/gradle/gradle-2.2.1/lib/plugins/core-3.1.1.jar
7f0aab2e8000-7f0aab2e9000 r--s 00006000 08:01 17827169                   /home/vasanth/android-studio/gradle/gradle-2.2.1/lib/plugins/jetty-naming-6.1.25.jar
7f0aab2e9000-7f0aab2ea000 r--s 00001000 08:01 17827129                   /home/vasanth/android-studio/gradle/gradle-2.2.1/lib/plugins/gradle-plugin-development-2.2.1.jar
7f0aab2ea000-7f0aab2ec000 r--s 0000f000 08:01 17827121                   /home/vasanth/android-studio/gradle/gradle-2.2.1/lib/plugins/gradle-reporting-2.2.1.jar
7f0aab2ec000-7f0aab2f8000 r--s 00100000 08:01 17827198                   /home/vasanth/android-studio/gradle/gradle-2.2.1/lib/plugins/rhino-1.7R3.jar
7f0aab2f8000-7f0aab2fd000 r--s 0001f000 08:01 17827177                   /home/vasanth/android-studio/gradle/gradle-2.2.1/lib/plugins/gradle-javascript-2.2.1.jar
7f0aab2fd000-7f0aab2ff000 r--s 0000e000 08:01 17827126                   /home/vasanth/android-studio/gradle/gradle-2.2.1/lib/plugins/gradle-ear-2.2.1.jar
7f0aab2ff000-7f0aab303000 r--s 00025000 08:01 17827195                   /home/vasanth/android-studio/gradle/gradle-2.2.1/lib/plugins/bcpg-jdk15-1.46.jar
7f0aab303000-7f0aab306000 r--s 0001d000 08:01 17827197                   /home/vasanth/android-studio/gradle/gradle-2.2.1/lib/plugins/gradle-signing-2.2.1.jar
7f0aab306000-7f0aab307000 r--s 00002000 08:01 17827171                   /home/vasanth/android-studio/gradle/gradle-2.2.1/lib/plugins/sonar-batch-bootstrapper-2.9.jar
7f0aab307000-7f0aab30a000 r--s 00018000 08:01 17827199                   /home/vasanth/android-studio/gradle/gradle-2.2.1/lib/plugins/gradle-sonar-2.2.1.jar
7f0aab30a000-7f0aab30d000 r--s 00017000 08:01 17827134                   /home/vasanth/android-studio/gradle/gradle-2.2.1/lib/plugins/gradle-scala-2.2.1.jar
7f0aab30d000-7f0aab30f000 r--s 0000e000 08:01 17827099                   /home/vasanth/android-studio/gradle/gradle-2.2.1/lib/plugins/gradle-announce-2.2.1.jar
7f0aab30f000-7f0aab31d000 r--s 000bc000 08:01 17827193                   /home/vasanth/android-studio/gradle/gradle-2.2.1/lib/plugins/gradle-ide-2.2.1.jar
7f0aab31d000-7f0aab31f000 r--s 00000000 08:01 17827133                   /home/vasanth/android-studio/gradle/gradle-2.2.1/lib/plugins/plexus-component-annotations-1.5.2.jar
7f0aab31f000-7f0aab322000 r--s 0000c000 08:01 17827110                   /home/vasanth/android-studio/gradle/gradle-2.2.1/lib/plugins/pmaven-groovy-0.8-20100325.jar
7f0aab322000-7f0aab323000 r--s 00004000 08:01 17827157                   /home/vasanth/android-studio/gradle/gradle-2.2.1/lib/plugins/pmaven-common-0.8-20100325.jar
7f0aab323000-7f0aab327000 r--s 0001e000 08:01 17827112                   /home/vasanth/android-studio/gradle/gradle-2.2.1/lib/plugins/gradle-maven-2.2.1.jar
7f0aab327000-7f0aab33f000 r--s 0013b000 08:01 17827143                   /home/vasanth/android-studio/gradle/gradle-2.2.1/lib/plugins/bndlib-2.1.0.jar
7f0aab33f000-7f0aab341000 r--s 00004000 08:01 17827160                   /home/vasanth/android-studio/gradle/gradle-2.2.1/lib/plugins/gradle-osgi-2.2.1.jar
7f0aab341000-7f0aab346000 r--s 00068000 08:01 17827146                   /home/vasanth/android-studio/gradle/gradle-2.2.1/lib/plugins/antlr-2.7.7.jar
7f0aab346000-7f0aab347000 r--s 00002000 08:01 17827174                   /home/vasanth/android-studio/gradle/gradle-2.2.1/lib/plugins/ant-antlr-1.9.3.jar
7f0aab347000-7f0aab349000 r--s 00004000 08:01 17827181                   /home/vasanth/android-studio/gradle/gradle-2.2.1/lib/plugins/gradle-antlr-2.2.1.jar
7f0aab349000-7f0aab34c000 r--s 0001e000 08:01 17827141                   /home/vasanth/android-studio/gradle/gradle-2.2.1/lib/plugins/jsp-api-2.1-6.1.14.jar
7f0aab34c000-7f0aab34d000 r--s 00002000 08:01 17827150                   /home/vasanth/android-studio/gradle/gradle-2.2.1/lib/plugins/geronimo-annotation_1.0_spec-1.0.jar
7f0aab34d000-7f0aab34f000 r--s 00002000 08:01 17827132                   /home/vasanth/android-studio/gradle/gradle-2.2.1/lib/plugins/jetty-annotations-6.1.25.jar
7f0aab34f000-7f0aab360000 r--s 000ea000 08:01 17827178                   /home/vasanth/android-studio/gradle/gradle-2.2.1/lib/plugins/jsp-2.1-6.1.14.jar
7f0aab360000-7f0aab362000 r--s 0000d000 08:01 17827113                   /home/vasanth/android-studio/gradle/gradle-2.2.1/lib/plugins/jetty-plus-6.1.25.jar
7f0aab362000-7f0aab366000 r--s 00028000 08:01 17827151                   /home/vasanth/android-studio/gradle/gradle-2.2.1/lib/plugins/jetty-util-6.1.25.jar
7f0aab366000-7f0aab376000 r-xp 00000000 08:01 16387145                   /usr/lib/jvm/java-7-openjdk-amd64/jre/lib/amd64/libnio.so
7f0aab376000-7f0aab576000 ---p 00010000 08:01 16387145                   /usr/lib/jvm/java-7-openjdk-amd64/jre/lib/amd64/libnio.so
7f0aab576000-7f0aab577000 r--p 00010000 08:01 16387145                   /usr/lib/jvm/java-7-openjdk-amd64/jre/lib/amd64/libnio.so
7f0aab577000-7f0aab578000 rw-p 00011000 08:01 16387145                   /usr/lib/jvm/java-7-openjdk-amd64/jre/lib/amd64/libnio.so
7f0aab578000-7f0aab5b5000 r-xp 00000000 08:01 4198346                    /lib/x86_64-linux-gnu/libpcre.so.3.13.1
7f0aab5b5000-7f0aab7b4000 ---p 0003d000 08:01 4198346                    /lib/x86_64-linux-gnu/libpcre.so.3.13.1
7f0aab7b4000-7f0aab7b5000 r--p 0003c000 08:01 4198346                    /lib/x86_64-linux-gnu/libpcre.so.3.13.1
7f0aab7b5000-7f0aab7b6000 rw-p 0003d000 08:01 4198346                    /lib/x86_64-linux-gnu/libpcre.so.3.13.1
7f0aab7b6000-7f0aab7bd000 r-xp 00000000 08:01 15736616                   /usr/lib/x86_64-linux-gnu/libffi.so.6.0.1
7f0aab7bd000-7f0aab9bc000 ---p 00007000 08:01 15736616                   /usr/lib/x86_64-linux-gnu/libffi.so.6.0.1
7f0aab9bc000-7f0aab9bd000 r--p 00006000 08:01 15736616                   /usr/lib/x86_64-linux-gnu/libffi.so.6.0.1
7f0aab9bd000-7f0aab9be000 rw-p 00007000 08:01 15736616                   /usr/lib/x86_64-linux-gnu/libffi.so.6.0.1
7f0aab9be000-7f0aab9d5000 r-xp 00000000 08:01 4196930                    /lib/x86_64-linux-gnu/libresolv-2.19.so
7f0aab9d5000-7f0aabbd5000 ---p 00017000 08:01 4196930                    /lib/x86_64-linux-gnu/libresolv-2.19.so
7f0aabbd5000-7f0aabbd6000 r--p 00017000 08:01 4196930                    /lib/x86_64-linux-gnu/libresolv-2.19.so
7f0aabbd6000-7f0aabbd7000 rw-p 00018000 08:01 4196930                    /lib/x86_64-linux-gnu/libresolv-2.19.so
7f0aabbd7000-7f0aabbd9000 rw-p 00000000 00:00 0 
7f0aabbd9000-7f0aabbf9000 r-xp 00000000 08:01 4198941                    /lib/x86_64-linux-gnu/libselinux.so.1
7f0aabbf9000-7f0aabdf8000 ---p 00020000 08:01 4198941                    /lib/x86_64-linux-gnu/libselinux.so.1
7f0aabdf8000-7f0aabdf9000 r--p 0001f000 08:01 4198941                    /lib/x86_64-linux-gnu/libselinux.so.1
7f0aabdf9000-7f0aabdfa000 rw-p 00020000 08:01 4198941                    /lib/x86_64-linux-gnu/libselinux.so.1
7f0aabdfa000-7f0aabdfc000 rw-p 00000000 00:00 0 
7f0aabdfc000-7f0aabdff000 r-xp 00000000 08:01 15729004                   /usr/lib/x86_64-linux-gnu/libgmodule-2.0.so.0.4002.0
7f0aabdff000-7f0aabffe000 ---p 00003000 08:01 15729004                   /usr/lib/x86_64-linux-gnu/libgmodule-2.0.so.0.4002.0
7f0aabffe000-7f0aabfff000 r--p 00002000 08:01 15729004                   /usr/lib/x86_64-linux-gnu/libgmodule-2.0.so.0.4002.0
7f0aabfff000-7f0aac000000 rw-p 00003000 08:01 15729004                   /usr/lib/x86_64-linux-gnu/libgmodule-2.0.so.0.4002.0
7f0aac000000-7f0aac021000 rw-p 00000000 00:00 0 
7f0aac021000-7f0ab0000000 ---p 00000000 00:00 0 
7f0ab0000000-7f0ab0021000 rw-p 00000000 00:00 0 
7f0ab0021000-7f0ab4000000 ---p 00000000 00:00 0 
7f0ab4000000-7f0ab4a90000 rw-p 00000000 00:00 0 
7f0ab4a90000-7f0ab8000000 ---p 00000000 00:00 0 
7f0ab8000000-7f0ab93a4000 rw-p 00000000 00:00 0 
7f0ab93a4000-7f0abc000000 ---p 00000000 00:00 0 
7f0abc000000-7f0abc021000 rw-p 00000000 00:00 0 
7f0abc021000-7f0ac0000000 ---p 00000000 00:00 0 
7f0ac0000000-7f0ac0021000 rw-p 00000000 00:00 0 
7f0ac0021000-7f0ac4000000 ---p 00000000 00:00 0 
7f0ac4000000-7f0ac4021000 rw-p 00000000 00:00 0 
7f0ac4021000-7f0ac8000000 ---p 00000000 00:00 0 
7f0ac8000000-7f0ac8021000 rw-p 00000000 00:00 0 
7f0ac8021000-7f0acc000000 ---p 00000000 00:00 0 
7f0acc000000-7f0acc021000 rw-p 00000000 00:00 0 
7f0acc021000-7f0ad0000000 ---p 00000000 00:00 0 
7f0ad0000000-7f0ad0021000 rw-p 00000000 00:00 0 
7f0ad0021000-7f0ad4000000 ---p 00000000 00:00 0 
7f0ad4000000-7f0ad4021000 rw-p 00000000 00:00 0 
7f0ad4021000-7f0ad8000000 ---p 00000000 00:00 0 
7f0ad8000000-7f0ad8002000 r--s 0001f000 08:01 17827138                   /home/vasanth/android-studio/gradle/gradle-2.2.1/lib/plugins/servlet-api-2.5-20081211.jar
7f0ad8002000-7f0ad8009000 r--s 0007d000 08:01 17827109                   /home/vasanth/android-studio/gradle/gradle-2.2.1/lib/plugins/jetty-6.1.25.jar
7f0ad8009000-7f0ad800b000 r--s 00009000 08:01 17827127                   /home/vasanth/android-studio/gradle/gradle-2.2.1/lib/plugins/gradle-jetty-2.2.1.jar
7f0ad800b000-7f0ad8010000 r--s 00041000 08:01 17827188                   /home/vasanth/android-studio/gradle/gradle-2.2.1/lib/plugins/gradle-code-quality-2.2.1.jar
7f0ad8010000-7f0ad8012000 r--s 00009000 08:01 17827142                   /home/vasanth/android-studio/gradle/gradle-2.2.1/lib/plugins/hamcrest-core-1.3.jar
7f0ad8012000-7f0ad8018000 r--s 00033000 08:01 17827149                   /home/vasanth/android-studio/gradle/gradle-2.2.1/lib/plugins/snakeyaml-1.6.jar
7f0ad8018000-7f0ad801a000 r--s 00006000 08:01 17827135                   /home/vasanth/android-studio/gradle/gradle-2.2.1/lib/plugins/jcommander-1.12.jar
7f0ad801a000-7f0ad801f000 r--s 00040000 08:01 17827137                   /home/vasanth/android-studio/gradle/gradle-2.2.1/lib/plugins/bsh-2.0b4.jar
7f0ad801f000-7f0ad8021000 r--s 00009000 08:01 17827140                   /home/vasanth/android-studio/gradle/gradle-2.2.1/lib/plugins/commons-cli-1.2.jar
7f0ad8021000-7f0ad802a000 r--s 00089000 08:01 17827095                   /home/vasanth/android-studio/gradle/gradle-2.2.1/lib/plugins/testng-6.3.1.jar
7f0ad802a000-7f0ad8030000 r--s 00036000 08:01 17827183                   /home/vasanth/android-studio/gradle/gradle-2.2.1/lib/plugins/junit-4.11.jar
7f0ad8030000-7f0ad803c000 r--s 00075000 08:01 17827173                   /home/vasanth/android-studio/gradle/gradle-2.2.1/lib/plugins/gradle-plugins-2.2.1.jar
7f0ad803c000-7f0ad803f000 r--s 00011000 08:01 17827161                   /home/vasanth/android-studio/gradle/gradle-2.2.1/lib/plugins/gradle-plugin-use-2.2.1.jar
7f0ad803f000-7f0ad8057000 r--s 00115000 08:01 17827196                   /home/vasanth/android-studio/gradle/gradle-2.2.1/lib/plugins/xercesImpl-2.9.1.jar
7f0ad8057000-7f0ad805f000 r--s 00028000 08:01 17827144                   /home/vasanth/android-studio/gradle/gradle-2.2.1/lib/plugins/xml-apis-1.3.04.jar
7f0ad805f000-7f0ad8065000 r--s 0005b000 08:01 17827111                   /home/vasanth/android-studio/gradle/gradle-2.2.1/lib/plugins/jcifs-1.3.17.jar
7f0ad8065000-7f0ad806b000 r--s 00031000 08:01 17827179                   /home/vasanth/android-studio/gradle/gradle-2.2.1/lib/plugins/httpcore-4.2.2.jar
7f0ad806b000-7f0ad8071000 r--s 00033000 08:01 17827098                   /home/vasanth/android-studio/gradle/gradle-2.2.1/lib/plugins/commons-codec-1.6.jar
7f0ad8071000-7f0ad8074000 r--s 0001c000 08:01 17827182                   /home/vasanth/android-studio/gradle/gradle-2.2.1/lib/plugins/nekohtml-1.9.14.jar
7f0ad8074000-7f0ad807d000 r--s 00060000 08:01 17827120                   /home/vasanth/android-studio/gradle/gradle-2.2.1/lib/plugins/httpclient-4.2.2.jar
7f0ad807d000-7f0ad807f000 r--s 00007000 08:01 17827162                   /home/vasanth/android-studio/gradle/gradle-2.2.1/lib/plugins/gradle-resources-http-2.2.1.jar
7f0ad807f000-7f0ad80a7000 r--s 00194000 08:01 17827184                   /home/vasanth/android-studio/gradle/gradle-2.2.1/lib/plugins/bcprov-jdk15-1.46.jar
7f0ad80a7000-7f0ad80ab000 r--s 0001d000 08:01 17827117                   /home/vasanth/android-studio/gradle/gradle-2.2.1/lib/plugins/xbean-reflect-3.4.jar
7f0ad80ab000-7f0ad80b0000 r--s 0002a000 08:01 17827192                   /home/vasanth/android-studio/gradle/gradle-2.2.1/lib/plugins/gson-2.2.4.jar
7f0ad80b0000-7f0ad80b4000 r--s 0003d000 08:01 17827108                   /home/vasanth/android-studio/gradle/gradle-2.2.1/lib/plugins/jsch-0.1.51.jar
7f0ad80b4000-7f0ad80cd000 r--s 00129000 08:01 17827116                   /home/vasanth/android-studio/gradle/gradle-2.2.1/lib/plugins/maven-ant-tasks-2.1.3.jar
7f0ad80cd000-7f0ad80dc000 r--s 000d9000 08:01 17827189                   /home/vasanth/android-studio/gradle/gradle-2.2.1/lib/plugins/ivy-2.2.0.jar
7f0ad80dc000-7f0ad80e0000 r--s 0001e000 08:01 17827158                   /home/vasanth/android-studio/gradle/gradle-2.2.1/lib/plugins/jarjar-aether-impl-1.13.1.jar
7f0ad80e0000-7f0ad80e3000 r--s 00027000 08:01 17827118                   /home/vasanth/android-studio/gradle/gradle-2.2.1/lib/plugins/jarjar-maven-model-3.0.4.jar
7f0ad80e3000-7f0ad80e6000 r--s 0000b000 08:01 17827186                   /home/vasanth/android-studio/gradle/gradle-2.2.1/lib/plugins/jarjar-maven-artifact-3.0.4.jar
7f0ad80e6000-7f0ad80ea000 r--s 0001e000 08:01 17827115                   /home/vasanth/android-studio/gradle/gradle-2.2.1/lib/plugins/jarjar-aether-util-1.13.1.jar
7f0ad80ea000-7f0ad80ec000 r--s 00007000 08:01 17827122                   /home/vasanth/android-studio/gradle/gradle-2.2.1/lib/plugins/jarjar-wagon-http-shared4-2.4.jar
7f0ad80ec000-7f0ad80f9000 r--s 00083000 08:01 17827167                   /home/vasanth/android-studio/gradle/gradle-2.2.1/lib/plugins/jarjar-maven-core-3.0.4.jar
7f0ad80f9000-7f0ad80fb000 r--s 00003000 08:01 17827148                   /home/vasanth/android-studio/gradle/gradle-2.2.1/lib/plugins/jarjar-aether-spi-1.13.1.jar
7f0ad80fb000-7f0ad80fd000 r--s 00009000 08:01 17827104                   /home/vasanth/android-studio/gradle/gradle-2.2.1/lib/plugins/jarjar-maven-settings-builder-3.0.4.jar
7f0ad80fd000-7f0ad8101000 r--s 00014000 08:01 17827200                   /home/vasanth/android-studio/gradle/gradle-2.2.1/lib/plugins/jarjar-aether-api-1.13.1.jar
7f0ad8101000-7f0ad8102000 r--s 00002000 08:01 17827130                   /home/vasanth/android-studio/gradle/gradle-2.2.1/lib/plugins/jarjar-wagon-http-2.4.jar
7f0ad8102000-7f0ad8109000 r--s 00042000 08:01 17827119                   /home/vasanth/android-studio/gradle/gradle-2.2.1/lib/plugins/jarjar-maven-compat-3.0.4.jar
7f0ad8109000-7f0ad810b000 r--s 00006000 08:01 17827164                   /home/vasanth/android-studio/gradle/gradle-2.2.1/lib/plugins/jarjar-aether-connector-wagon-1.13.1.jar
7f0ad810b000-7f0ad810d000 r--s 00000000 08:01 17827136                   /home/vasanth/android-studio/gradle/gradle-2.2.1/lib/plugins/jarjar-plexus-component-annotations-1.5.5.jar
7f0ad810d000-7f0ad810f000 r--s 00006000 08:01 17827175                   /home/vasanth/android-studio/gradle/gradle-2.2.1/lib/plugins/jarjar-plexus-sec-dispatcher-1.3.jar
7f0ad810f000-7f0ad8114000 r--s 00022000 08:01 17827180                   /home/vasanth/android-studio/gradle/gradle-2.2.1/lib/plugins/jarjar-maven-model-builder-3.0.4.jar
7f0ad8114000-7f0ad8116000 r--s 0000b000 08:01 17827145                   /home/vasanth/android-studio/gradle/gradle-2.2.1/lib/plugins/jarjar-maven-plugin-api-3.0.4.jar
7f0ad8116000-7f0ad8119000 r--s 0000a000 08:01 17827100                   /home/vasanth/android-studio/gradle/gradle-2.2.1/lib/plugins/jarjar-plexus-classworlds-2.4.jar
7f0ad8119000-7f0ad811d000 r--s 00035000 08:01 17827190                   /home/vasanth/android-studio/gradle/gradle-2.2.1/lib/plugins/jarjar-plexus-utils-2.0.6.jar
7f0ad811d000-7f0ad811f000 r--s 0000e000 08:01 17827123                   /home/vasanth/android-studio/gradle/gradle-2.2.1/lib/plugins/jarjar-plexus-interpolation-1.14.jar
7f0ad811f000-7f0ad8121000 r--s 00002000 08:01 17827153                   /home/vasanth/android-studio/gradle/gradle-2.2.1/lib/plugins/jarjar-plexus-cipher-1.7.jar
7f0ad8121000-7f0ad8123000 r--s 0000c000 08:01 17827166                   /home/vasanth/android-studio/gradle/gradle-2.2.1/lib/plugins/jarjar-wagon-provider-api-2.4.jar
7f0ad8123000-7f0ad812b000 r--s 00031000 08:01 17827124                   /home/vasanth/android-studio/gradle/gradle-2.2.1/lib/plugins/jarjar-plexus-container-default-1.5.5.jar
7f0ad812b000-7f0ad815c000 rw-p 00000000 00:00 0 
7f0ad815c000-7f0ad8262000 r-xp 00000000 08:01 4218194                    /lib/x86_64-linux-gnu/libglib-2.0.so.0.4002.0
7f0ad8262000-7f0ad8461000 ---p 00106000 08:01 4218194                    /lib/x86_64-linux-gnu/libglib-2.0.so.0.4002.0
7f0ad8461000-7f0ad8462000 r--p 00105000 08:01 4218194                    /lib/x86_64-linux-gnu/libglib-2.0.so.0.4002.0
7f0ad8462000-7f0ad8463000 rw-p 00106000 08:01 4218194                    /lib/x86_64-linux-gnu/libglib-2.0.so.0.4002.0
7f0ad8463000-7f0ad8464000 rw-p 00000000 00:00 0 
7f0ad8464000-7f0ad84b3000 r-xp 00000000 08:01 15729022                   /usr/lib/x86_64-linux-gnu/libgobject-2.0.so.0.4002.0
7f0ad84b3000-7f0ad86b3000 ---p 0004f000 08:01 15729022                   /usr/lib/x86_64-linux-gnu/libgobject-2.0.so.0.4002.0
7f0ad86b3000-7f0ad86b4000 r--p 0004f000 08:01 15729022                   /usr/lib/x86_64-linux-gnu/libgobject-2.0.so.0.4002.0
7f0ad86b4000-7f0ad86b5000 rw-p 00050000 08:01 15729022                   /usr/lib/x86_64-linux-gnu/libgobject-2.0.so.0.4002.0
7f0ad86b5000-7f0ad8821000 r-xp 00000000 08:01 15729026                   /usr/lib/x86_64-linux-gnu/libgio-2.0.so.0.4002.0
7f0ad8821000-7f0ad8a20000 ---p 0016c000 08:01 15729026                   /usr/lib/x86_64-linux-gnu/libgio-2.0.so.0.4002.0
7f0ad8a20000-7f0ad8a24000 r--p 0016b000 08:01 15729026                   /usr/lib/x86_64-linux-gnu/libgio-2.0.so.0.4002.0
7f0ad8a24000-7f0ad8a26000 rw-p 0016f000 08:01 15729026                   /usr/lib/x86_64-linux-gnu/libgio-2.0.so.0.4002.0
7f0ad8a26000-7f0ad8a28000 rw-p 00000000 00:00 0 
7f0ad8a28000-7f0ad8a2a000 r--s 0000d000 08:01 17827172                   /home/vasanth/android-studio/gradle/gradle-2.2.1/lib/plugins/jarjar-maven-aether-provider-3.0.4.jar
7f0ad8a2a000-7f0ad8a2b000 r--s 00007000 08:01 17827147                   /home/vasanth/android-studio/gradle/gradle-2.2.1/lib/plugins/jarjar-maven-repository-metadata-3.0.4.jar
7f0ad8a2b000-7f0ad8a2c000 r--s 0000b000 08:01 17827185                   /home/vasanth/android-studio/gradle/gradle-2.2.1/lib/plugins/jarjar-maven-settings-3.0.4.jar
7f0ad8a2c000-7f0ad8a44000 r--s 000b5000 08:01 17827155                   /home/vasanth/android-studio/gradle/gradle-2.2.1/lib/plugins/gradle-dependency-management-2.2.1.jar
7f0ad8a44000-7f0ad8a5b000 r-xp 00000000 08:01 16387149                   /usr/lib/jvm/java-7-openjdk-amd64/jre/lib/amd64/libnet.so
7f0ad8a5b000-7f0ad8c5a000 ---p 00017000 08:01 16387149                   /usr/lib/jvm/java-7-openjdk-amd64/jre/lib/amd64/libnet.so
7f0ad8c5a000-7f0ad8c5b000 r--p 00016000 08:01 16387149                   /usr/lib/jvm/java-7-openjdk-amd64/jre/lib/amd64/libnet.so
7f0ad8c5b000-7f0ad8c5c000 rw-p 00017000 08:01 16387149                   /usr/lib/jvm/java-7-openjdk-amd64/jre/lib/amd64/libnet.so
7f0ad8c5c000-7f0ad8c5d000 r--s 00005000 08:01 17698492                   /home/vasanth/android-studio/gradle/gradle-2.2.1/lib/gradle-wrapper-2.2.1.jar
7f0ad8c5d000-7f0ad8c66000 r--s 0002c000 08:01 17698476                   /home/vasanth/android-studio/gradle/gradle-2.2.1/lib/gradle-tooling-api-2.2.1.jar
7f0ad8c66000-7f0ad8c68000 r--s 00002000 08:01 17698468                   /home/vasanth/android-studio/gradle/gradle-2.2.1/lib/gradle-open-api-2.2.1.jar
7f0ad8c68000-7f0ad8c6e000 r--s 00032000 08:01 17698487                   /home/vasanth/android-studio/gradle/gradle-2.2.1/lib/jaxen-1.1.jar
7f0ad8c6e000-7f0ad8c73000 r--s 00048000 08:01 17698453                   /home/vasanth/android-studio/gradle/gradle-2.2.1/lib/dom4j-1.6.1.jar
7f0ad8c73000-7f0ad8c7e000 r--s 00059000 08:01 17698477                   /home/vasanth/android-studio/gradle/gradle-2.2.1/lib/gradle-ui-2.2.1.jar
7f0ad8c7e000-7f0ad8c80000 r--s 00006000 08:01 17698488                   /home/vasanth/android-studio/gradle/gradle-2.2.1/lib/gradle-resources-2.2.1.jar
7f0ad8c80000-7f0ad8c82000 r--s 00007000 08:01 17698479                   /home/vasanth/android-studio/gradle/gradle-2.2.1/lib/objenesis-1.2.jar
7f0ad8c82000-7f0ad8c84000 r--s 00000000 08:01 17698445                   /home/vasanth/android-studio/gradle/gradle-2.2.1/lib/minlog-1.2.jar
7f0ad8c84000-7f0ad8c86000 r--s 0000f000 08:01 17698460                   /home/vasanth/android-studio/gradle/gradle-2.2.1/lib/reflectasm-1.07-shaded.jar
7f0ad8c86000-7f0ad8c8a000 r--s 00026000 08:01 17698459                   /home/vasanth/android-studio/gradle/gradle-2.2.1/lib/kryo-2.20.jar
7f0ad8c8a000-7f0ad8c93000 r--s 00039000 08:01 17698451                   /home/vasanth/android-studio/gradle/gradle-2.2.1/lib/gradle-messaging-2.2.1.jar
7f0ad8c93000-7f0ad8c94000 r--s 00003000 08:01 17698485                   /home/vasanth/android-studio/gradle/gradle-2.2.1/lib/native-platform-freebsd-amd64-0.10.jar
7f0ad8c94000-7f0ad8c95000 r--s 00003000 08:01 17698486                   /home/vasanth/android-studio/gradle/gradle-2.2.1/lib/native-platform-freebsd-i386-0.10.jar
7f0ad8c95000-7f0ad8c96000 r--s 00005000 08:01 17698443                   /home/vasanth/android-studio/gradle/gradle-2.2.1/lib/native-platform-windows-i386-0.10.jar
7f0ad8c96000-7f0ad8c97000 r--s 00005000 08:01 17698458                   /home/vasanth/android-studio/gradle/gradle-2.2.1/lib/native-platform-windows-amd64-0.10.jar
7f0ad8c97000-7f0ad8c98000 r--s 00003000 08:01 17698481                   /home/vasanth/android-studio/gradle/gradle-2.2.1/lib/native-platform-linux-i386-0.10.jar
7f0ad8c98000-7f0ad8c99000 r--s 00003000 08:01 17698472                   /home/vasanth/android-studio/gradle/gradle-2.2.1/lib/native-platform-linux-amd64-0.10.jar
7f0ad8c99000-7f0ad8c9a000 r--s 00002000 08:01 17698482                   /home/vasanth/android-studio/gradle/gradle-2.2.1/lib/native-platform-osx-amd64-0.10.jar
7f0ad8c9a000-7f0ad8c9b000 r--s 00002000 08:01 17698475                   /home/vasanth/android-studio/gradle/gradle-2.2.1/lib/native-platform-osx-i386-0.10.jar
7f0ad8c9b000-7f0ad8c9d000 r--s 00008000 08:01 17698442                   /home/vasanth/android-studio/gradle/gradle-2.2.1/lib/jansi-1.2.1.jar
7f0ad8c9d000-7f0ad8ca0000 r--s 0000d000 08:01 17698470                   /home/vasanth/android-studio/gradle/gradle-2.2.1/lib/native-platform-0.10.jar
7f0ad8ca0000-7f0ad8ca4000 r--s 000e4000 08:01 17698490                   /home/vasanth/android-studio/gradle/gradle-2.2.1/lib/jna-3.2.7.jar
7f0ad8ca4000-7f0ad8ca6000 r--s 00008000 08:01 17698463                   /home/vasanth/android-studio/gradle/gradle-2.2.1/lib/gradle-native-2.2.1.jar
7f0ad8ca6000-7f0ad8ca8000 r--s 00005000 08:01 17698461                   /home/vasanth/android-studio/gradle/gradle-2.2.1/lib/gradle-cli-2.2.1.jar
7f0ad8ca8000-7f0ad8caa000 r--s 00003000 08:01 17698462                   /home/vasanth/android-studio/gradle/gradle-2.2.1/lib/gradle-base-services-groovy-2.2.1.jar
7f0ad8caa000-7f0ad8cac000 r--s 0000a000 08:01 17698474                   /home/vasanth/android-studio/gradle/gradle-2.2.1/lib/gradle-model-groovy-2.2.1.jar
7f0ad8cac000-7f0ad8cb0000 r--s 0001b000 08:01 17698440                   /home/vasanth/android-studio/gradle/gradle-2.2.1/lib/gradle-model-core-2.2.1.jar
7f0ad8cb0000-7f0ad8cb1000 r--s 00000000 08:01 17698447                   /home/vasanth/android-studio/gradle/gradle-2.2.1/lib/gradle-docs-2.2.1.jar
7f0ad8cb1000-7f0ad8cb3000 r--s 00003000 08:01 17698478                   /home/vasanth/android-studio/gradle/gradle-2.2.1/lib/jcl-over-slf4j-1.7.7.jar
7f0ad8cb3000-7f0ad8cb6000 r--s 0001b000 08:01 17698466                   /home/vasanth/android-studio/gradle/gradle-2.2.1/lib/jarjar-1.3.jar
7f0ad8cb6000-7f0ad8cbc000 r--s 0003b000 08:01 17698484                   /home/vasanth/android-studio/gradle/gradle-2.2.1/lib/logback-classic-1.0.13.jar
7f0ad8cbc000-7f0ad8cc6000 r--s 0005d000 08:01 17698449                   /home/vasanth/android-studio/gradle/gradle-2.2.1/lib/logback-core-1.0.13.jar
7f0ad8cc6000-7f0ad8cd4000 r--s 0007f000 08:01 17698450                   /home/vasanth/android-studio/gradle/gradle-2.2.1/lib/commons-collections-3.2.1.jar
7f0ad8cd4000-7f0ad8d3f000 r--s 00685000 08:01 17698444                   /home/vasanth/android-studio/gradle/gradle-2.2.1/lib/groovy-all-2.3.6.jar
7f0ad8d3f000-7f0ad8d67000 r--s 001cf000 08:01 17698465                   /home/vasanth/android-studio/gradle/gradle-2.2.1/lib/guava-jdk5-17.0.jar
7f0ad8d67000-7f0ad8d86000 r--s 001cc000 08:01 17698491                   /home/vasanth/android-studio/gradle/gradle-2.2.1/lib/ant-1.9.3.jar
7f0ad8d86000-7f0ad8db7000 r--s 00191000 08:01 17698439                   /home/vasanth/android-studio/gradle/gradle-2.2.1/lib/gradle-core-2.2.1.jar
7f0ad8db7000-7f0ad8db8000 ---p 00000000 00:00 0 
7f0ad8db8000-7f0ad8eb8000 rw-p 00000000 00:00 0                          [stack:15682]
7f0ad8eb8000-7f0ad8ebb000 ---p 00000000 00:00 0 
7f0ad8ebb000-7f0ad8fb9000 rw-p 00000000 00:00 0                          [stack:15681]
7f0ad8fb9000-7f0ad8fbc000 ---p 00000000 00:00 0 
7f0ad8fbc000-7f0ad90ba000 rw-p 00000000 00:00 0                          [stack:15680]
7f0ad90ba000-7f0ad90bd000 ---p 00000000 00:00 0 
7f0ad90bd000-7f0ad91bb000 rw-p 00000000 00:00 0                          [stack:15679]
7f0ad91bb000-7f0ad91be000 ---p 00000000 00:00 0 
7f0ad91be000-7f0ad92bc000 rw-p 00000000 00:00 0                          [stack:15678]
7f0ad92bc000-7f0ad999e000 r--p 00000000 08:01 15735379                   /usr/lib/locale/locale-archive
7f0ad999e000-7f0ad99a1000 ---p 00000000 00:00 0 
7f0ad99a1000-7f0ad9a9f000 rw-p 00000000 00:00 0                          [stack:15677]
7f0ad9a9f000-7f0ad9aa2000 ---p 00000000 00:00 0 
7f0ad9aa2000-7f0ad9ba0000 rw-p 00000000 00:00 0                          [stack:15676]
7f0ad9ba0000-7f0ad9ba1000 ---p 00000000 00:00 0 
7f0ad9ba1000-7f0adac7d000 rw-p 00000000 00:00 0                          [stack:15675]
7f0adac7d000-7f0adae2f000 r--s 01d23000 08:01 16387119                   /usr/lib/jvm/java-7-openjdk-amd64/jre/lib/rt.jar
7f0adae2f000-7f0adc000000 rw-p 00000000 00:00 0 
7f0adc000000-7f0adc254000 rw-p 00000000 00:00 0 
7f0adc254000-7f0ae0000000 ---p 00000000 00:00 0 
7f0ae0000000-7f0ae0001000 r--s 00005000 08:01 17698464                   /home/vasanth/android-studio/gradle/gradle-2.2.1/lib/log4j-over-slf4j-1.7.7.jar
7f0ae0001000-7f0ae0002000 r--s 00000000 08:01 17698457                   /home/vasanth/android-studio/gradle/gradle-2.2.1/lib/javax.inject-1.jar
7f0ae0002000-7f0ae0004000 r--s 00000000 08:01 17698480                   /home/vasanth/android-studio/gradle/gradle-2.2.1/lib/jul-to-slf4j-1.7.7.jar
7f0ae0004000-7f0ae0009000 r--s 00041000 08:01 17698454                   /home/vasanth/android-studio/gradle/gradle-2.2.1/lib/commons-lang-2.6.jar
7f0ae0009000-7f0ae000e000 r--s 00036000 08:01 17698456                   /home/vasanth/android-studio/gradle/gradle-2.2.1/lib/asm-all-5.0.3.jar
7f0ae000e000-7f0ae0036000 rw-p 00000000 00:00 0 
7f0ae0036000-7f0ae0037000 ---p 00000000 00:00 0 
7f0ae0037000-7f0ae0137000 rw-p 00000000 00:00 0                          [stack:15674]
7f0ae0137000-7f0ae0138000 ---p 00000000 00:00 0 
7f0ae0138000-7f0ae0238000 rw-p 00000000 00:00 0                          [stack:15673]
7f0ae0238000-7f0ae0239000 ---p 00000000 00:00 0 
7f0ae0239000-7f0ae0339000 rw-p 00000000 00:00 0                          [stack:15672]
7f0ae0339000-7f0ae033a000 ---p 00000000 00:00 0 
7f0ae033a000-7f0ae044b000 rw-p 00000000 00:00 0                          [stack:15671]
7f0ae044b000-7f0ae04ba000 rw-p 00000000 00:00 0 
7f0ae04ba000-7f0ae04cb000 rw-p 00000000 00:00 0 
7f0ae04cb000-7f0ae053a000 rw-p 00000000 00:00 0 
7f0ae053a000-7f0ae0577000 rw-p 00000000 00:00 0 
7f0ae0577000-7f0ae058f000 rw-p 00000000 00:00 0 
7f0ae058f000-7f0ae05ba000 rw-p 00000000 00:00 0 
7f0ae05ba000-7f0ae05bb000 rw-p 00000000 00:00 0 
7f0ae05bb000-7f0ae08db000 rwxp 00000000 00:00 0 
7f0ae08db000-7f0ae35bb000 rw-p 00000000 00:00 0 
7f0ae35bb000-7f0ae35c3000 r-xp 00000000 08:01 16387171                   /usr/lib/jvm/java-7-openjdk-amd64/jre/lib/amd64/libzip.so
7f0ae35c3000-7f0ae37c2000 ---p 00008000 08:01 16387171                   /usr/lib/jvm/java-7-openjdk-amd64/jre/lib/amd64/libzip.so
7f0ae37c2000-7f0ae37c3000 r--p 00007000 08:01 16387171                   /usr/lib/jvm/java-7-openjdk-amd64/jre/lib/amd64/libzip.so
7f0ae37c3000-7f0ae37c4000 rw-p 00008000 08:01 16387171                   /usr/lib/jvm/java-7-openjdk-amd64/jre/lib/amd64/libzip.so
7f0ae37c4000-7f0ae37cf000 r-xp 00000000 08:01 4196934                    /lib/x86_64-linux-gnu/libnss_files-2.19.so
7f0ae37cf000-7f0ae39ce000 ---p 0000b000 08:01 4196934                    /lib/x86_64-linux-gnu/libnss_files-2.19.so
7f0ae39ce000-7f0ae39cf000 r--p 0000a000 08:01 4196934                    /lib/x86_64-linux-gnu/libnss_files-2.19.so
7f0ae39cf000-7f0ae39d0000 rw-p 0000b000 08:01 4196934                    /lib/x86_64-linux-gnu/libnss_files-2.19.so
7f0ae39d0000-7f0ae39db000 r-xp 00000000 08:01 4196968                    /lib/x86_64-linux-gnu/libnss_nis-2.19.so
7f0ae39db000-7f0ae3bda000 ---p 0000b000 08:01 4196968                    /lib/x86_64-linux-gnu/libnss_nis-2.19.so
7f0ae3bda000-7f0ae3bdb000 r--p 0000a000 08:01 4196968                    /lib/x86_64-linux-gnu/libnss_nis-2.19.so
7f0ae3bdb000-7f0ae3bdc000 rw-p 0000b000 08:01 4196968                    /lib/x86_64-linux-gnu/libnss_nis-2.19.so
7f0ae3bdc000-7f0ae3bf3000 r-xp 00000000 08:01 4196957                    /lib/x86_64-linux-gnu/libnsl-2.19.so
7f0ae3bf3000-7f0ae3df2000 ---p 00017000 08:01 4196957                    /lib/x86_64-linux-gnu/libnsl-2.19.so
7f0ae3df2000-7f0ae3df3000 r--p 00016000 08:01 4196957                    /lib/x86_64-linux-gnu/libnsl-2.19.so
7f0ae3df3000-7f0ae3df4000 rw-p 00017000 08:01 4196957                    /lib/x86_64-linux-gnu/libnsl-2.19.so
7f0ae3df4000-7f0ae3df6000 rw-p 00000000 00:00 0 
7f0ae3df6000-7f0ae3dff000 r-xp 00000000 08:01 4196956                    /lib/x86_64-linux-gnu/libnss_compat-2.19.so
7f0ae3dff000-7f0ae3ffe000 ---p 00009000 08:01 4196956                    /lib/x86_64-linux-gnu/libnss_compat-2.19.so
7f0ae3ffe000-7f0ae3fff000 r--p 00008000 08:01 4196956                    /lib/x86_64-linux-gnu/libnss_compat-2.19.so
7f0ae3fff000-7f0ae4000000 rw-p 00009000 08:01 4196956                    /lib/x86_64-linux-gnu/libnss_compat-2.19.so
7f0ae4000000-7f0ae4a53000 rw-p 00000000 00:00 0 
7f0ae4a53000-7f0ae8000000 ---p 00000000 00:00 0 
7f0ae8000000-7f0ae8003000 r--s 00018000 08:01 17698483                   /home/vasanth/android-studio/gradle/gradle-2.2.1/lib/commons-io-1.4.jar
7f0ae8003000-7f0ae8005000 r--s 00006000 08:01 17698455                   /home/vasanth/android-studio/gradle/gradle-2.2.1/lib/slf4j-api-1.7.7.jar
7f0ae8005000-7f0ae8063000 rw-p 00000000 00:00 0 
7f0ae8063000-7f0ae807c000 rw-p 00000000 00:00 0 
7f0ae807c000-7f0ae80a7000 r-xp 00000000 08:01 16387158                   /usr/lib/jvm/java-7-openjdk-amd64/jre/lib/amd64/libjava.so
7f0ae80a7000-7f0ae82a7000 ---p 0002b000 08:01 16387158                   /usr/lib/jvm/java-7-openjdk-amd64/jre/lib/amd64/libjava.so
7f0ae82a7000-7f0ae82a8000 r--p 0002b000 08:01 16387158                   /usr/lib/jvm/java-7-openjdk-amd64/jre/lib/amd64/libjava.so
7f0ae82a8000-7f0ae82aa000 rw-p 0002c000 08:01 16387158                   /usr/lib/jvm/java-7-openjdk-amd64/jre/lib/amd64/libjava.so
7f0ae82aa000-7f0ae82ba000 r-xp 00000000 08:01 16387157                   /usr/lib/jvm/java-7-openjdk-amd64/jre/lib/amd64/libverify.so
7f0ae82ba000-7f0ae84b9000 ---p 00010000 08:01 16387157                   /usr/lib/jvm/java-7-openjdk-amd64/jre/lib/amd64/libverify.so
7f0ae84b9000-7f0ae84bb000 r--p 0000f000 08:01 16387157                   /usr/lib/jvm/java-7-openjdk-amd64/jre/lib/amd64/libverify.so
7f0ae84bb000-7f0ae84bc000 rw-p 00011000 08:01 16387157                   /usr/lib/jvm/java-7-openjdk-amd64/jre/lib/amd64/libverify.so
7f0ae84bc000-7f0ae84c3000 r-xp 00000000 08:01 4196965                    /lib/x86_64-linux-gnu/librt-2.19.so
7f0ae84c3000-7f0ae86c2000 ---p 00007000 08:01 4196965                    /lib/x86_64-linux-gnu/librt-2.19.so
7f0ae86c2000-7f0ae86c3000 r--p 00006000 08:01 4196965                    /lib/x86_64-linux-gnu/librt-2.19.so
7f0ae86c3000-7f0ae86c4000 rw-p 00007000 08:01 4196965                    /lib/x86_64-linux-gnu/librt-2.19.so
7f0ae86c4000-7f0ae86da000 r-xp 00000000 08:01 4194330                    /lib/x86_64-linux-gnu/libgcc_s.so.1
7f0ae86da000-7f0ae88d9000 ---p 00016000 08:01 4194330                    /lib/x86_64-linux-gnu/libgcc_s.so.1
7f0ae88d9000-7f0ae88da000 rw-p 00015000 08:01 4194330                    /lib/x86_64-linux-gnu/libgcc_s.so.1
7f0ae88da000-7f0ae89df000 r-xp 00000000 08:01 4196933                    /lib/x86_64-linux-gnu/libm-2.19.so
7f0ae89df000-7f0ae8bde000 ---p 00105000 08:01 4196933                    /lib/x86_64-linux-gnu/libm-2.19.so
7f0ae8bde000-7f0ae8bdf000 r--p 00104000 08:01 4196933                    /lib/x86_64-linux-gnu/libm-2.19.so
7f0ae8bdf000-7f0ae8be0000 rw-p 00105000 08:01 4196933                    /lib/x86_64-linux-gnu/libm-2.19.so
7f0ae8be0000-7f0ae8cc6000 r-xp 00000000 08:01 15737244                   /usr/lib/x86_64-linux-gnu/libstdc++.so.6.0.19
7f0ae8cc6000-7f0ae8ec5000 ---p 000e6000 08:01 15737244                   /usr/lib/x86_64-linux-gnu/libstdc++.so.6.0.19
7f0ae8ec5000-7f0ae8ecd000 r--p 000e5000 08:01 15737244                   /usr/lib/x86_64-linux-gnu/libstdc++.so.6.0.19
7f0ae8ecd000-7f0ae8ecf000 rw-p 000ed000 08:01 15737244                   /usr/lib/x86_64-linux-gnu/libstdc++.so.6.0.19
7f0ae8ecf000-7f0ae8ee4000 rw-p 00000000 00:00 0 
7f0ae8ee4000-7f0ae99fc000 r-xp 00000000 08:01 16516415                   /usr/lib/jvm/java-7-openjdk-amd64/jre/lib/amd64/server/libjvm.so
7f0ae99fc000-7f0ae9bfc000 ---p 00b18000 08:01 16516415                   /usr/lib/jvm/java-7-openjdk-amd64/jre/lib/amd64/server/libjvm.so
7f0ae9bfc000-7f0ae9c96000 r--p 00b18000 08:01 16516415                   /usr/lib/jvm/java-7-openjdk-amd64/jre/lib/amd64/server/libjvm.so
7f0ae9c96000-7f0ae9cb9000 rw-p 00bb2000 08:01 16516415                   /usr/lib/jvm/java-7-openjdk-amd64/jre/lib/amd64/server/libjvm.so
7f0ae9cb9000-7f0ae9ce7000 rw-p 00000000 00:00 0 
7f0ae9ce7000-7f0ae9cff000 r-xp 00000000 08:01 4198406                    /lib/x86_64-linux-gnu/libz.so.1.2.8
7f0ae9cff000-7f0ae9efe000 ---p 00018000 08:01 4198406                    /lib/x86_64-linux-gnu/libz.so.1.2.8
7f0ae9efe000-7f0ae9eff000 r--p 00017000 08:01 4198406                    /lib/x86_64-linux-gnu/libz.so.1.2.8
7f0ae9eff000-7f0ae9f00000 rw-p 00018000 08:01 4198406                    /lib/x86_64-linux-gnu/libz.so.1.2.8
7f0ae9f00000-7f0ae9f19000 r-xp 00000000 08:01 4196963                    /lib/x86_64-linux-gnu/libpthread-2.19.so
7f0ae9f19000-7f0aea118000 ---p 00019000 08:01 4196963                    /lib/x86_64-linux-gnu/libpthread-2.19.so
7f0aea118000-7f0aea119000 r--p 00018000 08:01 4196963                    /lib/x86_64-linux-gnu/libpthread-2.19.so
7f0aea119000-7f0aea11a000 rw-p 00019000 08:01 4196963                    /lib/x86_64-linux-gnu/libpthread-2.19.so
7f0aea11a000-7f0aea11e000 rw-p 00000000 00:00 0 
7f0aea11e000-7f0aea121000 r-xp 00000000 08:01 4196950                    /lib/x86_64-linux-gnu/libdl-2.19.so
7f0aea121000-7f0aea320000 ---p 00003000 08:01 4196950                    /lib/x86_64-linux-gnu/libdl-2.19.so
7f0aea320000-7f0aea321000 r--p 00002000 08:01 4196950                    /lib/x86_64-linux-gnu/libdl-2.19.so
7f0aea321000-7f0aea322000 rw-p 00003000 08:01 4196950                    /lib/x86_64-linux-gnu/libdl-2.19.so
7f0aea322000-7f0aea4dd000 r-xp 00000000 08:01 4196962                    /lib/x86_64-linux-gnu/libc-2.19.so
7f0aea4dd000-7f0aea6dc000 ---p 001bb000 08:01 4196962                    /lib/x86_64-linux-gnu/libc-2.19.so
7f0aea6dc000-7f0aea6e0000 r--p 001ba000 08:01 4196962                    /lib/x86_64-linux-gnu/libc-2.19.so
7f0aea6e0000-7f0aea6e2000 rw-p 001be000 08:01 4196962                    /lib/x86_64-linux-gnu/libc-2.19.so
7f0aea6e2000-7f0aea6e7000 rw-p 00000000 00:00 0 
7f0aea6e7000-7f0aea6f4000 r-xp 00000000 08:01 16515965                   /usr/lib/jvm/java-7-openjdk-amd64/jre/lib/amd64/jli/libjli.so
7f0aea6f4000-7f0aea8f3000 ---p 0000d000 08:01 16515965                   /usr/lib/jvm/java-7-openjdk-amd64/jre/lib/amd64/jli/libjli.so
7f0aea8f3000-7f0aea8f4000 r--p 0000c000 08:01 16515965                   /usr/lib/jvm/java-7-openjdk-amd64/jre/lib/amd64/jli/libjli.so
7f0aea8f4000-7f0aea8f5000 rw-p 0000d000 08:01 16515965                   /usr/lib/jvm/java-7-openjdk-amd64/jre/lib/amd64/jli/libjli.so
7f0aea8f5000-7f0aea918000 r-xp 00000000 08:01 4196959                    /lib/x86_64-linux-gnu/ld-2.19.so
7f0aea918000-7f0aea919000 r--s 00000000 08:01 17698441                   /home/vasanth/android-studio/gradle/gradle-2.2.1/lib/jcip-annotations-1.0.jar
7f0aea919000-7f0aea91a000 r--s 00004000 08:01 17698446                   /home/vasanth/android-studio/gradle/gradle-2.2.1/lib/ant-launcher-1.9.3.jar
7f0aea91a000-7f0aea920000 r--s 00026000 08:01 17698448                   /home/vasanth/android-studio/gradle/gradle-2.2.1/lib/gradle-base-services-2.2.1.jar
7f0aea920000-7f0aea928000 r--s 0003c000 08:01 17698489                   /home/vasanth/android-studio/gradle/gradle-2.2.1/lib/gradle-launcher-2.2.1.jar
7f0aea928000-7f0aea92a000 r--s 00006000 08:01 16127441                   /usr/share/java/java-atk-wrapper.jar
7f0aea92a000-7f0aea92c000 r--s 00012000 08:01 16387125                   /usr/lib/jvm/java-7-openjdk-amd64/jre/lib/ext/zipfs.jar
7f0aea92c000-7f0aea930000 r--s 00034000 08:01 16387124                   /usr/lib/jvm/java-7-openjdk-amd64/jre/lib/ext/sunjce_provider.jar
7f0aea930000-7f0aea933000 r--s 0000f000 08:01 16387122                   /usr/lib/jvm/java-7-openjdk-amd64/jre/lib/ext/icedtea-sound.jar
7f0aea933000-7f0aea940000 rw-p 00000000 00:00 0 
7f0aea940000-7f0aea9f3000 rw-p 00000000 00:00 0 
7f0aea9f3000-7f0aea9f6000 ---p 00000000 00:00 0 
7f0aea9f6000-7f0aeaaf9000 rw-p 00000000 00:00 0                          [stack:15670]
7f0aeaaf9000-7f0aeaafc000 r--s 00086000 08:01 16387127                   /usr/lib/jvm/java-7-openjdk-amd64/jre/lib/ext/localedata.jar
7f0aeaafc000-7f0aeab00000 r--s 0003c000 08:01 16387123                   /usr/lib/jvm/java-7-openjdk-amd64/jre/lib/ext/sunpkcs11.jar
7f0aeab00000-7f0aeab01000 r--s 00002000 08:01 16387126                   /usr/lib/jvm/java-7-openjdk-amd64/jre/lib/ext/dnsns.jar
7f0aeab01000-7f0aeab0b000 rw-p 00000000 00:00 0 
7f0aeab0b000-7f0aeab13000 rw-s 00000000 08:01 25041236                   /tmp/hsperfdata_vasanth/15668
7f0aeab13000-7f0aeab14000 rw-p 00000000 00:00 0 
7f0aeab14000-7f0aeab15000 ---p 00000000 00:00 0 
7f0aeab15000-7f0aeab17000 rw-p 00000000 00:00 0 
7f0aeab17000-7f0aeab18000 r--p 00022000 08:01 4196959                    /lib/x86_64-linux-gnu/ld-2.19.so
7f0aeab18000-7f0aeab19000 rw-p 00023000 08:01 4196959                    /lib/x86_64-linux-gnu/ld-2.19.so
7f0aeab19000-7f0aeab1a000 rw-p 00000000 00:00 0 
7fffebdef000-7fffebe11000 rw-p 00000000 00:00 0                          [stack]
7fffebf4b000-7fffebf4d000 r-xp 00000000 00:00 0                          [vdso]
ffffffffff600000-ffffffffff601000 r-xp 00000000 00:00 0                  [vsyscall]

VM Arguments:
jvm_args: -XX:MaxPermSize=256m -XX:+HeapDumpOnOutOfMemoryError -XX:MaxHeapSize=256m -Xmx256m -Dfile.encoding=UTF-8 -Duser.country=IN -Duser.language=en -Duser.variant 
java_command: org.gradle.launcher.daemon.bootstrap.GradleDaemon 2.2.1 /home/vasanth/.gradle/daemon 10800000 df9f20b3-94b7-45c2-a95c-1fa65f2af5b2 -XX:MaxPermSize=256m -XX:+HeapDumpOnOutOfMemoryError -XX:MaxHeapSize=256m -Xmx256m -Dfile.encoding=UTF-8 -Duser.country=IN -Duser.language=en -Duser.variant
Launcher Type: SUN_STANDARD

Environment Variables:
JAVA_HOME=/usr/lib/jvm/java-1.7.0-openjdk-amd64
CLASSPATH=./../lib/bootstrap.jar:./../lib/extensions.jar:./../lib/util.jar:./../lib/jdom.jar:./../lib/log4j.jar:./../lib/trove4j.jar:./../lib/jna.jar:/usr/lib/jvm/java-1.7.0-openjdk-amd64/lib/tools.jar
PATH=/usr/local/sbin:/usr/local/bin:/usr/sbin:/usr/bin:/sbin:/bin:/usr/games:/usr/local/games
LD_LIBRARY_PATH=.:
SHELL=/bin/bash
DISPLAY=:0

Signal Handlers:
SIGSEGV: [libjvm.so+0x94b4b0], sa_mask[0]=0x7ffbfeff, sa_flags=0x10000004
SIGBUS: [libjvm.so+0x94b4b0], sa_mask[0]=0x7ffbfeff, sa_flags=0x10000004
SIGFPE: [libjvm.so+0x7c3390], sa_mask[0]=0x7ffbfeff, sa_flags=0x10000004
SIGPIPE: [libjvm.so+0x7c3390], sa_mask[0]=0x7ffbfeff, sa_flags=0x10000004
SIGXFSZ: [libjvm.so+0x7c3390], sa_mask[0]=0x7ffbfeff, sa_flags=0x10000004
SIGILL: [libjvm.so+0x7c3390], sa_mask[0]=0x7ffbfeff, sa_flags=0x10000004
SIGUSR1: SIG_DFL, sa_mask[0]=0x00000000, sa_flags=0x00000000
SIGUSR2: [libjvm.so+0x7c3230], sa_mask[0]=0x00000004, sa_flags=0x10000004
SIGHUP: [libjvm.so+0x7c3410], sa_mask[0]=0x7ffbfeff, sa_flags=0x10000004
SIGINT: [libjvm.so+0x7c3410], sa_mask[0]=0x7ffbfeff, sa_flags=0x10000004
SIGTERM: [libjvm.so+0x7c3410], sa_mask[0]=0x7ffbfeff, sa_flags=0x10000004
SIGQUIT: [libjvm.so+0x7c3410], sa_mask[0]=0x7ffbfeff, sa_flags=0x10000004
SIGTRAP: SIG_DFL, sa_mask[0]=0x00000000, sa_flags=0x00000000


---------------  S Y S T E M  ---------------

OS:Ubuntu 14.04 (trusty)
uname:Linux 3.13.0-43-generic #72-Ubuntu SMP Mon Dec 8 19:35:06 UTC 2014 x86_64
libc:glibc 2.19 NPTL 2.19 
rlimit: STACK 8192k, CORE 0k, NPROC 93765, NOFILE 4096, AS infinity
load average:1.25 0.76 0.75

/proc/meminfo:
MemTotal:       12023656 kB
MemFree:         3396804 kB
Buffers:          528508 kB
Cached:          4791152 kB
SwapCached:            0 kB
Active:          4390272 kB
Inactive:        3479188 kB
Active(anon):    2551568 kB
Inactive(anon):   598464 kB
Active(file):    1838704 kB
Inactive(file):  2880724 kB
Unevictable:          48 kB
Mlocked:              48 kB
SwapTotal:       8100860 kB
SwapFree:        8100860 kB
Dirty:              8824 kB
Writeback:             0 kB
AnonPages:       2551764 kB
Mapped:           490672 kB
Shmem:            600236 kB
Slab:             585244 kB
SReclaimable:     539592 kB
SUnreclaim:        45652 kB
KernelStack:        5664 kB
PageTables:        46576 kB
NFS_Unstable:          0 kB
Bounce:                0 kB
WritebackTmp:          0 kB
CommitLimit:    14112688 kB
Committed_AS:    8497424 kB
VmallocTotal:   34359738367 kB
VmallocUsed:      380492 kB
VmallocChunk:   34359344976 kB
HardwareCorrupted:     0 kB
AnonHugePages:    786432 kB
HugePages_Total:       0
HugePages_Free:        0
HugePages_Rsvd:        0
HugePages_Surp:        0
Hugepagesize:       2048 kB
DirectMap4k:      128100 kB
DirectMap2M:     9023488 kB
DirectMap1G:     3145728 kB


CPU:total 4 (2 cores per cpu, 2 threads per core) family 6 model 60 stepping 3, cmov, cx8, fxsr, mmx, sse, sse2, sse3, ssse3, sse4.1, sse4.2, popcnt, avx, avx2, aes, erms, ht, tsc, tscinvbit

/proc/cpuinfo:
processor	: 0
vendor_id	: GenuineIntel
cpu family	: 6
model		: 60
model name	: Intel(R) Core(TM) i5-4200M CPU @ 2.50GHz
stepping	: 3
microcode	: 0x17
cpu MHz		: 2501.000
cache size	: 3072 KB
physical id	: 0
siblings	: 4
core id		: 0
cpu cores	: 2
apicid		: 0
initial apicid	: 0
fpu		: yes
fpu_exception	: yes
cpuid level	: 13
wp		: yes
flags		: fpu vme de pse tsc msr pae mce cx8 apic sep mtrr pge mca cmov pat pse36 clflush dts acpi mmx fxsr sse sse2 ss ht tm pbe syscall nx pdpe1gb rdtscp lm constant_tsc arch_perfmon pebs bts rep_good nopl xtopology nonstop_tsc aperfmperf eagerfpu pni pclmulqdq dtes64 monitor ds_cpl vmx est tm2 ssse3 fma cx16 xtpr pdcm pcid sse4_1 sse4_2 movbe popcnt tsc_deadline_timer aes xsave avx f16c rdrand lahf_lm abm ida arat epb xsaveopt pln pts dtherm tpr_shadow vnmi flexpriority ept vpid fsgsbase tsc_adjust bmi1 avx2 smep bmi2 erms invpcid
bogomips	: 4988.34
clflush size	: 64
cache_alignment	: 64
address sizes	: 39 bits physical, 48 bits virtual
power management:

processor	: 1
vendor_id	: GenuineIntel
cpu family	: 6
model		: 60
model name	: Intel(R) Core(TM) i5-4200M CPU @ 2.50GHz
stepping	: 3
microcode	: 0x17
cpu MHz		: 2501.000
cache size	: 3072 KB
physical id	: 0
siblings	: 4
core id		: 0
cpu cores	: 2
apicid		: 1
initial apicid	: 1
fpu		: yes
fpu_exception	: yes
cpuid level	: 13
wp		: yes
flags		: fpu vme de pse tsc msr pae mce cx8 apic sep mtrr pge mca cmov pat pse36 clflush dts acpi mmx fxsr sse sse2 ss ht tm pbe syscall nx pdpe1gb rdtscp lm constant_tsc arch_perfmon pebs bts rep_good nopl xtopology nonstop_tsc aperfmperf eagerfpu pni pclmulqdq dtes64 monitor ds_cpl vmx est tm2 ssse3 fma cx16 xtpr pdcm pcid sse4_1 sse4_2 movbe popcnt tsc_deadline_timer aes xsave avx f16c rdrand lahf_lm abm ida arat epb xsaveopt pln pts dtherm tpr_shadow vnmi flexpriority ept vpid fsgsbase tsc_adjust bmi1 avx2 smep bmi2 erms invpcid
bogomips	: 4988.34
clflush size	: 64
cache_alignment	: 64
address sizes	: 39 bits physical, 48 bits virtual
power management:

processor	: 2
vendor_id	: GenuineIntel
cpu family	: 6
model		: 60
model name	: Intel(R) Core(TM) i5-4200M CPU @ 2.50GHz
stepping	: 3
microcode	: 0x17
cpu MHz		: 2501.000
cache size	: 3072 KB
physical id	: 0
siblings	: 4
core id		: 1
cpu cores	: 2
apicid		: 2
initial apicid	: 2
fpu		: yes
fpu_exception	: yes
cpuid level	: 13
wp		: yes
flags		: fpu vme de pse tsc msr pae mce cx8 apic sep mtrr pge mca cmov pat pse36 clflush dts acpi mmx fxsr sse sse2 ss ht tm pbe syscall nx pdpe1gb rdtscp lm constant_tsc arch_perfmon pebs bts rep_good nopl xtopology nonstop_tsc aperfmperf eagerfpu pni pclmulqdq dtes64 monitor ds_cpl vmx est tm2 ssse3 fma cx16 xtpr pdcm pcid sse4_1 sse4_2 movbe popcnt tsc_deadline_timer aes xsave avx f16c rdrand lahf_lm abm ida arat epb xsaveopt pln pts dtherm tpr_shadow vnmi flexpriority ept vpid fsgsbase tsc_adjust bmi1 avx2 smep bmi2 erms invpcid
bogomips	: 4988.34
clflush size	: 64
cache_alignment	: 64
address sizes	: 39 bits physical, 48 bits virtual
power management:

processor	: 3
vendor_id	: GenuineIntel
cpu family	: 6
model		: 60
model name	: Intel(R) Core(TM) i5-4200M CPU @ 2.50GHz
stepping	: 3
microcode	: 0x17
cpu MHz		: 2501.000
cache size	: 3072 KB
physical id	: 0
siblings	: 4
core id		: 1
cpu cores	: 2
apicid		: 3
initial apicid	: 3
fpu		: yes
fpu_exception	: yes
cpuid level	: 13
wp		: yes
flags		: fpu vme de pse tsc msr pae mce cx8 apic sep mtrr pge mca cmov pat pse36 clflush dts acpi mmx fxsr sse sse2 ss ht tm pbe syscall nx pdpe1gb rdtscp lm constant_tsc arch_perfmon pebs bts rep_good nopl xtopology nonstop_tsc aperfmperf eagerfpu pni pclmulqdq dtes64 monitor ds_cpl vmx est tm2 ssse3 fma cx16 xtpr pdcm pcid sse4_1 sse4_2 movbe popcnt tsc_deadline_timer aes xsave avx f16c rdrand lahf_lm abm ida arat epb xsaveopt pln pts dtherm tpr_shadow vnmi flexpriority ept vpid fsgsbase tsc_adjust bmi1 avx2 smep bmi2 erms invpcid
bogomips	: 4988.34
clflush size	: 64
cache_alignment	: 64
address sizes	: 39 bits physical, 48 bits virtual
power management:



Memory: 4k page, physical 12023656k(3396804k free), swap 8100860k(8100860k free)

vm_info: OpenJDK 64-Bit Server VM (24.75-b04) for linux-amd64 JRE (1.7.0_75-b13), built on Jan 27 2015 00:38:59 by "buildd" with gcc 4.8.2

time: Tue Mar 10 11:50:12 2015
elapsed time: 4 seconds

